SF:/home/builder/project/include/evmmax/evmmax.hpp
FN:67,_ZNK6evmmax8ModArithIN4intx4uintILj256EEEE7to_montERKS3_
FN:81,_ZNK6evmmax8ModArithIN4intx4uintILj256EEEE3mulERKS3_S6_
FN:51,_ZN6evmmax8ModArithIN4intx4uintILj256EEEE6addmulEmmmm
FN:128,_ZNK6evmmax8ModArithIN4intx4uintILj256EEEE3subERKS3_S6_
FN:119,_ZNK6evmmax8ModArithIN4intx4uintILj256EEEE3addERKS3_S6_
FN:137,_ZNK6evmmax8ModArithIN4intx4uintILj256EEEE3invERKS3_
FN:42,_ZN6evmmax8ModArithIN4intx4uintILj256EEEE17compute_r_squaredERKS3_
FN:28,_ZN6evmmax8ModArithIN4intx4uintILj256EEEE15compute_mod_invEm
FN:58,_ZN6evmmax8ModArithIN4intx4uintILj256EEEEC2ERKS3_
FN:73,_ZNK6evmmax8ModArithIN4intx4uintILj256EEEE9from_montERKS3_
FN:58,_ZN6evmmax8ModArithIN4intx4uintILj384EEEEC2ERKS3_
FN:42,_ZN6evmmax8ModArithIN4intx4uintILj384EEEE17compute_r_squaredERKS3_
FN:28,_ZN6evmmax8ModArithIN4intx4uintILj384EEEE15compute_mod_invEm
FN:67,_ZNK6evmmax8ModArithIN4intx4uintILj384EEEE7to_montERKS3_
FN:81,_ZNK6evmmax8ModArithIN4intx4uintILj384EEEE3mulERKS3_S6_
FN:51,_ZN6evmmax8ModArithIN4intx4uintILj384EEEE6addmulEmmmm
FN:73,_ZNK6evmmax8ModArithIN4intx4uintILj384EEEE9from_montERKS3_
FN:119,_ZNK6evmmax8ModArithIN4intx4uintILj384EEEE3addERKS3_S6_
FN:128,_ZNK6evmmax8ModArithIN4intx4uintILj384EEEE3subERKS3_S6_
FN:137,_ZNK6evmmax8ModArithIN4intx4uintILj384EEEE3invERKS3_
FN:58,_ZN6evmmax8ModArithIN4intx4uintILj128EEEEC2ERKS3_
FN:42,_ZN6evmmax8ModArithIN4intx4uintILj128EEEE17compute_r_squaredERKS3_
FN:28,_ZN6evmmax8ModArithIN4intx4uintILj128EEEE15compute_mod_invEm
FN:67,_ZNK6evmmax8ModArithIN4intx4uintILj128EEEE7to_montERKS3_
FN:81,_ZNK6evmmax8ModArithIN4intx4uintILj128EEEE3mulERKS3_S6_
FN:51,_ZN6evmmax8ModArithIN4intx4uintILj128EEEE6addmulEmmmm
FN:73,_ZNK6evmmax8ModArithIN4intx4uintILj128EEEE9from_montERKS3_
FN:58,_ZN6evmmax8ModArithIN4intx4uintILj512EEEEC2ERKS3_
FN:42,_ZN6evmmax8ModArithIN4intx4uintILj512EEEE17compute_r_squaredERKS3_
FN:28,_ZN6evmmax8ModArithIN4intx4uintILj512EEEE15compute_mod_invEm
FN:67,_ZNK6evmmax8ModArithIN4intx4uintILj512EEEE7to_montERKS3_
FN:81,_ZNK6evmmax8ModArithIN4intx4uintILj512EEEE3mulERKS3_S6_
FN:51,_ZN6evmmax8ModArithIN4intx4uintILj512EEEE6addmulEmmmm
FN:73,_ZNK6evmmax8ModArithIN4intx4uintILj512EEEE9from_montERKS3_
FN:58,_ZN6evmmax8ModArithIN4intx4uintILj1024EEEEC2ERKS3_
FN:42,_ZN6evmmax8ModArithIN4intx4uintILj1024EEEE17compute_r_squaredERKS3_
FN:28,_ZN6evmmax8ModArithIN4intx4uintILj1024EEEE15compute_mod_invEm
FN:67,_ZNK6evmmax8ModArithIN4intx4uintILj1024EEEE7to_montERKS3_
FN:81,_ZNK6evmmax8ModArithIN4intx4uintILj1024EEEE3mulERKS3_S6_
FN:51,_ZN6evmmax8ModArithIN4intx4uintILj1024EEEE6addmulEmmmm
FN:73,_ZNK6evmmax8ModArithIN4intx4uintILj1024EEEE9from_montERKS3_
FN:58,_ZN6evmmax8ModArithIN4intx4uintILj2048EEEEC2ERKS3_
FN:42,_ZN6evmmax8ModArithIN4intx4uintILj2048EEEE17compute_r_squaredERKS3_
FN:28,_ZN6evmmax8ModArithIN4intx4uintILj2048EEEE15compute_mod_invEm
FN:67,_ZNK6evmmax8ModArithIN4intx4uintILj2048EEEE7to_montERKS3_
FN:81,_ZNK6evmmax8ModArithIN4intx4uintILj2048EEEE3mulERKS3_S6_
FN:51,_ZN6evmmax8ModArithIN4intx4uintILj2048EEEE6addmulEmmmm
FN:73,_ZNK6evmmax8ModArithIN4intx4uintILj2048EEEE9from_montERKS3_
FN:58,_ZN6evmmax8ModArithIN4intx4uintILj8192EEEEC2ERKS3_
FN:42,_ZN6evmmax8ModArithIN4intx4uintILj8192EEEE17compute_r_squaredERKS3_
FN:28,_ZN6evmmax8ModArithIN4intx4uintILj8192EEEE15compute_mod_invEm
FN:67,_ZNK6evmmax8ModArithIN4intx4uintILj8192EEEE7to_montERKS3_
FN:81,_ZNK6evmmax8ModArithIN4intx4uintILj8192EEEE3mulERKS3_S6_
FN:51,_ZN6evmmax8ModArithIN4intx4uintILj8192EEEE6addmulEmmmm
FN:73,_ZNK6evmmax8ModArithIN4intx4uintILj8192EEEE9from_montERKS3_
FNDA:54518,_ZNK6evmmax8ModArithIN4intx4uintILj256EEEE7to_montERKS3_
FNDA:40674616,_ZNK6evmmax8ModArithIN4intx4uintILj256EEEE3mulERKS3_S6_
FNDA:1301587712,_ZN6evmmax8ModArithIN4intx4uintILj256EEEE6addmulEmmmm
FNDA:23975972,_ZNK6evmmax8ModArithIN4intx4uintILj256EEEE3subERKS3_S6_
FNDA:38554056,_ZNK6evmmax8ModArithIN4intx4uintILj256EEEE3addERKS3_S6_
FNDA:8464,_ZNK6evmmax8ModArithIN4intx4uintILj256EEEE3invERKS3_
FNDA:2094,_ZN6evmmax8ModArithIN4intx4uintILj256EEEE17compute_r_squaredERKS3_
FNDA:2094,_ZN6evmmax8ModArithIN4intx4uintILj256EEEE15compute_mod_invEm
FNDA:2094,_ZN6evmmax8ModArithIN4intx4uintILj256EEEEC2ERKS3_
FNDA:20302,_ZNK6evmmax8ModArithIN4intx4uintILj256EEEE9from_montERKS3_
FNDA:0,_ZN6evmmax8ModArithIN4intx4uintILj384EEEEC2ERKS3_
FNDA:0,_ZN6evmmax8ModArithIN4intx4uintILj384EEEE17compute_r_squaredERKS3_
FNDA:0,_ZN6evmmax8ModArithIN4intx4uintILj384EEEE15compute_mod_invEm
FNDA:0,_ZNK6evmmax8ModArithIN4intx4uintILj384EEEE7to_montERKS3_
FNDA:0,_ZNK6evmmax8ModArithIN4intx4uintILj384EEEE3mulERKS3_S6_
FNDA:0,_ZN6evmmax8ModArithIN4intx4uintILj384EEEE6addmulEmmmm
FNDA:0,_ZNK6evmmax8ModArithIN4intx4uintILj384EEEE9from_montERKS3_
FNDA:0,_ZNK6evmmax8ModArithIN4intx4uintILj384EEEE3addERKS3_S6_
FNDA:0,_ZNK6evmmax8ModArithIN4intx4uintILj384EEEE3subERKS3_S6_
FNDA:0,_ZNK6evmmax8ModArithIN4intx4uintILj384EEEE3invERKS3_
FNDA:590,_ZN6evmmax8ModArithIN4intx4uintILj128EEEEC2ERKS3_
FNDA:590,_ZN6evmmax8ModArithIN4intx4uintILj128EEEE17compute_r_squaredERKS3_
FNDA:590,_ZN6evmmax8ModArithIN4intx4uintILj128EEEE15compute_mod_invEm
FNDA:1180,_ZNK6evmmax8ModArithIN4intx4uintILj128EEEE7to_montERKS3_
FNDA:259742,_ZNK6evmmax8ModArithIN4intx4uintILj128EEEE3mulERKS3_S6_
FNDA:2077936,_ZN6evmmax8ModArithIN4intx4uintILj128EEEE6addmulEmmmm
FNDA:590,_ZNK6evmmax8ModArithIN4intx4uintILj128EEEE9from_montERKS3_
FNDA:551,_ZN6evmmax8ModArithIN4intx4uintILj512EEEEC2ERKS3_
FNDA:551,_ZN6evmmax8ModArithIN4intx4uintILj512EEEE17compute_r_squaredERKS3_
FNDA:551,_ZN6evmmax8ModArithIN4intx4uintILj512EEEE15compute_mod_invEm
FNDA:1102,_ZNK6evmmax8ModArithIN4intx4uintILj512EEEE7to_montERKS3_
FNDA:74280,_ZNK6evmmax8ModArithIN4intx4uintILj512EEEE3mulERKS3_S6_
FNDA:9507840,_ZN6evmmax8ModArithIN4intx4uintILj512EEEE6addmulEmmmm
FNDA:551,_ZNK6evmmax8ModArithIN4intx4uintILj512EEEE9from_montERKS3_
FNDA:42,_ZN6evmmax8ModArithIN4intx4uintILj1024EEEEC2ERKS3_
FNDA:42,_ZN6evmmax8ModArithIN4intx4uintILj1024EEEE17compute_r_squaredERKS3_
FNDA:42,_ZN6evmmax8ModArithIN4intx4uintILj1024EEEE15compute_mod_invEm
FNDA:84,_ZNK6evmmax8ModArithIN4intx4uintILj1024EEEE7to_montERKS3_
FNDA:756,_ZNK6evmmax8ModArithIN4intx4uintILj1024EEEE3mulERKS3_S6_
FNDA:387072,_ZN6evmmax8ModArithIN4intx4uintILj1024EEEE6addmulEmmmm
FNDA:42,_ZNK6evmmax8ModArithIN4intx4uintILj1024EEEE9from_montERKS3_
FNDA:70,_ZN6evmmax8ModArithIN4intx4uintILj2048EEEEC2ERKS3_
FNDA:70,_ZN6evmmax8ModArithIN4intx4uintILj2048EEEE17compute_r_squaredERKS3_
FNDA:70,_ZN6evmmax8ModArithIN4intx4uintILj2048EEEE15compute_mod_invEm
FNDA:140,_ZNK6evmmax8ModArithIN4intx4uintILj2048EEEE7to_montERKS3_
FNDA:44464,_ZNK6evmmax8ModArithIN4intx4uintILj2048EEEE3mulERKS3_S6_
FNDA:91062272,_ZN6evmmax8ModArithIN4intx4uintILj2048EEEE6addmulEmmmm
FNDA:70,_ZNK6evmmax8ModArithIN4intx4uintILj2048EEEE9from_montERKS3_
FNDA:156,_ZN6evmmax8ModArithIN4intx4uintILj8192EEEEC2ERKS3_
FNDA:156,_ZN6evmmax8ModArithIN4intx4uintILj8192EEEE17compute_r_squaredERKS3_
FNDA:156,_ZN6evmmax8ModArithIN4intx4uintILj8192EEEE15compute_mod_invEm
FNDA:312,_ZNK6evmmax8ModArithIN4intx4uintILj8192EEEE7to_montERKS3_
FNDA:2120,_ZNK6evmmax8ModArithIN4intx4uintILj8192EEEE3mulERKS3_S6_
FNDA:69468160,_ZN6evmmax8ModArithIN4intx4uintILj8192EEEE6addmulEmmmm
FNDA:156,_ZNK6evmmax8ModArithIN4intx4uintILj8192EEEE9from_montERKS3_
FNF:10
FNH:10
DA:28,3503
DA:30,3503
DA:31,3503
DA:32,227695
DA:33,224192
DA:34,224192
DA:35,224192
DA:36,224192
DA:37,3503
DA:38,3503
DA:42,3503
DA:45,3503
DA:46,3503
DA:47,3503
DA:51,1474090992
DA:52,1474090992
DA:53,1474090992
DA:54,1474090992
DA:58,3503
DA:59,3503
DA:60,3503
DA:61,3503
DA:67,57336
DA:73,21711
DA:81,41055978
DA:87,41055978
DA:89,41055978
DA:90,206574470
DA:91,165518492
DA:92,165518492
DA:93,165518492
DA:94,902563988
DA:95,737045496
DA:96,165518492
DA:97,165518492
DA:98,165518492
DA:100,165518492
DA:101,165518492
DA:102,165518492
DA:103,737045496
DA:104,571527004
DA:105,165518492
DA:106,165518492
DA:107,165518492
DA:108,165518492
DA:110,41055978
DA:111,3424600
DA:113,41055978
DA:114,41055978
DA:119,38554056
DA:120,38554056
DA:121,38554056
DA:122,38554056
DA:123,38554056
DA:128,23975972
DA:129,23975972
DA:130,23975972
DA:131,23975972
DA:132,23975972
DA:137,8464
DA:138,8464
DA:139,8464
DA:145,8464
DA:153,8464
DA:154,8464
DA:160,8464
DA:161,8464
DA:163,2060144
DA:164,2051680
DA:165,2051680
DA:166,1119942
DA:168,1119942
DA:169,588780
DA:171,588780
DA:172,588780
DA:174,588780
DA:175,588780
DA:176,588780
DA:177,531162
DA:178,531162
DA:179,531162
DA:180,531162
DA:181,1119942
DA:182,1119942
DA:185,2051680
DA:189,2051680
DA:190,2051680
DA:191,2051680
DA:192,1021188
DA:193,2051680
DA:195,8464
DA:196,2578
DA:197,5886
DA:198,8464
BRDA:32,0,0,35264
BRDA:32,0,1,551
BRDA:32,1,2,4480
BRDA:32,1,3,70
BRDA:32,2,4,-
BRDA:32,2,5,-
BRDA:32,3,6,134016
BRDA:32,3,7,2094
BRDA:32,4,8,2688
BRDA:32,4,9,42
BRDA:32,5,10,37760
BRDA:32,5,11,590
BRDA:32,6,12,9984
BRDA:32,6,13,156
BRDA:90,0,0,271360
BRDA:90,0,1,2120
BRDA:90,1,2,519484
BRDA:90,1,3,259742
BRDA:90,2,4,1422848
BRDA:90,2,5,44464
BRDA:90,3,6,162698464
BRDA:90,3,7,40674616
BRDA:90,4,8,594240
BRDA:90,4,9,74280
BRDA:90,5,10,-
BRDA:90,5,11,-
BRDA:90,6,12,12096
BRDA:90,6,13,756
BRDA:94,0,0,4753920
BRDA:94,0,1,594240
BRDA:94,1,2,1038968
BRDA:94,1,3,519484
BRDA:94,2,4,193536
BRDA:94,2,5,12096
BRDA:94,3,6,650793856
BRDA:94,3,7,162698464
BRDA:94,4,8,-
BRDA:94,4,9,-
BRDA:94,5,10,45531136
BRDA:94,5,11,1422848
BRDA:94,6,12,34734080
BRDA:94,6,13,271360
BRDA:103,0,0,181440
BRDA:103,0,1,12096
BRDA:103,1,2,-
BRDA:103,1,3,-
BRDA:103,2,4,4159680
BRDA:103,2,5,594240
BRDA:103,3,6,44108288
BRDA:103,3,7,1422848
BRDA:103,4,8,34462720
BRDA:103,4,9,271360
BRDA:103,5,10,519484
BRDA:103,5,11,519484
BRDA:103,6,12,488095392
BRDA:103,6,13,162698464
BRDA:110,0,0,140
BRDA:110,0,1,616
BRDA:110,1,2,280
BRDA:110,1,3,74000
BRDA:110,2,4,322
BRDA:110,2,5,44142
BRDA:110,3,6,72
BRDA:110,3,7,2048
BRDA:110,4,8,-
BRDA:110,4,9,-
BRDA:110,5,10,3423576
BRDA:110,5,11,37251040
BRDA:110,6,12,210
BRDA:110,6,13,259532
BRDA:122,0,0,-
BRDA:122,0,1,-
BRDA:122,1,2,33673626
BRDA:122,1,3,4880430
BRDA:122,2,4,-
BRDA:122,2,5,-
BRDA:122,3,6,20724674
BRDA:122,3,7,12948952
BRDA:131,0,0,-
BRDA:131,0,1,-
BRDA:131,1,2,11202490
BRDA:131,1,3,12773482
BRDA:163,0,0,-
BRDA:163,0,1,-
BRDA:163,1,2,2051680
BRDA:163,1,3,8464
BRDA:165,0,0,-
BRDA:165,0,1,-
BRDA:165,1,2,1119942
BRDA:165,1,3,931738
BRDA:168,0,0,-
BRDA:168,0,1,-
BRDA:168,1,2,588780
BRDA:168,1,3,531162
BRDA:191,0,0,-
BRDA:191,0,1,-
BRDA:191,1,2,1021188
BRDA:191,1,3,1030492
BRDA:195,0,0,2578
BRDA:195,0,1,5886
BRDA:195,1,2,-
BRDA:195,1,3,-
BRF:26
BRH:26
LF:94
LH:94
end_of_record
SF:/home/builder/project/lib/evmone/baseline.hpp
FN:25,_ZN6evmone10BitsetSpanC2EPm
FN:28,_ZNK6evmone10BitsetSpan4testEm
FN:34,_ZNK6evmone10BitsetSpan3setEm
FN:47,_ZNK6evmone10BitsetSpan7get_refEm
FN:73,_ZN6evmone8baseline12CodeAnalysisC2ESt10unique_ptrIA_hSt14default_deleteIS3_EEmNS_10BitsetSpanE
FN:81,_ZN6evmone8baseline12CodeAnalysisC2ESt17basic_string_viewIhN4evmc11byte_traitsIhEEES6_NS_10EOF1HeaderE
FN:85,_ZNK6evmone8baseline12CodeAnalysis8raw_codeEv
FN:88,_ZNK6evmone8baseline12CodeAnalysis15executable_codeEv
FN:91,_ZNK6evmone8baseline12CodeAnalysis10eof_headerEv
FN:94,_ZNK6evmone8baseline12CodeAnalysis8eof_dataEv
FN:98,_ZNK6evmone8baseline12CodeAnalysis14check_jumpdestEm
FNDA:2751709,_ZN6evmone10BitsetSpanC2EPm
FNDA:6960598,_ZNK6evmone10BitsetSpan4testEm
FNDA:88484341,_ZNK6evmone10BitsetSpan3setEm
FNDA:95444939,_ZNK6evmone10BitsetSpan7get_refEm
FNDA:2751709,_ZN6evmone8baseline12CodeAnalysisC2ESt10unique_ptrIA_hSt14default_deleteIS3_EEmNS_10BitsetSpanE
FNDA:0,_ZN6evmone8baseline12CodeAnalysisC2ESt17basic_string_viewIhN4evmc11byte_traitsIhEEES6_NS_10EOF1HeaderE
FNDA:2751709,_ZNK6evmone8baseline12CodeAnalysis8raw_codeEv
FNDA:15207635,_ZNK6evmone8baseline12CodeAnalysis15executable_codeEv
FNDA:2751709,_ZNK6evmone8baseline12CodeAnalysis10eof_headerEv
FNDA:0,_ZNK6evmone8baseline12CodeAnalysis8eof_dataEv
FNDA:6960676,_ZNK6evmone8baseline12CodeAnalysis14check_jumpdestEm
FNF:11
FNH:9
DA:25,2751709
DA:28,6960598
DA:29,6960598
DA:30,6960598
DA:31,6960598
DA:34,88484341
DA:35,88484341
DA:36,88484341
DA:37,88484341
DA:47,95444939
DA:48,95444939
DA:49,95444939
DA:50,95444939
DA:51,95444939
DA:52,95444939
DA:73,2751709
DA:74,2751709
DA:75,2751709
DA:76,2751709
DA:77,2751709
DA:81,0
DA:82,0
DA:85,2751709
DA:88,15207635
DA:91,2751709
DA:94,0
DA:98,6960676
DA:99,6960676
DA:100,78
DA:101,6960598
DA:102,6960676
BRDA:99,0,0,78
BRDA:99,0,1,6960598
BRF:2
BRH:2
LF:31
LH:28
end_of_record
SF:/home/builder/project/lib/evmone/baseline_analysis.cpp
FN:80,_ZN6evmone8baseline7analyzeESt17basic_string_viewIhN4evmc11byte_traitsIhEEEb
FN:64,baseline_analysis.cpp:_ZN6evmone8baseline12_GLOBAL__N_112analyze_eof1ESt17basic_string_viewIhN4evmc11byte_traitsIhEEE
FN:37,baseline_analysis.cpp:_ZN6evmone8baseline12_GLOBAL__N_114analyze_legacyESt17basic_string_viewIhN4evmc11byte_traitsIhEEE
FN:20,baseline_analysis.cpp:_ZN6evmone8baseline12_GLOBAL__N_117analyze_jumpdestsENS_10BitsetSpanESt17basic_string_viewIhN4evmc11byte_traitsIhEEE
FNDA:2751709,_ZN6evmone8baseline7analyzeESt17basic_string_viewIhN4evmc11byte_traitsIhEEEb
FNDA:0,baseline_analysis.cpp:_ZN6evmone8baseline12_GLOBAL__N_112analyze_eof1ESt17basic_string_viewIhN4evmc11byte_traitsIhEEE
FNDA:2751709,baseline_analysis.cpp:_ZN6evmone8baseline12_GLOBAL__N_114analyze_legacyESt17basic_string_viewIhN4evmc11byte_traitsIhEEE
FNDA:2751709,baseline_analysis.cpp:_ZN6evmone8baseline12_GLOBAL__N_117analyze_jumpdestsENS_10BitsetSpanESt17basic_string_viewIhN4evmc11byte_traitsIhEEE
FNF:4
FNH:3
DA:20,2751709
DA:24,2751709
DA:26,377147979
DA:27,374396270
DA:28,374396270
DA:29,374396270
DA:30,64225003
DA:31,310171267
DA:32,88484341
DA:33,374396270
DA:34,2751709
DA:37,2751709
DA:41,2751709
DA:43,2751709
DA:45,2751709
DA:46,2751709
DA:47,2751709
DA:48,2751709
DA:49,2751709
DA:51,2751709
DA:52,2751709
DA:53,2751709
DA:55,2751709
DA:56,2751709
DA:57,2751709
DA:58,2751709
DA:60,2751709
DA:61,2751709
DA:64,0
DA:65,0
DA:70,0
DA:71,0
DA:72,0
DA:73,0
DA:75,0
DA:76,0
DA:80,2751709
DA:81,2751709
DA:82,0
DA:83,2751709
DA:84,2751709
BRDA:26,0,0,374396270
BRDA:26,0,1,2751709
BRDA:29,0,0,64225003
BRDA:29,0,1,310171267
BRDA:31,0,0,88484341
BRDA:31,0,1,221686926
BRDA:81,0,0,0
BRDA:81,0,1,2751709
BRDA:81,1,2,-
BRDA:81,1,3,-
BRF:10
BRH:7
LF:41
LH:32
end_of_record
SF:/home/builder/project/lib/evmone/baseline_execution.cpp
FN:292,_ZN6evmone8baseline7executeERNS_2VMERK19evmc_host_interfaceP17evmc_host_context13evmc_revisionRK12evmc_messageRKNS0_12CodeAnalysisE
FN:340,_ZN6evmone8baseline7executeEP7evmc_vmPK19evmc_host_interfaceP17evmc_host_context13evmc_revisionPK12evmc_messagePKhm
FN:244,baseline_execution.cpp:_ZN6evmone8baseline12_GLOBAL__N_114dispatch_cgotoERKSt5arrayIsLm256EERNS_14ExecutionStateElPKh
FN:176,baseline_execution.cpp:_ZN6evmone8baseline12_GLOBAL__N_16invokeILNS_6OpcodeE0EEENS1_8PositionERKSt5arrayIsLm256EEPKN4intx4uintILj256EEES4_RlRNS_14ExecutionStateE
FN:47,baseline_execution.cpp:_ZN6evmone8baseline12_GLOBAL__N_118check_requirementsILNS_6OpcodeE0EEE16evmc_status_codeRKSt5arrayIsLm256EERlPKN4intx4uintILj256EEESE_
FN:141,baseline_execution.cpp:_ZN6evmone8baseline12_GLOBAL__N_16invokeEPDoFNS_10TermResultENS_8StackTopElRNS_14ExecutionStateEENS1_8PositionERlS5_
FN:176,baseline_execution.cpp:_ZN6evmone8baseline12_GLOBAL__N_16invokeILNS_6OpcodeE1EEENS1_8PositionERKSt5arrayIsLm256EEPKN4intx4uintILj256EEES4_RlRNS_14ExecutionStateE
FN:47,baseline_execution.cpp:_ZN6evmone8baseline12_GLOBAL__N_118check_requirementsILNS_6OpcodeE1EEE16evmc_status_codeRKSt5arrayIsLm256EERlPKN4intx4uintILj256EEESE_
FN:98,baseline_execution.cpp:_ZN6evmone8baseline12_GLOBAL__N_16invokeEPDoFvNS_8StackTopEENS1_8PositionERlRNS_14ExecutionStateE
FN:176,baseline_execution.cpp:_ZN6evmone8baseline12_GLOBAL__N_16invokeILNS_6OpcodeE2EEENS1_8PositionERKSt5arrayIsLm256EEPKN4intx4uintILj256EEES4_RlRNS_14ExecutionStateE
FN:47,baseline_execution.cpp:_ZN6evmone8baseline12_GLOBAL__N_118check_requirementsILNS_6OpcodeE2EEE16evmc_status_codeRKSt5arrayIsLm256EERlPKN4intx4uintILj256EEESE_
FN:176,baseline_execution.cpp:_ZN6evmone8baseline12_GLOBAL__N_16invokeILNS_6OpcodeE3EEENS1_8PositionERKSt5arrayIsLm256EEPKN4intx4uintILj256EEES4_RlRNS_14ExecutionStateE
FN:47,baseline_execution.cpp:_ZN6evmone8baseline12_GLOBAL__N_118check_requirementsILNS_6OpcodeE3EEE16evmc_status_codeRKSt5arrayIsLm256EERlPKN4intx4uintILj256EEESE_
FN:176,baseline_execution.cpp:_ZN6evmone8baseline12_GLOBAL__N_16invokeILNS_6OpcodeE4EEENS1_8PositionERKSt5arrayIsLm256EEPKN4intx4uintILj256EEES4_RlRNS_14ExecutionStateE
FN:47,baseline_execution.cpp:_ZN6evmone8baseline12_GLOBAL__N_118check_requirementsILNS_6OpcodeE4EEE16evmc_status_codeRKSt5arrayIsLm256EERlPKN4intx4uintILj256EEESE_
FN:176,baseline_execution.cpp:_ZN6evmone8baseline12_GLOBAL__N_16invokeILNS_6OpcodeE5EEENS1_8PositionERKSt5arrayIsLm256EEPKN4intx4uintILj256EEES4_RlRNS_14ExecutionStateE
FN:47,baseline_execution.cpp:_ZN6evmone8baseline12_GLOBAL__N_118check_requirementsILNS_6OpcodeE5EEE16evmc_status_codeRKSt5arrayIsLm256EERlPKN4intx4uintILj256EEESE_
FN:176,baseline_execution.cpp:_ZN6evmone8baseline12_GLOBAL__N_16invokeILNS_6OpcodeE6EEENS1_8PositionERKSt5arrayIsLm256EEPKN4intx4uintILj256EEES4_RlRNS_14ExecutionStateE
FN:47,baseline_execution.cpp:_ZN6evmone8baseline12_GLOBAL__N_118check_requirementsILNS_6OpcodeE6EEE16evmc_status_codeRKSt5arrayIsLm256EERlPKN4intx4uintILj256EEESE_
FN:176,baseline_execution.cpp:_ZN6evmone8baseline12_GLOBAL__N_16invokeILNS_6OpcodeE7EEENS1_8PositionERKSt5arrayIsLm256EEPKN4intx4uintILj256EEES4_RlRNS_14ExecutionStateE
FN:47,baseline_execution.cpp:_ZN6evmone8baseline12_GLOBAL__N_118check_requirementsILNS_6OpcodeE7EEE16evmc_status_codeRKSt5arrayIsLm256EERlPKN4intx4uintILj256EEESE_
FN:176,baseline_execution.cpp:_ZN6evmone8baseline12_GLOBAL__N_16invokeILNS_6OpcodeE8EEENS1_8PositionERKSt5arrayIsLm256EEPKN4intx4uintILj256EEES4_RlRNS_14ExecutionStateE
FN:47,baseline_execution.cpp:_ZN6evmone8baseline12_GLOBAL__N_118check_requirementsILNS_6OpcodeE8EEE16evmc_status_codeRKSt5arrayIsLm256EERlPKN4intx4uintILj256EEESE_
FN:176,baseline_execution.cpp:_ZN6evmone8baseline12_GLOBAL__N_16invokeILNS_6OpcodeE9EEENS1_8PositionERKSt5arrayIsLm256EEPKN4intx4uintILj256EEES4_RlRNS_14ExecutionStateE
FN:47,baseline_execution.cpp:_ZN6evmone8baseline12_GLOBAL__N_118check_requirementsILNS_6OpcodeE9EEE16evmc_status_codeRKSt5arrayIsLm256EERlPKN4intx4uintILj256EEESE_
FN:176,baseline_execution.cpp:_ZN6evmone8baseline12_GLOBAL__N_16invokeILNS_6OpcodeE10EEENS1_8PositionERKSt5arrayIsLm256EEPKN4intx4uintILj256EEES4_RlRNS_14ExecutionStateE
FN:47,baseline_execution.cpp:_ZN6evmone8baseline12_GLOBAL__N_118check_requirementsILNS_6OpcodeE10EEE16evmc_status_codeRKSt5arrayIsLm256EERlPKN4intx4uintILj256EEESE_
FN:106,baseline_execution.cpp:_ZN6evmone8baseline12_GLOBAL__N_16invokeEPDoFNS_6ResultENS_8StackTopElRNS_14ExecutionStateEENS1_8PositionERlS5_
FN:176,baseline_execution.cpp:_ZN6evmone8baseline12_GLOBAL__N_16invokeILNS_6OpcodeE11EEENS1_8PositionERKSt5arrayIsLm256EEPKN4intx4uintILj256EEES4_RlRNS_14ExecutionStateE
FN:47,baseline_execution.cpp:_ZN6evmone8baseline12_GLOBAL__N_118check_requirementsILNS_6OpcodeE11EEE16evmc_status_codeRKSt5arrayIsLm256EERlPKN4intx4uintILj256EEESE_
FN:176,baseline_execution.cpp:_ZN6evmone8baseline12_GLOBAL__N_16invokeILNS_6OpcodeE16EEENS1_8PositionERKSt5arrayIsLm256EEPKN4intx4uintILj256EEES4_RlRNS_14ExecutionStateE
FN:47,baseline_execution.cpp:_ZN6evmone8baseline12_GLOBAL__N_118check_requirementsILNS_6OpcodeE16EEE16evmc_status_codeRKSt5arrayIsLm256EERlPKN4intx4uintILj256EEESE_
FN:176,baseline_execution.cpp:_ZN6evmone8baseline12_GLOBAL__N_16invokeILNS_6OpcodeE17EEENS1_8PositionERKSt5arrayIsLm256EEPKN4intx4uintILj256EEES4_RlRNS_14ExecutionStateE
FN:47,baseline_execution.cpp:_ZN6evmone8baseline12_GLOBAL__N_118check_requirementsILNS_6OpcodeE17EEE16evmc_status_codeRKSt5arrayIsLm256EERlPKN4intx4uintILj256EEESE_
FN:176,baseline_execution.cpp:_ZN6evmone8baseline12_GLOBAL__N_16invokeILNS_6OpcodeE18EEENS1_8PositionERKSt5arrayIsLm256EEPKN4intx4uintILj256EEES4_RlRNS_14ExecutionStateE
FN:47,baseline_execution.cpp:_ZN6evmone8baseline12_GLOBAL__N_118check_requirementsILNS_6OpcodeE18EEE16evmc_status_codeRKSt5arrayIsLm256EERlPKN4intx4uintILj256EEESE_
FN:176,baseline_execution.cpp:_ZN6evmone8baseline12_GLOBAL__N_16invokeILNS_6OpcodeE19EEENS1_8PositionERKSt5arrayIsLm256EEPKN4intx4uintILj256EEES4_RlRNS_14ExecutionStateE
FN:47,baseline_execution.cpp:_ZN6evmone8baseline12_GLOBAL__N_118check_requirementsILNS_6OpcodeE19EEE16evmc_status_codeRKSt5arrayIsLm256EERlPKN4intx4uintILj256EEESE_
FN:176,baseline_execution.cpp:_ZN6evmone8baseline12_GLOBAL__N_16invokeILNS_6OpcodeE20EEENS1_8PositionERKSt5arrayIsLm256EEPKN4intx4uintILj256EEES4_RlRNS_14ExecutionStateE
FN:47,baseline_execution.cpp:_ZN6evmone8baseline12_GLOBAL__N_118check_requirementsILNS_6OpcodeE20EEE16evmc_status_codeRKSt5arrayIsLm256EERlPKN4intx4uintILj256EEESE_
FN:176,baseline_execution.cpp:_ZN6evmone8baseline12_GLOBAL__N_16invokeILNS_6OpcodeE21EEENS1_8PositionERKSt5arrayIsLm256EEPKN4intx4uintILj256EEES4_RlRNS_14ExecutionStateE
FN:47,baseline_execution.cpp:_ZN6evmone8baseline12_GLOBAL__N_118check_requirementsILNS_6OpcodeE21EEE16evmc_status_codeRKSt5arrayIsLm256EERlPKN4intx4uintILj256EEESE_
FN:176,baseline_execution.cpp:_ZN6evmone8baseline12_GLOBAL__N_16invokeILNS_6OpcodeE22EEENS1_8PositionERKSt5arrayIsLm256EEPKN4intx4uintILj256EEES4_RlRNS_14ExecutionStateE
FN:47,baseline_execution.cpp:_ZN6evmone8baseline12_GLOBAL__N_118check_requirementsILNS_6OpcodeE22EEE16evmc_status_codeRKSt5arrayIsLm256EERlPKN4intx4uintILj256EEESE_
FN:176,baseline_execution.cpp:_ZN6evmone8baseline12_GLOBAL__N_16invokeILNS_6OpcodeE23EEENS1_8PositionERKSt5arrayIsLm256EEPKN4intx4uintILj256EEES4_RlRNS_14ExecutionStateE
FN:47,baseline_execution.cpp:_ZN6evmone8baseline12_GLOBAL__N_118check_requirementsILNS_6OpcodeE23EEE16evmc_status_codeRKSt5arrayIsLm256EERlPKN4intx4uintILj256EEESE_
FN:176,baseline_execution.cpp:_ZN6evmone8baseline12_GLOBAL__N_16invokeILNS_6OpcodeE24EEENS1_8PositionERKSt5arrayIsLm256EEPKN4intx4uintILj256EEES4_RlRNS_14ExecutionStateE
FN:47,baseline_execution.cpp:_ZN6evmone8baseline12_GLOBAL__N_118check_requirementsILNS_6OpcodeE24EEE16evmc_status_codeRKSt5arrayIsLm256EERlPKN4intx4uintILj256EEESE_
FN:176,baseline_execution.cpp:_ZN6evmone8baseline12_GLOBAL__N_16invokeILNS_6OpcodeE25EEENS1_8PositionERKSt5arrayIsLm256EEPKN4intx4uintILj256EEES4_RlRNS_14ExecutionStateE
FN:47,baseline_execution.cpp:_ZN6evmone8baseline12_GLOBAL__N_118check_requirementsILNS_6OpcodeE25EEE16evmc_status_codeRKSt5arrayIsLm256EERlPKN4intx4uintILj256EEESE_
FN:176,baseline_execution.cpp:_ZN6evmone8baseline12_GLOBAL__N_16invokeILNS_6OpcodeE26EEENS1_8PositionERKSt5arrayIsLm256EEPKN4intx4uintILj256EEES4_RlRNS_14ExecutionStateE
FN:47,baseline_execution.cpp:_ZN6evmone8baseline12_GLOBAL__N_118check_requirementsILNS_6OpcodeE26EEE16evmc_status_codeRKSt5arrayIsLm256EERlPKN4intx4uintILj256EEESE_
FN:176,baseline_execution.cpp:_ZN6evmone8baseline12_GLOBAL__N_16invokeILNS_6OpcodeE27EEENS1_8PositionERKSt5arrayIsLm256EEPKN4intx4uintILj256EEES4_RlRNS_14ExecutionStateE
FN:47,baseline_execution.cpp:_ZN6evmone8baseline12_GLOBAL__N_118check_requirementsILNS_6OpcodeE27EEE16evmc_status_codeRKSt5arrayIsLm256EERlPKN4intx4uintILj256EEESE_
FN:176,baseline_execution.cpp:_ZN6evmone8baseline12_GLOBAL__N_16invokeILNS_6OpcodeE28EEENS1_8PositionERKSt5arrayIsLm256EEPKN4intx4uintILj256EEES4_RlRNS_14ExecutionStateE
FN:47,baseline_execution.cpp:_ZN6evmone8baseline12_GLOBAL__N_118check_requirementsILNS_6OpcodeE28EEE16evmc_status_codeRKSt5arrayIsLm256EERlPKN4intx4uintILj256EEESE_
FN:176,baseline_execution.cpp:_ZN6evmone8baseline12_GLOBAL__N_16invokeILNS_6OpcodeE29EEENS1_8PositionERKSt5arrayIsLm256EEPKN4intx4uintILj256EEES4_RlRNS_14ExecutionStateE
FN:47,baseline_execution.cpp:_ZN6evmone8baseline12_GLOBAL__N_118check_requirementsILNS_6OpcodeE29EEE16evmc_status_codeRKSt5arrayIsLm256EERlPKN4intx4uintILj256EEESE_
FN:176,baseline_execution.cpp:_ZN6evmone8baseline12_GLOBAL__N_16invokeILNS_6OpcodeE30EEENS1_8PositionERKSt5arrayIsLm256EEPKN4intx4uintILj256EEES4_RlRNS_14ExecutionStateE
FN:47,baseline_execution.cpp:_ZN6evmone8baseline12_GLOBAL__N_118check_requirementsILNS_6OpcodeE30EEE16evmc_status_codeRKSt5arrayIsLm256EERlPKN4intx4uintILj256EEESE_
FN:176,baseline_execution.cpp:_ZN6evmone8baseline12_GLOBAL__N_16invokeILNS_6OpcodeE32EEENS1_8PositionERKSt5arrayIsLm256EEPKN4intx4uintILj256EEES4_RlRNS_14ExecutionStateE
FN:47,baseline_execution.cpp:_ZN6evmone8baseline12_GLOBAL__N_118check_requirementsILNS_6OpcodeE32EEE16evmc_status_codeRKSt5arrayIsLm256EERlPKN4intx4uintILj256EEESE_
FN:176,baseline_execution.cpp:_ZN6evmone8baseline12_GLOBAL__N_16invokeILNS_6OpcodeE48EEENS1_8PositionERKSt5arrayIsLm256EEPKN4intx4uintILj256EEES4_RlRNS_14ExecutionStateE
FN:47,baseline_execution.cpp:_ZN6evmone8baseline12_GLOBAL__N_118check_requirementsILNS_6OpcodeE48EEE16evmc_status_codeRKSt5arrayIsLm256EERlPKN4intx4uintILj256EEESE_
FN:119,baseline_execution.cpp:_ZN6evmone8baseline12_GLOBAL__N_16invokeEPDoFvNS_8StackTopERNS_14ExecutionStateEENS1_8PositionERlS4_
FN:176,baseline_execution.cpp:_ZN6evmone8baseline12_GLOBAL__N_16invokeILNS_6OpcodeE49EEENS1_8PositionERKSt5arrayIsLm256EEPKN4intx4uintILj256EEES4_RlRNS_14ExecutionStateE
FN:47,baseline_execution.cpp:_ZN6evmone8baseline12_GLOBAL__N_118check_requirementsILNS_6OpcodeE49EEE16evmc_status_codeRKSt5arrayIsLm256EERlPKN4intx4uintILj256EEESE_
FN:176,baseline_execution.cpp:_ZN6evmone8baseline12_GLOBAL__N_16invokeILNS_6OpcodeE50EEENS1_8PositionERKSt5arrayIsLm256EEPKN4intx4uintILj256EEES4_RlRNS_14ExecutionStateE
FN:47,baseline_execution.cpp:_ZN6evmone8baseline12_GLOBAL__N_118check_requirementsILNS_6OpcodeE50EEE16evmc_status_codeRKSt5arrayIsLm256EERlPKN4intx4uintILj256EEESE_
FN:176,baseline_execution.cpp:_ZN6evmone8baseline12_GLOBAL__N_16invokeILNS_6OpcodeE51EEENS1_8PositionERKSt5arrayIsLm256EEPKN4intx4uintILj256EEES4_RlRNS_14ExecutionStateE
FN:47,baseline_execution.cpp:_ZN6evmone8baseline12_GLOBAL__N_118check_requirementsILNS_6OpcodeE51EEE16evmc_status_codeRKSt5arrayIsLm256EERlPKN4intx4uintILj256EEESE_
FN:176,baseline_execution.cpp:_ZN6evmone8baseline12_GLOBAL__N_16invokeILNS_6OpcodeE52EEENS1_8PositionERKSt5arrayIsLm256EEPKN4intx4uintILj256EEES4_RlRNS_14ExecutionStateE
FN:47,baseline_execution.cpp:_ZN6evmone8baseline12_GLOBAL__N_118check_requirementsILNS_6OpcodeE52EEE16evmc_status_codeRKSt5arrayIsLm256EERlPKN4intx4uintILj256EEESE_
FN:176,baseline_execution.cpp:_ZN6evmone8baseline12_GLOBAL__N_16invokeILNS_6OpcodeE53EEENS1_8PositionERKSt5arrayIsLm256EEPKN4intx4uintILj256EEES4_RlRNS_14ExecutionStateE
FN:47,baseline_execution.cpp:_ZN6evmone8baseline12_GLOBAL__N_118check_requirementsILNS_6OpcodeE53EEE16evmc_status_codeRKSt5arrayIsLm256EERlPKN4intx4uintILj256EEESE_
FN:176,baseline_execution.cpp:_ZN6evmone8baseline12_GLOBAL__N_16invokeILNS_6OpcodeE54EEENS1_8PositionERKSt5arrayIsLm256EEPKN4intx4uintILj256EEES4_RlRNS_14ExecutionStateE
FN:47,baseline_execution.cpp:_ZN6evmone8baseline12_GLOBAL__N_118check_requirementsILNS_6OpcodeE54EEE16evmc_status_codeRKSt5arrayIsLm256EERlPKN4intx4uintILj256EEESE_
FN:176,baseline_execution.cpp:_ZN6evmone8baseline12_GLOBAL__N_16invokeILNS_6OpcodeE55EEENS1_8PositionERKSt5arrayIsLm256EEPKN4intx4uintILj256EEES4_RlRNS_14ExecutionStateE
FN:47,baseline_execution.cpp:_ZN6evmone8baseline12_GLOBAL__N_118check_requirementsILNS_6OpcodeE55EEE16evmc_status_codeRKSt5arrayIsLm256EERlPKN4intx4uintILj256EEESE_
FN:176,baseline_execution.cpp:_ZN6evmone8baseline12_GLOBAL__N_16invokeILNS_6OpcodeE56EEENS1_8PositionERKSt5arrayIsLm256EEPKN4intx4uintILj256EEES4_RlRNS_14ExecutionStateE
FN:47,baseline_execution.cpp:_ZN6evmone8baseline12_GLOBAL__N_118check_requirementsILNS_6OpcodeE56EEE16evmc_status_codeRKSt5arrayIsLm256EERlPKN4intx4uintILj256EEESE_
FN:176,baseline_execution.cpp:_ZN6evmone8baseline12_GLOBAL__N_16invokeILNS_6OpcodeE57EEENS1_8PositionERKSt5arrayIsLm256EEPKN4intx4uintILj256EEES4_RlRNS_14ExecutionStateE
FN:47,baseline_execution.cpp:_ZN6evmone8baseline12_GLOBAL__N_118check_requirementsILNS_6OpcodeE57EEE16evmc_status_codeRKSt5arrayIsLm256EERlPKN4intx4uintILj256EEESE_
FN:176,baseline_execution.cpp:_ZN6evmone8baseline12_GLOBAL__N_16invokeILNS_6OpcodeE58EEENS1_8PositionERKSt5arrayIsLm256EEPKN4intx4uintILj256EEES4_RlRNS_14ExecutionStateE
FN:47,baseline_execution.cpp:_ZN6evmone8baseline12_GLOBAL__N_118check_requirementsILNS_6OpcodeE58EEE16evmc_status_codeRKSt5arrayIsLm256EERlPKN4intx4uintILj256EEESE_
FN:176,baseline_execution.cpp:_ZN6evmone8baseline12_GLOBAL__N_16invokeILNS_6OpcodeE59EEENS1_8PositionERKSt5arrayIsLm256EEPKN4intx4uintILj256EEES4_RlRNS_14ExecutionStateE
FN:47,baseline_execution.cpp:_ZN6evmone8baseline12_GLOBAL__N_118check_requirementsILNS_6OpcodeE59EEE16evmc_status_codeRKSt5arrayIsLm256EERlPKN4intx4uintILj256EEESE_
FN:176,baseline_execution.cpp:_ZN6evmone8baseline12_GLOBAL__N_16invokeILNS_6OpcodeE60EEENS1_8PositionERKSt5arrayIsLm256EEPKN4intx4uintILj256EEES4_RlRNS_14ExecutionStateE
FN:47,baseline_execution.cpp:_ZN6evmone8baseline12_GLOBAL__N_118check_requirementsILNS_6OpcodeE60EEE16evmc_status_codeRKSt5arrayIsLm256EERlPKN4intx4uintILj256EEESE_
FN:176,baseline_execution.cpp:_ZN6evmone8baseline12_GLOBAL__N_16invokeILNS_6OpcodeE61EEENS1_8PositionERKSt5arrayIsLm256EEPKN4intx4uintILj256EEES4_RlRNS_14ExecutionStateE
FN:47,baseline_execution.cpp:_ZN6evmone8baseline12_GLOBAL__N_118check_requirementsILNS_6OpcodeE61EEE16evmc_status_codeRKSt5arrayIsLm256EERlPKN4intx4uintILj256EEESE_
FN:176,baseline_execution.cpp:_ZN6evmone8baseline12_GLOBAL__N_16invokeILNS_6OpcodeE62EEENS1_8PositionERKSt5arrayIsLm256EEPKN4intx4uintILj256EEES4_RlRNS_14ExecutionStateE
FN:47,baseline_execution.cpp:_ZN6evmone8baseline12_GLOBAL__N_118check_requirementsILNS_6OpcodeE62EEE16evmc_status_codeRKSt5arrayIsLm256EERlPKN4intx4uintILj256EEESE_
FN:176,baseline_execution.cpp:_ZN6evmone8baseline12_GLOBAL__N_16invokeILNS_6OpcodeE63EEENS1_8PositionERKSt5arrayIsLm256EEPKN4intx4uintILj256EEES4_RlRNS_14ExecutionStateE
FN:47,baseline_execution.cpp:_ZN6evmone8baseline12_GLOBAL__N_118check_requirementsILNS_6OpcodeE63EEE16evmc_status_codeRKSt5arrayIsLm256EERlPKN4intx4uintILj256EEESE_
FN:176,baseline_execution.cpp:_ZN6evmone8baseline12_GLOBAL__N_16invokeILNS_6OpcodeE64EEENS1_8PositionERKSt5arrayIsLm256EEPKN4intx4uintILj256EEES4_RlRNS_14ExecutionStateE
FN:47,baseline_execution.cpp:_ZN6evmone8baseline12_GLOBAL__N_118check_requirementsILNS_6OpcodeE64EEE16evmc_status_codeRKSt5arrayIsLm256EERlPKN4intx4uintILj256EEESE_
FN:176,baseline_execution.cpp:_ZN6evmone8baseline12_GLOBAL__N_16invokeILNS_6OpcodeE65EEENS1_8PositionERKSt5arrayIsLm256EEPKN4intx4uintILj256EEES4_RlRNS_14ExecutionStateE
FN:47,baseline_execution.cpp:_ZN6evmone8baseline12_GLOBAL__N_118check_requirementsILNS_6OpcodeE65EEE16evmc_status_codeRKSt5arrayIsLm256EERlPKN4intx4uintILj256EEESE_
FN:176,baseline_execution.cpp:_ZN6evmone8baseline12_GLOBAL__N_16invokeILNS_6OpcodeE66EEENS1_8PositionERKSt5arrayIsLm256EEPKN4intx4uintILj256EEES4_RlRNS_14ExecutionStateE
FN:47,baseline_execution.cpp:_ZN6evmone8baseline12_GLOBAL__N_118check_requirementsILNS_6OpcodeE66EEE16evmc_status_codeRKSt5arrayIsLm256EERlPKN4intx4uintILj256EEESE_
FN:176,baseline_execution.cpp:_ZN6evmone8baseline12_GLOBAL__N_16invokeILNS_6OpcodeE67EEENS1_8PositionERKSt5arrayIsLm256EEPKN4intx4uintILj256EEES4_RlRNS_14ExecutionStateE
FN:47,baseline_execution.cpp:_ZN6evmone8baseline12_GLOBAL__N_118check_requirementsILNS_6OpcodeE67EEE16evmc_status_codeRKSt5arrayIsLm256EERlPKN4intx4uintILj256EEESE_
FN:176,baseline_execution.cpp:_ZN6evmone8baseline12_GLOBAL__N_16invokeILNS_6OpcodeE68EEENS1_8PositionERKSt5arrayIsLm256EEPKN4intx4uintILj256EEES4_RlRNS_14ExecutionStateE
FN:47,baseline_execution.cpp:_ZN6evmone8baseline12_GLOBAL__N_118check_requirementsILNS_6OpcodeE68EEE16evmc_status_codeRKSt5arrayIsLm256EERlPKN4intx4uintILj256EEESE_
FN:176,baseline_execution.cpp:_ZN6evmone8baseline12_GLOBAL__N_16invokeILNS_6OpcodeE69EEENS1_8PositionERKSt5arrayIsLm256EEPKN4intx4uintILj256EEES4_RlRNS_14ExecutionStateE
FN:47,baseline_execution.cpp:_ZN6evmone8baseline12_GLOBAL__N_118check_requirementsILNS_6OpcodeE69EEE16evmc_status_codeRKSt5arrayIsLm256EERlPKN4intx4uintILj256EEESE_
FN:176,baseline_execution.cpp:_ZN6evmone8baseline12_GLOBAL__N_16invokeILNS_6OpcodeE70EEENS1_8PositionERKSt5arrayIsLm256EEPKN4intx4uintILj256EEES4_RlRNS_14ExecutionStateE
FN:47,baseline_execution.cpp:_ZN6evmone8baseline12_GLOBAL__N_118check_requirementsILNS_6OpcodeE70EEE16evmc_status_codeRKSt5arrayIsLm256EERlPKN4intx4uintILj256EEESE_
FN:176,baseline_execution.cpp:_ZN6evmone8baseline12_GLOBAL__N_16invokeILNS_6OpcodeE71EEENS1_8PositionERKSt5arrayIsLm256EEPKN4intx4uintILj256EEES4_RlRNS_14ExecutionStateE
FN:47,baseline_execution.cpp:_ZN6evmone8baseline12_GLOBAL__N_118check_requirementsILNS_6OpcodeE71EEE16evmc_status_codeRKSt5arrayIsLm256EERlPKN4intx4uintILj256EEESE_
FN:176,baseline_execution.cpp:_ZN6evmone8baseline12_GLOBAL__N_16invokeILNS_6OpcodeE72EEENS1_8PositionERKSt5arrayIsLm256EEPKN4intx4uintILj256EEES4_RlRNS_14ExecutionStateE
FN:47,baseline_execution.cpp:_ZN6evmone8baseline12_GLOBAL__N_118check_requirementsILNS_6OpcodeE72EEE16evmc_status_codeRKSt5arrayIsLm256EERlPKN4intx4uintILj256EEESE_
FN:176,baseline_execution.cpp:_ZN6evmone8baseline12_GLOBAL__N_16invokeILNS_6OpcodeE73EEENS1_8PositionERKSt5arrayIsLm256EEPKN4intx4uintILj256EEES4_RlRNS_14ExecutionStateE
FN:47,baseline_execution.cpp:_ZN6evmone8baseline12_GLOBAL__N_118check_requirementsILNS_6OpcodeE73EEE16evmc_status_codeRKSt5arrayIsLm256EERlPKN4intx4uintILj256EEESE_
FN:176,baseline_execution.cpp:_ZN6evmone8baseline12_GLOBAL__N_16invokeILNS_6OpcodeE74EEENS1_8PositionERKSt5arrayIsLm256EEPKN4intx4uintILj256EEES4_RlRNS_14ExecutionStateE
FN:47,baseline_execution.cpp:_ZN6evmone8baseline12_GLOBAL__N_118check_requirementsILNS_6OpcodeE74EEE16evmc_status_codeRKSt5arrayIsLm256EERlPKN4intx4uintILj256EEESE_
FN:176,baseline_execution.cpp:_ZN6evmone8baseline12_GLOBAL__N_16invokeILNS_6OpcodeE80EEENS1_8PositionERKSt5arrayIsLm256EEPKN4intx4uintILj256EEES4_RlRNS_14ExecutionStateE
FN:47,baseline_execution.cpp:_ZN6evmone8baseline12_GLOBAL__N_118check_requirementsILNS_6OpcodeE80EEE16evmc_status_codeRKSt5arrayIsLm256EERlPKN4intx4uintILj256EEESE_
FN:176,baseline_execution.cpp:_ZN6evmone8baseline12_GLOBAL__N_16invokeILNS_6OpcodeE81EEENS1_8PositionERKSt5arrayIsLm256EEPKN4intx4uintILj256EEES4_RlRNS_14ExecutionStateE
FN:47,baseline_execution.cpp:_ZN6evmone8baseline12_GLOBAL__N_118check_requirementsILNS_6OpcodeE81EEE16evmc_status_codeRKSt5arrayIsLm256EERlPKN4intx4uintILj256EEESE_
FN:176,baseline_execution.cpp:_ZN6evmone8baseline12_GLOBAL__N_16invokeILNS_6OpcodeE82EEENS1_8PositionERKSt5arrayIsLm256EEPKN4intx4uintILj256EEES4_RlRNS_14ExecutionStateE
FN:47,baseline_execution.cpp:_ZN6evmone8baseline12_GLOBAL__N_118check_requirementsILNS_6OpcodeE82EEE16evmc_status_codeRKSt5arrayIsLm256EERlPKN4intx4uintILj256EEESE_
FN:176,baseline_execution.cpp:_ZN6evmone8baseline12_GLOBAL__N_16invokeILNS_6OpcodeE83EEENS1_8PositionERKSt5arrayIsLm256EEPKN4intx4uintILj256EEES4_RlRNS_14ExecutionStateE
FN:47,baseline_execution.cpp:_ZN6evmone8baseline12_GLOBAL__N_118check_requirementsILNS_6OpcodeE83EEE16evmc_status_codeRKSt5arrayIsLm256EERlPKN4intx4uintILj256EEESE_
FN:176,baseline_execution.cpp:_ZN6evmone8baseline12_GLOBAL__N_16invokeILNS_6OpcodeE84EEENS1_8PositionERKSt5arrayIsLm256EEPKN4intx4uintILj256EEES4_RlRNS_14ExecutionStateE
FN:47,baseline_execution.cpp:_ZN6evmone8baseline12_GLOBAL__N_118check_requirementsILNS_6OpcodeE84EEE16evmc_status_codeRKSt5arrayIsLm256EERlPKN4intx4uintILj256EEESE_
FN:176,baseline_execution.cpp:_ZN6evmone8baseline12_GLOBAL__N_16invokeILNS_6OpcodeE85EEENS1_8PositionERKSt5arrayIsLm256EEPKN4intx4uintILj256EEES4_RlRNS_14ExecutionStateE
FN:47,baseline_execution.cpp:_ZN6evmone8baseline12_GLOBAL__N_118check_requirementsILNS_6OpcodeE85EEE16evmc_status_codeRKSt5arrayIsLm256EERlPKN4intx4uintILj256EEESE_
FN:176,baseline_execution.cpp:_ZN6evmone8baseline12_GLOBAL__N_16invokeILNS_6OpcodeE86EEENS1_8PositionERKSt5arrayIsLm256EEPKN4intx4uintILj256EEES4_RlRNS_14ExecutionStateE
FN:47,baseline_execution.cpp:_ZN6evmone8baseline12_GLOBAL__N_118check_requirementsILNS_6OpcodeE86EEE16evmc_status_codeRKSt5arrayIsLm256EERlPKN4intx4uintILj256EEESE_
FN:127,baseline_execution.cpp:_ZN6evmone8baseline12_GLOBAL__N_16invokeEPDoFPKhNS_8StackTopERNS_14ExecutionStateES3_ENS1_8PositionERlS6_
FN:176,baseline_execution.cpp:_ZN6evmone8baseline12_GLOBAL__N_16invokeILNS_6OpcodeE87EEENS1_8PositionERKSt5arrayIsLm256EEPKN4intx4uintILj256EEES4_RlRNS_14ExecutionStateE
FN:47,baseline_execution.cpp:_ZN6evmone8baseline12_GLOBAL__N_118check_requirementsILNS_6OpcodeE87EEE16evmc_status_codeRKSt5arrayIsLm256EERlPKN4intx4uintILj256EEESE_
FN:176,baseline_execution.cpp:_ZN6evmone8baseline12_GLOBAL__N_16invokeILNS_6OpcodeE88EEENS1_8PositionERKSt5arrayIsLm256EEPKN4intx4uintILj256EEES4_RlRNS_14ExecutionStateE
FN:47,baseline_execution.cpp:_ZN6evmone8baseline12_GLOBAL__N_118check_requirementsILNS_6OpcodeE88EEE16evmc_status_codeRKSt5arrayIsLm256EERlPKN4intx4uintILj256EEESE_
FN:176,baseline_execution.cpp:_ZN6evmone8baseline12_GLOBAL__N_16invokeILNS_6OpcodeE89EEENS1_8PositionERKSt5arrayIsLm256EEPKN4intx4uintILj256EEES4_RlRNS_14ExecutionStateE
FN:47,baseline_execution.cpp:_ZN6evmone8baseline12_GLOBAL__N_118check_requirementsILNS_6OpcodeE89EEE16evmc_status_codeRKSt5arrayIsLm256EERlPKN4intx4uintILj256EEESE_
FN:176,baseline_execution.cpp:_ZN6evmone8baseline12_GLOBAL__N_16invokeILNS_6OpcodeE90EEENS1_8PositionERKSt5arrayIsLm256EEPKN4intx4uintILj256EEES4_RlRNS_14ExecutionStateE
FN:47,baseline_execution.cpp:_ZN6evmone8baseline12_GLOBAL__N_118check_requirementsILNS_6OpcodeE90EEE16evmc_status_codeRKSt5arrayIsLm256EERlPKN4intx4uintILj256EEESE_
FN:176,baseline_execution.cpp:_ZN6evmone8baseline12_GLOBAL__N_16invokeILNS_6OpcodeE91EEENS1_8PositionERKSt5arrayIsLm256EEPKN4intx4uintILj256EEES4_RlRNS_14ExecutionStateE
FN:47,baseline_execution.cpp:_ZN6evmone8baseline12_GLOBAL__N_118check_requirementsILNS_6OpcodeE91EEE16evmc_status_codeRKSt5arrayIsLm256EERlPKN4intx4uintILj256EEESE_
FN:176,baseline_execution.cpp:_ZN6evmone8baseline12_GLOBAL__N_16invokeILNS_6OpcodeE92EEENS1_8PositionERKSt5arrayIsLm256EEPKN4intx4uintILj256EEES4_RlRNS_14ExecutionStateE
FN:47,baseline_execution.cpp:_ZN6evmone8baseline12_GLOBAL__N_118check_requirementsILNS_6OpcodeE92EEE16evmc_status_codeRKSt5arrayIsLm256EERlPKN4intx4uintILj256EEESE_
FN:176,baseline_execution.cpp:_ZN6evmone8baseline12_GLOBAL__N_16invokeILNS_6OpcodeE93EEENS1_8PositionERKSt5arrayIsLm256EEPKN4intx4uintILj256EEES4_RlRNS_14ExecutionStateE
FN:47,baseline_execution.cpp:_ZN6evmone8baseline12_GLOBAL__N_118check_requirementsILNS_6OpcodeE93EEE16evmc_status_codeRKSt5arrayIsLm256EERlPKN4intx4uintILj256EEESE_
FN:176,baseline_execution.cpp:_ZN6evmone8baseline12_GLOBAL__N_16invokeILNS_6OpcodeE94EEENS1_8PositionERKSt5arrayIsLm256EEPKN4intx4uintILj256EEES4_RlRNS_14ExecutionStateE
FN:47,baseline_execution.cpp:_ZN6evmone8baseline12_GLOBAL__N_118check_requirementsILNS_6OpcodeE94EEE16evmc_status_codeRKSt5arrayIsLm256EERlPKN4intx4uintILj256EEESE_
FN:176,baseline_execution.cpp:_ZN6evmone8baseline12_GLOBAL__N_16invokeILNS_6OpcodeE95EEENS1_8PositionERKSt5arrayIsLm256EEPKN4intx4uintILj256EEES4_RlRNS_14ExecutionStateE
FN:47,baseline_execution.cpp:_ZN6evmone8baseline12_GLOBAL__N_118check_requirementsILNS_6OpcodeE95EEE16evmc_status_codeRKSt5arrayIsLm256EERlPKN4intx4uintILj256EEESE_
FN:176,baseline_execution.cpp:_ZN6evmone8baseline12_GLOBAL__N_16invokeILNS_6OpcodeE96EEENS1_8PositionERKSt5arrayIsLm256EEPKN4intx4uintILj256EEES4_RlRNS_14ExecutionStateE
FN:47,baseline_execution.cpp:_ZN6evmone8baseline12_GLOBAL__N_118check_requirementsILNS_6OpcodeE96EEE16evmc_status_codeRKSt5arrayIsLm256EERlPKN4intx4uintILj256EEESE_
FN:176,baseline_execution.cpp:_ZN6evmone8baseline12_GLOBAL__N_16invokeILNS_6OpcodeE97EEENS1_8PositionERKSt5arrayIsLm256EEPKN4intx4uintILj256EEES4_RlRNS_14ExecutionStateE
FN:47,baseline_execution.cpp:_ZN6evmone8baseline12_GLOBAL__N_118check_requirementsILNS_6OpcodeE97EEE16evmc_status_codeRKSt5arrayIsLm256EERlPKN4intx4uintILj256EEESE_
FN:176,baseline_execution.cpp:_ZN6evmone8baseline12_GLOBAL__N_16invokeILNS_6OpcodeE98EEENS1_8PositionERKSt5arrayIsLm256EEPKN4intx4uintILj256EEES4_RlRNS_14ExecutionStateE
FN:47,baseline_execution.cpp:_ZN6evmone8baseline12_GLOBAL__N_118check_requirementsILNS_6OpcodeE98EEE16evmc_status_codeRKSt5arrayIsLm256EERlPKN4intx4uintILj256EEESE_
FN:176,baseline_execution.cpp:_ZN6evmone8baseline12_GLOBAL__N_16invokeILNS_6OpcodeE99EEENS1_8PositionERKSt5arrayIsLm256EEPKN4intx4uintILj256EEES4_RlRNS_14ExecutionStateE
FN:47,baseline_execution.cpp:_ZN6evmone8baseline12_GLOBAL__N_118check_requirementsILNS_6OpcodeE99EEE16evmc_status_codeRKSt5arrayIsLm256EERlPKN4intx4uintILj256EEESE_
FN:176,baseline_execution.cpp:_ZN6evmone8baseline12_GLOBAL__N_16invokeILNS_6OpcodeE100EEENS1_8PositionERKSt5arrayIsLm256EEPKN4intx4uintILj256EEES4_RlRNS_14ExecutionStateE
FN:47,baseline_execution.cpp:_ZN6evmone8baseline12_GLOBAL__N_118check_requirementsILNS_6OpcodeE100EEE16evmc_status_codeRKSt5arrayIsLm256EERlPKN4intx4uintILj256EEESE_
FN:176,baseline_execution.cpp:_ZN6evmone8baseline12_GLOBAL__N_16invokeILNS_6OpcodeE101EEENS1_8PositionERKSt5arrayIsLm256EEPKN4intx4uintILj256EEES4_RlRNS_14ExecutionStateE
FN:47,baseline_execution.cpp:_ZN6evmone8baseline12_GLOBAL__N_118check_requirementsILNS_6OpcodeE101EEE16evmc_status_codeRKSt5arrayIsLm256EERlPKN4intx4uintILj256EEESE_
FN:176,baseline_execution.cpp:_ZN6evmone8baseline12_GLOBAL__N_16invokeILNS_6OpcodeE102EEENS1_8PositionERKSt5arrayIsLm256EEPKN4intx4uintILj256EEES4_RlRNS_14ExecutionStateE
FN:47,baseline_execution.cpp:_ZN6evmone8baseline12_GLOBAL__N_118check_requirementsILNS_6OpcodeE102EEE16evmc_status_codeRKSt5arrayIsLm256EERlPKN4intx4uintILj256EEESE_
FN:176,baseline_execution.cpp:_ZN6evmone8baseline12_GLOBAL__N_16invokeILNS_6OpcodeE103EEENS1_8PositionERKSt5arrayIsLm256EEPKN4intx4uintILj256EEES4_RlRNS_14ExecutionStateE
FN:47,baseline_execution.cpp:_ZN6evmone8baseline12_GLOBAL__N_118check_requirementsILNS_6OpcodeE103EEE16evmc_status_codeRKSt5arrayIsLm256EERlPKN4intx4uintILj256EEESE_
FN:176,baseline_execution.cpp:_ZN6evmone8baseline12_GLOBAL__N_16invokeILNS_6OpcodeE104EEENS1_8PositionERKSt5arrayIsLm256EEPKN4intx4uintILj256EEES4_RlRNS_14ExecutionStateE
FN:47,baseline_execution.cpp:_ZN6evmone8baseline12_GLOBAL__N_118check_requirementsILNS_6OpcodeE104EEE16evmc_status_codeRKSt5arrayIsLm256EERlPKN4intx4uintILj256EEESE_
FN:176,baseline_execution.cpp:_ZN6evmone8baseline12_GLOBAL__N_16invokeILNS_6OpcodeE105EEENS1_8PositionERKSt5arrayIsLm256EEPKN4intx4uintILj256EEES4_RlRNS_14ExecutionStateE
FN:47,baseline_execution.cpp:_ZN6evmone8baseline12_GLOBAL__N_118check_requirementsILNS_6OpcodeE105EEE16evmc_status_codeRKSt5arrayIsLm256EERlPKN4intx4uintILj256EEESE_
FN:176,baseline_execution.cpp:_ZN6evmone8baseline12_GLOBAL__N_16invokeILNS_6OpcodeE106EEENS1_8PositionERKSt5arrayIsLm256EEPKN4intx4uintILj256EEES4_RlRNS_14ExecutionStateE
FN:47,baseline_execution.cpp:_ZN6evmone8baseline12_GLOBAL__N_118check_requirementsILNS_6OpcodeE106EEE16evmc_status_codeRKSt5arrayIsLm256EERlPKN4intx4uintILj256EEESE_
FN:176,baseline_execution.cpp:_ZN6evmone8baseline12_GLOBAL__N_16invokeILNS_6OpcodeE107EEENS1_8PositionERKSt5arrayIsLm256EEPKN4intx4uintILj256EEES4_RlRNS_14ExecutionStateE
FN:47,baseline_execution.cpp:_ZN6evmone8baseline12_GLOBAL__N_118check_requirementsILNS_6OpcodeE107EEE16evmc_status_codeRKSt5arrayIsLm256EERlPKN4intx4uintILj256EEESE_
FN:176,baseline_execution.cpp:_ZN6evmone8baseline12_GLOBAL__N_16invokeILNS_6OpcodeE108EEENS1_8PositionERKSt5arrayIsLm256EEPKN4intx4uintILj256EEES4_RlRNS_14ExecutionStateE
FN:47,baseline_execution.cpp:_ZN6evmone8baseline12_GLOBAL__N_118check_requirementsILNS_6OpcodeE108EEE16evmc_status_codeRKSt5arrayIsLm256EERlPKN4intx4uintILj256EEESE_
FN:176,baseline_execution.cpp:_ZN6evmone8baseline12_GLOBAL__N_16invokeILNS_6OpcodeE109EEENS1_8PositionERKSt5arrayIsLm256EEPKN4intx4uintILj256EEES4_RlRNS_14ExecutionStateE
FN:47,baseline_execution.cpp:_ZN6evmone8baseline12_GLOBAL__N_118check_requirementsILNS_6OpcodeE109EEE16evmc_status_codeRKSt5arrayIsLm256EERlPKN4intx4uintILj256EEESE_
FN:176,baseline_execution.cpp:_ZN6evmone8baseline12_GLOBAL__N_16invokeILNS_6OpcodeE110EEENS1_8PositionERKSt5arrayIsLm256EEPKN4intx4uintILj256EEES4_RlRNS_14ExecutionStateE
FN:47,baseline_execution.cpp:_ZN6evmone8baseline12_GLOBAL__N_118check_requirementsILNS_6OpcodeE110EEE16evmc_status_codeRKSt5arrayIsLm256EERlPKN4intx4uintILj256EEESE_
FN:176,baseline_execution.cpp:_ZN6evmone8baseline12_GLOBAL__N_16invokeILNS_6OpcodeE111EEENS1_8PositionERKSt5arrayIsLm256EEPKN4intx4uintILj256EEES4_RlRNS_14ExecutionStateE
FN:47,baseline_execution.cpp:_ZN6evmone8baseline12_GLOBAL__N_118check_requirementsILNS_6OpcodeE111EEE16evmc_status_codeRKSt5arrayIsLm256EERlPKN4intx4uintILj256EEESE_
FN:176,baseline_execution.cpp:_ZN6evmone8baseline12_GLOBAL__N_16invokeILNS_6OpcodeE112EEENS1_8PositionERKSt5arrayIsLm256EEPKN4intx4uintILj256EEES4_RlRNS_14ExecutionStateE
FN:47,baseline_execution.cpp:_ZN6evmone8baseline12_GLOBAL__N_118check_requirementsILNS_6OpcodeE112EEE16evmc_status_codeRKSt5arrayIsLm256EERlPKN4intx4uintILj256EEESE_
FN:176,baseline_execution.cpp:_ZN6evmone8baseline12_GLOBAL__N_16invokeILNS_6OpcodeE113EEENS1_8PositionERKSt5arrayIsLm256EEPKN4intx4uintILj256EEES4_RlRNS_14ExecutionStateE
FN:47,baseline_execution.cpp:_ZN6evmone8baseline12_GLOBAL__N_118check_requirementsILNS_6OpcodeE113EEE16evmc_status_codeRKSt5arrayIsLm256EERlPKN4intx4uintILj256EEESE_
FN:176,baseline_execution.cpp:_ZN6evmone8baseline12_GLOBAL__N_16invokeILNS_6OpcodeE114EEENS1_8PositionERKSt5arrayIsLm256EEPKN4intx4uintILj256EEES4_RlRNS_14ExecutionStateE
FN:47,baseline_execution.cpp:_ZN6evmone8baseline12_GLOBAL__N_118check_requirementsILNS_6OpcodeE114EEE16evmc_status_codeRKSt5arrayIsLm256EERlPKN4intx4uintILj256EEESE_
FN:176,baseline_execution.cpp:_ZN6evmone8baseline12_GLOBAL__N_16invokeILNS_6OpcodeE115EEENS1_8PositionERKSt5arrayIsLm256EEPKN4intx4uintILj256EEES4_RlRNS_14ExecutionStateE
FN:47,baseline_execution.cpp:_ZN6evmone8baseline12_GLOBAL__N_118check_requirementsILNS_6OpcodeE115EEE16evmc_status_codeRKSt5arrayIsLm256EERlPKN4intx4uintILj256EEESE_
FN:176,baseline_execution.cpp:_ZN6evmone8baseline12_GLOBAL__N_16invokeILNS_6OpcodeE116EEENS1_8PositionERKSt5arrayIsLm256EEPKN4intx4uintILj256EEES4_RlRNS_14ExecutionStateE
FN:47,baseline_execution.cpp:_ZN6evmone8baseline12_GLOBAL__N_118check_requirementsILNS_6OpcodeE116EEE16evmc_status_codeRKSt5arrayIsLm256EERlPKN4intx4uintILj256EEESE_
FN:176,baseline_execution.cpp:_ZN6evmone8baseline12_GLOBAL__N_16invokeILNS_6OpcodeE117EEENS1_8PositionERKSt5arrayIsLm256EEPKN4intx4uintILj256EEES4_RlRNS_14ExecutionStateE
FN:47,baseline_execution.cpp:_ZN6evmone8baseline12_GLOBAL__N_118check_requirementsILNS_6OpcodeE117EEE16evmc_status_codeRKSt5arrayIsLm256EERlPKN4intx4uintILj256EEESE_
FN:176,baseline_execution.cpp:_ZN6evmone8baseline12_GLOBAL__N_16invokeILNS_6OpcodeE118EEENS1_8PositionERKSt5arrayIsLm256EEPKN4intx4uintILj256EEES4_RlRNS_14ExecutionStateE
FN:47,baseline_execution.cpp:_ZN6evmone8baseline12_GLOBAL__N_118check_requirementsILNS_6OpcodeE118EEE16evmc_status_codeRKSt5arrayIsLm256EERlPKN4intx4uintILj256EEESE_
FN:176,baseline_execution.cpp:_ZN6evmone8baseline12_GLOBAL__N_16invokeILNS_6OpcodeE119EEENS1_8PositionERKSt5arrayIsLm256EEPKN4intx4uintILj256EEES4_RlRNS_14ExecutionStateE
FN:47,baseline_execution.cpp:_ZN6evmone8baseline12_GLOBAL__N_118check_requirementsILNS_6OpcodeE119EEE16evmc_status_codeRKSt5arrayIsLm256EERlPKN4intx4uintILj256EEESE_
FN:176,baseline_execution.cpp:_ZN6evmone8baseline12_GLOBAL__N_16invokeILNS_6OpcodeE120EEENS1_8PositionERKSt5arrayIsLm256EEPKN4intx4uintILj256EEES4_RlRNS_14ExecutionStateE
FN:47,baseline_execution.cpp:_ZN6evmone8baseline12_GLOBAL__N_118check_requirementsILNS_6OpcodeE120EEE16evmc_status_codeRKSt5arrayIsLm256EERlPKN4intx4uintILj256EEESE_
FN:176,baseline_execution.cpp:_ZN6evmone8baseline12_GLOBAL__N_16invokeILNS_6OpcodeE121EEENS1_8PositionERKSt5arrayIsLm256EEPKN4intx4uintILj256EEES4_RlRNS_14ExecutionStateE
FN:47,baseline_execution.cpp:_ZN6evmone8baseline12_GLOBAL__N_118check_requirementsILNS_6OpcodeE121EEE16evmc_status_codeRKSt5arrayIsLm256EERlPKN4intx4uintILj256EEESE_
FN:176,baseline_execution.cpp:_ZN6evmone8baseline12_GLOBAL__N_16invokeILNS_6OpcodeE122EEENS1_8PositionERKSt5arrayIsLm256EEPKN4intx4uintILj256EEES4_RlRNS_14ExecutionStateE
FN:47,baseline_execution.cpp:_ZN6evmone8baseline12_GLOBAL__N_118check_requirementsILNS_6OpcodeE122EEE16evmc_status_codeRKSt5arrayIsLm256EERlPKN4intx4uintILj256EEESE_
FN:176,baseline_execution.cpp:_ZN6evmone8baseline12_GLOBAL__N_16invokeILNS_6OpcodeE123EEENS1_8PositionERKSt5arrayIsLm256EEPKN4intx4uintILj256EEES4_RlRNS_14ExecutionStateE
FN:47,baseline_execution.cpp:_ZN6evmone8baseline12_GLOBAL__N_118check_requirementsILNS_6OpcodeE123EEE16evmc_status_codeRKSt5arrayIsLm256EERlPKN4intx4uintILj256EEESE_
FN:176,baseline_execution.cpp:_ZN6evmone8baseline12_GLOBAL__N_16invokeILNS_6OpcodeE124EEENS1_8PositionERKSt5arrayIsLm256EEPKN4intx4uintILj256EEES4_RlRNS_14ExecutionStateE
FN:47,baseline_execution.cpp:_ZN6evmone8baseline12_GLOBAL__N_118check_requirementsILNS_6OpcodeE124EEE16evmc_status_codeRKSt5arrayIsLm256EERlPKN4intx4uintILj256EEESE_
FN:176,baseline_execution.cpp:_ZN6evmone8baseline12_GLOBAL__N_16invokeILNS_6OpcodeE125EEENS1_8PositionERKSt5arrayIsLm256EEPKN4intx4uintILj256EEES4_RlRNS_14ExecutionStateE
FN:47,baseline_execution.cpp:_ZN6evmone8baseline12_GLOBAL__N_118check_requirementsILNS_6OpcodeE125EEE16evmc_status_codeRKSt5arrayIsLm256EERlPKN4intx4uintILj256EEESE_
FN:176,baseline_execution.cpp:_ZN6evmone8baseline12_GLOBAL__N_16invokeILNS_6OpcodeE126EEENS1_8PositionERKSt5arrayIsLm256EEPKN4intx4uintILj256EEES4_RlRNS_14ExecutionStateE
FN:47,baseline_execution.cpp:_ZN6evmone8baseline12_GLOBAL__N_118check_requirementsILNS_6OpcodeE126EEE16evmc_status_codeRKSt5arrayIsLm256EERlPKN4intx4uintILj256EEESE_
FN:176,baseline_execution.cpp:_ZN6evmone8baseline12_GLOBAL__N_16invokeILNS_6OpcodeE127EEENS1_8PositionERKSt5arrayIsLm256EEPKN4intx4uintILj256EEES4_RlRNS_14ExecutionStateE
FN:47,baseline_execution.cpp:_ZN6evmone8baseline12_GLOBAL__N_118check_requirementsILNS_6OpcodeE127EEE16evmc_status_codeRKSt5arrayIsLm256EERlPKN4intx4uintILj256EEESE_
FN:176,baseline_execution.cpp:_ZN6evmone8baseline12_GLOBAL__N_16invokeILNS_6OpcodeE128EEENS1_8PositionERKSt5arrayIsLm256EEPKN4intx4uintILj256EEES4_RlRNS_14ExecutionStateE
FN:47,baseline_execution.cpp:_ZN6evmone8baseline12_GLOBAL__N_118check_requirementsILNS_6OpcodeE128EEE16evmc_status_codeRKSt5arrayIsLm256EERlPKN4intx4uintILj256EEESE_
FN:176,baseline_execution.cpp:_ZN6evmone8baseline12_GLOBAL__N_16invokeILNS_6OpcodeE129EEENS1_8PositionERKSt5arrayIsLm256EEPKN4intx4uintILj256EEES4_RlRNS_14ExecutionStateE
FN:47,baseline_execution.cpp:_ZN6evmone8baseline12_GLOBAL__N_118check_requirementsILNS_6OpcodeE129EEE16evmc_status_codeRKSt5arrayIsLm256EERlPKN4intx4uintILj256EEESE_
FN:176,baseline_execution.cpp:_ZN6evmone8baseline12_GLOBAL__N_16invokeILNS_6OpcodeE130EEENS1_8PositionERKSt5arrayIsLm256EEPKN4intx4uintILj256EEES4_RlRNS_14ExecutionStateE
FN:47,baseline_execution.cpp:_ZN6evmone8baseline12_GLOBAL__N_118check_requirementsILNS_6OpcodeE130EEE16evmc_status_codeRKSt5arrayIsLm256EERlPKN4intx4uintILj256EEESE_
FN:176,baseline_execution.cpp:_ZN6evmone8baseline12_GLOBAL__N_16invokeILNS_6OpcodeE131EEENS1_8PositionERKSt5arrayIsLm256EEPKN4intx4uintILj256EEES4_RlRNS_14ExecutionStateE
FN:47,baseline_execution.cpp:_ZN6evmone8baseline12_GLOBAL__N_118check_requirementsILNS_6OpcodeE131EEE16evmc_status_codeRKSt5arrayIsLm256EERlPKN4intx4uintILj256EEESE_
FN:176,baseline_execution.cpp:_ZN6evmone8baseline12_GLOBAL__N_16invokeILNS_6OpcodeE132EEENS1_8PositionERKSt5arrayIsLm256EEPKN4intx4uintILj256EEES4_RlRNS_14ExecutionStateE
FN:47,baseline_execution.cpp:_ZN6evmone8baseline12_GLOBAL__N_118check_requirementsILNS_6OpcodeE132EEE16evmc_status_codeRKSt5arrayIsLm256EERlPKN4intx4uintILj256EEESE_
FN:176,baseline_execution.cpp:_ZN6evmone8baseline12_GLOBAL__N_16invokeILNS_6OpcodeE133EEENS1_8PositionERKSt5arrayIsLm256EEPKN4intx4uintILj256EEES4_RlRNS_14ExecutionStateE
FN:47,baseline_execution.cpp:_ZN6evmone8baseline12_GLOBAL__N_118check_requirementsILNS_6OpcodeE133EEE16evmc_status_codeRKSt5arrayIsLm256EERlPKN4intx4uintILj256EEESE_
FN:176,baseline_execution.cpp:_ZN6evmone8baseline12_GLOBAL__N_16invokeILNS_6OpcodeE134EEENS1_8PositionERKSt5arrayIsLm256EEPKN4intx4uintILj256EEES4_RlRNS_14ExecutionStateE
FN:47,baseline_execution.cpp:_ZN6evmone8baseline12_GLOBAL__N_118check_requirementsILNS_6OpcodeE134EEE16evmc_status_codeRKSt5arrayIsLm256EERlPKN4intx4uintILj256EEESE_
FN:176,baseline_execution.cpp:_ZN6evmone8baseline12_GLOBAL__N_16invokeILNS_6OpcodeE135EEENS1_8PositionERKSt5arrayIsLm256EEPKN4intx4uintILj256EEES4_RlRNS_14ExecutionStateE
FN:47,baseline_execution.cpp:_ZN6evmone8baseline12_GLOBAL__N_118check_requirementsILNS_6OpcodeE135EEE16evmc_status_codeRKSt5arrayIsLm256EERlPKN4intx4uintILj256EEESE_
FN:176,baseline_execution.cpp:_ZN6evmone8baseline12_GLOBAL__N_16invokeILNS_6OpcodeE136EEENS1_8PositionERKSt5arrayIsLm256EEPKN4intx4uintILj256EEES4_RlRNS_14ExecutionStateE
FN:47,baseline_execution.cpp:_ZN6evmone8baseline12_GLOBAL__N_118check_requirementsILNS_6OpcodeE136EEE16evmc_status_codeRKSt5arrayIsLm256EERlPKN4intx4uintILj256EEESE_
FN:176,baseline_execution.cpp:_ZN6evmone8baseline12_GLOBAL__N_16invokeILNS_6OpcodeE137EEENS1_8PositionERKSt5arrayIsLm256EEPKN4intx4uintILj256EEES4_RlRNS_14ExecutionStateE
FN:47,baseline_execution.cpp:_ZN6evmone8baseline12_GLOBAL__N_118check_requirementsILNS_6OpcodeE137EEE16evmc_status_codeRKSt5arrayIsLm256EERlPKN4intx4uintILj256EEESE_
FN:176,baseline_execution.cpp:_ZN6evmone8baseline12_GLOBAL__N_16invokeILNS_6OpcodeE138EEENS1_8PositionERKSt5arrayIsLm256EEPKN4intx4uintILj256EEES4_RlRNS_14ExecutionStateE
FN:47,baseline_execution.cpp:_ZN6evmone8baseline12_GLOBAL__N_118check_requirementsILNS_6OpcodeE138EEE16evmc_status_codeRKSt5arrayIsLm256EERlPKN4intx4uintILj256EEESE_
FN:176,baseline_execution.cpp:_ZN6evmone8baseline12_GLOBAL__N_16invokeILNS_6OpcodeE139EEENS1_8PositionERKSt5arrayIsLm256EEPKN4intx4uintILj256EEES4_RlRNS_14ExecutionStateE
FN:47,baseline_execution.cpp:_ZN6evmone8baseline12_GLOBAL__N_118check_requirementsILNS_6OpcodeE139EEE16evmc_status_codeRKSt5arrayIsLm256EERlPKN4intx4uintILj256EEESE_
FN:176,baseline_execution.cpp:_ZN6evmone8baseline12_GLOBAL__N_16invokeILNS_6OpcodeE140EEENS1_8PositionERKSt5arrayIsLm256EEPKN4intx4uintILj256EEES4_RlRNS_14ExecutionStateE
FN:47,baseline_execution.cpp:_ZN6evmone8baseline12_GLOBAL__N_118check_requirementsILNS_6OpcodeE140EEE16evmc_status_codeRKSt5arrayIsLm256EERlPKN4intx4uintILj256EEESE_
FN:176,baseline_execution.cpp:_ZN6evmone8baseline12_GLOBAL__N_16invokeILNS_6OpcodeE141EEENS1_8PositionERKSt5arrayIsLm256EEPKN4intx4uintILj256EEES4_RlRNS_14ExecutionStateE
FN:47,baseline_execution.cpp:_ZN6evmone8baseline12_GLOBAL__N_118check_requirementsILNS_6OpcodeE141EEE16evmc_status_codeRKSt5arrayIsLm256EERlPKN4intx4uintILj256EEESE_
FN:176,baseline_execution.cpp:_ZN6evmone8baseline12_GLOBAL__N_16invokeILNS_6OpcodeE142EEENS1_8PositionERKSt5arrayIsLm256EEPKN4intx4uintILj256EEES4_RlRNS_14ExecutionStateE
FN:47,baseline_execution.cpp:_ZN6evmone8baseline12_GLOBAL__N_118check_requirementsILNS_6OpcodeE142EEE16evmc_status_codeRKSt5arrayIsLm256EERlPKN4intx4uintILj256EEESE_
FN:176,baseline_execution.cpp:_ZN6evmone8baseline12_GLOBAL__N_16invokeILNS_6OpcodeE143EEENS1_8PositionERKSt5arrayIsLm256EEPKN4intx4uintILj256EEES4_RlRNS_14ExecutionStateE
FN:47,baseline_execution.cpp:_ZN6evmone8baseline12_GLOBAL__N_118check_requirementsILNS_6OpcodeE143EEE16evmc_status_codeRKSt5arrayIsLm256EERlPKN4intx4uintILj256EEESE_
FN:176,baseline_execution.cpp:_ZN6evmone8baseline12_GLOBAL__N_16invokeILNS_6OpcodeE144EEENS1_8PositionERKSt5arrayIsLm256EEPKN4intx4uintILj256EEES4_RlRNS_14ExecutionStateE
FN:47,baseline_execution.cpp:_ZN6evmone8baseline12_GLOBAL__N_118check_requirementsILNS_6OpcodeE144EEE16evmc_status_codeRKSt5arrayIsLm256EERlPKN4intx4uintILj256EEESE_
FN:176,baseline_execution.cpp:_ZN6evmone8baseline12_GLOBAL__N_16invokeILNS_6OpcodeE145EEENS1_8PositionERKSt5arrayIsLm256EEPKN4intx4uintILj256EEES4_RlRNS_14ExecutionStateE
FN:47,baseline_execution.cpp:_ZN6evmone8baseline12_GLOBAL__N_118check_requirementsILNS_6OpcodeE145EEE16evmc_status_codeRKSt5arrayIsLm256EERlPKN4intx4uintILj256EEESE_
FN:176,baseline_execution.cpp:_ZN6evmone8baseline12_GLOBAL__N_16invokeILNS_6OpcodeE146EEENS1_8PositionERKSt5arrayIsLm256EEPKN4intx4uintILj256EEES4_RlRNS_14ExecutionStateE
FN:47,baseline_execution.cpp:_ZN6evmone8baseline12_GLOBAL__N_118check_requirementsILNS_6OpcodeE146EEE16evmc_status_codeRKSt5arrayIsLm256EERlPKN4intx4uintILj256EEESE_
FN:176,baseline_execution.cpp:_ZN6evmone8baseline12_GLOBAL__N_16invokeILNS_6OpcodeE147EEENS1_8PositionERKSt5arrayIsLm256EEPKN4intx4uintILj256EEES4_RlRNS_14ExecutionStateE
FN:47,baseline_execution.cpp:_ZN6evmone8baseline12_GLOBAL__N_118check_requirementsILNS_6OpcodeE147EEE16evmc_status_codeRKSt5arrayIsLm256EERlPKN4intx4uintILj256EEESE_
FN:176,baseline_execution.cpp:_ZN6evmone8baseline12_GLOBAL__N_16invokeILNS_6OpcodeE148EEENS1_8PositionERKSt5arrayIsLm256EEPKN4intx4uintILj256EEES4_RlRNS_14ExecutionStateE
FN:47,baseline_execution.cpp:_ZN6evmone8baseline12_GLOBAL__N_118check_requirementsILNS_6OpcodeE148EEE16evmc_status_codeRKSt5arrayIsLm256EERlPKN4intx4uintILj256EEESE_
FN:176,baseline_execution.cpp:_ZN6evmone8baseline12_GLOBAL__N_16invokeILNS_6OpcodeE149EEENS1_8PositionERKSt5arrayIsLm256EEPKN4intx4uintILj256EEES4_RlRNS_14ExecutionStateE
FN:47,baseline_execution.cpp:_ZN6evmone8baseline12_GLOBAL__N_118check_requirementsILNS_6OpcodeE149EEE16evmc_status_codeRKSt5arrayIsLm256EERlPKN4intx4uintILj256EEESE_
FN:176,baseline_execution.cpp:_ZN6evmone8baseline12_GLOBAL__N_16invokeILNS_6OpcodeE150EEENS1_8PositionERKSt5arrayIsLm256EEPKN4intx4uintILj256EEES4_RlRNS_14ExecutionStateE
FN:47,baseline_execution.cpp:_ZN6evmone8baseline12_GLOBAL__N_118check_requirementsILNS_6OpcodeE150EEE16evmc_status_codeRKSt5arrayIsLm256EERlPKN4intx4uintILj256EEESE_
FN:176,baseline_execution.cpp:_ZN6evmone8baseline12_GLOBAL__N_16invokeILNS_6OpcodeE151EEENS1_8PositionERKSt5arrayIsLm256EEPKN4intx4uintILj256EEES4_RlRNS_14ExecutionStateE
FN:47,baseline_execution.cpp:_ZN6evmone8baseline12_GLOBAL__N_118check_requirementsILNS_6OpcodeE151EEE16evmc_status_codeRKSt5arrayIsLm256EERlPKN4intx4uintILj256EEESE_
FN:176,baseline_execution.cpp:_ZN6evmone8baseline12_GLOBAL__N_16invokeILNS_6OpcodeE152EEENS1_8PositionERKSt5arrayIsLm256EEPKN4intx4uintILj256EEES4_RlRNS_14ExecutionStateE
FN:47,baseline_execution.cpp:_ZN6evmone8baseline12_GLOBAL__N_118check_requirementsILNS_6OpcodeE152EEE16evmc_status_codeRKSt5arrayIsLm256EERlPKN4intx4uintILj256EEESE_
FN:176,baseline_execution.cpp:_ZN6evmone8baseline12_GLOBAL__N_16invokeILNS_6OpcodeE153EEENS1_8PositionERKSt5arrayIsLm256EEPKN4intx4uintILj256EEES4_RlRNS_14ExecutionStateE
FN:47,baseline_execution.cpp:_ZN6evmone8baseline12_GLOBAL__N_118check_requirementsILNS_6OpcodeE153EEE16evmc_status_codeRKSt5arrayIsLm256EERlPKN4intx4uintILj256EEESE_
FN:176,baseline_execution.cpp:_ZN6evmone8baseline12_GLOBAL__N_16invokeILNS_6OpcodeE154EEENS1_8PositionERKSt5arrayIsLm256EEPKN4intx4uintILj256EEES4_RlRNS_14ExecutionStateE
FN:47,baseline_execution.cpp:_ZN6evmone8baseline12_GLOBAL__N_118check_requirementsILNS_6OpcodeE154EEE16evmc_status_codeRKSt5arrayIsLm256EERlPKN4intx4uintILj256EEESE_
FN:176,baseline_execution.cpp:_ZN6evmone8baseline12_GLOBAL__N_16invokeILNS_6OpcodeE155EEENS1_8PositionERKSt5arrayIsLm256EEPKN4intx4uintILj256EEES4_RlRNS_14ExecutionStateE
FN:47,baseline_execution.cpp:_ZN6evmone8baseline12_GLOBAL__N_118check_requirementsILNS_6OpcodeE155EEE16evmc_status_codeRKSt5arrayIsLm256EERlPKN4intx4uintILj256EEESE_
FN:176,baseline_execution.cpp:_ZN6evmone8baseline12_GLOBAL__N_16invokeILNS_6OpcodeE156EEENS1_8PositionERKSt5arrayIsLm256EEPKN4intx4uintILj256EEES4_RlRNS_14ExecutionStateE
FN:47,baseline_execution.cpp:_ZN6evmone8baseline12_GLOBAL__N_118check_requirementsILNS_6OpcodeE156EEE16evmc_status_codeRKSt5arrayIsLm256EERlPKN4intx4uintILj256EEESE_
FN:176,baseline_execution.cpp:_ZN6evmone8baseline12_GLOBAL__N_16invokeILNS_6OpcodeE157EEENS1_8PositionERKSt5arrayIsLm256EEPKN4intx4uintILj256EEES4_RlRNS_14ExecutionStateE
FN:47,baseline_execution.cpp:_ZN6evmone8baseline12_GLOBAL__N_118check_requirementsILNS_6OpcodeE157EEE16evmc_status_codeRKSt5arrayIsLm256EERlPKN4intx4uintILj256EEESE_
FN:176,baseline_execution.cpp:_ZN6evmone8baseline12_GLOBAL__N_16invokeILNS_6OpcodeE158EEENS1_8PositionERKSt5arrayIsLm256EEPKN4intx4uintILj256EEES4_RlRNS_14ExecutionStateE
FN:47,baseline_execution.cpp:_ZN6evmone8baseline12_GLOBAL__N_118check_requirementsILNS_6OpcodeE158EEE16evmc_status_codeRKSt5arrayIsLm256EERlPKN4intx4uintILj256EEESE_
FN:176,baseline_execution.cpp:_ZN6evmone8baseline12_GLOBAL__N_16invokeILNS_6OpcodeE159EEENS1_8PositionERKSt5arrayIsLm256EEPKN4intx4uintILj256EEES4_RlRNS_14ExecutionStateE
FN:47,baseline_execution.cpp:_ZN6evmone8baseline12_GLOBAL__N_118check_requirementsILNS_6OpcodeE159EEE16evmc_status_codeRKSt5arrayIsLm256EERlPKN4intx4uintILj256EEESE_
FN:176,baseline_execution.cpp:_ZN6evmone8baseline12_GLOBAL__N_16invokeILNS_6OpcodeE160EEENS1_8PositionERKSt5arrayIsLm256EEPKN4intx4uintILj256EEES4_RlRNS_14ExecutionStateE
FN:47,baseline_execution.cpp:_ZN6evmone8baseline12_GLOBAL__N_118check_requirementsILNS_6OpcodeE160EEE16evmc_status_codeRKSt5arrayIsLm256EERlPKN4intx4uintILj256EEESE_
FN:176,baseline_execution.cpp:_ZN6evmone8baseline12_GLOBAL__N_16invokeILNS_6OpcodeE161EEENS1_8PositionERKSt5arrayIsLm256EEPKN4intx4uintILj256EEES4_RlRNS_14ExecutionStateE
FN:47,baseline_execution.cpp:_ZN6evmone8baseline12_GLOBAL__N_118check_requirementsILNS_6OpcodeE161EEE16evmc_status_codeRKSt5arrayIsLm256EERlPKN4intx4uintILj256EEESE_
FN:176,baseline_execution.cpp:_ZN6evmone8baseline12_GLOBAL__N_16invokeILNS_6OpcodeE162EEENS1_8PositionERKSt5arrayIsLm256EEPKN4intx4uintILj256EEES4_RlRNS_14ExecutionStateE
FN:47,baseline_execution.cpp:_ZN6evmone8baseline12_GLOBAL__N_118check_requirementsILNS_6OpcodeE162EEE16evmc_status_codeRKSt5arrayIsLm256EERlPKN4intx4uintILj256EEESE_
FN:176,baseline_execution.cpp:_ZN6evmone8baseline12_GLOBAL__N_16invokeILNS_6OpcodeE163EEENS1_8PositionERKSt5arrayIsLm256EEPKN4intx4uintILj256EEES4_RlRNS_14ExecutionStateE
FN:47,baseline_execution.cpp:_ZN6evmone8baseline12_GLOBAL__N_118check_requirementsILNS_6OpcodeE163EEE16evmc_status_codeRKSt5arrayIsLm256EERlPKN4intx4uintILj256EEESE_
FN:176,baseline_execution.cpp:_ZN6evmone8baseline12_GLOBAL__N_16invokeILNS_6OpcodeE164EEENS1_8PositionERKSt5arrayIsLm256EEPKN4intx4uintILj256EEES4_RlRNS_14ExecutionStateE
FN:47,baseline_execution.cpp:_ZN6evmone8baseline12_GLOBAL__N_118check_requirementsILNS_6OpcodeE164EEE16evmc_status_codeRKSt5arrayIsLm256EERlPKN4intx4uintILj256EEESE_
FN:176,baseline_execution.cpp:_ZN6evmone8baseline12_GLOBAL__N_16invokeILNS_6OpcodeE208EEENS1_8PositionERKSt5arrayIsLm256EEPKN4intx4uintILj256EEES4_RlRNS_14ExecutionStateE
FN:47,baseline_execution.cpp:_ZN6evmone8baseline12_GLOBAL__N_118check_requirementsILNS_6OpcodeE208EEE16evmc_status_codeRKSt5arrayIsLm256EERlPKN4intx4uintILj256EEESE_
FN:176,baseline_execution.cpp:_ZN6evmone8baseline12_GLOBAL__N_16invokeILNS_6OpcodeE209EEENS1_8PositionERKSt5arrayIsLm256EEPKN4intx4uintILj256EEES4_RlRNS_14ExecutionStateE
FN:47,baseline_execution.cpp:_ZN6evmone8baseline12_GLOBAL__N_118check_requirementsILNS_6OpcodeE209EEE16evmc_status_codeRKSt5arrayIsLm256EERlPKN4intx4uintILj256EEESE_
FN:176,baseline_execution.cpp:_ZN6evmone8baseline12_GLOBAL__N_16invokeILNS_6OpcodeE210EEENS1_8PositionERKSt5arrayIsLm256EEPKN4intx4uintILj256EEES4_RlRNS_14ExecutionStateE
FN:47,baseline_execution.cpp:_ZN6evmone8baseline12_GLOBAL__N_118check_requirementsILNS_6OpcodeE210EEE16evmc_status_codeRKSt5arrayIsLm256EERlPKN4intx4uintILj256EEESE_
FN:176,baseline_execution.cpp:_ZN6evmone8baseline12_GLOBAL__N_16invokeILNS_6OpcodeE211EEENS1_8PositionERKSt5arrayIsLm256EEPKN4intx4uintILj256EEES4_RlRNS_14ExecutionStateE
FN:47,baseline_execution.cpp:_ZN6evmone8baseline12_GLOBAL__N_118check_requirementsILNS_6OpcodeE211EEE16evmc_status_codeRKSt5arrayIsLm256EERlPKN4intx4uintILj256EEESE_
FN:176,baseline_execution.cpp:_ZN6evmone8baseline12_GLOBAL__N_16invokeILNS_6OpcodeE224EEENS1_8PositionERKSt5arrayIsLm256EEPKN4intx4uintILj256EEES4_RlRNS_14ExecutionStateE
FN:47,baseline_execution.cpp:_ZN6evmone8baseline12_GLOBAL__N_118check_requirementsILNS_6OpcodeE224EEE16evmc_status_codeRKSt5arrayIsLm256EERlPKN4intx4uintILj256EEESE_
FN:176,baseline_execution.cpp:_ZN6evmone8baseline12_GLOBAL__N_16invokeILNS_6OpcodeE225EEENS1_8PositionERKSt5arrayIsLm256EEPKN4intx4uintILj256EEES4_RlRNS_14ExecutionStateE
FN:47,baseline_execution.cpp:_ZN6evmone8baseline12_GLOBAL__N_118check_requirementsILNS_6OpcodeE225EEE16evmc_status_codeRKSt5arrayIsLm256EERlPKN4intx4uintILj256EEESE_
FN:176,baseline_execution.cpp:_ZN6evmone8baseline12_GLOBAL__N_16invokeILNS_6OpcodeE226EEENS1_8PositionERKSt5arrayIsLm256EEPKN4intx4uintILj256EEES4_RlRNS_14ExecutionStateE
FN:47,baseline_execution.cpp:_ZN6evmone8baseline12_GLOBAL__N_118check_requirementsILNS_6OpcodeE226EEE16evmc_status_codeRKSt5arrayIsLm256EERlPKN4intx4uintILj256EEESE_
FN:176,baseline_execution.cpp:_ZN6evmone8baseline12_GLOBAL__N_16invokeILNS_6OpcodeE227EEENS1_8PositionERKSt5arrayIsLm256EEPKN4intx4uintILj256EEES4_RlRNS_14ExecutionStateE
FN:47,baseline_execution.cpp:_ZN6evmone8baseline12_GLOBAL__N_118check_requirementsILNS_6OpcodeE227EEE16evmc_status_codeRKSt5arrayIsLm256EERlPKN4intx4uintILj256EEESE_
FN:176,baseline_execution.cpp:_ZN6evmone8baseline12_GLOBAL__N_16invokeILNS_6OpcodeE228EEENS1_8PositionERKSt5arrayIsLm256EEPKN4intx4uintILj256EEES4_RlRNS_14ExecutionStateE
FN:47,baseline_execution.cpp:_ZN6evmone8baseline12_GLOBAL__N_118check_requirementsILNS_6OpcodeE228EEE16evmc_status_codeRKSt5arrayIsLm256EERlPKN4intx4uintILj256EEESE_
FN:176,baseline_execution.cpp:_ZN6evmone8baseline12_GLOBAL__N_16invokeILNS_6OpcodeE229EEENS1_8PositionERKSt5arrayIsLm256EEPKN4intx4uintILj256EEES4_RlRNS_14ExecutionStateE
FN:47,baseline_execution.cpp:_ZN6evmone8baseline12_GLOBAL__N_118check_requirementsILNS_6OpcodeE229EEE16evmc_status_codeRKSt5arrayIsLm256EERlPKN4intx4uintILj256EEESE_
FN:176,baseline_execution.cpp:_ZN6evmone8baseline12_GLOBAL__N_16invokeILNS_6OpcodeE230EEENS1_8PositionERKSt5arrayIsLm256EEPKN4intx4uintILj256EEES4_RlRNS_14ExecutionStateE
FN:47,baseline_execution.cpp:_ZN6evmone8baseline12_GLOBAL__N_118check_requirementsILNS_6OpcodeE230EEE16evmc_status_codeRKSt5arrayIsLm256EERlPKN4intx4uintILj256EEESE_
FN:134,baseline_execution.cpp:_ZN6evmone8baseline12_GLOBAL__N_16invokeEPDoFPKhNS_8StackTopES3_ENS1_8PositionERlRNS_14ExecutionStateE
FN:176,baseline_execution.cpp:_ZN6evmone8baseline12_GLOBAL__N_16invokeILNS_6OpcodeE231EEENS1_8PositionERKSt5arrayIsLm256EEPKN4intx4uintILj256EEES4_RlRNS_14ExecutionStateE
FN:47,baseline_execution.cpp:_ZN6evmone8baseline12_GLOBAL__N_118check_requirementsILNS_6OpcodeE231EEE16evmc_status_codeRKSt5arrayIsLm256EERlPKN4intx4uintILj256EEESE_
FN:176,baseline_execution.cpp:_ZN6evmone8baseline12_GLOBAL__N_16invokeILNS_6OpcodeE232EEENS1_8PositionERKSt5arrayIsLm256EEPKN4intx4uintILj256EEES4_RlRNS_14ExecutionStateE
FN:47,baseline_execution.cpp:_ZN6evmone8baseline12_GLOBAL__N_118check_requirementsILNS_6OpcodeE232EEE16evmc_status_codeRKSt5arrayIsLm256EERlPKN4intx4uintILj256EEESE_
FN:176,baseline_execution.cpp:_ZN6evmone8baseline12_GLOBAL__N_16invokeILNS_6OpcodeE236EEENS1_8PositionERKSt5arrayIsLm256EEPKN4intx4uintILj256EEES4_RlRNS_14ExecutionStateE
FN:47,baseline_execution.cpp:_ZN6evmone8baseline12_GLOBAL__N_118check_requirementsILNS_6OpcodeE236EEE16evmc_status_codeRKSt5arrayIsLm256EERlPKN4intx4uintILj256EEESE_
FN:151,baseline_execution.cpp:_ZN6evmone8baseline12_GLOBAL__N_16invokeEPDoFNS_6ResultENS_8StackTopElRNS_14ExecutionStateERPKhENS1_8PositionERlS5_
FN:176,baseline_execution.cpp:_ZN6evmone8baseline12_GLOBAL__N_16invokeILNS_6OpcodeE237EEENS1_8PositionERKSt5arrayIsLm256EEPKN4intx4uintILj256EEES4_RlRNS_14ExecutionStateE
FN:47,baseline_execution.cpp:_ZN6evmone8baseline12_GLOBAL__N_118check_requirementsILNS_6OpcodeE237EEE16evmc_status_codeRKSt5arrayIsLm256EERlPKN4intx4uintILj256EEESE_
FN:176,baseline_execution.cpp:_ZN6evmone8baseline12_GLOBAL__N_16invokeILNS_6OpcodeE238EEENS1_8PositionERKSt5arrayIsLm256EEPKN4intx4uintILj256EEES4_RlRNS_14ExecutionStateE
FN:47,baseline_execution.cpp:_ZN6evmone8baseline12_GLOBAL__N_118check_requirementsILNS_6OpcodeE238EEE16evmc_status_codeRKSt5arrayIsLm256EERlPKN4intx4uintILj256EEESE_
FN:165,baseline_execution.cpp:_ZN6evmone8baseline12_GLOBAL__N_16invokeEPDoFNS_10TermResultENS_8StackTopElRNS_14ExecutionStateEPKhENS1_8PositionERlS5_
FN:176,baseline_execution.cpp:_ZN6evmone8baseline12_GLOBAL__N_16invokeILNS_6OpcodeE240EEENS1_8PositionERKSt5arrayIsLm256EEPKN4intx4uintILj256EEES4_RlRNS_14ExecutionStateE
FN:47,baseline_execution.cpp:_ZN6evmone8baseline12_GLOBAL__N_118check_requirementsILNS_6OpcodeE240EEE16evmc_status_codeRKSt5arrayIsLm256EERlPKN4intx4uintILj256EEESE_
FN:176,baseline_execution.cpp:_ZN6evmone8baseline12_GLOBAL__N_16invokeILNS_6OpcodeE241EEENS1_8PositionERKSt5arrayIsLm256EEPKN4intx4uintILj256EEES4_RlRNS_14ExecutionStateE
FN:47,baseline_execution.cpp:_ZN6evmone8baseline12_GLOBAL__N_118check_requirementsILNS_6OpcodeE241EEE16evmc_status_codeRKSt5arrayIsLm256EERlPKN4intx4uintILj256EEESE_
FN:176,baseline_execution.cpp:_ZN6evmone8baseline12_GLOBAL__N_16invokeILNS_6OpcodeE242EEENS1_8PositionERKSt5arrayIsLm256EEPKN4intx4uintILj256EEES4_RlRNS_14ExecutionStateE
FN:47,baseline_execution.cpp:_ZN6evmone8baseline12_GLOBAL__N_118check_requirementsILNS_6OpcodeE242EEE16evmc_status_codeRKSt5arrayIsLm256EERlPKN4intx4uintILj256EEESE_
FN:176,baseline_execution.cpp:_ZN6evmone8baseline12_GLOBAL__N_16invokeILNS_6OpcodeE243EEENS1_8PositionERKSt5arrayIsLm256EEPKN4intx4uintILj256EEES4_RlRNS_14ExecutionStateE
FN:47,baseline_execution.cpp:_ZN6evmone8baseline12_GLOBAL__N_118check_requirementsILNS_6OpcodeE243EEE16evmc_status_codeRKSt5arrayIsLm256EERlPKN4intx4uintILj256EEESE_
FN:176,baseline_execution.cpp:_ZN6evmone8baseline12_GLOBAL__N_16invokeILNS_6OpcodeE244EEENS1_8PositionERKSt5arrayIsLm256EEPKN4intx4uintILj256EEES4_RlRNS_14ExecutionStateE
FN:47,baseline_execution.cpp:_ZN6evmone8baseline12_GLOBAL__N_118check_requirementsILNS_6OpcodeE244EEE16evmc_status_codeRKSt5arrayIsLm256EERlPKN4intx4uintILj256EEESE_
FN:176,baseline_execution.cpp:_ZN6evmone8baseline12_GLOBAL__N_16invokeILNS_6OpcodeE245EEENS1_8PositionERKSt5arrayIsLm256EEPKN4intx4uintILj256EEES4_RlRNS_14ExecutionStateE
FN:47,baseline_execution.cpp:_ZN6evmone8baseline12_GLOBAL__N_118check_requirementsILNS_6OpcodeE245EEE16evmc_status_codeRKSt5arrayIsLm256EERlPKN4intx4uintILj256EEESE_
FN:176,baseline_execution.cpp:_ZN6evmone8baseline12_GLOBAL__N_16invokeILNS_6OpcodeE247EEENS1_8PositionERKSt5arrayIsLm256EEPKN4intx4uintILj256EEES4_RlRNS_14ExecutionStateE
FN:47,baseline_execution.cpp:_ZN6evmone8baseline12_GLOBAL__N_118check_requirementsILNS_6OpcodeE247EEE16evmc_status_codeRKSt5arrayIsLm256EERlPKN4intx4uintILj256EEESE_
FN:176,baseline_execution.cpp:_ZN6evmone8baseline12_GLOBAL__N_16invokeILNS_6OpcodeE248EEENS1_8PositionERKSt5arrayIsLm256EEPKN4intx4uintILj256EEES4_RlRNS_14ExecutionStateE
FN:47,baseline_execution.cpp:_ZN6evmone8baseline12_GLOBAL__N_118check_requirementsILNS_6OpcodeE248EEE16evmc_status_codeRKSt5arrayIsLm256EERlPKN4intx4uintILj256EEESE_
FN:176,baseline_execution.cpp:_ZN6evmone8baseline12_GLOBAL__N_16invokeILNS_6OpcodeE249EEENS1_8PositionERKSt5arrayIsLm256EEPKN4intx4uintILj256EEES4_RlRNS_14ExecutionStateE
FN:47,baseline_execution.cpp:_ZN6evmone8baseline12_GLOBAL__N_118check_requirementsILNS_6OpcodeE249EEE16evmc_status_codeRKSt5arrayIsLm256EERlPKN4intx4uintILj256EEESE_
FN:176,baseline_execution.cpp:_ZN6evmone8baseline12_GLOBAL__N_16invokeILNS_6OpcodeE250EEENS1_8PositionERKSt5arrayIsLm256EEPKN4intx4uintILj256EEES4_RlRNS_14ExecutionStateE
FN:47,baseline_execution.cpp:_ZN6evmone8baseline12_GLOBAL__N_118check_requirementsILNS_6OpcodeE250EEE16evmc_status_codeRKSt5arrayIsLm256EERlPKN4intx4uintILj256EEESE_
FN:176,baseline_execution.cpp:_ZN6evmone8baseline12_GLOBAL__N_16invokeILNS_6OpcodeE251EEENS1_8PositionERKSt5arrayIsLm256EEPKN4intx4uintILj256EEES4_RlRNS_14ExecutionStateE
FN:47,baseline_execution.cpp:_ZN6evmone8baseline12_GLOBAL__N_118check_requirementsILNS_6OpcodeE251EEE16evmc_status_codeRKSt5arrayIsLm256EERlPKN4intx4uintILj256EEESE_
FN:176,baseline_execution.cpp:_ZN6evmone8baseline12_GLOBAL__N_16invokeILNS_6OpcodeE253EEENS1_8PositionERKSt5arrayIsLm256EEPKN4intx4uintILj256EEES4_RlRNS_14ExecutionStateE
FN:47,baseline_execution.cpp:_ZN6evmone8baseline12_GLOBAL__N_118check_requirementsILNS_6OpcodeE253EEE16evmc_status_codeRKSt5arrayIsLm256EERlPKN4intx4uintILj256EEESE_
FN:176,baseline_execution.cpp:_ZN6evmone8baseline12_GLOBAL__N_16invokeILNS_6OpcodeE254EEENS1_8PositionERKSt5arrayIsLm256EEPKN4intx4uintILj256EEES4_RlRNS_14ExecutionStateE
FN:47,baseline_execution.cpp:_ZN6evmone8baseline12_GLOBAL__N_118check_requirementsILNS_6OpcodeE254EEE16evmc_status_codeRKSt5arrayIsLm256EERlPKN4intx4uintILj256EEESE_
FN:176,baseline_execution.cpp:_ZN6evmone8baseline12_GLOBAL__N_16invokeILNS_6OpcodeE255EEENS1_8PositionERKSt5arrayIsLm256EEPKN4intx4uintILj256EEES4_RlRNS_14ExecutionStateE
FN:47,baseline_execution.cpp:_ZN6evmone8baseline12_GLOBAL__N_118check_requirementsILNS_6OpcodeE255EEE16evmc_status_codeRKSt5arrayIsLm256EERlPKN4intx4uintILj256EEESE_
FN:192,baseline_execution.cpp:_ZN6evmone8baseline12_GLOBAL__N_18dispatchILb1EEElRKSt5arrayIsLm256EERNS_14ExecutionStateElPKhPNS_6TracerE
FN:192,baseline_execution.cpp:_ZN6evmone8baseline12_GLOBAL__N_18dispatchILb0EEElRKSt5arrayIsLm256EERNS_14ExecutionStateElPKhPNS_6TracerE
FNDA:2751709,_ZN6evmone8baseline7executeERNS_2VMERK19evmc_host_interfaceP17evmc_host_context13evmc_revisionRK12evmc_messageRKNS0_12CodeAnalysisE
FNDA:2751709,_ZN6evmone8baseline7executeEP7evmc_vmPK19evmc_host_interfaceP17evmc_host_context13evmc_revisionPK12evmc_messagePKhm
FNDA:2751709,baseline_execution.cpp:_ZN6evmone8baseline12_GLOBAL__N_114dispatch_cgotoERKSt5arrayIsLm256EERNS_14ExecutionStateElPKh
FNDA:1406674,baseline_execution.cpp:_ZN6evmone8baseline12_GLOBAL__N_16invokeILNS_6OpcodeE0EEENS1_8PositionERKSt5arrayIsLm256EEPKN4intx4uintILj256EEES4_RlRNS_14ExecutionStateE
FNDA:1406674,baseline_execution.cpp:_ZN6evmone8baseline12_GLOBAL__N_118check_requirementsILNS_6OpcodeE0EEE16evmc_status_codeRKSt5arrayIsLm256EERlPKN4intx4uintILj256EEESE_
FNDA:1967689,baseline_execution.cpp:_ZN6evmone8baseline12_GLOBAL__N_16invokeEPDoFNS_10TermResultENS_8StackTopElRNS_14ExecutionStateEENS1_8PositionERlS5_
FNDA:15691155,baseline_execution.cpp:_ZN6evmone8baseline12_GLOBAL__N_16invokeILNS_6OpcodeE1EEENS1_8PositionERKSt5arrayIsLm256EEPKN4intx4uintILj256EEES4_RlRNS_14ExecutionStateE
FNDA:15691155,baseline_execution.cpp:_ZN6evmone8baseline12_GLOBAL__N_118check_requirementsILNS_6OpcodeE1EEE16evmc_status_codeRKSt5arrayIsLm256EERlPKN4intx4uintILj256EEESE_
FNDA:72444625,baseline_execution.cpp:_ZN6evmone8baseline12_GLOBAL__N_16invokeEPDoFvNS_8StackTopEENS1_8PositionERlRNS_14ExecutionStateE
FNDA:236950,baseline_execution.cpp:_ZN6evmone8baseline12_GLOBAL__N_16invokeILNS_6OpcodeE2EEENS1_8PositionERKSt5arrayIsLm256EEPKN4intx4uintILj256EEES4_RlRNS_14ExecutionStateE
FNDA:236950,baseline_execution.cpp:_ZN6evmone8baseline12_GLOBAL__N_118check_requirementsILNS_6OpcodeE2EEE16evmc_status_codeRKSt5arrayIsLm256EERlPKN4intx4uintILj256EEESE_
FNDA:3127763,baseline_execution.cpp:_ZN6evmone8baseline12_GLOBAL__N_16invokeILNS_6OpcodeE3EEENS1_8PositionERKSt5arrayIsLm256EEPKN4intx4uintILj256EEES4_RlRNS_14ExecutionStateE
FNDA:3127763,baseline_execution.cpp:_ZN6evmone8baseline12_GLOBAL__N_118check_requirementsILNS_6OpcodeE3EEE16evmc_status_codeRKSt5arrayIsLm256EERlPKN4intx4uintILj256EEESE_
FNDA:46616,baseline_execution.cpp:_ZN6evmone8baseline12_GLOBAL__N_16invokeILNS_6OpcodeE4EEENS1_8PositionERKSt5arrayIsLm256EEPKN4intx4uintILj256EEES4_RlRNS_14ExecutionStateE
FNDA:46616,baseline_execution.cpp:_ZN6evmone8baseline12_GLOBAL__N_118check_requirementsILNS_6OpcodeE4EEE16evmc_status_codeRKSt5arrayIsLm256EERlPKN4intx4uintILj256EEESE_
FNDA:4038,baseline_execution.cpp:_ZN6evmone8baseline12_GLOBAL__N_16invokeILNS_6OpcodeE5EEENS1_8PositionERKSt5arrayIsLm256EEPKN4intx4uintILj256EEES4_RlRNS_14ExecutionStateE
FNDA:4038,baseline_execution.cpp:_ZN6evmone8baseline12_GLOBAL__N_118check_requirementsILNS_6OpcodeE5EEE16evmc_status_codeRKSt5arrayIsLm256EERlPKN4intx4uintILj256EEESE_
FNDA:155025,baseline_execution.cpp:_ZN6evmone8baseline12_GLOBAL__N_16invokeILNS_6OpcodeE6EEENS1_8PositionERKSt5arrayIsLm256EEPKN4intx4uintILj256EEES4_RlRNS_14ExecutionStateE
FNDA:155025,baseline_execution.cpp:_ZN6evmone8baseline12_GLOBAL__N_118check_requirementsILNS_6OpcodeE6EEE16evmc_status_codeRKSt5arrayIsLm256EERlPKN4intx4uintILj256EEESE_
FNDA:3532,baseline_execution.cpp:_ZN6evmone8baseline12_GLOBAL__N_16invokeILNS_6OpcodeE7EEENS1_8PositionERKSt5arrayIsLm256EEPKN4intx4uintILj256EEES4_RlRNS_14ExecutionStateE
FNDA:3532,baseline_execution.cpp:_ZN6evmone8baseline12_GLOBAL__N_118check_requirementsILNS_6OpcodeE7EEE16evmc_status_codeRKSt5arrayIsLm256EERlPKN4intx4uintILj256EEESE_
FNDA:2018,baseline_execution.cpp:_ZN6evmone8baseline12_GLOBAL__N_16invokeILNS_6OpcodeE8EEENS1_8PositionERKSt5arrayIsLm256EEPKN4intx4uintILj256EEES4_RlRNS_14ExecutionStateE
FNDA:2018,baseline_execution.cpp:_ZN6evmone8baseline12_GLOBAL__N_118check_requirementsILNS_6OpcodeE8EEE16evmc_status_codeRKSt5arrayIsLm256EERlPKN4intx4uintILj256EEESE_
FNDA:2292,baseline_execution.cpp:_ZN6evmone8baseline12_GLOBAL__N_16invokeILNS_6OpcodeE9EEENS1_8PositionERKSt5arrayIsLm256EEPKN4intx4uintILj256EEES4_RlRNS_14ExecutionStateE
FNDA:2292,baseline_execution.cpp:_ZN6evmone8baseline12_GLOBAL__N_118check_requirementsILNS_6OpcodeE9EEE16evmc_status_codeRKSt5arrayIsLm256EERlPKN4intx4uintILj256EEESE_
FNDA:37190,baseline_execution.cpp:_ZN6evmone8baseline12_GLOBAL__N_16invokeILNS_6OpcodeE10EEENS1_8PositionERKSt5arrayIsLm256EEPKN4intx4uintILj256EEES4_RlRNS_14ExecutionStateE
FNDA:37190,baseline_execution.cpp:_ZN6evmone8baseline12_GLOBAL__N_118check_requirementsILNS_6OpcodeE10EEE16evmc_status_codeRKSt5arrayIsLm256EERlPKN4intx4uintILj256EEESE_
FNDA:56974659,baseline_execution.cpp:_ZN6evmone8baseline12_GLOBAL__N_16invokeEPDoFNS_6ResultENS_8StackTopElRNS_14ExecutionStateEENS1_8PositionERlS5_
FNDA:2548,baseline_execution.cpp:_ZN6evmone8baseline12_GLOBAL__N_16invokeILNS_6OpcodeE11EEENS1_8PositionERKSt5arrayIsLm256EEPKN4intx4uintILj256EEES4_RlRNS_14ExecutionStateE
FNDA:2548,baseline_execution.cpp:_ZN6evmone8baseline12_GLOBAL__N_118check_requirementsILNS_6OpcodeE11EEE16evmc_status_codeRKSt5arrayIsLm256EERlPKN4intx4uintILj256EEESE_
FNDA:2941174,baseline_execution.cpp:_ZN6evmone8baseline12_GLOBAL__N_16invokeILNS_6OpcodeE16EEENS1_8PositionERKSt5arrayIsLm256EEPKN4intx4uintILj256EEES4_RlRNS_14ExecutionStateE
FNDA:2941174,baseline_execution.cpp:_ZN6evmone8baseline12_GLOBAL__N_118check_requirementsILNS_6OpcodeE16EEE16evmc_status_codeRKSt5arrayIsLm256EERlPKN4intx4uintILj256EEESE_
FNDA:394215,baseline_execution.cpp:_ZN6evmone8baseline12_GLOBAL__N_16invokeILNS_6OpcodeE17EEENS1_8PositionERKSt5arrayIsLm256EEPKN4intx4uintILj256EEES4_RlRNS_14ExecutionStateE
FNDA:394215,baseline_execution.cpp:_ZN6evmone8baseline12_GLOBAL__N_118check_requirementsILNS_6OpcodeE17EEE16evmc_status_codeRKSt5arrayIsLm256EERlPKN4intx4uintILj256EEESE_
FNDA:6530,baseline_execution.cpp:_ZN6evmone8baseline12_GLOBAL__N_16invokeILNS_6OpcodeE18EEENS1_8PositionERKSt5arrayIsLm256EEPKN4intx4uintILj256EEES4_RlRNS_14ExecutionStateE
FNDA:6530,baseline_execution.cpp:_ZN6evmone8baseline12_GLOBAL__N_118check_requirementsILNS_6OpcodeE18EEE16evmc_status_codeRKSt5arrayIsLm256EERlPKN4intx4uintILj256EEESE_
FNDA:6170,baseline_execution.cpp:_ZN6evmone8baseline12_GLOBAL__N_16invokeILNS_6OpcodeE19EEENS1_8PositionERKSt5arrayIsLm256EEPKN4intx4uintILj256EEES4_RlRNS_14ExecutionStateE
FNDA:6170,baseline_execution.cpp:_ZN6evmone8baseline12_GLOBAL__N_118check_requirementsILNS_6OpcodeE19EEE16evmc_status_codeRKSt5arrayIsLm256EERlPKN4intx4uintILj256EEESE_
FNDA:825139,baseline_execution.cpp:_ZN6evmone8baseline12_GLOBAL__N_16invokeILNS_6OpcodeE20EEENS1_8PositionERKSt5arrayIsLm256EEPKN4intx4uintILj256EEES4_RlRNS_14ExecutionStateE
FNDA:825139,baseline_execution.cpp:_ZN6evmone8baseline12_GLOBAL__N_118check_requirementsILNS_6OpcodeE20EEE16evmc_status_codeRKSt5arrayIsLm256EERlPKN4intx4uintILj256EEESE_
[...]
FNDA:0,state.cpp:_ZZN6evmone5state20validate_transactionERKNS0_9StateViewERKNS0_9BlockInfoERKNS0_11TransactionE13evmc_revisionllENK3$_2clERKNSt7__cxx1112basic_stringIhN4evmc11byte_traitsIhEESaIhEEE
FNDA:141305,state.cpp:_ZN6evmone5state12_GLOBAL__N_125compute_tx_intrinsic_costE13evmc_revisionRKNS0_11TransactionE
FNDA:141305,state.cpp:_ZN6evmone5state12_GLOBAL__N_122compute_tx_data_tokensE13evmc_revisionSt17basic_string_viewIhN4evmc11byte_traitsIhEEE
FNDA:141305,state.cpp:_ZN6evmone5state12_GLOBAL__N_126compute_tx_initcode_tokensE13evmc_revisionSt4spanIKNSt7__cxx1112basic_stringIhN4evmc11byte_traitsIhEESaIhEEELm18446744073709551615EE
FNDA:141305,state.cpp:_ZN6evmone5state12_GLOBAL__N_124compute_access_list_costERKSt6vectorISt4pairIN4evmc7addressES2_INS4_7bytes32ESaIS6_EEESaIS9_EE
FNDA:38815,state.cpp:_ZN6evmone5state12_GLOBAL__N_19num_wordsEm
FNDA:136939,state.cpp:_ZN6evmone5state12_GLOBAL__N_126process_authorization_listERNS0_5StateEmRKSt6vectorINS0_13AuthorizationESaIS5_EE
FNDA:136939,state.cpp:_ZN6evmone5state12_GLOBAL__N_113build_messageERKNS0_11TransactionEl
FNF:30
FNH:28
DA:31,38815
DA:32,38815
DA:33,38815
DA:36,141305
DA:37,141305
DA:38,141305
DA:40,141305
DA:41,141305
DA:42,141305
DA:45,141305
DA:46,141305
DA:47,141305
DA:48,0
DA:49,141305
DA:50,141305
DA:53,141305
DA:54,141305
DA:55,141305
DA:57,141305
DA:58,141305
DA:59,164915
DA:60,141305
DA:61,141305
DA:71,141305
DA:72,141305
DA:73,141305
DA:74,141305
DA:75,141305
DA:76,141305
DA:78,141305
DA:80,141305
DA:82,141305
DA:83,141305
DA:84,141305
DA:85,141305
DA:86,141305
DA:88,141305
DA:90,141305
DA:91,141305
DA:93,141305
DA:94,141305
DA:96,141305
DA:97,141305
DA:100,141305
DA:101,141305
DA:103,141305
DA:104,141305
DA:108,136939
DA:109,136939
DA:110,136939
DA:111,37724
DA:113,37724
DA:114,56
DA:117,37668
DA:118,8
DA:122,37660
DA:123,68
DA:126,37592
DA:127,12
DA:131,37580
DA:134,37580
DA:137,37580
DA:138,37580
DA:139,64
DA:143,37516
DA:144,5522
DA:152,31994
DA:153,16016
DA:154,16016
DA:155,16016
DA:156,16016
DA:157,16016
DA:161,31994
DA:162,128
DA:163,128
DA:164,44
DA:165,44
DA:166,44
DA:167,44
DA:168,44
DA:169,128
DA:171,31866
DA:172,31866
DA:173,31866
DA:174,31866
DA:175,26570
DA:177,26570
DA:178,26570
DA:179,26570
DA:180,26570
DA:181,31866
DA:184,31994
DA:185,31994
DA:186,136939
DA:187,136939
DA:190,136939
DA:191,136939
DA:193,136939
DA:194,136939
DA:195,136939
DA:196,136939
DA:197,136939
DA:198,136939
DA:199,136939
DA:200,136939
DA:201,136939
DA:202,136939
DA:203,136939
DA:204,136939
DA:205,136939
DA:206,136939
DA:207,136939
DA:208,136939
DA:212,435571
DA:213,435571
DA:214,435571
DA:215,1121384
DA:216,1121384
DA:217,4070
DA:220,4070
DA:221,4070
DA:222,4070
DA:223,1117314
DA:224,284999
DA:225,284999
DA:226,277961
DA:227,284999
DA:228,284999
DA:235,832315
DA:239,832315
DA:240,47469
DA:242,832315
DA:243,1784184
DA:244,1784184
DA:245,490754
DA:246,1784184
DA:247,832315
DA:248,435571
DA:249,435571
DA:252,1121639
DA:253,1121639
DA:254,1121639
DA:255,1121639
DA:256,1121639
DA:259,54839836
DA:262,54839836
DA:263,51707313
DA:264,3132523
DA:265,712983
DA:266,712983
DA:267,712983
DA:268,712983
DA:269,2419540
DA:270,3132523
DA:273,32751753
DA:274,32751753
DA:275,32751753
DA:276,32751753
DA:277,32751753
DA:280,9810947
DA:281,9810947
DA:282,9407127
DA:283,403820
DA:284,9810947
DA:287,5512368
DA:288,5512368
DA:289,5512368
DA:290,72
DA:291,5512296
DA:292,1469650
DA:293,4042646
DA:294,262325
DA:295,4042646
DA:296,5512296
DA:299,4522900
DA:300,4522900
DA:301,4522900
DA:302,0
DA:303,0
DA:304,0
DA:305,0
DA:306,4522900
DA:307,4522900
DA:310,10936142
DA:312,10936142
DA:313,10936142
DA:314,10936142
DA:315,1856314
DA:316,1856314
DA:317,1856314
DA:318,1856314
DA:319,10936142
DA:320,10936142
DA:323,435884
DA:324,435884
DA:325,435884
DA:329,5450148
DA:330,5450148
DA:331,5450148
DA:335,9079194
DA:336,9079194
DA:337,9079194
DA:340,46375
DA:341,46375
DA:342,46375
DA:345,89632
DA:346,89632
DA:347,89632
DA:350,4142
DA:351,4142
DA:352,4142
DA:355,583383
DA:356,583383
DA:357,583383
DA:360,2406362
DA:361,12725394
DA:362,10319032
DA:363,10319032
DA:364,10319032
DA:365,10319032
DA:367,6080
DA:368,6080
DA:371,0
DA:372,0
DA:375,72
DA:376,72
DA:379,14260
DA:380,14260
DA:383,10011
DA:384,10011
DA:385,9768
DA:387,9768
DA:388,9768
DA:389,9768
DA:390,9768
DA:391,9768
DA:392,243
DA:393,243
DA:398,243
DA:399,243
DA:402,1189061
DA:403,1189061
DA:404,1189061
DA:405,1189061
DA:408,9067478
DA:409,9067478
DA:410,9067478
DA:413,32070
DA:414,32070
DA:421,10319032
DA:422,10319032
DA:423,10319032
DA:424,10319032
DA:425,2406362
DA:432,143544
DA:433,143544
DA:434,143544
DA:435,13187
DA:436,13187
DA:437,4
DA:438,13183
DA:439,6
DA:440,13177
DA:441,12
DA:442,13165
DA:443,11
DA:445,13165
DA:446,13154
DA:447,12
DA:449,41656
DA:450,42
DA:451,13100
DA:452,119
DA:453,12981
DA:455,12981
DA:456,2598
DA:457,4
DA:458,2594
DA:459,4
DA:460,2590
DA:461,4
DA:462,2586
DA:464,2586
DA:465,0
DA:466,0
DA:467,0
DA:468,0
DA:469,0
DA:470,0
DA:471,0
DA:472,0
DA:473,0
DA:474,0
DA:475,0
DA:476,0
DA:478,127759
DA:479,143544
DA:481,143326
DA:482,143326
DA:483,0
DA:484,2586
DA:485,15567
DA:486,20473
DA:487,20473
DA:488,0
DA:490,20473
DA:491,10
DA:492,20463
DA:494,26703
DA:495,26703
DA:496,0
DA:497,26703
DA:499,143316
DA:500,143326
DA:502,143326
DA:504,143316
DA:505,21
DA:507,143295
DA:508,7
DA:510,143288
DA:511,28
DA:515,143260
DA:516,143260
DA:518,143260
DA:519,143260
DA:520,74
DA:522,143186
DA:523,12
DA:525,143174
DA:526,12
DA:528,143162
DA:529,2
DA:532,143160
DA:533,22
DA:538,143138
DA:539,143138
DA:541,143138
DA:542,12961
DA:543,12961
DA:545,12961
DA:546,12961
DA:547,143138
DA:548,1833
DA:550,141305
DA:551,141305
DA:552,4366
DA:554,136939
DA:555,136939
DA:556,141305
DA:561,138754
DA:562,138754
DA:564,138754
DA:565,68948
DA:566,68948
DA:567,68948
DA:568,68948
DA:569,68948
DA:571,68948
DA:572,68948
DA:573,0
DA:574,0
DA:575,0
DA:576,0
DA:577,68948
DA:579,138754
DA:580,4030
DA:582,138754
DA:583,138754
DA:588,136939
DA:589,136939
DA:591,136939
DA:592,136939
DA:593,136939
DA:595,136939
DA:596,136939
DA:598,136939
DA:599,136939
DA:600,136939
DA:601,136939
DA:602,136939
DA:603,136939
DA:605,136939
DA:606,136939
DA:608,136939
DA:610,136939
DA:611,11614
DA:614,11614
DA:615,11614
DA:616,11614
DA:617,11614
DA:618,11614
DA:619,11614
DA:621,136939
DA:623,136939
DA:624,136939
DA:625,98352
DA:626,136939
DA:627,114025
DA:628,114025
DA:629,114025
DA:630,70326
DA:631,114025
DA:635,136939
DA:636,121859
DA:638,136939
DA:639,136939
DA:640,98352
DA:641,98352
DA:642,532
DA:643,532
DA:644,532
DA:645,532
DA:646,532
DA:647,98352
DA:649,136939
DA:651,136939
DA:653,136939
DA:654,136939
DA:655,136939
DA:656,136939
DA:657,136939
DA:660,136939
DA:662,136939
DA:663,136939
DA:666,136939
DA:667,136939
DA:670,136939
DA:672,136939
DA:673,136939
BRDA:40,0,0,136453
BRDA:40,0,1,4852
BRDA:47,0,0,0
BRDA:47,0,1,141305
BRDA:58,0,0,164915
BRDA:58,0,1,141305
BRDA:80,0,0,38827
BRDA:80,0,1,102478
BRDA:80,1,2,38824
BRDA:80,1,3,3
BRDA:94,0,0,38827
BRDA:94,0,1,102478
BRDA:94,1,2,38815
BRDA:94,1,3,12
BRDA:101,0,0,85490
BRDA:101,0,1,55815
BRDA:110,0,0,37724
BRDA:110,0,1,136939
BRDA:113,0,0,56
BRDA:113,0,1,37668
BRDA:113,1,2,196
BRDA:113,1,3,37528
BRDA:113,2,4,56
BRDA:113,2,5,140
BRDA:117,0,0,8
BRDA:117,0,1,37660
BRDA:122,0,0,68
BRDA:122,0,1,37592
BRDA:126,0,0,12
BRDA:126,0,1,37580
BRDA:137,0,0,10850
BRDA:137,0,1,26730
BRDA:138,0,0,64
BRDA:138,0,1,10786
BRDA:143,0,0,5522
BRDA:143,0,1,31994
BRDA:152,0,0,16016
BRDA:152,0,1,15978
BRDA:161,0,0,128
BRDA:161,0,1,31866
BRDA:163,0,0,44
BRDA:163,0,1,84
BRDA:174,0,0,26570
BRDA:174,0,1,5296
BRDA:191,0,0,98352
BRDA:191,0,1,38587
BRDA:194,0,0,98352
BRDA:194,0,1,38587
BRDA:214,0,0,1121384
BRDA:214,0,1,435571
BRDA:216,0,0,4070
BRDA:216,0,1,1117314
BRDA:223,0,0,400196
BRDA:223,0,1,717118
BRDA:223,1,2,399562
BRDA:223,1,3,634
BRDA:223,2,4,284999
BRDA:223,2,5,114563
BRDA:225,0,0,277961
BRDA:225,0,1,7038
BRDA:239,0,0,47469
BRDA:239,0,1,784846
BRDA:242,0,0,1784184
BRDA:242,0,1,832315
BRDA:244,0,0,490754
BRDA:244,0,1,1293430
BRDA:262,0,0,51707313
BRDA:262,0,1,3132523
BRDA:264,0,0,712983
BRDA:264,0,1,2419540
BRDA:281,0,0,9407127
BRDA:281,0,1,403820
BRDA:289,0,0,72
BRDA:289,0,1,5512296
BRDA:291,0,0,1469650
BRDA:291,0,1,4042646
BRDA:293,0,0,262325
BRDA:293,0,1,3780321
BRDA:301,0,0,1902812
BRDA:301,0,1,2620088
BRDA:301,1,2,0
BRDA:301,1,3,1902812
BRDA:314,0,0,1856314
BRDA:314,0,1,9079828
BRDA:361,0,0,10319032
BRDA:361,0,1,2406362
BRDA:384,0,0,9768
BRDA:384,0,1,243
BRDA:435,0,0,13187
BRDA:435,0,1,130357
BRDA:436,0,0,4
BRDA:436,0,1,13183
BRDA:438,0,0,6
BRDA:438,0,1,13177
BRDA:440,0,0,12
BRDA:440,0,1,13165
BRDA:442,0,0,5086
BRDA:442,0,1,8079
BRDA:442,1,2,11
BRDA:442,1,3,5075
BRDA:446,0,0,12
BRDA:446,0,1,13142
BRDA:449,0,0,42
BRDA:449,0,1,13100
BRDA:451,0,0,119
BRDA:451,0,1,12981
BRDA:455,0,0,2598
BRDA:455,0,1,140946
BRDA:456,0,0,4
BRDA:456,0,1,2594
BRDA:458,0,0,4
BRDA:458,0,1,2590
BRDA:460,0,0,4
BRDA:460,0,1,2586
BRDA:464,0,0,0
BRDA:464,0,1,143544
BRDA:465,0,0,-
BRDA:465,0,1,-
BRDA:467,0,0,-
BRDA:467,0,1,-
BRDA:469,0,0,-
BRDA:469,0,1,-
BRDA:471,0,0,-
BRDA:471,0,1,-
BRDA:474,0,0,-
BRDA:474,0,1,-
BRDA:478,0,0,127759
BRDA:478,0,1,15785
BRDA:481,0,0,143326
BRDA:481,0,1,0
BRDA:483,0,0,0
BRDA:483,0,1,143326
BRDA:484,0,0,2586
BRDA:484,0,1,140740
BRDA:485,0,0,12981
BRDA:485,0,1,130345
BRDA:486,0,0,4906
BRDA:486,0,1,138420
BRDA:487,0,0,0
BRDA:487,0,1,20473
BRDA:490,0,0,10
BRDA:490,0,1,20463
BRDA:494,0,0,6240
BRDA:494,0,1,137086
BRDA:495,0,0,0
BRDA:495,0,1,26703
BRDA:499,0,0,116613
BRDA:499,0,1,26713
BRDA:504,0,0,43728
BRDA:504,0,1,99588
BRDA:504,1,2,21
BRDA:504,1,3,43707
BRDA:507,0,0,7
BRDA:507,0,1,143288
BRDA:510,0,0,28
BRDA:510,0,1,143260
BRDA:518,0,0,120
BRDA:518,0,1,143140
BRDA:518,1,2,74
BRDA:518,1,3,143186
BRDA:519,0,0,74
BRDA:519,0,1,46
BRDA:522,0,0,12
BRDA:522,0,1,143174
BRDA:525,0,0,12
BRDA:525,0,1,143162
BRDA:528,0,0,2
BRDA:528,0,1,143160
BRDA:532,0,0,126748
BRDA:532,0,1,16412
BRDA:532,1,2,39077
BRDA:532,1,3,87671
BRDA:532,2,4,22
BRDA:532,2,5,39055
BRDA:541,0,0,12961
BRDA:541,0,1,130177
BRDA:547,0,0,1833
BRDA:547,0,1,141305
BRDA:551,0,0,4366
BRDA:551,0,1,136939
BRDA:564,0,0,68948
BRDA:564,0,1,69806
BRDA:572,0,0,0
BRDA:572,0,1,68948
BRDA:579,0,0,4030
BRDA:579,0,1,138754
BRDA:598,0,0,127595
BRDA:598,0,1,9344
BRDA:610,0,0,11614
BRDA:610,0,1,125325
BRDA:624,0,0,98352
BRDA:624,0,1,38587
BRDA:626,0,0,114025
BRDA:626,0,1,136939
BRDA:629,0,0,70326
BRDA:629,0,1,114025
BRDA:635,0,0,121859
BRDA:635,0,1,15080
BRDA:639,0,0,98352
BRDA:639,0,1,38587
BRDA:641,0,0,532
BRDA:641,0,1,97820
BRDA:653,0,0,127595
BRDA:653,0,1,9344
BRF:204
BRH:186
LF:465
LH:439
end_of_record
SF:/home/builder/project/test/state/state.hpp
FN:77,_ZN6evmone5state5StateC2ERKNS0_9StateViewE
FN:103,_ZNK6evmone5state5State10checkpointEv
FNDA:435587,_ZN6evmone5state5StateC2ERKNS0_9StateViewE
FNDA:4304779,_ZNK6evmone5state5State10checkpointEv
FNF:2
FNH:2
DA:77,435587
DA:103,4304779
BRF:0
BRH:0
LF:2
LH:2
end_of_record
SF:/home/builder/project/test/state/state_view.hpp
FN:28,_ZN6evmone5state9StateViewD2Ev
FN:39,_ZN6evmone5state11BlockHashesD2Ev
FNDA:1457907,_ZN6evmone5state9StateViewD2Ev
FNDA:321588,_ZN6evmone5state11BlockHashesD2Ev
FNF:2
FNH:2
DA:28,1457907
DA:39,321588
BRF:0
BRH:0
LF:2
LH:2
end_of_record
SF:/home/builder/project/test/state/system_contracts.cpp
FN:87,_ZN6evmone5state23system_call_block_startERKNS0_9StateViewERKNS0_9BlockInfoERKNS0_11BlockHashesE13evmc_revisionRN4evmc2VME
FN:111,_ZN6evmone5state21system_call_block_endERKNS0_9StateViewERKNS0_9BlockInfoERKNS0_11BlockHashesE13evmc_revisionRN4evmc2VME
FN:36,system_contracts.cpp:_ZNK6evmone5state12_GLOBAL__N_13$_1clERKNS0_9BlockInfoERKNS0_11BlockHashesE
FN:40,system_contracts.cpp:_ZNK6evmone5state12_GLOBAL__N_13$_2clERKNS0_9BlockInfoERKNS0_11BlockHashesE
FN:69,system_contracts.cpp:_ZN6evmone5state12_GLOBAL__N_119execute_system_callERNS0_5StateERKNS0_9BlockInfoERKNS0_11BlockHashesE13evmc_revisionRN4evmc2VMERKNSB_7addressESt17basic_string_viewIhNSB_11byte_traitsIhEEESK_
FN:59,system_contracts.cpp:_ZNK6evmone5state12_GLOBAL__N_13$_0clINS1_21StorageSystemContractES4_EEDaRKT_RKT0_
FN:59,system_contracts.cpp:_ZNK6evmone5state12_GLOBAL__N_13$_0clINS1_22RequestsSystemContractES4_EEDaRKT_RKT0_
FNDA:79949,_ZN6evmone5state23system_call_block_startERKNS0_9StateViewERKNS0_9BlockInfoERKNS0_11BlockHashesE13evmc_revisionRN4evmc2VME
FNDA:79945,_ZN6evmone5state21system_call_block_endERKNS0_9StateViewERKNS0_9BlockInfoERKNS0_11BlockHashesE13evmc_revisionRN4evmc2VME
FNDA:64614,system_contracts.cpp:_ZNK6evmone5state12_GLOBAL__N_13$_1clERKNS0_9BlockInfoERKNS0_11BlockHashesE
FNDA:45458,system_contracts.cpp:_ZNK6evmone5state12_GLOBAL__N_13$_2clERKNS0_9BlockInfoERKNS0_11BlockHashesE
FNDA:200980,system_contracts.cpp:_ZN6evmone5state12_GLOBAL__N_119execute_system_callERNS0_5StateERKNS0_9BlockInfoERKNS0_11BlockHashesE13evmc_revisionRN4evmc2VMERKNSB_7addressESt17basic_string_viewIhNSB_11byte_traitsIhEEESK_
FNDA:0,system_contracts.cpp:_ZNK6evmone5state12_GLOBAL__N_13$_0clINS1_21StorageSystemContractES4_EEDaRKT_RKT0_
FNDA:0,system_contracts.cpp:_ZNK6evmone5state12_GLOBAL__N_13$_0clINS1_22RequestsSystemContractES4_EEDaRKT_RKT0_
FNF:6
FNH:5
DA:36,64614
DA:37,64614
DA:38,64614
DA:40,45458
DA:41,45458
DA:42,45458
DA:59,0
DA:69,200980
DA:70,200980
DA:71,200980
DA:72,200980
DA:73,200980
DA:74,200980
DA:75,200980
DA:76,200980
DA:77,200980
DA:79,200980
DA:80,200980
DA:81,200980
DA:82,200980
DA:87,79949
DA:88,79949
DA:89,79949
DA:90,144565
DA:91,144565
DA:92,34485
DA:96,110080
DA:97,110080
DA:98,8
DA:100,110072
DA:101,110072
DA:102,110072
DA:103,110072
DA:104,110072
DA:106,79949
DA:107,79949
DA:111,79945
DA:112,79945
DA:113,79945
DA:114,79945
DA:115,125397
DA:116,125397
DA:117,34485
DA:119,90912
DA:120,90912
DA:121,4
DA:123,90908
DA:124,90908
DA:125,12
DA:126,90896
DA:127,90896
DA:128,79929
DA:129,79945
BRDA:89,0,0,144565
BRDA:89,0,1,45464
BRDA:91,0,0,34485
BRDA:91,0,1,110080
BRDA:97,0,0,8
BRDA:97,0,1,110072
BRDA:114,0,0,125397
BRDA:114,0,1,45444
BRDA:116,0,0,34485
BRDA:116,0,1,90912
BRDA:120,0,0,4
BRDA:120,0,1,90908
BRDA:124,0,0,12
BRDA:124,0,1,90896
BRF:14
BRH:14
LF:53
LH:52
end_of_record
SF:/home/builder/project/test/state/test_state.cpp
FN:11,_ZNK6evmone4test9TestState11get_accountERKN4evmc7addressE
FN:22,_ZNK6evmone4test9TestState16get_account_codeB5cxx11ERKN4evmc7addressE
FN:31,_ZN6evmone4test9TestState5applyERKNS_5state9StateDiffE
FN:53,_ZNK6evmone4test9TestState11get_storageERKN4evmc7addressERKNS2_7bytes32E
FN:63,_ZNK6evmone4test15TestBlockHashes14get_block_hashEl
FN:77,_ZN6evmone4test10transitionERNS0_9TestStateERKNS_5state9BlockInfoERKNS3_11BlockHashesERKNS3_11TransactionE13evmc_revisionRN4evmc2VMEll
FN:92,_ZN6evmone4test8finalizeERNS0_9TestStateE13evmc_revisionRKN4evmc7addressESt8optionalImESt4spanIKNS_5state5OmmerELm18446744073709551615EESA_IKNSB_10WithdrawalELm18446744073709551615EE
FN:99,_ZN6evmone4test23system_call_block_startERNS0_9TestStateERKNS_5state9BlockInfoERKNS3_11BlockHashesE13evmc_revisionRN4evmc2VME
FN:107,_ZN6evmone4test21system_call_block_endERNS0_9TestStateERKNS_5state9BlockInfoERKNS3_11BlockHashesE13evmc_revisionRN4evmc2VME
FNDA:3275783,_ZNK6evmone4test9TestState11get_accountERKN4evmc7addressE
FNDA:463437,_ZNK6evmone4test9TestState16get_account_codeB5cxx11ERKN4evmc7addressE
FNDA:435571,_ZN6evmone4test9TestState5applyERKNS_5state9StateDiffE
FNDA:1856314,_ZNK6evmone4test9TestState11get_storageERKN4evmc7addressERKNS2_7bytes32E
FNDA:115105,_ZNK6evmone4test15TestBlockHashes14get_block_hashEl
FNDA:143544,_ZN6evmone4test10transitionERNS0_9TestStateERKNS_5state9BlockInfoERKNS3_11BlockHashesERKNS3_11TransactionE13evmc_revisionRN4evmc2VMEll
FNDA:138754,_ZN6evmone4test8finalizeERNS0_9TestStateE13evmc_revisionRKN4evmc7addressESt8optionalImESt4spanIKNS_5state5OmmerELm18446744073709551615EESA_IKNSB_10WithdrawalELm18446744073709551615EE
FNDA:79949,_ZN6evmone4test23system_call_block_startERNS0_9TestStateERKNS_5state9BlockInfoERKNS3_11BlockHashesE13evmc_revisionRN4evmc2VME
FNDA:79945,_ZN6evmone4test21system_call_block_endERNS0_9TestStateERKNS_5state9BlockInfoERKNS3_11BlockHashesE13evmc_revisionRN4evmc2VME
FNF:9
FNH:9
DA:11,3275783
DA:12,3275783
DA:13,3275783
DA:14,2420116
DA:16,855667
DA:18,855667
DA:19,3275783
DA:22,463437
DA:23,463437
DA:24,463437
DA:25,7
DA:27,463430
DA:28,463437
DA:31,435571
DA:32,435571
DA:33,832315
DA:34,832315
DA:35,832315
DA:36,832315
DA:37,832315
DA:38,47469
DA:39,832315
DA:40,490754
DA:41,490754
DA:42,448250
DA:43,42504
DA:44,42504
DA:45,490754
DA:46,832315
DA:48,435571
DA:49,282031
DA:50,435571
DA:53,1856314
DA:54,1856314
DA:55,1856314
DA:56,290437
DA:57,1565877
DA:58,1565877
DA:59,1565877
DA:60,1856314
DA:63,115105
DA:64,115105
DA:65,115105
DA:69,0
DA:70,0
DA:71,115105
DA:77,143544
DA:78,143544
DA:79,143544
DA:80,143544
DA:81,6605
DA:83,136939
DA:84,136939
DA:85,136939
DA:86,136939
DA:87,143544
DA:92,138754
DA:93,138754
DA:94,138754
DA:95,138754
DA:99,79949
DA:100,79949
DA:101,79949
DA:102,79949
DA:107,79945
DA:108,79945
DA:109,79945
DA:110,16
DA:111,79929
DA:112,79929
DA:113,79945
BRDA:13,0,0,2420116
BRDA:13,0,1,855667
BRDA:24,0,0,7
BRDA:24,0,1,463430
BRDA:32,0,0,832315
BRDA:32,0,1,435571
BRDA:37,0,0,47469
BRDA:37,0,1,784846
BRDA:39,0,0,490754
BRDA:39,0,1,832315
BRDA:41,0,0,448250
BRDA:41,0,1,42504
BRDA:48,0,0,282031
BRDA:48,0,1,435571
BRDA:55,0,0,290437
BRDA:55,0,1,1565877
BRDA:59,0,0,141373
BRDA:59,0,1,1424504
BRDA:64,0,0,115105
BRDA:64,0,1,0
BRDA:80,0,0,6605
BRDA:80,0,1,136939
BRDA:109,0,0,16
BRDA:109,0,1,79929
BRF:24
BRH:23
LF:71
LH:69
end_of_record
SF:/home/builder/project/test/state/test_state.hpp
FN:63,_ZN6evmone4test9TestState6insertERKN4evmc7addressEONS0_11TestAccountE
FN:70,_ZN6evmone4test9TestState3getERKN4evmc7addressE
FN:41,_ZNK6evmone4test11TestAccounteqERKS1_
FNDA:0,_ZN6evmone4test9TestState6insertERKN4evmc7addressEONS0_11TestAccountE
FNDA:0,_ZN6evmone4test9TestState3getERKN4evmc7addressE
FNDA:0,_ZNK6evmone4test11TestAccounteqERKS1_
FNF:3
FNH:0
DA:41,0
DA:63,0
DA:70,0
BRF:0
BRH:0
LF:3
LH:0
end_of_record
SF:/home/builder/project/test/state/transaction.cpp
FN:13,_ZN6evmone5state10rlp_encodeB5cxx11ERKNS0_3LogE
FN:18,_ZN6evmone5state10rlp_encodeB5cxx11ERKNS0_11TransactionE
FN:86,_ZN6evmone5state10rlp_encodeB5cxx11ERKNS0_18TransactionReceiptE
FN:108,_ZN6evmone5state10rlp_encodeB5cxx11ERKNS0_13AuthorizationE
FNDA:27323,_ZN6evmone5state10rlp_encodeB5cxx11ERKNS0_3LogE
FNDA:164787,_ZN6evmone5state10rlp_encodeB5cxx11ERKNS0_11TransactionE
FNDA:80048,_ZN6evmone5state10rlp_encodeB5cxx11ERKNS0_18TransactionReceiptE
FNDA:43535,_ZN6evmone5state10rlp_encodeB5cxx11ERKNS0_13AuthorizationE
FNF:4
FNH:4
DA:13,27323
DA:14,27323
DA:15,27323
DA:18,164787
DA:20,164787
DA:23,164787
DA:24,133880
DA:26,133880
DA:27,133880
DA:28,133880
DA:29,30907
DA:30,5075
DA:33,5075
DA:34,5075
DA:35,5075
DA:36,5075
DA:37,5075
DA:38,5075
DA:39,25832
DA:40,4753
DA:44,4753
DA:45,4753
DA:46,4753
DA:47,4753
DA:48,4753
DA:49,4753
DA:50,21079
DA:51,18496
DA:55,18496
DA:56,18496
DA:57,18496
DA:58,18496
DA:59,18496
DA:60,18496
DA:61,2583
DA:62,2583
DA:66,2583
DA:67,2583
DA:68,2583
DA:69,2583
DA:70,2583
DA:71,2583
DA:72,0
DA:73,0
DA:77,0
DA:78,0
DA:79,0
DA:80,0
DA:81,0
DA:82,0
DA:83,164787
DA:86,80048
DA:87,80048
DA:88,1477
DA:89,1477
DA:91,1477
DA:92,1477
DA:93,1477
DA:94,1477
DA:95,78571
DA:96,78571
DA:97,78571
DA:98,65367
DA:99,78571
DA:101,78571
DA:102,78571
DA:103,78571
DA:104,78571
DA:105,80048
DA:108,43535
DA:109,43535
DA:110,43535
DA:111,43535
BRDA:23,0,0,133880
BRDA:23,0,1,30907
BRDA:27,0,0,95571
BRDA:27,0,1,38309
BRDA:29,0,0,5075
BRDA:29,0,1,25832
BRDA:36,0,0,4655
BRDA:36,0,1,420
BRDA:39,0,0,4753
BRDA:39,0,1,21079
BRDA:47,0,0,4559
BRDA:47,0,1,194
BRDA:50,0,0,18496
BRDA:50,0,1,2583
BRDA:58,0,0,18493
BRDA:58,0,1,3
BRDA:61,0,0,2583
BRDA:61,0,1,0
BRDA:69,0,0,2581
BRDA:69,0,1,2
BRDA:80,0,0,-
BRDA:80,0,1,-
BRDA:87,0,0,1477
BRDA:87,0,1,78571
BRDA:97,0,0,65367
BRDA:97,0,1,13204
BRF:26
BRH:23
LF:73
LH:65
end_of_record
SF:/home/builder/project/test/state/transaction.hpp
FN:68,_ZNK6evmone5state11Transaction13blob_gas_usedEv
FNDA:118852,_ZNK6evmone5state11Transaction13blob_gas_usedEv
FNF:1
FNH:1
DA:68,118852
BRF:0
BRH:0
LF:1
LH:1
end_of_record
