SF:/home/user/sources/ethereum/evmone/include/evmmax/evmmax.hpp
FN:67,_ZNK6evmmax8ModArithIN4intx4uintILj256EEEE7to_montERKS3_
FN:81,_ZNK6evmmax8ModArithIN4intx4uintILj256EEEE3mulERKS3_S6_
FN:51,_ZN6evmmax8ModArithIN4intx4uintILj256EEEE6addmulEmmmm
FN:73,_ZNK6evmmax8ModArithIN4intx4uintILj256EEEE9from_montERKS3_
FN:128,_ZNK6evmmax8ModArithIN4intx4uintILj256EEEE3subERKS3_S6_
FN:119,_ZNK6evmmax8ModArithIN4intx4uintILj256EEEE3addERKS3_S6_
FN:137,_ZNK6evmmax8ModArithIN4intx4uintILj256EEEE3invERKS3_
FN:15,_ZN6evmmax15compute_mod_invEm
FN:42,_ZN6evmmax8ModArithIN4intx4uintILj256EEEE17compute_r_squaredERKS3_
FN:58,_ZN6evmmax8ModArithIN4intx4uintILj128EEEEC2ERKS3_
FN:42,_ZN6evmmax8ModArithIN4intx4uintILj128EEEE17compute_r_squaredERKS3_
FN:67,_ZNK6evmmax8ModArithIN4intx4uintILj128EEEE7to_montERKS3_
FN:81,_ZNK6evmmax8ModArithIN4intx4uintILj128EEEE3mulERKS3_S6_
FN:51,_ZN6evmmax8ModArithIN4intx4uintILj128EEEE6addmulEmmmm
FN:73,_ZNK6evmmax8ModArithIN4intx4uintILj128EEEE9from_montERKS3_
FN:58,_ZN6evmmax8ModArithIN4intx4uintILj256EEEEC2ERKS3_
FN:58,_ZN6evmmax8ModArithIN4intx4uintILj512EEEEC2ERKS3_
FN:42,_ZN6evmmax8ModArithIN4intx4uintILj512EEEE17compute_r_squaredERKS3_
FN:67,_ZNK6evmmax8ModArithIN4intx4uintILj512EEEE7to_montERKS3_
FN:81,_ZNK6evmmax8ModArithIN4intx4uintILj512EEEE3mulERKS3_S6_
FN:51,_ZN6evmmax8ModArithIN4intx4uintILj512EEEE6addmulEmmmm
FN:73,_ZNK6evmmax8ModArithIN4intx4uintILj512EEEE9from_montERKS3_
FN:58,_ZN6evmmax8ModArithIN4intx4uintILj1024EEEEC2ERKS3_
FN:42,_ZN6evmmax8ModArithIN4intx4uintILj1024EEEE17compute_r_squaredERKS3_
FN:67,_ZNK6evmmax8ModArithIN4intx4uintILj1024EEEE7to_montERKS3_
FN:81,_ZNK6evmmax8ModArithIN4intx4uintILj1024EEEE3mulERKS3_S6_
FN:51,_ZN6evmmax8ModArithIN4intx4uintILj1024EEEE6addmulEmmmm
FN:73,_ZNK6evmmax8ModArithIN4intx4uintILj1024EEEE9from_montERKS3_
FN:58,_ZN6evmmax8ModArithIN4intx4uintILj2048EEEEC2ERKS3_
FN:42,_ZN6evmmax8ModArithIN4intx4uintILj2048EEEE17compute_r_squaredERKS3_
FN:67,_ZNK6evmmax8ModArithIN4intx4uintILj2048EEEE7to_montERKS3_
FN:81,_ZNK6evmmax8ModArithIN4intx4uintILj2048EEEE3mulERKS3_S6_
FN:51,_ZN6evmmax8ModArithIN4intx4uintILj2048EEEE6addmulEmmmm
FN:73,_ZNK6evmmax8ModArithIN4intx4uintILj2048EEEE9from_montERKS3_
FN:58,_ZN6evmmax8ModArithIN4intx4uintILj8192EEEEC2ERKS3_
FN:42,_ZN6evmmax8ModArithIN4intx4uintILj8192EEEE17compute_r_squaredERKS3_
FN:67,_ZNK6evmmax8ModArithIN4intx4uintILj8192EEEE7to_montERKS3_
FN:81,_ZNK6evmmax8ModArithIN4intx4uintILj8192EEEE3mulERKS3_S6_
FN:51,_ZN6evmmax8ModArithIN4intx4uintILj8192EEEE6addmulEmmmm
FN:73,_ZNK6evmmax8ModArithIN4intx4uintILj8192EEEE9from_montERKS3_
FNDA:56610,_ZNK6evmmax8ModArithIN4intx4uintILj256EEEE7to_montERKS3_
FNDA:42155888,_ZNK6evmmax8ModArithIN4intx4uintILj256EEEE3mulERKS3_S6_
FNDA:1348988416,_ZN6evmmax8ModArithIN4intx4uintILj256EEEE6addmulEmmmm
FNDA:21426,_ZNK6evmmax8ModArithIN4intx4uintILj256EEEE9from_montERKS3_
FNDA:24968102,_ZNK6evmmax8ModArithIN4intx4uintILj256EEEE3subERKS3_S6_
FNDA:40422678,_ZNK6evmmax8ModArithIN4intx4uintILj256EEEE3addERKS3_S6_
FNDA:8966,_ZNK6evmmax8ModArithIN4intx4uintILj256EEEE3invERKS3_
FNDA:3843,_ZN6evmmax15compute_mod_invEm
FNDA:2338,_ZN6evmmax8ModArithIN4intx4uintILj256EEEE17compute_r_squaredERKS3_
FNDA:598,_ZN6evmmax8ModArithIN4intx4uintILj128EEEEC2ERKS3_
FNDA:598,_ZN6evmmax8ModArithIN4intx4uintILj128EEEE17compute_r_squaredERKS3_
FNDA:1196,_ZNK6evmmax8ModArithIN4intx4uintILj128EEEE7to_montERKS3_
FNDA:259802,_ZNK6evmmax8ModArithIN4intx4uintILj128EEEE3mulERKS3_S6_
FNDA:2078416,_ZN6evmmax8ModArithIN4intx4uintILj128EEEE6addmulEmmmm
FNDA:598,_ZNK6evmmax8ModArithIN4intx4uintILj128EEEE9from_montERKS3_
FNDA:2338,_ZN6evmmax8ModArithIN4intx4uintILj256EEEEC2ERKS3_
FNDA:573,_ZN6evmmax8ModArithIN4intx4uintILj512EEEEC2ERKS3_
FNDA:573,_ZN6evmmax8ModArithIN4intx4uintILj512EEEE17compute_r_squaredERKS3_
FNDA:1146,_ZNK6evmmax8ModArithIN4intx4uintILj512EEEE7to_montERKS3_
FNDA:74786,_ZNK6evmmax8ModArithIN4intx4uintILj512EEEE3mulERKS3_S6_
FNDA:9572608,_ZN6evmmax8ModArithIN4intx4uintILj512EEEE6addmulEmmmm
FNDA:573,_ZNK6evmmax8ModArithIN4intx4uintILj512EEEE9from_montERKS3_
FNDA:64,_ZN6evmmax8ModArithIN4intx4uintILj1024EEEEC2ERKS3_
FNDA:64,_ZN6evmmax8ModArithIN4intx4uintILj1024EEEE17compute_r_squaredERKS3_
FNDA:128,_ZNK6evmmax8ModArithIN4intx4uintILj1024EEEE7to_montERKS3_
FNDA:1262,_ZNK6evmmax8ModArithIN4intx4uintILj1024EEEE3mulERKS3_S6_
FNDA:646144,_ZN6evmmax8ModArithIN4intx4uintILj1024EEEE6addmulEmmmm
FNDA:64,_ZNK6evmmax8ModArithIN4intx4uintILj1024EEEE9from_montERKS3_
FNDA:92,_ZN6evmmax8ModArithIN4intx4uintILj2048EEEEC2ERKS3_
FNDA:92,_ZN6evmmax8ModArithIN4intx4uintILj2048EEEE17compute_r_squaredERKS3_
FNDA:184,_ZNK6evmmax8ModArithIN4intx4uintILj2048EEEE7to_montERKS3_
FNDA:44970,_ZNK6evmmax8ModArithIN4intx4uintILj2048EEEE3mulERKS3_S6_
FNDA:92098560,_ZN6evmmax8ModArithIN4intx4uintILj2048EEEE6addmulEmmmm
FNDA:92,_ZNK6evmmax8ModArithIN4intx4uintILj2048EEEE9from_montERKS3_
FNDA:178,_ZN6evmmax8ModArithIN4intx4uintILj8192EEEEC2ERKS3_
FNDA:178,_ZN6evmmax8ModArithIN4intx4uintILj8192EEEE17compute_r_squaredERKS3_
FNDA:356,_ZNK6evmmax8ModArithIN4intx4uintILj8192EEEE7to_montERKS3_
FNDA:2626,_ZNK6evmmax8ModArithIN4intx4uintILj8192EEEE3mulERKS3_S6_
FNDA:86048768,_ZN6evmmax8ModArithIN4intx4uintILj8192EEEE6addmulEmmmm
FNDA:178,_ZNK6evmmax8ModArithIN4intx4uintILj8192EEEE9from_montERKS3_
FNF:10
FNH:10
DA:15,3843
DA:17,3843
DA:18,3843
DA:19,249795
DA:20,245952
DA:21,245952
DA:22,245952
DA:23,245952
DA:24,3843
DA:25,3843
DA:42,3843
DA:45,3843
DA:46,3843
DA:47,3843
DA:51,1539432912
DA:52,1539432912
DA:53,1539432912
DA:54,1539432912
DA:58,3843
DA:59,3843
DA:60,3843
DA:61,3843
DA:67,59620
DA:73,22931
DA:81,42539334
DA:87,42539334
DA:89,42539334
DA:90,214076138
DA:91,171536804
DA:92,171536804
DA:93,171536804
DA:94,941253260
DA:95,769716456
DA:96,171536804
DA:97,171536804
DA:98,171536804
DA:100,171536804
DA:101,171536804
DA:102,171536804
DA:103,769716456
DA:104,598179652
DA:105,171536804
DA:106,171536804
DA:107,171536804
DA:108,171536804
DA:110,42539334
DA:111,3860376
DA:113,42539334
DA:114,42539334
DA:119,40422678
DA:120,40422678
DA:121,40422678
DA:122,40422678
DA:123,40422678
DA:128,24968102
DA:129,24968102
DA:130,24968102
DA:131,24968102
DA:132,24968102
DA:137,8966
DA:138,8966
DA:139,8966
DA:145,8966
DA:153,8966
DA:154,8966
DA:160,8966
DA:161,8966
DA:163,2214718
DA:164,2205752
DA:165,2205752
DA:166,1198412
DA:168,1198412
DA:169,629544
DA:171,629544
DA:172,629544
DA:174,629544
DA:175,629544
DA:176,629544
DA:177,568868
DA:178,568868
DA:179,568868
DA:180,568868
DA:181,1198412
DA:182,1198412
DA:185,2205752
DA:189,2205752
DA:190,2205752
DA:191,2205752
DA:192,1096772
DA:193,2205752
DA:195,8966
DA:196,2656
DA:197,6310
DA:198,8966
BRDA:19,0,0,245952
BRDA:19,0,1,3843
BRDA:90,0,0,20192
BRDA:90,0,1,1262
BRDA:90,1,2,168623552
BRDA:90,1,3,42155888
BRDA:90,2,4,598288
BRDA:90,2,5,74786
BRDA:90,3,6,336128
BRDA:90,3,7,2626
BRDA:90,4,8,519604
BRDA:90,4,9,259802
BRDA:90,5,10,1439040
BRDA:90,5,11,44970
BRDA:94,0,0,674494208
BRDA:94,0,1,168623552
BRDA:94,1,2,323072
BRDA:94,1,3,20192
BRDA:94,2,4,4786304
BRDA:94,2,5,598288
BRDA:94,3,6,1039208
BRDA:94,3,7,519604
BRDA:94,4,8,46049280
BRDA:94,4,9,1439040
BRDA:94,5,10,43024384
BRDA:94,5,11,336128
BRDA:103,0,0,44610240
BRDA:103,0,1,1439040
BRDA:103,1,2,519604
BRDA:103,1,3,519604
BRDA:103,2,4,302880
BRDA:103,2,5,20192
BRDA:103,3,6,42688256
BRDA:103,3,7,336128
BRDA:103,4,8,4188016
BRDA:103,4,9,598288
BRDA:103,5,10,505870656
BRDA:103,5,11,168623552
BRDA:110,0,0,140
BRDA:110,0,1,1122
BRDA:110,1,2,322
BRDA:110,1,3,44648
BRDA:110,2,4,72
BRDA:110,2,5,2554
BRDA:110,3,6,280
BRDA:110,3,7,74506
BRDA:110,4,8,210
BRDA:110,4,9,259592
BRDA:110,5,10,3859352
BRDA:110,5,11,38296536
BRDA:122,0,0,34605920
BRDA:122,0,1,5816758
BRDA:122,1,2,21656966
BRDA:122,1,3,12948954
BRDA:131,0,0,11698296
BRDA:131,0,1,13269806
BRDA:163,0,0,2205752
BRDA:163,0,1,8966
BRDA:165,0,0,1198412
BRDA:165,0,1,1007340
BRDA:168,0,0,629544
BRDA:168,0,1,568868
BRDA:191,0,0,1096772
BRDA:191,0,1,1108980
BRDA:195,0,0,2656
BRDA:195,0,1,6310
BRF:26
BRH:26
LF:94
LH:94
end_of_record
SF:/home/user/sources/ethereum/evmone/lib/evmone/baseline.hpp
FN:24,_ZN6evmone10BitsetSpanC2EPm
FN:27,_ZNK6evmone10BitsetSpan4testEm
FN:33,_ZNK6evmone10BitsetSpan3setEm
FN:46,_ZNK6evmone10BitsetSpan7get_refEm
FN:71,_ZN6evmone8baseline12CodeAnalysisC2ESt10unique_ptrIA_hSt14default_deleteIS3_EEmNS_10BitsetSpanE
FN:79,_ZNK6evmone8baseline12CodeAnalysis8raw_codeEv
FN:82,_ZNK6evmone8baseline12CodeAnalysis15executable_codeEv
FN:86,_ZNK6evmone8baseline12CodeAnalysis14check_jumpdestEm
FNDA:2785059,_ZN6evmone10BitsetSpanC2EPm
FNDA:7166478,_ZNK6evmone10BitsetSpan4testEm
FNDA:89658266,_ZNK6evmone10BitsetSpan3setEm
FNDA:96824744,_ZNK6evmone10BitsetSpan7get_refEm
FNDA:2785059,_ZN6evmone8baseline12CodeAnalysisC2ESt10unique_ptrIA_hSt14default_deleteIS3_EEmNS_10BitsetSpanE
FNDA:2785059,_ZNK6evmone8baseline12CodeAnalysis8raw_codeEv
FNDA:15637076,_ZNK6evmone8baseline12CodeAnalysis15executable_codeEv
FNDA:7166556,_ZNK6evmone8baseline12CodeAnalysis14check_jumpdestEm
FNF:8
FNH:8
DA:24,2785059
DA:27,7166478
DA:28,7166478
DA:29,7166478
DA:30,7166478
DA:33,89658266
DA:34,89658266
DA:35,89658266
DA:36,89658266
DA:46,96824744
DA:47,96824744
DA:48,96824744
DA:49,96824744
DA:50,96824744
DA:51,96824744
DA:71,2785059
DA:72,2785059
DA:73,2785059
DA:74,2785059
DA:75,2785059
DA:79,2785059
DA:82,15637076
DA:86,7166556
DA:87,7166556
DA:88,78
DA:89,7166478
DA:90,7166556
BRDA:87,0,0,78
BRDA:87,0,1,7166478
BRF:2
BRH:2
LF:27
LH:27
end_of_record
SF:/home/user/sources/ethereum/evmone/lib/evmone/baseline_analysis.cpp
FN:64,_ZN6evmone8baseline7analyzeESt17basic_string_viewIhN4evmc11byte_traitsIhEEE
FN:36,baseline_analysis.cpp:_ZN6evmone8baseline12_GLOBAL__N_114analyze_legacyESt17basic_string_viewIhN4evmc11byte_traitsIhEEE
FN:19,baseline_analysis.cpp:_ZN6evmone8baseline12_GLOBAL__N_117analyze_jumpdestsENS_10BitsetSpanESt17basic_string_viewIhN4evmc11byte_traitsIhEEE
FNDA:2785059,_ZN6evmone8baseline7analyzeESt17basic_string_viewIhN4evmc11byte_traitsIhEEE
FNDA:2785059,baseline_analysis.cpp:_ZN6evmone8baseline12_GLOBAL__N_114analyze_legacyESt17basic_string_viewIhN4evmc11byte_traitsIhEEE
FNDA:2785059,baseline_analysis.cpp:_ZN6evmone8baseline12_GLOBAL__N_117analyze_jumpdestsENS_10BitsetSpanESt17basic_string_viewIhN4evmc11byte_traitsIhEEE
FNF:3
FNH:3
DA:19,2785059
DA:23,2785059
DA:25,387611622
DA:26,384826563
DA:27,384826563
DA:28,384826563
DA:29,70672686
DA:30,314153877
DA:31,89658266
DA:32,384826563
DA:33,2785059
DA:36,2785059
DA:40,2785059
DA:42,2785059
DA:44,2785059
DA:45,2785059
DA:46,2785059
DA:47,2785059
DA:48,2785059
DA:50,2785059
DA:51,2785059
DA:52,2785059
DA:54,2785059
DA:55,2785059
DA:56,2785059
DA:57,2785059
DA:59,2785059
DA:60,2785059
DA:64,2785059
DA:65,2785059
DA:66,2785059
BRDA:25,0,0,384826563
BRDA:25,0,1,2785059
BRDA:28,0,0,70672686
BRDA:28,0,1,314153877
BRDA:30,0,0,89658266
BRDA:30,0,1,224495611
BRF:6
BRH:6
LF:31
LH:31
end_of_record
SF:/home/user/sources/ethereum/evmone/lib/evmone/baseline_execution.cpp
FN:267,_ZN6evmone8baseline7executeERNS_2VMERK19evmc_host_interfaceP17evmc_host_context13evmc_revisionRK12evmc_messageRKNS0_12CodeAnalysisE
FN:310,_ZN6evmone8baseline7executeEP7evmc_vmPK19evmc_host_interfaceP17evmc_host_context13evmc_revisionPK12evmc_messagePKhm
FN:219,baseline_execution.cpp:_ZN6evmone8baseline12_GLOBAL__N_114dispatch_cgotoERKSt5arrayIsLm256EERNS_14ExecutionStateElPKh
FN:151,baseline_execution.cpp:_ZN6evmone8baseline12_GLOBAL__N_16invokeILNS_6OpcodeE0EEENS1_8PositionERKSt5arrayIsLm256EEPKN4intx4uintILj256EEES4_RlRNS_14ExecutionStateE
FN:46,baseline_execution.cpp:_ZN6evmone8baseline12_GLOBAL__N_118check_requirementsILNS_6OpcodeE0EEE16evmc_status_codeRKSt5arrayIsLm256EERlPKN4intx4uintILj256EEESE_
FN:140,baseline_execution.cpp:_ZN6evmone8baseline12_GLOBAL__N_16invokeEPDoFNS_10TermResultENS_8StackTopElRNS_14ExecutionStateEENS1_8PositionERlS5_
FN:151,baseline_execution.cpp:_ZN6evmone8baseline12_GLOBAL__N_16invokeILNS_6OpcodeE1EEENS1_8PositionERKSt5arrayIsLm256EEPKN4intx4uintILj256EEES4_RlRNS_14ExecutionStateE
FN:46,baseline_execution.cpp:_ZN6evmone8baseline12_GLOBAL__N_118check_requirementsILNS_6OpcodeE1EEE16evmc_status_codeRKSt5arrayIsLm256EERlPKN4intx4uintILj256EEESE_
FN:104,baseline_execution.cpp:_ZN6evmone8baseline12_GLOBAL__N_16invokeEPDoFvNS_8StackTopEENS1_8PositionERlRNS_14ExecutionStateE
FN:151,baseline_execution.cpp:_ZN6evmone8baseline12_GLOBAL__N_16invokeILNS_6OpcodeE2EEENS1_8PositionERKSt5arrayIsLm256EEPKN4intx4uintILj256EEES4_RlRNS_14ExecutionStateE
FN:46,baseline_execution.cpp:_ZN6evmone8baseline12_GLOBAL__N_118check_requirementsILNS_6OpcodeE2EEE16evmc_status_codeRKSt5arrayIsLm256EERlPKN4intx4uintILj256EEESE_
FN:151,baseline_execution.cpp:_ZN6evmone8baseline12_GLOBAL__N_16invokeILNS_6OpcodeE3EEENS1_8PositionERKSt5arrayIsLm256EEPKN4intx4uintILj256EEES4_RlRNS_14ExecutionStateE
FN:46,baseline_execution.cpp:_ZN6evmone8baseline12_GLOBAL__N_118check_requirementsILNS_6OpcodeE3EEE16evmc_status_codeRKSt5arrayIsLm256EERlPKN4intx4uintILj256EEESE_
FN:151,baseline_execution.cpp:_ZN6evmone8baseline12_GLOBAL__N_16invokeILNS_6OpcodeE4EEENS1_8PositionERKSt5arrayIsLm256EEPKN4intx4uintILj256EEES4_RlRNS_14ExecutionStateE
FN:46,baseline_execution.cpp:_ZN6evmone8baseline12_GLOBAL__N_118check_requirementsILNS_6OpcodeE4EEE16evmc_status_codeRKSt5arrayIsLm256EERlPKN4intx4uintILj256EEESE_
FN:151,baseline_execution.cpp:_ZN6evmone8baseline12_GLOBAL__N_16invokeILNS_6OpcodeE5EEENS1_8PositionERKSt5arrayIsLm256EEPKN4intx4uintILj256EEES4_RlRNS_14ExecutionStateE
FN:46,baseline_execution.cpp:_ZN6evmone8baseline12_GLOBAL__N_118check_requirementsILNS_6OpcodeE5EEE16evmc_status_codeRKSt5arrayIsLm256EERlPKN4intx4uintILj256EEESE_
FN:151,baseline_execution.cpp:_ZN6evmone8baseline12_GLOBAL__N_16invokeILNS_6OpcodeE6EEENS1_8PositionERKSt5arrayIsLm256EEPKN4intx4uintILj256EEES4_RlRNS_14ExecutionStateE
FN:46,baseline_execution.cpp:_ZN6evmone8baseline12_GLOBAL__N_118check_requirementsILNS_6OpcodeE6EEE16evmc_status_codeRKSt5arrayIsLm256EERlPKN4intx4uintILj256EEESE_
FN:151,baseline_execution.cpp:_ZN6evmone8baseline12_GLOBAL__N_16invokeILNS_6OpcodeE7EEENS1_8PositionERKSt5arrayIsLm256EEPKN4intx4uintILj256EEES4_RlRNS_14ExecutionStateE
FN:46,baseline_execution.cpp:_ZN6evmone8baseline12_GLOBAL__N_118check_requirementsILNS_6OpcodeE7EEE16evmc_status_codeRKSt5arrayIsLm256EERlPKN4intx4uintILj256EEESE_
FN:151,baseline_execution.cpp:_ZN6evmone8baseline12_GLOBAL__N_16invokeILNS_6OpcodeE8EEENS1_8PositionERKSt5arrayIsLm256EEPKN4intx4uintILj256EEES4_RlRNS_14ExecutionStateE
FN:46,baseline_execution.cpp:_ZN6evmone8baseline12_GLOBAL__N_118check_requirementsILNS_6OpcodeE8EEE16evmc_status_codeRKSt5arrayIsLm256EERlPKN4intx4uintILj256EEESE_
FN:151,baseline_execution.cpp:_ZN6evmone8baseline12_GLOBAL__N_16invokeILNS_6OpcodeE9EEENS1_8PositionERKSt5arrayIsLm256EEPKN4intx4uintILj256EEES4_RlRNS_14ExecutionStateE
FN:46,baseline_execution.cpp:_ZN6evmone8baseline12_GLOBAL__N_118check_requirementsILNS_6OpcodeE9EEE16evmc_status_codeRKSt5arrayIsLm256EERlPKN4intx4uintILj256EEESE_
FN:151,baseline_execution.cpp:_ZN6evmone8baseline12_GLOBAL__N_16invokeILNS_6OpcodeE10EEENS1_8PositionERKSt5arrayIsLm256EEPKN4intx4uintILj256EEES4_RlRNS_14ExecutionStateE
FN:46,baseline_execution.cpp:_ZN6evmone8baseline12_GLOBAL__N_118check_requirementsILNS_6OpcodeE10EEE16evmc_status_codeRKSt5arrayIsLm256EERlPKN4intx4uintILj256EEESE_
FN:112,baseline_execution.cpp:_ZN6evmone8baseline12_GLOBAL__N_16invokeEPDoFNS_6ResultENS_8StackTopElRNS_14ExecutionStateEENS1_8PositionERlS5_
FN:151,baseline_execution.cpp:_ZN6evmone8baseline12_GLOBAL__N_16invokeILNS_6OpcodeE11EEENS1_8PositionERKSt5arrayIsLm256EEPKN4intx4uintILj256EEES4_RlRNS_14ExecutionStateE
FN:46,baseline_execution.cpp:_ZN6evmone8baseline12_GLOBAL__N_118check_requirementsILNS_6OpcodeE11EEE16evmc_status_codeRKSt5arrayIsLm256EERlPKN4intx4uintILj256EEESE_
FN:151,baseline_execution.cpp:_ZN6evmone8baseline12_GLOBAL__N_16invokeILNS_6OpcodeE16EEENS1_8PositionERKSt5arrayIsLm256EEPKN4intx4uintILj256EEES4_RlRNS_14ExecutionStateE
FN:46,baseline_execution.cpp:_ZN6evmone8baseline12_GLOBAL__N_118check_requirementsILNS_6OpcodeE16EEE16evmc_status_codeRKSt5arrayIsLm256EERlPKN4intx4uintILj256EEESE_
FN:151,baseline_execution.cpp:_ZN6evmone8baseline12_GLOBAL__N_16invokeILNS_6OpcodeE17EEENS1_8PositionERKSt5arrayIsLm256EEPKN4intx4uintILj256EEES4_RlRNS_14ExecutionStateE
FN:46,baseline_execution.cpp:_ZN6evmone8baseline12_GLOBAL__N_118check_requirementsILNS_6OpcodeE17EEE16evmc_status_codeRKSt5arrayIsLm256EERlPKN4intx4uintILj256EEESE_
FN:151,baseline_execution.cpp:_ZN6evmone8baseline12_GLOBAL__N_16invokeILNS_6OpcodeE18EEENS1_8PositionERKSt5arrayIsLm256EEPKN4intx4uintILj256EEES4_RlRNS_14ExecutionStateE
FN:46,baseline_execution.cpp:_ZN6evmone8baseline12_GLOBAL__N_118check_requirementsILNS_6OpcodeE18EEE16evmc_status_codeRKSt5arrayIsLm256EERlPKN4intx4uintILj256EEESE_
FN:151,baseline_execution.cpp:_ZN6evmone8baseline12_GLOBAL__N_16invokeILNS_6OpcodeE19EEENS1_8PositionERKSt5arrayIsLm256EEPKN4intx4uintILj256EEES4_RlRNS_14ExecutionStateE
FN:46,baseline_execution.cpp:_ZN6evmone8baseline12_GLOBAL__N_118check_requirementsILNS_6OpcodeE19EEE16evmc_status_codeRKSt5arrayIsLm256EERlPKN4intx4uintILj256EEESE_
FN:151,baseline_execution.cpp:_ZN6evmone8baseline12_GLOBAL__N_16invokeILNS_6OpcodeE20EEENS1_8PositionERKSt5arrayIsLm256EEPKN4intx4uintILj256EEES4_RlRNS_14ExecutionStateE
FN:46,baseline_execution.cpp:_ZN6evmone8baseline12_GLOBAL__N_118check_requirementsILNS_6OpcodeE20EEE16evmc_status_codeRKSt5arrayIsLm256EERlPKN4intx4uintILj256EEESE_
FN:151,baseline_execution.cpp:_ZN6evmone8baseline12_GLOBAL__N_16invokeILNS_6OpcodeE21EEENS1_8PositionERKSt5arrayIsLm256EEPKN4intx4uintILj256EEES4_RlRNS_14ExecutionStateE
FN:46,baseline_execution.cpp:_ZN6evmone8baseline12_GLOBAL__N_118check_requirementsILNS_6OpcodeE21EEE16evmc_status_codeRKSt5arrayIsLm256EERlPKN4intx4uintILj256EEESE_
FN:151,baseline_execution.cpp:_ZN6evmone8baseline12_GLOBAL__N_16invokeILNS_6OpcodeE22EEENS1_8PositionERKSt5arrayIsLm256EEPKN4intx4uintILj256EEES4_RlRNS_14ExecutionStateE
FN:46,baseline_execution.cpp:_ZN6evmone8baseline12_GLOBAL__N_118check_requirementsILNS_6OpcodeE22EEE16evmc_status_codeRKSt5arrayIsLm256EERlPKN4intx4uintILj256EEESE_
FN:151,baseline_execution.cpp:_ZN6evmone8baseline12_GLOBAL__N_16invokeILNS_6OpcodeE23EEENS1_8PositionERKSt5arrayIsLm256EEPKN4intx4uintILj256EEES4_RlRNS_14ExecutionStateE
FN:46,baseline_execution.cpp:_ZN6evmone8baseline12_GLOBAL__N_118check_requirementsILNS_6OpcodeE23EEE16evmc_status_codeRKSt5arrayIsLm256EERlPKN4intx4uintILj256EEESE_
FN:151,baseline_execution.cpp:_ZN6evmone8baseline12_GLOBAL__N_16invokeILNS_6OpcodeE24EEENS1_8PositionERKSt5arrayIsLm256EEPKN4intx4uintILj256EEES4_RlRNS_14ExecutionStateE
FN:46,baseline_execution.cpp:_ZN6evmone8baseline12_GLOBAL__N_118check_requirementsILNS_6OpcodeE24EEE16evmc_status_codeRKSt5arrayIsLm256EERlPKN4intx4uintILj256EEESE_
FN:151,baseline_execution.cpp:_ZN6evmone8baseline12_GLOBAL__N_16invokeILNS_6OpcodeE25EEENS1_8PositionERKSt5arrayIsLm256EEPKN4intx4uintILj256EEES4_RlRNS_14ExecutionStateE
FN:46,baseline_execution.cpp:_ZN6evmone8baseline12_GLOBAL__N_118check_requirementsILNS_6OpcodeE25EEE16evmc_status_codeRKSt5arrayIsLm256EERlPKN4intx4uintILj256EEESE_
FN:151,baseline_execution.cpp:_ZN6evmone8baseline12_GLOBAL__N_16invokeILNS_6OpcodeE26EEENS1_8PositionERKSt5arrayIsLm256EEPKN4intx4uintILj256EEES4_RlRNS_14ExecutionStateE
FN:46,baseline_execution.cpp:_ZN6evmone8baseline12_GLOBAL__N_118check_requirementsILNS_6OpcodeE26EEE16evmc_status_codeRKSt5arrayIsLm256EERlPKN4intx4uintILj256EEESE_
FN:151,baseline_execution.cpp:_ZN6evmone8baseline12_GLOBAL__N_16invokeILNS_6OpcodeE27EEENS1_8PositionERKSt5arrayIsLm256EEPKN4intx4uintILj256EEES4_RlRNS_14ExecutionStateE
FN:46,baseline_execution.cpp:_ZN6evmone8baseline12_GLOBAL__N_118check_requirementsILNS_6OpcodeE27EEE16evmc_status_codeRKSt5arrayIsLm256EERlPKN4intx4uintILj256EEESE_
FN:151,baseline_execution.cpp:_ZN6evmone8baseline12_GLOBAL__N_16invokeILNS_6OpcodeE28EEENS1_8PositionERKSt5arrayIsLm256EEPKN4intx4uintILj256EEES4_RlRNS_14ExecutionStateE
FN:46,baseline_execution.cpp:_ZN6evmone8baseline12_GLOBAL__N_118check_requirementsILNS_6OpcodeE28EEE16evmc_status_codeRKSt5arrayIsLm256EERlPKN4intx4uintILj256EEESE_
FN:151,baseline_execution.cpp:_ZN6evmone8baseline12_GLOBAL__N_16invokeILNS_6OpcodeE29EEENS1_8PositionERKSt5arrayIsLm256EEPKN4intx4uintILj256EEES4_RlRNS_14ExecutionStateE
FN:46,baseline_execution.cpp:_ZN6evmone8baseline12_GLOBAL__N_118check_requirementsILNS_6OpcodeE29EEE16evmc_status_codeRKSt5arrayIsLm256EERlPKN4intx4uintILj256EEESE_
FN:151,baseline_execution.cpp:_ZN6evmone8baseline12_GLOBAL__N_16invokeILNS_6OpcodeE30EEENS1_8PositionERKSt5arrayIsLm256EEPKN4intx4uintILj256EEES4_RlRNS_14ExecutionStateE
FN:46,baseline_execution.cpp:_ZN6evmone8baseline12_GLOBAL__N_118check_requirementsILNS_6OpcodeE30EEE16evmc_status_codeRKSt5arrayIsLm256EERlPKN4intx4uintILj256EEESE_
FN:151,baseline_execution.cpp:_ZN6evmone8baseline12_GLOBAL__N_16invokeILNS_6OpcodeE32EEENS1_8PositionERKSt5arrayIsLm256EEPKN4intx4uintILj256EEES4_RlRNS_14ExecutionStateE
FN:46,baseline_execution.cpp:_ZN6evmone8baseline12_GLOBAL__N_118check_requirementsILNS_6OpcodeE32EEE16evmc_status_codeRKSt5arrayIsLm256EERlPKN4intx4uintILj256EEESE_
FN:151,baseline_execution.cpp:_ZN6evmone8baseline12_GLOBAL__N_16invokeILNS_6OpcodeE48EEENS1_8PositionERKSt5arrayIsLm256EEPKN4intx4uintILj256EEES4_RlRNS_14ExecutionStateE
FN:46,baseline_execution.cpp:_ZN6evmone8baseline12_GLOBAL__N_118check_requirementsILNS_6OpcodeE48EEE16evmc_status_codeRKSt5arrayIsLm256EERlPKN4intx4uintILj256EEESE_
FN:125,baseline_execution.cpp:_ZN6evmone8baseline12_GLOBAL__N_16invokeEPDoFvNS_8StackTopERNS_14ExecutionStateEENS1_8PositionERlS4_
FN:151,baseline_execution.cpp:_ZN6evmone8baseline12_GLOBAL__N_16invokeILNS_6OpcodeE49EEENS1_8PositionERKSt5arrayIsLm256EEPKN4intx4uintILj256EEES4_RlRNS_14ExecutionStateE
FN:46,baseline_execution.cpp:_ZN6evmone8baseline12_GLOBAL__N_118check_requirementsILNS_6OpcodeE49EEE16evmc_status_codeRKSt5arrayIsLm256EERlPKN4intx4uintILj256EEESE_
FN:151,baseline_execution.cpp:_ZN6evmone8baseline12_GLOBAL__N_16invokeILNS_6OpcodeE50EEENS1_8PositionERKSt5arrayIsLm256EEPKN4intx4uintILj256EEES4_RlRNS_14ExecutionStateE
FN:46,baseline_execution.cpp:_ZN6evmone8baseline12_GLOBAL__N_118check_requirementsILNS_6OpcodeE50EEE16evmc_status_codeRKSt5arrayIsLm256EERlPKN4intx4uintILj256EEESE_
FN:151,baseline_execution.cpp:_ZN6evmone8baseline12_GLOBAL__N_16invokeILNS_6OpcodeE51EEENS1_8PositionERKSt5arrayIsLm256EEPKN4intx4uintILj256EEES4_RlRNS_14ExecutionStateE
FN:46,baseline_execution.cpp:_ZN6evmone8baseline12_GLOBAL__N_118check_requirementsILNS_6OpcodeE51EEE16evmc_status_codeRKSt5arrayIsLm256EERlPKN4intx4uintILj256EEESE_
FN:151,baseline_execution.cpp:_ZN6evmone8baseline12_GLOBAL__N_16invokeILNS_6OpcodeE52EEENS1_8PositionERKSt5arrayIsLm256EEPKN4intx4uintILj256EEES4_RlRNS_14ExecutionStateE
FN:46,baseline_execution.cpp:_ZN6evmone8baseline12_GLOBAL__N_118check_requirementsILNS_6OpcodeE52EEE16evmc_status_codeRKSt5arrayIsLm256EERlPKN4intx4uintILj256EEESE_
FN:151,baseline_execution.cpp:_ZN6evmone8baseline12_GLOBAL__N_16invokeILNS_6OpcodeE53EEENS1_8PositionERKSt5arrayIsLm256EEPKN4intx4uintILj256EEES4_RlRNS_14ExecutionStateE
FN:46,baseline_execution.cpp:_ZN6evmone8baseline12_GLOBAL__N_118check_requirementsILNS_6OpcodeE53EEE16evmc_status_codeRKSt5arrayIsLm256EERlPKN4intx4uintILj256EEESE_
FN:151,baseline_execution.cpp:_ZN6evmone8baseline12_GLOBAL__N_16invokeILNS_6OpcodeE54EEENS1_8PositionERKSt5arrayIsLm256EEPKN4intx4uintILj256EEES4_RlRNS_14ExecutionStateE
FN:46,baseline_execution.cpp:_ZN6evmone8baseline12_GLOBAL__N_118check_requirementsILNS_6OpcodeE54EEE16evmc_status_codeRKSt5arrayIsLm256EERlPKN4intx4uintILj256EEESE_
FN:151,baseline_execution.cpp:_ZN6evmone8baseline12_GLOBAL__N_16invokeILNS_6OpcodeE55EEENS1_8PositionERKSt5arrayIsLm256EEPKN4intx4uintILj256EEES4_RlRNS_14ExecutionStateE
FN:46,baseline_execution.cpp:_ZN6evmone8baseline12_GLOBAL__N_118check_requirementsILNS_6OpcodeE55EEE16evmc_status_codeRKSt5arrayIsLm256EERlPKN4intx4uintILj256EEESE_
FN:151,baseline_execution.cpp:_ZN6evmone8baseline12_GLOBAL__N_16invokeILNS_6OpcodeE56EEENS1_8PositionERKSt5arrayIsLm256EEPKN4intx4uintILj256EEES4_RlRNS_14ExecutionStateE
FN:46,baseline_execution.cpp:_ZN6evmone8baseline12_GLOBAL__N_118check_requirementsILNS_6OpcodeE56EEE16evmc_status_codeRKSt5arrayIsLm256EERlPKN4intx4uintILj256EEESE_
FN:151,baseline_execution.cpp:_ZN6evmone8baseline12_GLOBAL__N_16invokeILNS_6OpcodeE57EEENS1_8PositionERKSt5arrayIsLm256EEPKN4intx4uintILj256EEES4_RlRNS_14ExecutionStateE
FN:46,baseline_execution.cpp:_ZN6evmone8baseline12_GLOBAL__N_118check_requirementsILNS_6OpcodeE57EEE16evmc_status_codeRKSt5arrayIsLm256EERlPKN4intx4uintILj256EEESE_
FN:151,baseline_execution.cpp:_ZN6evmone8baseline12_GLOBAL__N_16invokeILNS_6OpcodeE58EEENS1_8PositionERKSt5arrayIsLm256EEPKN4intx4uintILj256EEES4_RlRNS_14ExecutionStateE
FN:46,baseline_execution.cpp:_ZN6evmone8baseline12_GLOBAL__N_118check_requirementsILNS_6OpcodeE58EEE16evmc_status_codeRKSt5arrayIsLm256EERlPKN4intx4uintILj256EEESE_
FN:151,baseline_execution.cpp:_ZN6evmone8baseline12_GLOBAL__N_16invokeILNS_6OpcodeE59EEENS1_8PositionERKSt5arrayIsLm256EEPKN4intx4uintILj256EEES4_RlRNS_14ExecutionStateE
FN:46,baseline_execution.cpp:_ZN6evmone8baseline12_GLOBAL__N_118check_requirementsILNS_6OpcodeE59EEE16evmc_status_codeRKSt5arrayIsLm256EERlPKN4intx4uintILj256EEESE_
FN:151,baseline_execution.cpp:_ZN6evmone8baseline12_GLOBAL__N_16invokeILNS_6OpcodeE60EEENS1_8PositionERKSt5arrayIsLm256EEPKN4intx4uintILj256EEES4_RlRNS_14ExecutionStateE
FN:46,baseline_execution.cpp:_ZN6evmone8baseline12_GLOBAL__N_118check_requirementsILNS_6OpcodeE60EEE16evmc_status_codeRKSt5arrayIsLm256EERlPKN4intx4uintILj256EEESE_
FN:151,baseline_execution.cpp:_ZN6evmone8baseline12_GLOBAL__N_16invokeILNS_6OpcodeE61EEENS1_8PositionERKSt5arrayIsLm256EEPKN4intx4uintILj256EEES4_RlRNS_14ExecutionStateE
FN:46,baseline_execution.cpp:_ZN6evmone8baseline12_GLOBAL__N_118check_requirementsILNS_6OpcodeE61EEE16evmc_status_codeRKSt5arrayIsLm256EERlPKN4intx4uintILj256EEESE_
FN:151,baseline_execution.cpp:_ZN6evmone8baseline12_GLOBAL__N_16invokeILNS_6OpcodeE62EEENS1_8PositionERKSt5arrayIsLm256EEPKN4intx4uintILj256EEES4_RlRNS_14ExecutionStateE
FN:46,baseline_execution.cpp:_ZN6evmone8baseline12_GLOBAL__N_118check_requirementsILNS_6OpcodeE62EEE16evmc_status_codeRKSt5arrayIsLm256EERlPKN4intx4uintILj256EEESE_
FN:151,baseline_execution.cpp:_ZN6evmone8baseline12_GLOBAL__N_16invokeILNS_6OpcodeE63EEENS1_8PositionERKSt5arrayIsLm256EEPKN4intx4uintILj256EEES4_RlRNS_14ExecutionStateE
FN:46,baseline_execution.cpp:_ZN6evmone8baseline12_GLOBAL__N_118check_requirementsILNS_6OpcodeE63EEE16evmc_status_codeRKSt5arrayIsLm256EERlPKN4intx4uintILj256EEESE_
FN:151,baseline_execution.cpp:_ZN6evmone8baseline12_GLOBAL__N_16invokeILNS_6OpcodeE64EEENS1_8PositionERKSt5arrayIsLm256EEPKN4intx4uintILj256EEES4_RlRNS_14ExecutionStateE
FN:46,baseline_execution.cpp:_ZN6evmone8baseline12_GLOBAL__N_118check_requirementsILNS_6OpcodeE64EEE16evmc_status_codeRKSt5arrayIsLm256EERlPKN4intx4uintILj256EEESE_
FN:151,baseline_execution.cpp:_ZN6evmone8baseline12_GLOBAL__N_16invokeILNS_6OpcodeE65EEENS1_8PositionERKSt5arrayIsLm256EEPKN4intx4uintILj256EEES4_RlRNS_14ExecutionStateE
FN:46,baseline_execution.cpp:_ZN6evmone8baseline12_GLOBAL__N_118check_requirementsILNS_6OpcodeE65EEE16evmc_status_codeRKSt5arrayIsLm256EERlPKN4intx4uintILj256EEESE_
FN:151,baseline_execution.cpp:_ZN6evmone8baseline12_GLOBAL__N_16invokeILNS_6OpcodeE66EEENS1_8PositionERKSt5arrayIsLm256EEPKN4intx4uintILj256EEES4_RlRNS_14ExecutionStateE
FN:46,baseline_execution.cpp:_ZN6evmone8baseline12_GLOBAL__N_118check_requirementsILNS_6OpcodeE66EEE16evmc_status_codeRKSt5arrayIsLm256EERlPKN4intx4uintILj256EEESE_
FN:151,baseline_execution.cpp:_ZN6evmone8baseline12_GLOBAL__N_16invokeILNS_6OpcodeE67EEENS1_8PositionERKSt5arrayIsLm256EEPKN4intx4uintILj256EEES4_RlRNS_14ExecutionStateE
FN:46,baseline_execution.cpp:_ZN6evmone8baseline12_GLOBAL__N_118check_requirementsILNS_6OpcodeE67EEE16evmc_status_codeRKSt5arrayIsLm256EERlPKN4intx4uintILj256EEESE_
FN:151,baseline_execution.cpp:_ZN6evmone8baseline12_GLOBAL__N_16invokeILNS_6OpcodeE68EEENS1_8PositionERKSt5arrayIsLm256EEPKN4intx4uintILj256EEES4_RlRNS_14ExecutionStateE
FN:46,baseline_execution.cpp:_ZN6evmone8baseline12_GLOBAL__N_118check_requirementsILNS_6OpcodeE68EEE16evmc_status_codeRKSt5arrayIsLm256EERlPKN4intx4uintILj256EEESE_
FN:151,baseline_execution.cpp:_ZN6evmone8baseline12_GLOBAL__N_16invokeILNS_6OpcodeE69EEENS1_8PositionERKSt5arrayIsLm256EEPKN4intx4uintILj256EEES4_RlRNS_14ExecutionStateE
FN:46,baseline_execution.cpp:_ZN6evmone8baseline12_GLOBAL__N_118check_requirementsILNS_6OpcodeE69EEE16evmc_status_codeRKSt5arrayIsLm256EERlPKN4intx4uintILj256EEESE_
FN:151,baseline_execution.cpp:_ZN6evmone8baseline12_GLOBAL__N_16invokeILNS_6OpcodeE70EEENS1_8PositionERKSt5arrayIsLm256EEPKN4intx4uintILj256EEES4_RlRNS_14ExecutionStateE
FN:46,baseline_execution.cpp:_ZN6evmone8baseline12_GLOBAL__N_118check_requirementsILNS_6OpcodeE70EEE16evmc_status_codeRKSt5arrayIsLm256EERlPKN4intx4uintILj256EEESE_
FN:151,baseline_execution.cpp:_ZN6evmone8baseline12_GLOBAL__N_16invokeILNS_6OpcodeE71EEENS1_8PositionERKSt5arrayIsLm256EEPKN4intx4uintILj256EEES4_RlRNS_14ExecutionStateE
FN:46,baseline_execution.cpp:_ZN6evmone8baseline12_GLOBAL__N_118check_requirementsILNS_6OpcodeE71EEE16evmc_status_codeRKSt5arrayIsLm256EERlPKN4intx4uintILj256EEESE_
FN:151,baseline_execution.cpp:_ZN6evmone8baseline12_GLOBAL__N_16invokeILNS_6OpcodeE72EEENS1_8PositionERKSt5arrayIsLm256EEPKN4intx4uintILj256EEES4_RlRNS_14ExecutionStateE
FN:46,baseline_execution.cpp:_ZN6evmone8baseline12_GLOBAL__N_118check_requirementsILNS_6OpcodeE72EEE16evmc_status_codeRKSt5arrayIsLm256EERlPKN4intx4uintILj256EEESE_
FN:151,baseline_execution.cpp:_ZN6evmone8baseline12_GLOBAL__N_16invokeILNS_6OpcodeE73EEENS1_8PositionERKSt5arrayIsLm256EEPKN4intx4uintILj256EEES4_RlRNS_14ExecutionStateE
FN:46,baseline_execution.cpp:_ZN6evmone8baseline12_GLOBAL__N_118check_requirementsILNS_6OpcodeE73EEE16evmc_status_codeRKSt5arrayIsLm256EERlPKN4intx4uintILj256EEESE_
FN:151,baseline_execution.cpp:_ZN6evmone8baseline12_GLOBAL__N_16invokeILNS_6OpcodeE74EEENS1_8PositionERKSt5arrayIsLm256EEPKN4intx4uintILj256EEES4_RlRNS_14ExecutionStateE
FN:46,baseline_execution.cpp:_ZN6evmone8baseline12_GLOBAL__N_118check_requirementsILNS_6OpcodeE74EEE16evmc_status_codeRKSt5arrayIsLm256EERlPKN4intx4uintILj256EEESE_
FN:151,baseline_execution.cpp:_ZN6evmone8baseline12_GLOBAL__N_16invokeILNS_6OpcodeE80EEENS1_8PositionERKSt5arrayIsLm256EEPKN4intx4uintILj256EEES4_RlRNS_14ExecutionStateE
FN:46,baseline_execution.cpp:_ZN6evmone8baseline12_GLOBAL__N_118check_requirementsILNS_6OpcodeE80EEE16evmc_status_codeRKSt5arrayIsLm256EERlPKN4intx4uintILj256EEESE_
FN:151,baseline_execution.cpp:_ZN6evmone8baseline12_GLOBAL__N_16invokeILNS_6OpcodeE81EEENS1_8PositionERKSt5arrayIsLm256EEPKN4intx4uintILj256EEES4_RlRNS_14ExecutionStateE
FN:46,baseline_execution.cpp:_ZN6evmone8baseline12_GLOBAL__N_118check_requirementsILNS_6OpcodeE81EEE16evmc_status_codeRKSt5arrayIsLm256EERlPKN4intx4uintILj256EEESE_
FN:151,baseline_execution.cpp:_ZN6evmone8baseline12_GLOBAL__N_16invokeILNS_6OpcodeE82EEENS1_8PositionERKSt5arrayIsLm256EEPKN4intx4uintILj256EEES4_RlRNS_14ExecutionStateE
FN:46,baseline_execution.cpp:_ZN6evmone8baseline12_GLOBAL__N_118check_requirementsILNS_6OpcodeE82EEE16evmc_status_codeRKSt5arrayIsLm256EERlPKN4intx4uintILj256EEESE_
FN:151,baseline_execution.cpp:_ZN6evmone8baseline12_GLOBAL__N_16invokeILNS_6OpcodeE83EEENS1_8PositionERKSt5arrayIsLm256EEPKN4intx4uintILj256EEES4_RlRNS_14ExecutionStateE
FN:46,baseline_execution.cpp:_ZN6evmone8baseline12_GLOBAL__N_118check_requirementsILNS_6OpcodeE83EEE16evmc_status_codeRKSt5arrayIsLm256EERlPKN4intx4uintILj256EEESE_
FN:151,baseline_execution.cpp:_ZN6evmone8baseline12_GLOBAL__N_16invokeILNS_6OpcodeE84EEENS1_8PositionERKSt5arrayIsLm256EEPKN4intx4uintILj256EEES4_RlRNS_14ExecutionStateE
FN:46,baseline_execution.cpp:_ZN6evmone8baseline12_GLOBAL__N_118check_requirementsILNS_6OpcodeE84EEE16evmc_status_codeRKSt5arrayIsLm256EERlPKN4intx4uintILj256EEESE_
FN:151,baseline_execution.cpp:_ZN6evmone8baseline12_GLOBAL__N_16invokeILNS_6OpcodeE85EEENS1_8PositionERKSt5arrayIsLm256EEPKN4intx4uintILj256EEES4_RlRNS_14ExecutionStateE
FN:46,baseline_execution.cpp:_ZN6evmone8baseline12_GLOBAL__N_118check_requirementsILNS_6OpcodeE85EEE16evmc_status_codeRKSt5arrayIsLm256EERlPKN4intx4uintILj256EEESE_
FN:151,baseline_execution.cpp:_ZN6evmone8baseline12_GLOBAL__N_16invokeILNS_6OpcodeE86EEENS1_8PositionERKSt5arrayIsLm256EEPKN4intx4uintILj256EEES4_RlRNS_14ExecutionStateE
FN:46,baseline_execution.cpp:_ZN6evmone8baseline12_GLOBAL__N_118check_requirementsILNS_6OpcodeE86EEE16evmc_status_codeRKSt5arrayIsLm256EERlPKN4intx4uintILj256EEESE_
FN:133,baseline_execution.cpp:_ZN6evmone8baseline12_GLOBAL__N_16invokeEPDoFPKhNS_8StackTopERNS_14ExecutionStateES3_ENS1_8PositionERlS6_
FN:151,baseline_execution.cpp:_ZN6evmone8baseline12_GLOBAL__N_16invokeILNS_6OpcodeE87EEENS1_8PositionERKSt5arrayIsLm256EEPKN4intx4uintILj256EEES4_RlRNS_14ExecutionStateE
FN:46,baseline_execution.cpp:_ZN6evmone8baseline12_GLOBAL__N_118check_requirementsILNS_6OpcodeE87EEE16evmc_status_codeRKSt5arrayIsLm256EERlPKN4intx4uintILj256EEESE_
FN:151,baseline_execution.cpp:_ZN6evmone8baseline12_GLOBAL__N_16invokeILNS_6OpcodeE88EEENS1_8PositionERKSt5arrayIsLm256EEPKN4intx4uintILj256EEES4_RlRNS_14ExecutionStateE
FN:46,baseline_execution.cpp:_ZN6evmone8baseline12_GLOBAL__N_118check_requirementsILNS_6OpcodeE88EEE16evmc_status_codeRKSt5arrayIsLm256EERlPKN4intx4uintILj256EEESE_
FN:151,baseline_execution.cpp:_ZN6evmone8baseline12_GLOBAL__N_16invokeILNS_6OpcodeE89EEENS1_8PositionERKSt5arrayIsLm256EEPKN4intx4uintILj256EEES4_RlRNS_14ExecutionStateE
FN:46,baseline_execution.cpp:_ZN6evmone8baseline12_GLOBAL__N_118check_requirementsILNS_6OpcodeE89EEE16evmc_status_codeRKSt5arrayIsLm256EERlPKN4intx4uintILj256EEESE_
FN:151,baseline_execution.cpp:_ZN6evmone8baseline12_GLOBAL__N_16invokeILNS_6OpcodeE90EEENS1_8PositionERKSt5arrayIsLm256EEPKN4intx4uintILj256EEES4_RlRNS_14ExecutionStateE
FN:46,baseline_execution.cpp:_ZN6evmone8baseline12_GLOBAL__N_118check_requirementsILNS_6OpcodeE90EEE16evmc_status_codeRKSt5arrayIsLm256EERlPKN4intx4uintILj256EEESE_
FN:151,baseline_execution.cpp:_ZN6evmone8baseline12_GLOBAL__N_16invokeILNS_6OpcodeE91EEENS1_8PositionERKSt5arrayIsLm256EEPKN4intx4uintILj256EEES4_RlRNS_14ExecutionStateE
FN:46,baseline_execution.cpp:_ZN6evmone8baseline12_GLOBAL__N_118check_requirementsILNS_6OpcodeE91EEE16evmc_status_codeRKSt5arrayIsLm256EERlPKN4intx4uintILj256EEESE_
FN:151,baseline_execution.cpp:_ZN6evmone8baseline12_GLOBAL__N_16invokeILNS_6OpcodeE92EEENS1_8PositionERKSt5arrayIsLm256EEPKN4intx4uintILj256EEES4_RlRNS_14ExecutionStateE
FN:46,baseline_execution.cpp:_ZN6evmone8baseline12_GLOBAL__N_118check_requirementsILNS_6OpcodeE92EEE16evmc_status_codeRKSt5arrayIsLm256EERlPKN4intx4uintILj256EEESE_
FN:151,baseline_execution.cpp:_ZN6evmone8baseline12_GLOBAL__N_16invokeILNS_6OpcodeE93EEENS1_8PositionERKSt5arrayIsLm256EEPKN4intx4uintILj256EEES4_RlRNS_14ExecutionStateE
FN:46,baseline_execution.cpp:_ZN6evmone8baseline12_GLOBAL__N_118check_requirementsILNS_6OpcodeE93EEE16evmc_status_codeRKSt5arrayIsLm256EERlPKN4intx4uintILj256EEESE_
FN:151,baseline_execution.cpp:_ZN6evmone8baseline12_GLOBAL__N_16invokeILNS_6OpcodeE94EEENS1_8PositionERKSt5arrayIsLm256EEPKN4intx4uintILj256EEES4_RlRNS_14ExecutionStateE
FN:46,baseline_execution.cpp:_ZN6evmone8baseline12_GLOBAL__N_118check_requirementsILNS_6OpcodeE94EEE16evmc_status_codeRKSt5arrayIsLm256EERlPKN4intx4uintILj256EEESE_
FN:151,baseline_execution.cpp:_ZN6evmone8baseline12_GLOBAL__N_16invokeILNS_6OpcodeE95EEENS1_8PositionERKSt5arrayIsLm256EEPKN4intx4uintILj256EEES4_RlRNS_14ExecutionStateE
FN:46,baseline_execution.cpp:_ZN6evmone8baseline12_GLOBAL__N_118check_requirementsILNS_6OpcodeE95EEE16evmc_status_codeRKSt5arrayIsLm256EERlPKN4intx4uintILj256EEESE_
FN:151,baseline_execution.cpp:_ZN6evmone8baseline12_GLOBAL__N_16invokeILNS_6OpcodeE96EEENS1_8PositionERKSt5arrayIsLm256EEPKN4intx4uintILj256EEES4_RlRNS_14ExecutionStateE
FN:46,baseline_execution.cpp:_ZN6evmone8baseline12_GLOBAL__N_118check_requirementsILNS_6OpcodeE96EEE16evmc_status_codeRKSt5arrayIsLm256EERlPKN4intx4uintILj256EEESE_
FN:151,baseline_execution.cpp:_ZN6evmone8baseline12_GLOBAL__N_16invokeILNS_6OpcodeE97EEENS1_8PositionERKSt5arrayIsLm256EEPKN4intx4uintILj256EEES4_RlRNS_14ExecutionStateE
FN:46,baseline_execution.cpp:_ZN6evmone8baseline12_GLOBAL__N_118check_requirementsILNS_6OpcodeE97EEE16evmc_status_codeRKSt5arrayIsLm256EERlPKN4intx4uintILj256EEESE_
FN:151,baseline_execution.cpp:_ZN6evmone8baseline12_GLOBAL__N_16invokeILNS_6OpcodeE98EEENS1_8PositionERKSt5arrayIsLm256EEPKN4intx4uintILj256EEES4_RlRNS_14ExecutionStateE
FN:46,baseline_execution.cpp:_ZN6evmone8baseline12_GLOBAL__N_118check_requirementsILNS_6OpcodeE98EEE16evmc_status_codeRKSt5arrayIsLm256EERlPKN4intx4uintILj256EEESE_
FN:151,baseline_execution.cpp:_ZN6evmone8baseline12_GLOBAL__N_16invokeILNS_6OpcodeE99EEENS1_8PositionERKSt5arrayIsLm256EEPKN4intx4uintILj256EEES4_RlRNS_14ExecutionStateE
FN:46,baseline_execution.cpp:_ZN6evmone8baseline12_GLOBAL__N_118check_requirementsILNS_6OpcodeE99EEE16evmc_status_codeRKSt5arrayIsLm256EERlPKN4intx4uintILj256EEESE_
FN:151,baseline_execution.cpp:_ZN6evmone8baseline12_GLOBAL__N_16invokeILNS_6OpcodeE100EEENS1_8PositionERKSt5arrayIsLm256EEPKN4intx4uintILj256EEES4_RlRNS_14ExecutionStateE
FN:46,baseline_execution.cpp:_ZN6evmone8baseline12_GLOBAL__N_118check_requirementsILNS_6OpcodeE100EEE16evmc_status_codeRKSt5arrayIsLm256EERlPKN4intx4uintILj256EEESE_
FN:151,baseline_execution.cpp:_ZN6evmone8baseline12_GLOBAL__N_16invokeILNS_6OpcodeE101EEENS1_8PositionERKSt5arrayIsLm256EEPKN4intx4uintILj256EEES4_RlRNS_14ExecutionStateE
FN:46,baseline_execution.cpp:_ZN6evmone8baseline12_GLOBAL__N_118check_requirementsILNS_6OpcodeE101EEE16evmc_status_codeRKSt5arrayIsLm256EERlPKN4intx4uintILj256EEESE_
FN:151,baseline_execution.cpp:_ZN6evmone8baseline12_GLOBAL__N_16invokeILNS_6OpcodeE102EEENS1_8PositionERKSt5arrayIsLm256EEPKN4intx4uintILj256EEES4_RlRNS_14ExecutionStateE
FN:46,baseline_execution.cpp:_ZN6evmone8baseline12_GLOBAL__N_118check_requirementsILNS_6OpcodeE102EEE16evmc_status_codeRKSt5arrayIsLm256EERlPKN4intx4uintILj256EEESE_
FN:151,baseline_execution.cpp:_ZN6evmone8baseline12_GLOBAL__N_16invokeILNS_6OpcodeE103EEENS1_8PositionERKSt5arrayIsLm256EEPKN4intx4uintILj256EEES4_RlRNS_14ExecutionStateE
FN:46,baseline_execution.cpp:_ZN6evmone8baseline12_GLOBAL__N_118check_requirementsILNS_6OpcodeE103EEE16evmc_status_codeRKSt5arrayIsLm256EERlPKN4intx4uintILj256EEESE_
FN:151,baseline_execution.cpp:_ZN6evmone8baseline12_GLOBAL__N_16invokeILNS_6OpcodeE104EEENS1_8PositionERKSt5arrayIsLm256EEPKN4intx4uintILj256EEES4_RlRNS_14ExecutionStateE
FN:46,baseline_execution.cpp:_ZN6evmone8baseline12_GLOBAL__N_118check_requirementsILNS_6OpcodeE104EEE16evmc_status_codeRKSt5arrayIsLm256EERlPKN4intx4uintILj256EEESE_
FN:151,baseline_execution.cpp:_ZN6evmone8baseline12_GLOBAL__N_16invokeILNS_6OpcodeE105EEENS1_8PositionERKSt5arrayIsLm256EEPKN4intx4uintILj256EEES4_RlRNS_14ExecutionStateE
FN:46,baseline_execution.cpp:_ZN6evmone8baseline12_GLOBAL__N_118check_requirementsILNS_6OpcodeE105EEE16evmc_status_codeRKSt5arrayIsLm256EERlPKN4intx4uintILj256EEESE_
FN:151,baseline_execution.cpp:_ZN6evmone8baseline12_GLOBAL__N_16invokeILNS_6OpcodeE106EEENS1_8PositionERKSt5arrayIsLm256EEPKN4intx4uintILj256EEES4_RlRNS_14ExecutionStateE
FN:46,baseline_execution.cpp:_ZN6evmone8baseline12_GLOBAL__N_118check_requirementsILNS_6OpcodeE106EEE16evmc_status_codeRKSt5arrayIsLm256EERlPKN4intx4uintILj256EEESE_
FN:151,baseline_execution.cpp:_ZN6evmone8baseline12_GLOBAL__N_16invokeILNS_6OpcodeE107EEENS1_8PositionERKSt5arrayIsLm256EEPKN4intx4uintILj256EEES4_RlRNS_14ExecutionStateE
FN:46,baseline_execution.cpp:_ZN6evmone8baseline12_GLOBAL__N_118check_requirementsILNS_6OpcodeE107EEE16evmc_status_codeRKSt5arrayIsLm256EERlPKN4intx4uintILj256EEESE_
FN:151,baseline_execution.cpp:_ZN6evmone8baseline12_GLOBAL__N_16invokeILNS_6OpcodeE108EEENS1_8PositionERKSt5arrayIsLm256EEPKN4intx4uintILj256EEES4_RlRNS_14ExecutionStateE
FN:46,baseline_execution.cpp:_ZN6evmone8baseline12_GLOBAL__N_118check_requirementsILNS_6OpcodeE108EEE16evmc_status_codeRKSt5arrayIsLm256EERlPKN4intx4uintILj256EEESE_
FN:151,baseline_execution.cpp:_ZN6evmone8baseline12_GLOBAL__N_16invokeILNS_6OpcodeE109EEENS1_8PositionERKSt5arrayIsLm256EEPKN4intx4uintILj256EEES4_RlRNS_14ExecutionStateE
FN:46,baseline_execution.cpp:_ZN6evmone8baseline12_GLOBAL__N_118check_requirementsILNS_6OpcodeE109EEE16evmc_status_codeRKSt5arrayIsLm256EERlPKN4intx4uintILj256EEESE_
FN:151,baseline_execution.cpp:_ZN6evmone8baseline12_GLOBAL__N_16invokeILNS_6OpcodeE110EEENS1_8PositionERKSt5arrayIsLm256EEPKN4intx4uintILj256EEES4_RlRNS_14ExecutionStateE
FN:46,baseline_execution.cpp:_ZN6evmone8baseline12_GLOBAL__N_118check_requirementsILNS_6OpcodeE110EEE16evmc_status_codeRKSt5arrayIsLm256EERlPKN4intx4uintILj256EEESE_
FN:151,baseline_execution.cpp:_ZN6evmone8baseline12_GLOBAL__N_16invokeILNS_6OpcodeE111EEENS1_8PositionERKSt5arrayIsLm256EEPKN4intx4uintILj256EEES4_RlRNS_14ExecutionStateE
FN:46,baseline_execution.cpp:_ZN6evmone8baseline12_GLOBAL__N_118check_requirementsILNS_6OpcodeE111EEE16evmc_status_codeRKSt5arrayIsLm256EERlPKN4intx4uintILj256EEESE_
FN:151,baseline_execution.cpp:_ZN6evmone8baseline12_GLOBAL__N_16invokeILNS_6OpcodeE112EEENS1_8PositionERKSt5arrayIsLm256EEPKN4intx4uintILj256EEES4_RlRNS_14ExecutionStateE
FN:46,baseline_execution.cpp:_ZN6evmone8baseline12_GLOBAL__N_118check_requirementsILNS_6OpcodeE112EEE16evmc_status_codeRKSt5arrayIsLm256EERlPKN4intx4uintILj256EEESE_
FN:151,baseline_execution.cpp:_ZN6evmone8baseline12_GLOBAL__N_16invokeILNS_6OpcodeE113EEENS1_8PositionERKSt5arrayIsLm256EEPKN4intx4uintILj256EEES4_RlRNS_14ExecutionStateE
FN:46,baseline_execution.cpp:_ZN6evmone8baseline12_GLOBAL__N_118check_requirementsILNS_6OpcodeE113EEE16evmc_status_codeRKSt5arrayIsLm256EERlPKN4intx4uintILj256EEESE_
FN:151,baseline_execution.cpp:_ZN6evmone8baseline12_GLOBAL__N_16invokeILNS_6OpcodeE114EEENS1_8PositionERKSt5arrayIsLm256EEPKN4intx4uintILj256EEES4_RlRNS_14ExecutionStateE
FN:46,baseline_execution.cpp:_ZN6evmone8baseline12_GLOBAL__N_118check_requirementsILNS_6OpcodeE114EEE16evmc_status_codeRKSt5arrayIsLm256EERlPKN4intx4uintILj256EEESE_
FN:151,baseline_execution.cpp:_ZN6evmone8baseline12_GLOBAL__N_16invokeILNS_6OpcodeE115EEENS1_8PositionERKSt5arrayIsLm256EEPKN4intx4uintILj256EEES4_RlRNS_14ExecutionStateE
FN:46,baseline_execution.cpp:_ZN6evmone8baseline12_GLOBAL__N_118check_requirementsILNS_6OpcodeE115EEE16evmc_status_codeRKSt5arrayIsLm256EERlPKN4intx4uintILj256EEESE_
FN:151,baseline_execution.cpp:_ZN6evmone8baseline12_GLOBAL__N_16invokeILNS_6OpcodeE116EEENS1_8PositionERKSt5arrayIsLm256EEPKN4intx4uintILj256EEES4_RlRNS_14ExecutionStateE
FN:46,baseline_execution.cpp:_ZN6evmone8baseline12_GLOBAL__N_118check_requirementsILNS_6OpcodeE116EEE16evmc_status_codeRKSt5arrayIsLm256EERlPKN4intx4uintILj256EEESE_
FN:151,baseline_execution.cpp:_ZN6evmone8baseline12_GLOBAL__N_16invokeILNS_6OpcodeE117EEENS1_8PositionERKSt5arrayIsLm256EEPKN4intx4uintILj256EEES4_RlRNS_14ExecutionStateE
FN:46,baseline_execution.cpp:_ZN6evmone8baseline12_GLOBAL__N_118check_requirementsILNS_6OpcodeE117EEE16evmc_status_codeRKSt5arrayIsLm256EERlPKN4intx4uintILj256EEESE_
FN:151,baseline_execution.cpp:_ZN6evmone8baseline12_GLOBAL__N_16invokeILNS_6OpcodeE118EEENS1_8PositionERKSt5arrayIsLm256EEPKN4intx4uintILj256EEES4_RlRNS_14ExecutionStateE
FN:46,baseline_execution.cpp:_ZN6evmone8baseline12_GLOBAL__N_118check_requirementsILNS_6OpcodeE118EEE16evmc_status_codeRKSt5arrayIsLm256EERlPKN4intx4uintILj256EEESE_
FN:151,baseline_execution.cpp:_ZN6evmone8baseline12_GLOBAL__N_16invokeILNS_6OpcodeE119EEENS1_8PositionERKSt5arrayIsLm256EEPKN4intx4uintILj256EEES4_RlRNS_14ExecutionStateE
FN:46,baseline_execution.cpp:_ZN6evmone8baseline12_GLOBAL__N_118check_requirementsILNS_6OpcodeE119EEE16evmc_status_codeRKSt5arrayIsLm256EERlPKN4intx4uintILj256EEESE_
FN:151,baseline_execution.cpp:_ZN6evmone8baseline12_GLOBAL__N_16invokeILNS_6OpcodeE120EEENS1_8PositionERKSt5arrayIsLm256EEPKN4intx4uintILj256EEES4_RlRNS_14ExecutionStateE
FN:46,baseline_execution.cpp:_ZN6evmone8baseline12_GLOBAL__N_118check_requirementsILNS_6OpcodeE120EEE16evmc_status_codeRKSt5arrayIsLm256EERlPKN4intx4uintILj256EEESE_
FN:151,baseline_execution.cpp:_ZN6evmone8baseline12_GLOBAL__N_16invokeILNS_6OpcodeE121EEENS1_8PositionERKSt5arrayIsLm256EEPKN4intx4uintILj256EEES4_RlRNS_14ExecutionStateE
FN:46,baseline_execution.cpp:_ZN6evmone8baseline12_GLOBAL__N_118check_requirementsILNS_6OpcodeE121EEE16evmc_status_codeRKSt5arrayIsLm256EERlPKN4intx4uintILj256EEESE_
FN:151,baseline_execution.cpp:_ZN6evmone8baseline12_GLOBAL__N_16invokeILNS_6OpcodeE122EEENS1_8PositionERKSt5arrayIsLm256EEPKN4intx4uintILj256EEES4_RlRNS_14ExecutionStateE
FN:46,baseline_execution.cpp:_ZN6evmone8baseline12_GLOBAL__N_118check_requirementsILNS_6OpcodeE122EEE16evmc_status_codeRKSt5arrayIsLm256EERlPKN4intx4uintILj256EEESE_
FN:151,baseline_execution.cpp:_ZN6evmone8baseline12_GLOBAL__N_16invokeILNS_6OpcodeE123EEENS1_8PositionERKSt5arrayIsLm256EEPKN4intx4uintILj256EEES4_RlRNS_14ExecutionStateE
FN:46,baseline_execution.cpp:_ZN6evmone8baseline12_GLOBAL__N_118check_requirementsILNS_6OpcodeE123EEE16evmc_status_codeRKSt5arrayIsLm256EERlPKN4intx4uintILj256EEESE_
FN:151,baseline_execution.cpp:_ZN6evmone8baseline12_GLOBAL__N_16invokeILNS_6OpcodeE124EEENS1_8PositionERKSt5arrayIsLm256EEPKN4intx4uintILj256EEES4_RlRNS_14ExecutionStateE
FN:46,baseline_execution.cpp:_ZN6evmone8baseline12_GLOBAL__N_118check_requirementsILNS_6OpcodeE124EEE16evmc_status_codeRKSt5arrayIsLm256EERlPKN4intx4uintILj256EEESE_
FN:151,baseline_execution.cpp:_ZN6evmone8baseline12_GLOBAL__N_16invokeILNS_6OpcodeE125EEENS1_8PositionERKSt5arrayIsLm256EEPKN4intx4uintILj256EEES4_RlRNS_14ExecutionStateE
FN:46,baseline_execution.cpp:_ZN6evmone8baseline12_GLOBAL__N_118check_requirementsILNS_6OpcodeE125EEE16evmc_status_codeRKSt5arrayIsLm256EERlPKN4intx4uintILj256EEESE_
FN:151,baseline_execution.cpp:_ZN6evmone8baseline12_GLOBAL__N_16invokeILNS_6OpcodeE126EEENS1_8PositionERKSt5arrayIsLm256EEPKN4intx4uintILj256EEES4_RlRNS_14ExecutionStateE
FN:46,baseline_execution.cpp:_ZN6evmone8baseline12_GLOBAL__N_118check_requirementsILNS_6OpcodeE126EEE16evmc_status_codeRKSt5arrayIsLm256EERlPKN4intx4uintILj256EEESE_
FN:151,baseline_execution.cpp:_ZN6evmone8baseline12_GLOBAL__N_16invokeILNS_6OpcodeE127EEENS1_8PositionERKSt5arrayIsLm256EEPKN4intx4uintILj256EEES4_RlRNS_14ExecutionStateE
FN:46,baseline_execution.cpp:_ZN6evmone8baseline12_GLOBAL__N_118check_requirementsILNS_6OpcodeE127EEE16evmc_status_codeRKSt5arrayIsLm256EERlPKN4intx4uintILj256EEESE_
FN:151,baseline_execution.cpp:_ZN6evmone8baseline12_GLOBAL__N_16invokeILNS_6OpcodeE128EEENS1_8PositionERKSt5arrayIsLm256EEPKN4intx4uintILj256EEES4_RlRNS_14ExecutionStateE
FN:46,baseline_execution.cpp:_ZN6evmone8baseline12_GLOBAL__N_118check_requirementsILNS_6OpcodeE128EEE16evmc_status_codeRKSt5arrayIsLm256EERlPKN4intx4uintILj256EEESE_
FN:151,baseline_execution.cpp:_ZN6evmone8baseline12_GLOBAL__N_16invokeILNS_6OpcodeE129EEENS1_8PositionERKSt5arrayIsLm256EEPKN4intx4uintILj256EEES4_RlRNS_14ExecutionStateE
FN:46,baseline_execution.cpp:_ZN6evmone8baseline12_GLOBAL__N_118check_requirementsILNS_6OpcodeE129EEE16evmc_status_codeRKSt5arrayIsLm256EERlPKN4intx4uintILj256EEESE_
FN:151,baseline_execution.cpp:_ZN6evmone8baseline12_GLOBAL__N_16invokeILNS_6OpcodeE130EEENS1_8PositionERKSt5arrayIsLm256EEPKN4intx4uintILj256EEES4_RlRNS_14ExecutionStateE
FN:46,baseline_execution.cpp:_ZN6evmone8baseline12_GLOBAL__N_118check_requirementsILNS_6OpcodeE130EEE16evmc_status_codeRKSt5arrayIsLm256EERlPKN4intx4uintILj256EEESE_
FN:151,baseline_execution.cpp:_ZN6evmone8baseline12_GLOBAL__N_16invokeILNS_6OpcodeE131EEENS1_8PositionERKSt5arrayIsLm256EEPKN4intx4uintILj256EEES4_RlRNS_14ExecutionStateE
FN:46,baseline_execution.cpp:_ZN6evmone8baseline12_GLOBAL__N_118check_requirementsILNS_6OpcodeE131EEE16evmc_status_codeRKSt5arrayIsLm256EERlPKN4intx4uintILj256EEESE_
FN:151,baseline_execution.cpp:_ZN6evmone8baseline12_GLOBAL__N_16invokeILNS_6OpcodeE132EEENS1_8PositionERKSt5arrayIsLm256EEPKN4intx4uintILj256EEES4_RlRNS_14ExecutionStateE
FN:46,baseline_execution.cpp:_ZN6evmone8baseline12_GLOBAL__N_118check_requirementsILNS_6OpcodeE132EEE16evmc_status_codeRKSt5arrayIsLm256EERlPKN4intx4uintILj256EEESE_
FN:151,baseline_execution.cpp:_ZN6evmone8baseline12_GLOBAL__N_16invokeILNS_6OpcodeE133EEENS1_8PositionERKSt5arrayIsLm256EEPKN4intx4uintILj256EEES4_RlRNS_14ExecutionStateE
FN:46,baseline_execution.cpp:_ZN6evmone8baseline12_GLOBAL__N_118check_requirementsILNS_6OpcodeE133EEE16evmc_status_codeRKSt5arrayIsLm256EERlPKN4intx4uintILj256EEESE_
FN:151,baseline_execution.cpp:_ZN6evmone8baseline12_GLOBAL__N_16invokeILNS_6OpcodeE134EEENS1_8PositionERKSt5arrayIsLm256EEPKN4intx4uintILj256EEES4_RlRNS_14ExecutionStateE
FN:46,baseline_execution.cpp:_ZN6evmone8baseline12_GLOBAL__N_118check_requirementsILNS_6OpcodeE134EEE16evmc_status_codeRKSt5arrayIsLm256EERlPKN4intx4uintILj256EEESE_
FN:151,baseline_execution.cpp:_ZN6evmone8baseline12_GLOBAL__N_16invokeILNS_6OpcodeE135EEENS1_8PositionERKSt5arrayIsLm256EEPKN4intx4uintILj256EEES4_RlRNS_14ExecutionStateE
FN:46,baseline_execution.cpp:_ZN6evmone8baseline12_GLOBAL__N_118check_requirementsILNS_6OpcodeE135EEE16evmc_status_codeRKSt5arrayIsLm256EERlPKN4intx4uintILj256EEESE_
FN:151,baseline_execution.cpp:_ZN6evmone8baseline12_GLOBAL__N_16invokeILNS_6OpcodeE136EEENS1_8PositionERKSt5arrayIsLm256EEPKN4intx4uintILj256EEES4_RlRNS_14ExecutionStateE
FN:46,baseline_execution.cpp:_ZN6evmone8baseline12_GLOBAL__N_118check_requirementsILNS_6OpcodeE136EEE16evmc_status_codeRKSt5arrayIsLm256EERlPKN4intx4uintILj256EEESE_
FN:151,baseline_execution.cpp:_ZN6evmone8baseline12_GLOBAL__N_16invokeILNS_6OpcodeE137EEENS1_8PositionERKSt5arrayIsLm256EEPKN4intx4uintILj256EEES4_RlRNS_14ExecutionStateE
FN:46,baseline_execution.cpp:_ZN6evmone8baseline12_GLOBAL__N_118check_requirementsILNS_6OpcodeE137EEE16evmc_status_codeRKSt5arrayIsLm256EERlPKN4intx4uintILj256EEESE_
FN:151,baseline_execution.cpp:_ZN6evmone8baseline12_GLOBAL__N_16invokeILNS_6OpcodeE138EEENS1_8PositionERKSt5arrayIsLm256EEPKN4intx4uintILj256EEES4_RlRNS_14ExecutionStateE
FN:46,baseline_execution.cpp:_ZN6evmone8baseline12_GLOBAL__N_118check_requirementsILNS_6OpcodeE138EEE16evmc_status_codeRKSt5arrayIsLm256EERlPKN4intx4uintILj256EEESE_
FN:151,baseline_execution.cpp:_ZN6evmone8baseline12_GLOBAL__N_16invokeILNS_6OpcodeE139EEENS1_8PositionERKSt5arrayIsLm256EEPKN4intx4uintILj256EEES4_RlRNS_14ExecutionStateE
FN:46,baseline_execution.cpp:_ZN6evmone8baseline12_GLOBAL__N_118check_requirementsILNS_6OpcodeE139EEE16evmc_status_codeRKSt5arrayIsLm256EERlPKN4intx4uintILj256EEESE_
FN:151,baseline_execution.cpp:_ZN6evmone8baseline12_GLOBAL__N_16invokeILNS_6OpcodeE140EEENS1_8PositionERKSt5arrayIsLm256EEPKN4intx4uintILj256EEES4_RlRNS_14ExecutionStateE
FN:46,baseline_execution.cpp:_ZN6evmone8baseline12_GLOBAL__N_118check_requirementsILNS_6OpcodeE140EEE16evmc_status_codeRKSt5arrayIsLm256EERlPKN4intx4uintILj256EEESE_
FN:151,baseline_execution.cpp:_ZN6evmone8baseline12_GLOBAL__N_16invokeILNS_6OpcodeE141EEENS1_8PositionERKSt5arrayIsLm256EEPKN4intx4uintILj256EEES4_RlRNS_14ExecutionStateE
FN:46,baseline_execution.cpp:_ZN6evmone8baseline12_GLOBAL__N_118check_requirementsILNS_6OpcodeE141EEE16evmc_status_codeRKSt5arrayIsLm256EERlPKN4intx4uintILj256EEESE_
FN:151,baseline_execution.cpp:_ZN6evmone8baseline12_GLOBAL__N_16invokeILNS_6OpcodeE142EEENS1_8PositionERKSt5arrayIsLm256EEPKN4intx4uintILj256EEES4_RlRNS_14ExecutionStateE
FN:46,baseline_execution.cpp:_ZN6evmone8baseline12_GLOBAL__N_118check_requirementsILNS_6OpcodeE142EEE16evmc_status_codeRKSt5arrayIsLm256EERlPKN4intx4uintILj256EEESE_
FN:151,baseline_execution.cpp:_ZN6evmone8baseline12_GLOBAL__N_16invokeILNS_6OpcodeE143EEENS1_8PositionERKSt5arrayIsLm256EEPKN4intx4uintILj256EEES4_RlRNS_14ExecutionStateE
FN:46,baseline_execution.cpp:_ZN6evmone8baseline12_GLOBAL__N_118check_requirementsILNS_6OpcodeE143EEE16evmc_status_codeRKSt5arrayIsLm256EERlPKN4intx4uintILj256EEESE_
FN:151,baseline_execution.cpp:_ZN6evmone8baseline12_GLOBAL__N_16invokeILNS_6OpcodeE144EEENS1_8PositionERKSt5arrayIsLm256EEPKN4intx4uintILj256EEES4_RlRNS_14ExecutionStateE
FN:46,baseline_execution.cpp:_ZN6evmone8baseline12_GLOBAL__N_118check_requirementsILNS_6OpcodeE144EEE16evmc_status_codeRKSt5arrayIsLm256EERlPKN4intx4uintILj256EEESE_
FN:151,baseline_execution.cpp:_ZN6evmone8baseline12_GLOBAL__N_16invokeILNS_6OpcodeE145EEENS1_8PositionERKSt5arrayIsLm256EEPKN4intx4uintILj256EEES4_RlRNS_14ExecutionStateE
FN:46,baseline_execution.cpp:_ZN6evmone8baseline12_GLOBAL__N_118check_requirementsILNS_6OpcodeE145EEE16evmc_status_codeRKSt5arrayIsLm256EERlPKN4intx4uintILj256EEESE_
FN:151,baseline_execution.cpp:_ZN6evmone8baseline12_GLOBAL__N_16invokeILNS_6OpcodeE146EEENS1_8PositionERKSt5arrayIsLm256EEPKN4intx4uintILj256EEES4_RlRNS_14ExecutionStateE
FN:46,baseline_execution.cpp:_ZN6evmone8baseline12_GLOBAL__N_118check_requirementsILNS_6OpcodeE146EEE16evmc_status_codeRKSt5arrayIsLm256EERlPKN4intx4uintILj256EEESE_
FN:151,baseline_execution.cpp:_ZN6evmone8baseline12_GLOBAL__N_16invokeILNS_6OpcodeE147EEENS1_8PositionERKSt5arrayIsLm256EEPKN4intx4uintILj256EEES4_RlRNS_14ExecutionStateE
FN:46,baseline_execution.cpp:_ZN6evmone8baseline12_GLOBAL__N_118check_requirementsILNS_6OpcodeE147EEE16evmc_status_codeRKSt5arrayIsLm256EERlPKN4intx4uintILj256EEESE_
FN:151,baseline_execution.cpp:_ZN6evmone8baseline12_GLOBAL__N_16invokeILNS_6OpcodeE148EEENS1_8PositionERKSt5arrayIsLm256EEPKN4intx4uintILj256EEES4_RlRNS_14ExecutionStateE
FN:46,baseline_execution.cpp:_ZN6evmone8baseline12_GLOBAL__N_118check_requirementsILNS_6OpcodeE148EEE16evmc_status_codeRKSt5arrayIsLm256EERlPKN4intx4uintILj256EEESE_
FN:151,baseline_execution.cpp:_ZN6evmone8baseline12_GLOBAL__N_16invokeILNS_6OpcodeE149EEENS1_8PositionERKSt5arrayIsLm256EEPKN4intx4uintILj256EEES4_RlRNS_14ExecutionStateE
FN:46,baseline_execution.cpp:_ZN6evmone8baseline12_GLOBAL__N_118check_requirementsILNS_6OpcodeE149EEE16evmc_status_codeRKSt5arrayIsLm256EERlPKN4intx4uintILj256EEESE_
FN:151,baseline_execution.cpp:_ZN6evmone8baseline12_GLOBAL__N_16invokeILNS_6OpcodeE150EEENS1_8PositionERKSt5arrayIsLm256EEPKN4intx4uintILj256EEES4_RlRNS_14ExecutionStateE
FN:46,baseline_execution.cpp:_ZN6evmone8baseline12_GLOBAL__N_118check_requirementsILNS_6OpcodeE150EEE16evmc_status_codeRKSt5arrayIsLm256EERlPKN4intx4uintILj256EEESE_
FN:151,baseline_execution.cpp:_ZN6evmone8baseline12_GLOBAL__N_16invokeILNS_6OpcodeE151EEENS1_8PositionERKSt5arrayIsLm256EEPKN4intx4uintILj256EEES4_RlRNS_14ExecutionStateE
FN:46,baseline_execution.cpp:_ZN6evmone8baseline12_GLOBAL__N_118check_requirementsILNS_6OpcodeE151EEE16evmc_status_codeRKSt5arrayIsLm256EERlPKN4intx4uintILj256EEESE_
FN:151,baseline_execution.cpp:_ZN6evmone8baseline12_GLOBAL__N_16invokeILNS_6OpcodeE152EEENS1_8PositionERKSt5arrayIsLm256EEPKN4intx4uintILj256EEES4_RlRNS_14ExecutionStateE
FN:46,baseline_execution.cpp:_ZN6evmone8baseline12_GLOBAL__N_118check_requirementsILNS_6OpcodeE152EEE16evmc_status_codeRKSt5arrayIsLm256EERlPKN4intx4uintILj256EEESE_
FN:151,baseline_execution.cpp:_ZN6evmone8baseline12_GLOBAL__N_16invokeILNS_6OpcodeE153EEENS1_8PositionERKSt5arrayIsLm256EEPKN4intx4uintILj256EEES4_RlRNS_14ExecutionStateE
FN:46,baseline_execution.cpp:_ZN6evmone8baseline12_GLOBAL__N_118check_requirementsILNS_6OpcodeE153EEE16evmc_status_codeRKSt5arrayIsLm256EERlPKN4intx4uintILj256EEESE_
FN:151,baseline_execution.cpp:_ZN6evmone8baseline12_GLOBAL__N_16invokeILNS_6OpcodeE154EEENS1_8PositionERKSt5arrayIsLm256EEPKN4intx4uintILj256EEES4_RlRNS_14ExecutionStateE
FN:46,baseline_execution.cpp:_ZN6evmone8baseline12_GLOBAL__N_118check_requirementsILNS_6OpcodeE154EEE16evmc_status_codeRKSt5arrayIsLm256EERlPKN4intx4uintILj256EEESE_
FN:151,baseline_execution.cpp:_ZN6evmone8baseline12_GLOBAL__N_16invokeILNS_6OpcodeE155EEENS1_8PositionERKSt5arrayIsLm256EEPKN4intx4uintILj256EEES4_RlRNS_14ExecutionStateE
FN:46,baseline_execution.cpp:_ZN6evmone8baseline12_GLOBAL__N_118check_requirementsILNS_6OpcodeE155EEE16evmc_status_codeRKSt5arrayIsLm256EERlPKN4intx4uintILj256EEESE_
FN:151,baseline_execution.cpp:_ZN6evmone8baseline12_GLOBAL__N_16invokeILNS_6OpcodeE156EEENS1_8PositionERKSt5arrayIsLm256EEPKN4intx4uintILj256EEES4_RlRNS_14ExecutionStateE
FN:46,baseline_execution.cpp:_ZN6evmone8baseline12_GLOBAL__N_118check_requirementsILNS_6OpcodeE156EEE16evmc_status_codeRKSt5arrayIsLm256EERlPKN4intx4uintILj256EEESE_
FN:151,baseline_execution.cpp:_ZN6evmone8baseline12_GLOBAL__N_16invokeILNS_6OpcodeE157EEENS1_8PositionERKSt5arrayIsLm256EEPKN4intx4uintILj256EEES4_RlRNS_14ExecutionStateE
FN:46,baseline_execution.cpp:_ZN6evmone8baseline12_GLOBAL__N_118check_requirementsILNS_6OpcodeE157EEE16evmc_status_codeRKSt5arrayIsLm256EERlPKN4intx4uintILj256EEESE_
FN:151,baseline_execution.cpp:_ZN6evmone8baseline12_GLOBAL__N_16invokeILNS_6OpcodeE158EEENS1_8PositionERKSt5arrayIsLm256EEPKN4intx4uintILj256EEES4_RlRNS_14ExecutionStateE
FN:46,baseline_execution.cpp:_ZN6evmone8baseline12_GLOBAL__N_118check_requirementsILNS_6OpcodeE158EEE16evmc_status_codeRKSt5arrayIsLm256EERlPKN4intx4uintILj256EEESE_
FN:151,baseline_execution.cpp:_ZN6evmone8baseline12_GLOBAL__N_16invokeILNS_6OpcodeE159EEENS1_8PositionERKSt5arrayIsLm256EEPKN4intx4uintILj256EEES4_RlRNS_14ExecutionStateE
FN:46,baseline_execution.cpp:_ZN6evmone8baseline12_GLOBAL__N_118check_requirementsILNS_6OpcodeE159EEE16evmc_status_codeRKSt5arrayIsLm256EERlPKN4intx4uintILj256EEESE_
FN:151,baseline_execution.cpp:_ZN6evmone8baseline12_GLOBAL__N_16invokeILNS_6OpcodeE160EEENS1_8PositionERKSt5arrayIsLm256EEPKN4intx4uintILj256EEES4_RlRNS_14ExecutionStateE
FN:46,baseline_execution.cpp:_ZN6evmone8baseline12_GLOBAL__N_118check_requirementsILNS_6OpcodeE160EEE16evmc_status_codeRKSt5arrayIsLm256EERlPKN4intx4uintILj256EEESE_
FN:151,baseline_execution.cpp:_ZN6evmone8baseline12_GLOBAL__N_16invokeILNS_6OpcodeE161EEENS1_8PositionERKSt5arrayIsLm256EEPKN4intx4uintILj256EEES4_RlRNS_14ExecutionStateE
FN:46,baseline_execution.cpp:_ZN6evmone8baseline12_GLOBAL__N_118check_requirementsILNS_6OpcodeE161EEE16evmc_status_codeRKSt5arrayIsLm256EERlPKN4intx4uintILj256EEESE_
FN:151,baseline_execution.cpp:_ZN6evmone8baseline12_GLOBAL__N_16invokeILNS_6OpcodeE162EEENS1_8PositionERKSt5arrayIsLm256EEPKN4intx4uintILj256EEES4_RlRNS_14ExecutionStateE
FN:46,baseline_execution.cpp:_ZN6evmone8baseline12_GLOBAL__N_118check_requirementsILNS_6OpcodeE162EEE16evmc_status_codeRKSt5arrayIsLm256EERlPKN4intx4uintILj256EEESE_
FN:151,baseline_execution.cpp:_ZN6evmone8baseline12_GLOBAL__N_16invokeILNS_6OpcodeE163EEENS1_8PositionERKSt5arrayIsLm256EEPKN4intx4uintILj256EEES4_RlRNS_14ExecutionStateE
FN:46,baseline_execution.cpp:_ZN6evmone8baseline12_GLOBAL__N_118check_requirementsILNS_6OpcodeE163EEE16evmc_status_codeRKSt5arrayIsLm256EERlPKN4intx4uintILj256EEESE_
FN:151,baseline_execution.cpp:_ZN6evmone8baseline12_GLOBAL__N_16invokeILNS_6OpcodeE164EEENS1_8PositionERKSt5arrayIsLm256EEPKN4intx4uintILj256EEES4_RlRNS_14ExecutionStateE
FN:46,baseline_execution.cpp:_ZN6evmone8baseline12_GLOBAL__N_118check_requirementsILNS_6OpcodeE164EEE16evmc_status_codeRKSt5arrayIsLm256EERlPKN4intx4uintILj256EEESE_
FN:151,baseline_execution.cpp:_ZN6evmone8baseline12_GLOBAL__N_16invokeILNS_6OpcodeE240EEENS1_8PositionERKSt5arrayIsLm256EEPKN4intx4uintILj256EEES4_RlRNS_14ExecutionStateE
FN:46,baseline_execution.cpp:_ZN6evmone8baseline12_GLOBAL__N_118check_requirementsILNS_6OpcodeE240EEE16evmc_status_codeRKSt5arrayIsLm256EERlPKN4intx4uintILj256EEESE_
FN:151,baseline_execution.cpp:_ZN6evmone8baseline12_GLOBAL__N_16invokeILNS_6OpcodeE241EEENS1_8PositionERKSt5arrayIsLm256EEPKN4intx4uintILj256EEES4_RlRNS_14ExecutionStateE
FN:46,baseline_execution.cpp:_ZN6evmone8baseline12_GLOBAL__N_118check_requirementsILNS_6OpcodeE241EEE16evmc_status_codeRKSt5arrayIsLm256EERlPKN4intx4uintILj256EEESE_
FN:151,baseline_execution.cpp:_ZN6evmone8baseline12_GLOBAL__N_16invokeILNS_6OpcodeE242EEENS1_8PositionERKSt5arrayIsLm256EEPKN4intx4uintILj256EEES4_RlRNS_14ExecutionStateE
FN:46,baseline_execution.cpp:_ZN6evmone8baseline12_GLOBAL__N_118check_requirementsILNS_6OpcodeE242EEE16evmc_status_codeRKSt5arrayIsLm256EERlPKN4intx4uintILj256EEESE_
FN:151,baseline_execution.cpp:_ZN6evmone8baseline12_GLOBAL__N_16invokeILNS_6OpcodeE243EEENS1_8PositionERKSt5arrayIsLm256EEPKN4intx4uintILj256EEES4_RlRNS_14ExecutionStateE
FN:46,baseline_execution.cpp:_ZN6evmone8baseline12_GLOBAL__N_118check_requirementsILNS_6OpcodeE243EEE16evmc_status_codeRKSt5arrayIsLm256EERlPKN4intx4uintILj256EEESE_
FN:151,baseline_execution.cpp:_ZN6evmone8baseline12_GLOBAL__N_16invokeILNS_6OpcodeE244EEENS1_8PositionERKSt5arrayIsLm256EEPKN4intx4uintILj256EEES4_RlRNS_14ExecutionStateE
FN:46,baseline_execution.cpp:_ZN6evmone8baseline12_GLOBAL__N_118check_requirementsILNS_6OpcodeE244EEE16evmc_status_codeRKSt5arrayIsLm256EERlPKN4intx4uintILj256EEESE_
FN:151,baseline_execution.cpp:_ZN6evmone8baseline12_GLOBAL__N_16invokeILNS_6OpcodeE245EEENS1_8PositionERKSt5arrayIsLm256EEPKN4intx4uintILj256EEES4_RlRNS_14ExecutionStateE
FN:46,baseline_execution.cpp:_ZN6evmone8baseline12_GLOBAL__N_118check_requirementsILNS_6OpcodeE245EEE16evmc_status_codeRKSt5arrayIsLm256EERlPKN4intx4uintILj256EEESE_
FN:151,baseline_execution.cpp:_ZN6evmone8baseline12_GLOBAL__N_16invokeILNS_6OpcodeE250EEENS1_8PositionERKSt5arrayIsLm256EEPKN4intx4uintILj256EEES4_RlRNS_14ExecutionStateE
FN:46,baseline_execution.cpp:_ZN6evmone8baseline12_GLOBAL__N_118check_requirementsILNS_6OpcodeE250EEE16evmc_status_codeRKSt5arrayIsLm256EERlPKN4intx4uintILj256EEESE_
FN:151,baseline_execution.cpp:_ZN6evmone8baseline12_GLOBAL__N_16invokeILNS_6OpcodeE253EEENS1_8PositionERKSt5arrayIsLm256EEPKN4intx4uintILj256EEES4_RlRNS_14ExecutionStateE
FN:46,baseline_execution.cpp:_ZN6evmone8baseline12_GLOBAL__N_118check_requirementsILNS_6OpcodeE253EEE16evmc_status_codeRKSt5arrayIsLm256EERlPKN4intx4uintILj256EEESE_
FN:151,baseline_execution.cpp:_ZN6evmone8baseline12_GLOBAL__N_16invokeILNS_6OpcodeE254EEENS1_8PositionERKSt5arrayIsLm256EEPKN4intx4uintILj256EEES4_RlRNS_14ExecutionStateE
FN:46,baseline_execution.cpp:_ZN6evmone8baseline12_GLOBAL__N_118check_requirementsILNS_6OpcodeE254EEE16evmc_status_codeRKSt5arrayIsLm256EERlPKN4intx4uintILj256EEESE_
FN:151,baseline_execution.cpp:_ZN6evmone8baseline12_GLOBAL__N_16invokeILNS_6OpcodeE255EEENS1_8PositionERKSt5arrayIsLm256EEPKN4intx4uintILj256EEES4_RlRNS_14ExecutionStateE
FN:46,baseline_execution.cpp:_ZN6evmone8baseline12_GLOBAL__N_118check_requirementsILNS_6OpcodeE255EEE16evmc_status_codeRKSt5arrayIsLm256EERlPKN4intx4uintILj256EEESE_
FN:167,baseline_execution.cpp:_ZN6evmone8baseline12_GLOBAL__N_18dispatchILb1EEElRKSt5arrayIsLm256EERNS_14ExecutionStateElPKhPNS_6TracerE
FN:167,baseline_execution.cpp:_ZN6evmone8baseline12_GLOBAL__N_18dispatchILb0EEElRKSt5arrayIsLm256EERNS_14ExecutionStateElPKhPNS_6TracerE
FNDA:2785059,_ZN6evmone8baseline7executeERNS_2VMERK19evmc_host_interfaceP17evmc_host_context13evmc_revisionRK12evmc_messageRKNS0_12CodeAnalysisE
FNDA:2785059,_ZN6evmone8baseline7executeEP7evmc_vmPK19evmc_host_interfaceP17evmc_host_context13evmc_revisionPK12evmc_messagePKhm
FNDA:2785059,baseline_execution.cpp:_ZN6evmone8baseline12_GLOBAL__N_114dispatch_cgotoERKSt5arrayIsLm256EERNS_14ExecutionStateElPKh
FNDA:1421483,baseline_execution.cpp:_ZN6evmone8baseline12_GLOBAL__N_16invokeILNS_6OpcodeE0EEENS1_8PositionERKSt5arrayIsLm256EEPKN4intx4uintILj256EEES4_RlRNS_14ExecutionStateE
FNDA:1421483,baseline_execution.cpp:_ZN6evmone8baseline12_GLOBAL__N_118check_requirementsILNS_6OpcodeE0EEE16evmc_status_codeRKSt5arrayIsLm256EERlPKN4intx4uintILj256EEESE_
FNDA:1992225,baseline_execution.cpp:_ZN6evmone8baseline12_GLOBAL__N_16invokeEPDoFNS_10TermResultENS_8StackTopElRNS_14ExecutionStateEENS1_8PositionERlS5_
FNDA:15891429,baseline_execution.cpp:_ZN6evmone8baseline12_GLOBAL__N_16invokeILNS_6OpcodeE1EEENS1_8PositionERKSt5arrayIsLm256EEPKN4intx4uintILj256EEES4_RlRNS_14ExecutionStateE
FNDA:15891429,baseline_execution.cpp:_ZN6evmone8baseline12_GLOBAL__N_118check_requirementsILNS_6OpcodeE1EEE16evmc_status_codeRKSt5arrayIsLm256EERlPKN4intx4uintILj256EEESE_
FNDA:73240123,baseline_execution.cpp:_ZN6evmone8baseline12_GLOBAL__N_16invokeEPDoFvNS_8StackTopEENS1_8PositionERlRNS_14ExecutionStateE
FNDA:244381,baseline_execution.cpp:_ZN6evmone8baseline12_GLOBAL__N_16invokeILNS_6OpcodeE2EEENS1_8PositionERKSt5arrayIsLm256EEPKN4intx4uintILj256EEES4_RlRNS_14ExecutionStateE
FNDA:244381,baseline_execution.cpp:_ZN6evmone8baseline12_GLOBAL__N_118check_requirementsILNS_6OpcodeE2EEE16evmc_status_codeRKSt5arrayIsLm256EERlPKN4intx4uintILj256EEESE_
FNDA:3314336,baseline_execution.cpp:_ZN6evmone8baseline12_GLOBAL__N_16invokeILNS_6OpcodeE3EEENS1_8PositionERKSt5arrayIsLm256EEPKN4intx4uintILj256EEES4_RlRNS_14ExecutionStateE
FNDA:3314336,baseline_execution.cpp:_ZN6evmone8baseline12_GLOBAL__N_118check_requirementsILNS_6OpcodeE3EEE16evmc_status_codeRKSt5arrayIsLm256EERlPKN4intx4uintILj256EEESE_
FNDA:46515,baseline_execution.cpp:_ZN6evmone8baseline12_GLOBAL__N_16invokeILNS_6OpcodeE4EEENS1_8PositionERKSt5arrayIsLm256EEPKN4intx4uintILj256EEES4_RlRNS_14ExecutionStateE
FNDA:46515,baseline_execution.cpp:_ZN6evmone8baseline12_GLOBAL__N_118check_requirementsILNS_6OpcodeE4EEE16evmc_status_codeRKSt5arrayIsLm256EERlPKN4intx4uintILj256EEESE_
FNDA:4089,baseline_execution.cpp:_ZN6evmone8baseline12_GLOBAL__N_16invokeILNS_6OpcodeE5EEENS1_8PositionERKSt5arrayIsLm256EEPKN4intx4uintILj256EEES4_RlRNS_14ExecutionStateE
FNDA:4089,baseline_execution.cpp:_ZN6evmone8baseline12_GLOBAL__N_118check_requirementsILNS_6OpcodeE5EEE16evmc_status_codeRKSt5arrayIsLm256EERlPKN4intx4uintILj256EEESE_
FNDA:158521,baseline_execution.cpp:_ZN6evmone8baseline12_GLOBAL__N_16invokeILNS_6OpcodeE6EEENS1_8PositionERKSt5arrayIsLm256EEPKN4intx4uintILj256EEES4_RlRNS_14ExecutionStateE
FNDA:158521,baseline_execution.cpp:_ZN6evmone8baseline12_GLOBAL__N_118check_requirementsILNS_6OpcodeE6EEE16evmc_status_codeRKSt5arrayIsLm256EERlPKN4intx4uintILj256EEESE_
FNDA:3624,baseline_execution.cpp:_ZN6evmone8baseline12_GLOBAL__N_16invokeILNS_6OpcodeE7EEENS1_8PositionERKSt5arrayIsLm256EEPKN4intx4uintILj256EEES4_RlRNS_14ExecutionStateE
FNDA:3624,baseline_execution.cpp:_ZN6evmone8baseline12_GLOBAL__N_118check_requirementsILNS_6OpcodeE7EEE16evmc_status_codeRKSt5arrayIsLm256EERlPKN4intx4uintILj256EEESE_
FNDA:2110,baseline_execution.cpp:_ZN6evmone8baseline12_GLOBAL__N_16invokeILNS_6OpcodeE8EEENS1_8PositionERKSt5arrayIsLm256EEPKN4intx4uintILj256EEES4_RlRNS_14ExecutionStateE
FNDA:2110,baseline_execution.cpp:_ZN6evmone8baseline12_GLOBAL__N_118check_requirementsILNS_6OpcodeE8EEE16evmc_status_codeRKSt5arrayIsLm256EERlPKN4intx4uintILj256EEESE_
FNDA:2384,baseline_execution.cpp:_ZN6evmone8baseline12_GLOBAL__N_16invokeILNS_6OpcodeE9EEENS1_8PositionERKSt5arrayIsLm256EEPKN4intx4uintILj256EEES4_RlRNS_14ExecutionStateE
FNDA:2384,baseline_execution.cpp:_ZN6evmone8baseline12_GLOBAL__N_118check_requirementsILNS_6OpcodeE9EEE16evmc_status_codeRKSt5arrayIsLm256EERlPKN4intx4uintILj256EEESE_
FNDA:37476,baseline_execution.cpp:_ZN6evmone8baseline12_GLOBAL__N_16invokeILNS_6OpcodeE10EEENS1_8PositionERKSt5arrayIsLm256EEPKN4intx4uintILj256EEES4_RlRNS_14ExecutionStateE
FNDA:37476,baseline_execution.cpp:_ZN6evmone8baseline12_GLOBAL__N_118check_requirementsILNS_6OpcodeE10EEE16evmc_status_codeRKSt5arrayIsLm256EERlPKN4intx4uintILj256EEESE_
FNDA:57549520,baseline_execution.cpp:_ZN6evmone8baseline12_GLOBAL__N_16invokeEPDoFNS_6ResultENS_8StackTopElRNS_14ExecutionStateEENS1_8PositionERlS5_
FNDA:2640,baseline_execution.cpp:_ZN6evmone8baseline12_GLOBAL__N_16invokeILNS_6OpcodeE11EEENS1_8PositionERKSt5arrayIsLm256EEPKN4intx4uintILj256EEES4_RlRNS_14ExecutionStateE
FNDA:2640,baseline_execution.cpp:_ZN6evmone8baseline12_GLOBAL__N_118check_requirementsILNS_6OpcodeE11EEE16evmc_status_codeRKSt5arrayIsLm256EERlPKN4intx4uintILj256EEESE_
FNDA:2935926,baseline_execution.cpp:_ZN6evmone8baseline12_GLOBAL__N_16invokeILNS_6OpcodeE16EEENS1_8PositionERKSt5arrayIsLm256EEPKN4intx4uintILj256EEES4_RlRNS_14ExecutionStateE
FNDA:2935926,baseline_execution.cpp:_ZN6evmone8baseline12_GLOBAL__N_118check_requirementsILNS_6OpcodeE16EEE16evmc_status_codeRKSt5arrayIsLm256EERlPKN4intx4uintILj256EEESE_
FNDA:403833,baseline_execution.cpp:_ZN6evmone8baseline12_GLOBAL__N_16invokeILNS_6OpcodeE17EEENS1_8PositionERKSt5arrayIsLm256EEPKN4intx4uintILj256EEES4_RlRNS_14ExecutionStateE
FNDA:403833,baseline_execution.cpp:_ZN6evmone8baseline12_GLOBAL__N_118check_requirementsILNS_6OpcodeE17EEE16evmc_status_codeRKSt5arrayIsLm256EERlPKN4intx4uintILj256EEESE_
FNDA:6622,baseline_execution.cpp:_ZN6evmone8baseline12_GLOBAL__N_16invokeILNS_6OpcodeE18EEENS1_8PositionERKSt5arrayIsLm256EEPKN4intx4uintILj256EEES4_RlRNS_14ExecutionStateE
FNDA:6622,baseline_execution.cpp:_ZN6evmone8baseline12_GLOBAL__N_118check_requirementsILNS_6OpcodeE18EEE16evmc_status_codeRKSt5arrayIsLm256EERlPKN4intx4uintILj256EEESE_
FNDA:6262,baseline_execution.cpp:_ZN6evmone8baseline12_GLOBAL__N_16invokeILNS_6OpcodeE19EEENS1_8PositionERKSt5arrayIsLm256EEPKN4intx4uintILj256EEES4_RlRNS_14ExecutionStateE
FNDA:6262,baseline_execution.cpp:_ZN6evmone8baseline12_GLOBAL__N_118check_requirementsILNS_6OpcodeE19EEE16evmc_status_codeRKSt5arrayIsLm256EERlPKN4intx4uintILj256EEESE_
FNDA:841632,baseline_execution.cpp:_ZN6evmone8baseline12_GLOBAL__N_16invokeILNS_6OpcodeE20EEENS1_8PositionERKSt5arrayIsLm256EEPKN4intx4uintILj256EEES4_RlRNS_14ExecutionStateE
FNDA:841632,baseline_execution.cpp:_ZN6evmone8baseline12_GLOBAL__N_118check_requirementsILNS_6OpcodeE20EEE16evmc_status_codeRKSt5arrayIsLm256EERlPKN4intx4uintILj256EEESE_
FNDA:5288622,baseline_execution.cpp:_ZN6evmone8baseline12_GLOBAL__N_16invokeILNS_6OpcodeE21EEENS1_8PositionERKSt5arrayIsLm256EEPKN4intx4uintILj256EEES4_RlRNS_14ExecutionStateE
FNDA:5288622,baseline_execution.cpp:_ZN6evmone8baseline12_GLOBAL__N_118check_requirementsILNS_6OpcodeE21EEE16evmc_status_codeRKSt5arrayIsLm256EERlPKN4intx4uintILj256EEESE_
FNDA:125205,baseline_execution.cpp:_ZN6evmone8baseline12_GLOBAL__N_16invokeILNS_6OpcodeE22EEENS1_8PositionERKSt5arrayIsLm256EEPKN4intx4uintILj256EEES4_RlRNS_14ExecutionStateE
FNDA:125205,baseline_execution.cpp:_ZN6evmone8baseline12_GLOBAL__N_118check_requirementsILNS_6OpcodeE22EEE16evmc_status_codeRKSt5arrayIsLm256EERlPKN4intx4uintILj256EEESE_
FNDA:51107,baseline_execution.cpp:_ZN6evmone8baseline12_GLOBAL__N_16invokeILNS_6OpcodeE23EEENS1_8PositionERKSt5arrayIsLm256EEPKN4intx4uintILj256EEES4_RlRNS_14ExecutionStateE
FNDA:51107,baseline_execution.cpp:_ZN6evmone8baseline12_GLOBAL__N_118check_requirementsILNS_6OpcodeE23EEE16evmc_status_codeRKSt5arrayIsLm256EERlPKN4intx4uintILj256EEESE_
FNDA:1726,baseline_execution.cpp:_ZN6evmone8baseline12_GLOBAL__N_16invokeILNS_6OpcodeE24EEENS1_8PositionERKSt5arrayIsLm256EEPKN4intx4uintILj256EEES4_RlRNS_14ExecutionStateE
FNDA:1726,baseline_execution.cpp:_ZN6evmone8baseline12_GLOBAL__N_118check_requirementsILNS_6OpcodeE24EEE16evmc_status_codeRKSt5arrayIsLm256EERlPKN4intx4uintILj256EEESE_
FNDA:67838,baseline_execution.cpp:_ZN6evmone8baseline12_GLOBAL__N_16invokeILNS_6OpcodeE25EEENS1_8PositionERKSt5arrayIsLm256EEPKN4intx4uintILj256EEES4_RlRNS_14ExecutionStateE
FNDA:67838,baseline_execution.cpp:_ZN6evmone8baseline12_GLOBAL__N_118check_requirementsILNS_6OpcodeE25EEE16evmc_status_codeRKSt5arrayIsLm256EERlPKN4intx4uintILj256EEESE_
FNDA:75504,baseline_execution.cpp:_ZN6evmone8baseline12_GLOBAL__N_16invokeILNS_6OpcodeE26EEENS1_8PositionERKSt5arrayIsLm256EEPKN4intx4uintILj256EEES4_RlRNS_14ExecutionStateE
FNDA:75504,baseline_execution.cpp:_ZN6evmone8baseline12_GLOBAL__N_118check_requirementsILNS_6OpcodeE26EEE16evmc_status_codeRKSt5arrayIsLm256EERlPKN4intx4uintILj256EEESE_
FNDA:3467772,baseline_execution.cpp:_ZN6evmone8baseline12_GLOBAL__N_16invokeILNS_6OpcodeE27EEENS1_8PositionERKSt5arrayIsLm256EEPKN4intx4uintILj256EEES4_RlRNS_14ExecutionStateE
FNDA:3467772,baseline_execution.cpp:_ZN6evmone8baseline12_GLOBAL__N_118check_requirementsILNS_6OpcodeE27EEE16evmc_status_codeRKSt5arrayIsLm256EERlPKN4intx4uintILj256EEESE_
FNDA:19422,baseline_execution.cpp:_ZN6evmone8baseline12_GLOBAL__N_16invokeILNS_6OpcodeE28EEENS1_8PositionERKSt5arrayIsLm256EEPKN4intx4uintILj256EEES4_RlRNS_14ExecutionStateE
FNDA:19422,baseline_execution.cpp:_ZN6evmone8baseline12_GLOBAL__N_118check_requirementsILNS_6OpcodeE28EEE16evmc_status_codeRKSt5arrayIsLm256EERlPKN4intx4uintILj256EEESE_
FNDA:9149,baseline_execution.cpp:_ZN6evmone8baseline12_GLOBAL__N_16invokeILNS_6OpcodeE29EEENS1_8PositionERKSt5arrayIsLm256EEPKN4intx4uintILj256EEES4_RlRNS_14ExecutionStateE
FNDA:9149,baseline_execution.cpp:_ZN6evmone8baseline12_GLOBAL__N_118check_requirementsILNS_6OpcodeE29EEE16evmc_status_codeRKSt5arrayIsLm256EERlPKN4intx4uintILj256EEESE_
FNDA:3341,baseline_execution.cpp:_ZN6evmone8baseline12_GLOBAL__N_16invokeILNS_6OpcodeE30EEENS1_8PositionERKSt5arrayIsLm256EEPKN4intx4uintILj256EEES4_RlRNS_14ExecutionStateE
FNDA:3341,baseline_execution.cpp:_ZN6evmone8baseline12_GLOBAL__N_118check_requirementsILNS_6OpcodeE30EEE16evmc_status_codeRKSt5arrayIsLm256EERlPKN4intx4uintILj256EEESE_
FNDA:15860,baseline_execution.cpp:_ZN6evmone8baseline12_GLOBAL__N_16invokeILNS_6OpcodeE32EEENS1_8PositionERKSt5arrayIsLm256EEPKN4intx4uintILj256EEES4_RlRNS_14ExecutionStateE
FNDA:15860,baseline_execution.cpp:_ZN6evmone8baseline12_GLOBAL__N_118check_requirementsILNS_6OpcodeE32EEE16evmc_status_codeRKSt5arrayIsLm256EERlPKN4intx4uintILj256EEESE_
FNDA:57073,baseline_execution.cpp:_ZN6evmone8baseline12_GLOBAL__N_16invokeILNS_6OpcodeE48EEENS1_8PositionERKSt5arrayIsLm256EEPKN4intx4uintILj256EEES4_RlRNS_14ExecutionStateE
FNDA:57073,baseline_execution.cpp:_ZN6evmone8baseline12_GLOBAL__N_118check_requirementsILNS_6OpcodeE48EEE16evmc_status_codeRKSt5arrayIsLm256EERlPKN4intx4uintILj256EEESE_
FNDA:4818559,baseline_execution.cpp:_ZN6evmone8baseline12_GLOBAL__N_16invokeEPDoFvNS_8StackTopERNS_14ExecutionStateEENS1_8PositionERlS4_
FNDA:9796,baseline_execution.cpp:_ZN6evmone8baseline12_GLOBAL__N_16invokeILNS_6OpcodeE49EEENS1_8PositionERKSt5arrayIsLm256EEPKN4intx4uintILj256EEES4_RlRNS_14ExecutionStateE
FNDA:9796,baseline_execution.cpp:_ZN6evmone8baseline12_GLOBAL__N_118check_requirementsILNS_6OpcodeE49EEE16evmc_status_codeRKSt5arrayIsLm256EERlPKN4intx4uintILj256EEESE_
FNDA:23721,baseline_execution.cpp:_ZN6evmone8baseline12_GLOBAL__N_16invokeILNS_6OpcodeE50EEENS1_8PositionERKSt5arrayIsLm256EEPKN4intx4uintILj256EEES4_RlRNS_14ExecutionStateE
FNDA:23721,baseline_execution.cpp:_ZN6evmone8baseline12_GLOBAL__N_118check_requirementsILNS_6OpcodeE50EEE16evmc_status_codeRKSt5arrayIsLm256EERlPKN4intx4uintILj256EEESE_
FNDA:276057,baseline_execution.cpp:_ZN6evmone8baseline12_GLOBAL__N_16invokeILNS_6OpcodeE51EEENS1_8PositionERKSt5arrayIsLm256EEPKN4intx4uintILj256EEES4_RlRNS_14ExecutionStateE
FNDA:276057,baseline_execution.cpp:_ZN6evmone8baseline12_GLOBAL__N_118check_requirementsILNS_6OpcodeE51EEE16evmc_status_codeRKSt5arrayIsLm256EERlPKN4intx4uintILj256EEESE_
FNDA:24820,baseline_execution.cpp:_ZN6evmone8baseline12_GLOBAL__N_16invokeILNS_6OpcodeE52EEENS1_8PositionERKSt5arrayIsLm256EEPKN4intx4uintILj256EEES4_RlRNS_14ExecutionStateE
FNDA:24820,baseline_execution.cpp:_ZN6evmone8baseline12_GLOBAL__N_118check_requirementsILNS_6OpcodeE52EEE16evmc_status_codeRKSt5arrayIsLm256EERlPKN4intx4uintILj256EEESE_
FNDA:1830655,baseline_execution.cpp:_ZN6evmone8baseline12_GLOBAL__N_16invokeILNS_6OpcodeE53EEENS1_8PositionERKSt5arrayIsLm256EEPKN4intx4uintILj256EEES4_RlRNS_14ExecutionStateE
FNDA:1830655,baseline_execution.cpp:_ZN6evmone8baseline12_GLOBAL__N_118check_requirementsILNS_6OpcodeE53EEE16evmc_status_codeRKSt5arrayIsLm256EERlPKN4intx4uintILj256EEESE_
FNDA:185091,baseline_execution.cpp:_ZN6evmone8baseline12_GLOBAL__N_16invokeILNS_6OpcodeE54EEENS1_8PositionERKSt5arrayIsLm256EEPKN4intx4uintILj256EEES4_RlRNS_14ExecutionStateE
FNDA:185091,baseline_execution.cpp:_ZN6evmone8baseline12_GLOBAL__N_118check_requirementsILNS_6OpcodeE54EEE16evmc_status_codeRKSt5arrayIsLm256EERlPKN4intx4uintILj256EEESE_
FNDA:127711,baseline_execution.cpp:_ZN6evmone8baseline12_GLOBAL__N_16invokeILNS_6OpcodeE55EEENS1_8PositionERKSt5arrayIsLm256EEPKN4intx4uintILj256EEES4_RlRNS_14ExecutionStateE
FNDA:127711,baseline_execution.cpp:_ZN6evmone8baseline12_GLOBAL__N_118check_requirementsILNS_6OpcodeE55EEE16evmc_status_codeRKSt5arrayIsLm256EERlPKN4intx4uintILj256EEESE_
FNDA:21765,baseline_execution.cpp:_ZN6evmone8baseline12_GLOBAL__N_16invokeILNS_6OpcodeE56EEENS1_8PositionERKSt5arrayIsLm256EEPKN4intx4uintILj256EEES4_RlRNS_14ExecutionStateE
FNDA:21765,baseline_execution.cpp:_ZN6evmone8baseline12_GLOBAL__N_118check_requirementsILNS_6OpcodeE56EEE16evmc_status_codeRKSt5arrayIsLm256EERlPKN4intx4uintILj256EEESE_
FNDA:23528,baseline_execution.cpp:_ZN6evmone8baseline12_GLOBAL__N_16invokeILNS_6OpcodeE57EEENS1_8PositionERKSt5arrayIsLm256EEPKN4intx4uintILj256EEES4_RlRNS_14ExecutionStateE
FNDA:23528,baseline_execution.cpp:_ZN6evmone8baseline12_GLOBAL__N_118check_requirementsILNS_6OpcodeE57EEE16evmc_status_codeRKSt5arrayIsLm256EERlPKN4intx4uintILj256EEESE_
FNDA:13515,baseline_execution.cpp:_ZN6evmone8baseline12_GLOBAL__N_16invokeILNS_6OpcodeE58EEENS1_8PositionERKSt5arrayIsLm256EEPKN4intx4uintILj256EEES4_RlRNS_14ExecutionStateE
FNDA:13515,baseline_execution.cpp:_ZN6evmone8baseline12_GLOBAL__N_118check_requirementsILNS_6OpcodeE58EEE16evmc_status_codeRKSt5arrayIsLm256EERlPKN4intx4uintILj256EEESE_
FNDA:471711,baseline_execution.cpp:_ZN6evmone8baseline12_GLOBAL__N_16invokeILNS_6OpcodeE59EEENS1_8PositionERKSt5arrayIsLm256EEPKN4intx4uintILj256EEES4_RlRNS_14ExecutionStateE
FNDA:471711,baseline_execution.cpp:_ZN6evmone8baseline12_GLOBAL__N_118check_requirementsILNS_6OpcodeE59EEE16evmc_status_codeRKSt5arrayIsLm256EERlPKN4intx4uintILj256EEESE_
FNDA:13341,baseline_execution.cpp:_ZN6evmone8baseline12_GLOBAL__N_16invokeILNS_6OpcodeE60EEENS1_8PositionERKSt5arrayIsLm256EEPKN4intx4uintILj256EEES4_RlRNS_14ExecutionStateE
FNDA:13341,baseline_execution.cpp:_ZN6evmone8baseline12_GLOBAL__N_118check_requirementsILNS_6OpcodeE60EEE16evmc_status_codeRKSt5arrayIsLm256EERlPKN4intx4uintILj256EEESE_
FNDA:60804,baseline_execution.cpp:_ZN6evmone8baseline12_GLOBAL__N_16invokeILNS_6OpcodeE61EEENS1_8PositionERKSt5arrayIsLm256EEPKN4intx4uintILj256EEES4_RlRNS_14ExecutionStateE
FNDA:60804,baseline_execution.cpp:_ZN6evmone8baseline12_GLOBAL__N_118check_requirementsILNS_6OpcodeE61EEE16evmc_status_codeRKSt5arrayIsLm256EERlPKN4intx4uintILj256EEESE_
FNDA:9692,baseline_execution.cpp:_ZN6evmone8baseline12_GLOBAL__N_16invokeILNS_6OpcodeE62EEENS1_8PositionERKSt5arrayIsLm256EEPKN4intx4uintILj256EEES4_RlRNS_14ExecutionStateE
FNDA:9692,baseline_execution.cpp:_ZN6evmone8baseline12_GLOBAL__N_118check_requirementsILNS_6OpcodeE62EEE16evmc_status_codeRKSt5arrayIsLm256EERlPKN4intx4uintILj256EEESE_
FNDA:3554,baseline_execution.cpp:_ZN6evmone8baseline12_GLOBAL__N_16invokeILNS_6OpcodeE63EEENS1_8PositionERKSt5arrayIsLm256EEPKN4intx4uintILj256EEES4_RlRNS_14ExecutionStateE
FNDA:3554,baseline_execution.cpp:_ZN6evmone8baseline12_GLOBAL__N_118check_requirementsILNS_6OpcodeE63EEE16evmc_status_codeRKSt5arrayIsLm256EERlPKN4intx4uintILj256EEESE_
FNDA:69978,baseline_execution.cpp:_ZN6evmone8baseline12_GLOBAL__N_16invokeILNS_6OpcodeE64EEENS1_8PositionERKSt5arrayIsLm256EEPKN4intx4uintILj256EEES4_RlRNS_14ExecutionStateE
FNDA:69978,baseline_execution.cpp:_ZN6evmone8baseline12_GLOBAL__N_118check_requirementsILNS_6OpcodeE64EEE16evmc_status_codeRKSt5arrayIsLm256EERlPKN4intx4uintILj256EEESE_
FNDA:15027,baseline_execution.cpp:_ZN6evmone8baseline12_GLOBAL__N_16invokeILNS_6OpcodeE65EEENS1_8PositionERKSt5arrayIsLm256EEPKN4intx4uintILj256EEES4_RlRNS_14ExecutionStateE
FNDA:15027,baseline_execution.cpp:_ZN6evmone8baseline12_GLOBAL__N_118check_requirementsILNS_6OpcodeE65EEE16evmc_status_codeRKSt5arrayIsLm256EERlPKN4intx4uintILj256EEESE_
FNDA:151252,baseline_execution.cpp:_ZN6evmone8baseline12_GLOBAL__N_16invokeILNS_6OpcodeE66EEENS1_8PositionERKSt5arrayIsLm256EEPKN4intx4uintILj256EEES4_RlRNS_14ExecutionStateE
FNDA:151252,baseline_execution.cpp:_ZN6evmone8baseline12_GLOBAL__N_118check_requirementsILNS_6OpcodeE66EEE16evmc_status_codeRKSt5arrayIsLm256EERlPKN4intx4uintILj256EEESE_
FNDA:134925,baseline_execution.cpp:_ZN6evmone8baseline12_GLOBAL__N_16invokeILNS_6OpcodeE67EEENS1_8PositionERKSt5arrayIsLm256EEPKN4intx4uintILj256EEES4_RlRNS_14ExecutionStateE
[...]
FN:539,statetest_loader.cpp:_ZN6evmone4testL9from_jsonERKN8nlohmann16json_abi_v3_12_010basic_jsonISt3mapSt6vectorNSt7__cxx1112basic_stringIcSt11char_traitsIcESaIcEEEblmdSaNS2_14adl_serializerES5_IhSaIhEEvEERS5_INS0_19StateTransitionTestESaISI_EE
FN:502,statetest_loader.cpp:_ZN6evmone4testL9from_jsonERKN8nlohmann16json_abi_v3_12_010basic_jsonISt3mapSt6vectorNSt7__cxx1112basic_stringIcSt11char_traitsIcESaIcEEEblmdSaNS2_14adl_serializerES5_IhSaIhEEvEERNS0_19StateTransitionTestE
FN:465,statetest_loader.cpp:_ZN6evmone4testL9from_jsonERKN8nlohmann16json_abi_v3_12_010basic_jsonISt3mapSt6vectorNSt7__cxx1112basic_stringIcSt11char_traitsIcESaIcEEEblmdSaNS2_14adl_serializerES5_IhSaIhEEvEERNS0_20TestMultiTransactionE
FN:494,statetest_loader.cpp:_ZN6evmone4testL9from_jsonERKN8nlohmann16json_abi_v3_12_010basic_jsonISt3mapSt6vectorNSt7__cxx1112basic_stringIcSt11char_traitsIcESaIcEEEblmdSaNS2_14adl_serializerES5_IhSaIhEEvEERNS0_19StateTransitionTest4Case11ExpectationE
FN:487,statetest_loader.cpp:_ZN6evmone4testL9from_jsonERKN8nlohmann16json_abi_v3_12_010basic_jsonISt3mapSt6vectorNSt7__cxx1112basic_stringIcSt11char_traitsIcESaIcEEEblmdSaNS2_14adl_serializerES5_IhSaIhEEvEERNS0_20TestMultiTransaction7IndexesE
FN:61,statetest_loader.cpp:_ZN6evmone4testL17integer_from_jsonIlEESt8optionalIT_ERKN8nlohmann16json_abi_v3_12_010basic_jsonISt3mapSt6vectorNSt7__cxx1112basic_stringIcSt11char_traitsIcESaIcEEEblmdSaNS6_14adl_serializerES9_IhSaIhEEvEE
FN:61,statetest_loader.cpp:_ZN6evmone4testL17integer_from_jsonImEESt8optionalIT_ERKN8nlohmann16json_abi_v3_12_010basic_jsonISt3mapSt6vectorNSt7__cxx1112basic_stringIcSt11char_traitsIcESaIcEEEblmdSaNS6_14adl_serializerES9_IhSaIhEEvEE
FN:22,statetest_loader.cpp:_ZN6evmone4test12_GLOBAL__N_114load_if_existsIN4evmc7bytes32EEET_RKN8nlohmann16json_abi_v3_12_010basic_jsonISt3mapSt6vectorNSt7__cxx1112basic_stringIcSt11char_traitsIcESaIcEEEblmdSaNS7_14adl_serializerESA_IhSaIhEEvEESt17basic_string_viewIcSE_E
FN:22,statetest_loader.cpp:_ZN6evmone4test12_GLOBAL__N_114load_if_existsImEET_RKN8nlohmann16json_abi_v3_12_010basic_jsonISt3mapSt6vectorNSt7__cxx1112basic_stringIcSt11char_traitsIcESaIcEEEblmdSaNS5_14adl_serializerES8_IhSaIhEEvEESt17basic_string_viewIcSC_E
FNDA:277653,_ZN6evmone4test9from_jsonIhEET_RKN8nlohmann16json_abi_v3_12_010basic_jsonISt3mapSt6vectorNSt7__cxx1112basic_stringIcSt11char_traitsIcESaIcEEEblmdSaNS4_14adl_serializerES7_IhSaIhEEvEE
FNDA:472422,_ZN6evmone4test9from_jsonItEET_RKN8nlohmann16json_abi_v3_12_010basic_jsonISt3mapSt6vectorNSt7__cxx1112basic_stringIcSt11char_traitsIcESaIcEEEblmdSaNS4_14adl_serializerES7_IhSaIhEEvEE
FNDA:236211,_ZN6evmone4test9from_jsonIjEET_RKN8nlohmann16json_abi_v3_12_010basic_jsonISt3mapSt6vectorNSt7__cxx1112basic_stringIcSt11char_traitsIcESaIcEEEblmdSaNS4_14adl_serializerES7_IhSaIhEEvEE
FNDA:1202141,_ZN6evmone4test9from_jsonIlEET_RKN8nlohmann16json_abi_v3_12_010basic_jsonISt3mapSt6vectorNSt7__cxx1112basic_stringIcSt11char_traitsIcESaIcEEEblmdSaNS4_14adl_serializerES7_IhSaIhEEvEE
FNDA:2866806,_ZN6evmone4test9from_jsonImEET_RKN8nlohmann16json_abi_v3_12_010basic_jsonISt3mapSt6vectorNSt7__cxx1112basic_stringIcSt11char_traitsIcESaIcEEEblmdSaNS4_14adl_serializerES7_IhSaIhEEvEE
FNDA:2609794,_ZN6evmone4test9from_jsonINSt7__cxx1112basic_stringIhN4evmc11byte_traitsIhEESaIhEEEEET_RKN8nlohmann16json_abi_v3_12_010basic_jsonISt3mapSt6vectorNS3_IcSt11char_traitsIcESaIcEEEblmdSaNSB_14adl_serializerESE_IhS7_EvEE
FNDA:2816533,_ZN6evmone4test9from_jsonIN4evmc7addressEEET_RKN8nlohmann16json_abi_v3_12_010basic_jsonISt3mapSt6vectorNSt7__cxx1112basic_stringIcSt11char_traitsIcESaIcEEEblmdSaNS6_14adl_serializerES9_IhSaIhEEvEE
FNDA:9459496,_ZN6evmone4test9from_jsonIN4evmc7bytes32EEET_RKN8nlohmann16json_abi_v3_12_010basic_jsonISt3mapSt6vectorNSt7__cxx1112basic_stringIcSt11char_traitsIcESaIcEEEblmdSaNS6_14adl_serializerES9_IhSaIhEEvEE
FNDA:2776825,_ZN6evmone4test9from_jsonIN4intx4uintILj256EEEEET_RKN8nlohmann16json_abi_v3_12_010basic_jsonISt3mapSt6vectorNSt7__cxx1112basic_stringIcSt11char_traitsIcESaIcEEEblmdSaNS7_14adl_serializerESA_IhSaIhEEvEE
FNDA:29485,_ZN6evmone4test9from_jsonISt6vectorISt4pairIN4evmc7addressES2_INS4_7bytes32ESaIS6_EEESaIS9_EEEET_RKN8nlohmann16json_abi_v3_12_010basic_jsonISt3mapS2_NSt7__cxx1112basic_stringIcSt11char_traitsIcESaIcEEEblmdSaNSE_14adl_serializerES2_IhSaIhEEvEE
FNDA:2611,_ZN6evmone4test9from_jsonISt6vectorINS_5state13AuthorizationESaIS4_EEEET_RKN8nlohmann16json_abi_v3_12_010basic_jsonISt3mapS2_NSt7__cxx1112basic_stringIcSt11char_traitsIcESaIcEEEblmdSaNS9_14adl_serializerES2_IhSaIhEEvEE
FNDA:236211,_ZN6evmone4test9from_jsonINS_5state10BlobParamsEEET_RKN8nlohmann16json_abi_v3_12_010basic_jsonISt3mapSt6vectorNSt7__cxx1112basic_stringIcSt11char_traitsIcESaIcEEEblmdSaNS6_14adl_serializerES9_IhSaIhEEvEE
FNDA:114654,_ZN6evmone4test9from_jsonISt13unordered_mapINSt7__cxx1112basic_stringIcSt11char_traitsIcESaIcEEENS_5state10BlobParamsESt4hashIS8_ESt8equal_toIS8_ESaISt4pairIKS8_SA_EEEEET_RKN8nlohmann16json_abi_v3_12_010basic_jsonISt3mapSt6vectorS8_blmdSaNSM_14adl_serializerESP_IhSaIhEEvEE
FNDA:4168,_ZN6evmone4test9from_jsonINS_5state10WithdrawalEEET_RKN8nlohmann16json_abi_v3_12_010basic_jsonISt3mapSt6vectorNSt7__cxx1112basic_stringIcSt11char_traitsIcESaIcEEEblmdSaNS6_14adl_serializerES9_IhSaIhEEvEE
FNDA:62955,_ZN6evmone4test18from_json_with_revERKN8nlohmann16json_abi_v3_12_010basic_jsonISt3mapSt6vectorNSt7__cxx1112basic_stringIcSt11char_traitsIcESaIcEEEblmdSaNS2_14adl_serializerES5_IhSaIhEEvEE13evmc_revisionNS_5state10BlobParamsE
FNDA:62955,_ZN6evmone4test9from_jsonINS0_15TestBlockHashesEEET_RKN8nlohmann16json_abi_v3_12_010basic_jsonISt3mapSt6vectorNSt7__cxx1112basic_stringIcSt11char_traitsIcESaIcEEEblmdSaNS5_14adl_serializerES8_IhSaIhEEvEE
FNDA:200283,_ZN6evmone4test9from_jsonINS0_9TestStateEEET_RKN8nlohmann16json_abi_v3_12_010basic_jsonISt3mapSt6vectorNSt7__cxx1112basic_stringIcSt11char_traitsIcESaIcEEEblmdSaNS5_14adl_serializerES8_IhSaIhEEvEE
FNDA:92551,_ZN6evmone4test9from_jsonINS_5state11TransactionEEET_RKN8nlohmann16json_abi_v3_12_010basic_jsonISt3mapSt6vectorNSt7__cxx1112basic_stringIcSt11char_traitsIcESaIcEEEblmdSaNS6_14adl_serializerES9_IhSaIhEEvEE
FNDA:2715,_ZN6evmone4test16load_state_testsERSi
FNDA:62955,_ZN6evmone4test14validate_stateERKNS0_9TestStateE13evmc_revision
FNDA:0,statetest_loader.cpp:_ZN6evmone4testL34calculate_current_base_fee_eip1559Emmm
FNDA:155506,statetest_loader.cpp:_ZN6evmone4testL19from_json_tx_commonERKN8nlohmann16json_abi_v3_12_010basic_jsonISt3mapSt6vectorNSt7__cxx1112basic_stringIcSt11char_traitsIcESaIcEEEblmdSaNS2_14adl_serializerES5_IhSaIhEEvEERNS_5state11TransactionE
FNDA:155506,statetest_loader.cpp:_ZN6evmone4test12_GLOBAL__N_114load_if_existsIN4evmc7addressEEET_RKN8nlohmann16json_abi_v3_12_010basic_jsonISt3mapSt6vectorNSt7__cxx1112basic_stringIcSt11char_traitsIcESaIcEEEblmdSaNS7_14adl_serializerESA_IhSaIhEEvEESt17basic_string_viewIcSE_E
FNDA:2715,statetest_loader.cpp:_ZN6evmone4testL9from_jsonERKN8nlohmann16json_abi_v3_12_010basic_jsonISt3mapSt6vectorNSt7__cxx1112basic_stringIcSt11char_traitsIcESaIcEEEblmdSaNS2_14adl_serializerES5_IhSaIhEEvEERS5_INS0_19StateTransitionTestESaISI_EE
FNDA:62955,statetest_loader.cpp:_ZN6evmone4testL9from_jsonERKN8nlohmann16json_abi_v3_12_010basic_jsonISt3mapSt6vectorNSt7__cxx1112basic_stringIcSt11char_traitsIcESaIcEEEblmdSaNS2_14adl_serializerES5_IhSaIhEEvEERNS0_19StateTransitionTestE
FNDA:62955,statetest_loader.cpp:_ZN6evmone4testL9from_jsonERKN8nlohmann16json_abi_v3_12_010basic_jsonISt3mapSt6vectorNSt7__cxx1112basic_stringIcSt11char_traitsIcESaIcEEEblmdSaNS2_14adl_serializerES5_IhSaIhEEvEERNS0_20TestMultiTransactionE
FNDA:62955,statetest_loader.cpp:_ZN6evmone4testL9from_jsonERKN8nlohmann16json_abi_v3_12_010basic_jsonISt3mapSt6vectorNSt7__cxx1112basic_stringIcSt11char_traitsIcESaIcEEEblmdSaNS2_14adl_serializerES5_IhSaIhEEvEERNS0_19StateTransitionTest4Case11ExpectationE
FNDA:62955,statetest_loader.cpp:_ZN6evmone4testL9from_jsonERKN8nlohmann16json_abi_v3_12_010basic_jsonISt3mapSt6vectorNSt7__cxx1112basic_stringIcSt11char_traitsIcESaIcEEEblmdSaNS2_14adl_serializerES5_IhSaIhEEvEERNS0_20TestMultiTransaction7IndexesE
FNDA:1202141,statetest_loader.cpp:_ZN6evmone4testL17integer_from_jsonIlEESt8optionalIT_ERKN8nlohmann16json_abi_v3_12_010basic_jsonISt3mapSt6vectorNSt7__cxx1112basic_stringIcSt11char_traitsIcESaIcEEEblmdSaNS6_14adl_serializerES9_IhSaIhEEvEE
FNDA:2866806,statetest_loader.cpp:_ZN6evmone4testL17integer_from_jsonImEESt8optionalIT_ERKN8nlohmann16json_abi_v3_12_010basic_jsonISt3mapSt6vectorNSt7__cxx1112basic_stringIcSt11char_traitsIcESaIcEEEblmdSaNS6_14adl_serializerES9_IhSaIhEEvEE
FNDA:62955,statetest_loader.cpp:_ZN6evmone4test12_GLOBAL__N_114load_if_existsIN4evmc7bytes32EEET_RKN8nlohmann16json_abi_v3_12_010basic_jsonISt3mapSt6vectorNSt7__cxx1112basic_stringIcSt11char_traitsIcESaIcEEEblmdSaNS7_14adl_serializerESA_IhSaIhEEvEESt17basic_string_viewIcSE_E
FNDA:62955,statetest_loader.cpp:_ZN6evmone4test12_GLOBAL__N_114load_if_existsImEET_RKN8nlohmann16json_abi_v3_12_010basic_jsonISt3mapSt6vectorNSt7__cxx1112basic_stringIcSt11char_traitsIcESaIcEEEblmdSaNS5_14adl_serializerES8_IhSaIhEEvEESt17basic_string_viewIcSC_E
FNF:29
FNH:28
DA:22,281416
DA:23,281416
DA:24,155506
DA:25,125910
DA:26,281416
DA:31,277653
DA:32,277653
DA:33,277653
DA:34,0
DA:36,277653
DA:37,277653
DA:41,472422
DA:42,472422
DA:43,472422
DA:44,0
DA:46,472422
DA:47,472422
DA:51,236211
DA:52,236211
DA:53,236211
DA:54,0
DA:56,236211
DA:57,236211
DA:61,4068947
DA:62,4068947
DA:63,0
DA:65,4068947
DA:66,0
DA:68,4068947
DA:73,4068947
DA:74,4068947
DA:75,4068947
DA:76,0
DA:77,4068947
DA:78,4068947
DA:82,1202141
DA:83,1202141
DA:84,1202141
DA:85,0
DA:86,1202141
DA:87,1202141
DA:91,2866806
DA:92,2866806
DA:93,2866806
DA:94,0
DA:95,2866806
DA:96,2866806
DA:100,2609794
DA:101,2609794
DA:102,2609794
DA:106,2816533
DA:107,2816533
DA:108,2816533
DA:109,0
DA:110,2816533
DA:111,2816533
DA:115,9459496
DA:116,9459496
DA:117,9459496
DA:118,0
DA:120,9459496
DA:121,9459496
DA:122,0
DA:123,9459496
DA:124,9459496
DA:128,2776825
DA:129,2776825
DA:130,2776825
DA:131,0
DA:132,2776825
DA:133,2776825
DA:137,29485
DA:138,29485
DA:139,29485
DA:140,174664
DA:141,174664
DA:142,174664
DA:143,150635
DA:144,174664
DA:145,174664
DA:146,29485
DA:147,29485
DA:151,2611
DA:152,2611
DA:153,2611
DA:154,49080
DA:155,49080
DA:156,49080
DA:157,49080
DA:158,49080
DA:159,49080
DA:160,49012
DA:161,49080
DA:162,49080
DA:163,49080
DA:164,49080
DA:165,49080
DA:166,2611
DA:167,2611
DA:171,236211
DA:172,236211
DA:173,236211
DA:174,236211
DA:175,236211
DA:176,236211
DA:177,236211
DA:178,236211
DA:182,114654
DA:183,114654
DA:184,114654
DA:185,114654
DA:186,236211
DA:187,236211
DA:188,236211
DA:189,114654
DA:190,114654
DA:195,0
DA:197,0
DA:198,0
DA:200,0
DA:202,0
DA:204,0
DA:205,0
DA:206,0
DA:207,0
DA:208,0
DA:209,0
DA:210,0
DA:211,0
DA:212,0
DA:213,0
DA:214,0
DA:215,0
DA:216,0
DA:218,0
DA:219,0
DA:220,0
DA:222,0
DA:223,0
DA:224,0
DA:225,0
DA:226,0
DA:227,0
DA:228,0
DA:229,0
DA:233,4168
DA:234,4168
DA:235,4168
DA:236,4168
DA:240,62955
DA:241,62955
DA:242,62955
DA:243,62955
DA:244,62955
DA:245,62955
DA:246,62955
DA:248,62955
DA:249,62955
DA:250,62955
DA:251,0
DA:254,62955
DA:255,57790
DA:256,5165
DA:257,5165
DA:258,0
DA:259,0
DA:261,62955
DA:262,62955
DA:263,62955
DA:264,0
DA:266,62955
DA:267,62955
DA:268,59150
DA:269,3805
DA:270,0
DA:271,0
DA:272,0
DA:273,0
DA:274,0
DA:276,62955
DA:277,62955
DA:278,0
DA:279,0
DA:280,0
DA:281,0
DA:283,62955
DA:284,62955
DA:285,0
DA:286,0
DA:287,0
DA:288,0
DA:289,0
DA:290,0
DA:291,0
DA:293,62955
DA:294,62955
DA:295,62955
DA:296,0
DA:298,62955
DA:299,62955
DA:300,0
DA:301,0
DA:302,0
DA:303,0
DA:304,0
DA:305,0
DA:306,0
DA:307,0
DA:308,0
DA:309,62955
DA:310,54770
DA:311,54770
DA:312,54770
DA:314,62955
DA:315,62955
DA:316,62955
DA:317,62955
DA:318,62955
DA:319,62955
DA:320,62955
DA:321,62955
DA:322,62955
DA:323,62955
DA:324,62955
DA:325,62955
DA:326,62955
DA:327,62955
DA:328,62955
DA:329,62955
DA:330,62955
DA:331,62955
DA:332,62955
DA:336,62955
DA:337,62955
DA:338,62955
DA:339,0
DA:340,0
DA:341,0
DA:342,0
DA:343,62955
DA:344,62955
DA:348,200283
DA:349,200283
DA:350,200283
DA:351,200283
DA:352,2046064
DA:353,2046064
DA:354,2046064
DA:355,2046064
DA:356,2046064
DA:358,2046064
DA:359,2046064
DA:360,2046064
DA:361,3851446
DA:362,3851446
DA:363,3849898
DA:364,3851446
DA:365,2046064
DA:366,2046064
DA:367,200283
DA:368,200283
DA:372,155506
DA:374,155506
DA:375,155506
DA:377,155506
DA:378,92551
DA:379,62955
DA:380,62955
DA:382,155506
DA:383,155506
DA:384,155506
DA:385,116121
DA:386,155506
DA:388,155506
DA:389,132382
DA:390,132382
DA:391,132382
DA:392,132382
DA:393,132382
DA:394,0
DA:395,0
DA:396,0
DA:397,0
DA:398,132382
DA:399,23124
DA:400,23124
DA:401,23124
DA:402,23124
DA:403,23124
DA:404,23124
DA:406,155506
DA:407,15203
DA:409,155506
DA:410,15203
DA:411,15203
DA:412,15203
DA:413,45319
DA:414,15203
DA:415,140303
DA:416,2611
DA:417,2611
DA:418,2611
DA:419,2611
DA:420,155506
DA:424,92551
DA:425,92551
DA:426,92551
DA:428,92551
DA:429,92551
DA:430,0
DA:431,0
DA:433,92551
DA:434,92551
DA:435,0
DA:436,0
DA:438,92551
DA:440,92551
DA:441,20138
DA:442,20138
DA:443,20138
DA:444,3202
DA:445,20138
DA:447,92551
DA:448,92551
DA:449,92551
DA:450,92551
DA:451,92551
DA:452,0
DA:453,0
DA:454,92551
DA:456,92551
DA:457,92551
DA:458,92551
DA:459,92551
DA:461,92551
DA:462,92551
DA:465,62955
DA:466,62955
DA:468,62955
DA:469,62955
DA:471,62955
DA:472,9347
DA:473,9347
DA:474,9347
DA:475,9347
DA:476,3159
DA:477,9347
DA:479,62955
DA:480,62955
DA:482,62955
DA:483,62955
DA:484,62955
DA:487,62955
DA:488,62955
DA:489,62955
DA:490,62955
DA:491,62955
DA:494,62955
DA:495,62955
DA:496,62955
DA:497,62955
DA:498,62955
DA:499,62955
DA:502,62955
DA:503,62955
DA:505,62955
DA:507,62955
DA:509,62955
DA:510,62955
DA:515,62955
DA:516,0
DA:517,0
DA:518,0
DA:519,0
DA:521,62955
DA:523,62955
DA:524,62955
DA:525,62955
DA:526,54770
DA:527,62955
DA:529,62955
DA:530,62955
DA:531,62955
DA:532,62955
DA:533,62955
DA:534,62955
DA:535,62955
DA:536,62955
DA:539,2715
DA:540,2715
DA:541,62955
DA:542,62955
DA:543,62955
DA:544,62955
DA:545,62955
DA:546,2715
DA:549,2715
DA:550,2715
DA:551,2715
DA:554,62955
DA:555,62955
DA:556,448049
DA:557,448049
DA:558,0
DA:560,448049
DA:562,448049
DA:563,448049
DA:564,0
DA:566,448049
DA:567,448049
DA:568,0
DA:570,448049
DA:571,448049
DA:572,0
DA:573,0
DA:574,0
DA:575,0
DA:577,448049
DA:578,308711
DA:579,308711
DA:580,0
DA:581,0
DA:582,0
DA:583,0
DA:584,0
DA:585,308711
DA:586,448049
DA:587,62955
BRDA:23,0,0,0
BRDA:23,0,1,62955
BRDA:23,1,2,0
BRDA:23,1,3,62955
BRDA:23,2,4,155506
BRDA:23,2,5,0
BRDA:33,0,0,0
BRDA:33,0,1,277653
BRDA:43,0,0,0
BRDA:43,0,1,472422
BRDA:53,0,0,0
BRDA:53,0,1,236211
BRDA:62,0,0,0
BRDA:62,0,1,2866806
BRDA:62,1,2,0
BRDA:62,1,3,1202141
BRDA:65,0,0,0
BRDA:65,0,1,2866806
BRDA:65,1,2,0
BRDA:65,1,3,1202141
BRDA:75,0,0,0
BRDA:75,0,1,2866806
BRDA:75,1,2,0
BRDA:75,1,3,1202141
BRDA:75,2,4,0
BRDA:75,2,5,2866806
BRDA:75,3,6,0
BRDA:75,3,7,1202141
BRDA:84,0,0,0
BRDA:84,0,1,1202141
BRDA:93,0,0,0
BRDA:93,0,1,2866806
BRDA:108,0,0,0
BRDA:108,0,1,2816533
BRDA:117,0,0,0
BRDA:117,0,1,9459496
BRDA:117,1,2,0
BRDA:117,1,3,9459496
BRDA:121,0,0,0
BRDA:121,0,1,9459496
BRDA:130,0,0,0
BRDA:130,0,1,2776825
BRDA:139,0,0,174664
BRDA:139,0,1,29485
BRDA:142,0,0,150635
BRDA:142,0,1,174664
BRDA:153,0,0,49080
BRDA:153,0,1,2611
BRDA:159,0,0,49012
BRDA:159,0,1,68
BRDA:185,0,0,236211
BRDA:185,0,1,114654
BRDA:204,0,0,-
BRDA:204,0,1,-
BRDA:206,0,0,-
BRDA:206,0,1,-
BRDA:211,0,0,-
BRDA:211,0,1,-
BRDA:223,0,0,-
BRDA:223,0,1,-
BRDA:248,0,0,62955
BRDA:248,0,1,0
BRDA:250,0,0,0
BRDA:250,0,1,62955
BRDA:254,0,0,57790
BRDA:254,0,1,5165
BRDA:256,0,0,5165
BRDA:256,0,1,0
BRDA:258,0,0,-
BRDA:258,0,1,-
BRDA:263,0,0,0
BRDA:263,0,1,62955
BRDA:267,0,0,59150
BRDA:267,0,1,3805
BRDA:269,0,0,0
BRDA:269,0,1,3805
BRDA:277,0,0,0
BRDA:277,0,1,62955
BRDA:279,0,0,-
BRDA:279,0,1,-
BRDA:284,0,0,0
BRDA:284,0,1,62955
BRDA:286,0,0,-
BRDA:286,0,1,-
BRDA:295,0,0,0
BRDA:295,0,1,62955
BRDA:299,0,0,0
BRDA:299,0,1,62955
BRDA:309,0,0,54770
BRDA:309,0,1,8185
BRDA:338,0,0,0
BRDA:338,0,1,62955
BRDA:340,0,0,-
BRDA:340,0,1,-
BRDA:351,0,0,2046064
BRDA:351,0,1,200283
BRDA:358,0,0,2046064
BRDA:358,0,1,0
BRDA:360,0,0,3851446
BRDA:360,0,1,2046064
BRDA:362,0,0,3849898
BRDA:362,0,1,1548
BRDA:377,0,0,92551
BRDA:377,0,1,62955
BRDA:382,0,0,155506
BRDA:382,0,1,0
BRDA:384,0,0,155506
BRDA:384,0,1,0
BRDA:384,1,2,116121
BRDA:384,1,3,39385
BRDA:384,2,4,116121
BRDA:384,2,5,39385
BRDA:388,0,0,132382
BRDA:388,0,1,23124
BRDA:393,0,0,0
BRDA:393,0,1,132382
BRDA:393,1,2,0
BRDA:393,1,3,132382
BRDA:406,0,0,15203
BRDA:406,0,1,140303
BRDA:409,0,0,15203
BRDA:409,0,1,140303
BRDA:412,0,0,45319
BRDA:412,0,1,15203
BRDA:415,0,0,2611
BRDA:415,0,1,137692
BRDA:428,0,0,92551
BRDA:428,0,1,0
BRDA:433,0,0,92551
BRDA:433,0,1,0
BRDA:440,0,0,20138
BRDA:440,0,1,72413
BRDA:443,0,0,3202
BRDA:443,0,1,16936
BRDA:447,0,0,92551
BRDA:447,0,1,0
BRDA:451,0,0,0
BRDA:451,0,1,92551
BRDA:468,0,0,62955
BRDA:468,0,1,62955
BRDA:471,0,0,9347
BRDA:471,0,1,53608
BRDA:473,0,0,9347
BRDA:473,0,1,9347
BRDA:475,0,0,3159
BRDA:475,0,1,6188
BRDA:479,0,0,62955
BRDA:479,0,1,62955
BRDA:482,0,0,62955
BRDA:482,0,1,62955
BRDA:509,0,0,62955
BRDA:509,0,1,0
BRDA:515,0,0,0
BRDA:515,0,1,62955
BRDA:517,0,0,-
BRDA:517,0,1,-
BRDA:523,0,0,62955
BRDA:523,0,1,0
BRDA:525,0,0,54770
BRDA:525,0,1,8185
BRDA:529,0,0,62955
BRDA:529,0,1,62955
BRDA:540,0,0,62955
BRDA:540,0,1,2715
BRDA:555,0,0,448049
BRDA:555,0,1,62955
BRDA:557,0,0,22284
BRDA:557,0,1,425765
BRDA:557,1,2,0
BRDA:557,1,3,22284
BRDA:560,0,0,294510
BRDA:560,0,1,153539
BRDA:560,1,2,120
BRDA:560,1,3,294390
BRDA:562,0,0,3
BRDA:562,0,1,447926
BRDA:562,1,2,0
BRDA:562,1,3,447926
BRDA:563,0,0,438201
BRDA:563,0,1,9848
BRDA:563,1,2,438078
BRDA:563,1,3,123
BRDA:563,2,4,284579
BRDA:563,2,5,153499
BRDA:563,3,6,0
BRDA:563,3,7,284579
BRDA:566,0,0,435050
BRDA:566,0,1,12999
BRDA:566,1,2,0
BRDA:566,1,3,448049
BRDA:566,2,4,152131
BRDA:566,2,5,282919
BRDA:566,3,6,1188
BRDA:566,3,7,150943
BRDA:566,4,8,0
BRDA:566,4,9,1188
BRDA:567,0,0,-
BRDA:567,0,1,-
BRDA:570,0,0,294510
BRDA:570,0,1,153539
BRDA:570,1,2,120
BRDA:570,1,3,294390
BRDA:571,0,0,0
BRDA:571,0,1,120
BRDA:577,0,0,308711
BRDA:577,0,1,448049
BRDA:579,0,0,0
BRDA:579,0,1,308711
BRF:196
BRH:132
LF:427
LH:325
end_of_record
SF:/home/user/sources/ethereum/evmone/test/statetest/statetest_logs_hash.cpp
FN:11,_ZN6evmone4test9logs_hashERKSt6vectorINS_5state3LogESaIS3_EE
FNDA:62955,_ZN6evmone4test9logs_hashERKSt6vectorINS_5state3LogESaIS3_EE
FNF:1
FNH:1
DA:11,62955
DA:12,62955
DA:13,62955
BRF:0
BRH:0
LF:3
LH:3
end_of_record
SF:/home/user/sources/ethereum/evmone/test/statetest/statetest_runner.cpp
FN:13,_ZN6evmone4test14run_state_testERKNS0_19StateTransitionTestERN4evmc2VMEb
FNDA:62955,_ZN6evmone4test14run_state_testERKNS0_19StateTransitionTestERN4evmc2VMEb
FNF:1
FNH:1
DA:13,62955
DA:14,62955
DA:15,62955
DA:16,62955
DA:17,62955
DA:18,125910
DA:19,62955
DA:20,62955
DA:26,62955
DA:27,62955
DA:28,62955
DA:29,62955
DA:31,62955
DA:32,62955
DA:35,62955
DA:37,62955
DA:39,62955
DA:40,0
DA:41,0
DA:42,0
DA:43,0
DA:44,0
DA:45,0
DA:46,0
DA:47,0
DA:48,0
DA:49,0
DA:50,0
DA:51,0
DA:52,0
DA:54,62955
DA:55,3056
DA:56,6112
DA:57,6112
DA:58,3056
DA:59,3056
DA:60,59899
DA:61,59899
DA:62,119798
DA:63,119798
DA:64,59899
DA:65,59899
DA:67,62955
DA:68,62955
DA:69,62955
DA:70,62955
BRDA:15,0,0,62955
BRDA:15,0,1,62955
BRDA:18,0,0,62955
BRDA:18,0,1,62955
BRDA:39,0,0,0
BRDA:39,0,1,62955
BRDA:42,0,0,-
BRDA:42,0,1,-
BRDA:45,0,0,-
BRDA:45,0,1,-
BRDA:54,0,0,3056
BRDA:54,0,1,59899
BRDA:56,0,0,3056
BRDA:56,0,1,0
BRDA:56,1,2,0
BRDA:56,1,3,3056
BRDA:56,2,4,3056
BRDA:56,2,5,0
BRDA:58,0,0,0
BRDA:58,0,1,3056
BRDA:58,1,2,3056
BRDA:58,1,3,0
BRDA:58,2,4,3056
BRDA:58,2,5,0
BRDA:62,0,0,59899
BRDA:62,0,1,0
BRDA:62,1,2,0
BRDA:62,1,3,59899
BRDA:62,2,4,59899
BRDA:62,2,5,0
BRDA:64,0,0,59899
BRDA:64,0,1,0
BRDA:64,1,2,0
BRDA:64,1,3,59899
BRDA:64,2,4,59899
BRDA:64,2,5,0
BRDA:67,0,0,62955
BRDA:67,0,1,0
BRDA:67,1,2,0
BRDA:67,1,3,62955
BRDA:67,2,4,62955
BRDA:67,2,5,0
BRF:42
BRH:22
LF:46
LH:33
end_of_record
