SF:/home/user/sources/ethereum/evmone/build/cov/test/evmone/version.h
FNF:0
FNH:0
DA:10,2
BRF:0
BRH:0
LF:0
LH:0
end_of_record
SF:/home/user/sources/ethereum/evmone/include/evmmax/evmmax.hpp
FN:67,_ZNK6evmmax8ModArithIN4intx4uintILj256EEEE7to_montERKS3_
FN:81,_ZNK6evmmax8ModArithIN4intx4uintILj256EEEE3mulERKS3_S6_
FN:51,_ZN6evmmax8ModArithIN4intx4uintILj256EEEE6addmulEmmmm
FN:73,_ZNK6evmmax8ModArithIN4intx4uintILj256EEEE9from_montERKS3_
FN:128,_ZNK6evmmax8ModArithIN4intx4uintILj256EEEE3subERKS3_S6_
FN:119,_ZNK6evmmax8ModArithIN4intx4uintILj256EEEE3addERKS3_S6_
FN:137,_ZNK6evmmax8ModArithIN4intx4uintILj256EEEE3invERKS3_
FN:15,_ZN6evmmax15compute_mod_invEm
FN:42,_ZN6evmmax8ModArithIN4intx4uintILj256EEEE17compute_r_squaredERKS3_
FN:58,_ZN6evmmax8ModArithIN4intx4uintILj128EEEEC2ERKS3_
FN:42,_ZN6evmmax8ModArithIN4intx4uintILj128EEEE17compute_r_squaredERKS3_
FN:67,_ZNK6evmmax8ModArithIN4intx4uintILj128EEEE7to_montERKS3_
FN:81,_ZNK6evmmax8ModArithIN4intx4uintILj128EEEE3mulERKS3_S6_
FN:51,_ZN6evmmax8ModArithIN4intx4uintILj128EEEE6addmulEmmmm
FN:73,_ZNK6evmmax8ModArithIN4intx4uintILj128EEEE9from_montERKS3_
FN:58,_ZN6evmmax8ModArithIN4intx4uintILj256EEEEC2ERKS3_
FN:58,_ZN6evmmax8ModArithIN4intx4uintILj512EEEEC2ERKS3_
FN:42,_ZN6evmmax8ModArithIN4intx4uintILj512EEEE17compute_r_squaredERKS3_
FN:67,_ZNK6evmmax8ModArithIN4intx4uintILj512EEEE7to_montERKS3_
FN:81,_ZNK6evmmax8ModArithIN4intx4uintILj512EEEE3mulERKS3_S6_
FN:51,_ZN6evmmax8ModArithIN4intx4uintILj512EEEE6addmulEmmmm
FN:73,_ZNK6evmmax8ModArithIN4intx4uintILj512EEEE9from_montERKS3_
FN:58,_ZN6evmmax8ModArithIN4intx4uintILj1024EEEEC2ERKS3_
FN:42,_ZN6evmmax8ModArithIN4intx4uintILj1024EEEE17compute_r_squaredERKS3_
FN:67,_ZNK6evmmax8ModArithIN4intx4uintILj1024EEEE7to_montERKS3_
FN:81,_ZNK6evmmax8ModArithIN4intx4uintILj1024EEEE3mulERKS3_S6_
FN:51,_ZN6evmmax8ModArithIN4intx4uintILj1024EEEE6addmulEmmmm
FN:73,_ZNK6evmmax8ModArithIN4intx4uintILj1024EEEE9from_montERKS3_
FN:58,_ZN6evmmax8ModArithIN4intx4uintILj2048EEEEC2ERKS3_
FN:42,_ZN6evmmax8ModArithIN4intx4uintILj2048EEEE17compute_r_squaredERKS3_
FN:67,_ZNK6evmmax8ModArithIN4intx4uintILj2048EEEE7to_montERKS3_
FN:81,_ZNK6evmmax8ModArithIN4intx4uintILj2048EEEE3mulERKS3_S6_
FN:51,_ZN6evmmax8ModArithIN4intx4uintILj2048EEEE6addmulEmmmm
FN:73,_ZNK6evmmax8ModArithIN4intx4uintILj2048EEEE9from_montERKS3_
FN:58,_ZN6evmmax8ModArithIN4intx4uintILj8192EEEEC2ERKS3_
FN:42,_ZN6evmmax8ModArithIN4intx4uintILj8192EEEE17compute_r_squaredERKS3_
FN:67,_ZNK6evmmax8ModArithIN4intx4uintILj8192EEEE7to_montERKS3_
FN:81,_ZNK6evmmax8ModArithIN4intx4uintILj8192EEEE3mulERKS3_S6_
FN:51,_ZN6evmmax8ModArithIN4intx4uintILj8192EEEE6addmulEmmmm
FN:73,_ZNK6evmmax8ModArithIN4intx4uintILj8192EEEE9from_montERKS3_
FNDA:56688,_ZNK6evmmax8ModArithIN4intx4uintILj256EEEE7to_montERKS3_
FNDA:42201208,_ZNK6evmmax8ModArithIN4intx4uintILj256EEEE3mulERKS3_S6_
FNDA:1350438656,_ZN6evmmax8ModArithIN4intx4uintILj256EEEE6addmulEmmmm
FNDA:21460,_ZNK6evmmax8ModArithIN4intx4uintILj256EEEE9from_montERKS3_
FNDA:24978018,_ZNK6evmmax8ModArithIN4intx4uintILj256EEEE3subERKS3_S6_
FNDA:40446752,_ZNK6evmmax8ModArithIN4intx4uintILj256EEEE3addERKS3_S6_
FNDA:8970,_ZNK6evmmax8ModArithIN4intx4uintILj256EEEE3invERKS3_
FNDA:3987,_ZN6evmmax15compute_mod_invEm
FNDA:2368,_ZN6evmmax8ModArithIN4intx4uintILj256EEEE17compute_r_squaredERKS3_
FNDA:620,_ZN6evmmax8ModArithIN4intx4uintILj128EEEEC2ERKS3_
FNDA:620,_ZN6evmmax8ModArithIN4intx4uintILj128EEEE17compute_r_squaredERKS3_
FNDA:1240,_ZNK6evmmax8ModArithIN4intx4uintILj128EEEE7to_montERKS3_
FNDA:258248,_ZNK6evmmax8ModArithIN4intx4uintILj128EEEE3mulERKS3_S6_
FNDA:2065984,_ZN6evmmax8ModArithIN4intx4uintILj128EEEE6addmulEmmmm
FNDA:620,_ZNK6evmmax8ModArithIN4intx4uintILj128EEEE9from_montERKS3_
FNDA:2368,_ZN6evmmax8ModArithIN4intx4uintILj256EEEEC2ERKS3_
FNDA:599,_ZN6evmmax8ModArithIN4intx4uintILj512EEEEC2ERKS3_
FNDA:599,_ZN6evmmax8ModArithIN4intx4uintILj512EEEE17compute_r_squaredERKS3_
FNDA:1198,_ZNK6evmmax8ModArithIN4intx4uintILj512EEEE7to_montERKS3_
FNDA:72595,_ZNK6evmmax8ModArithIN4intx4uintILj512EEEE3mulERKS3_S6_
FNDA:9292160,_ZN6evmmax8ModArithIN4intx4uintILj512EEEE6addmulEmmmm
FNDA:599,_ZNK6evmmax8ModArithIN4intx4uintILj512EEEE9from_montERKS3_
FNDA:86,_ZN6evmmax8ModArithIN4intx4uintILj1024EEEEC2ERKS3_
FNDA:86,_ZN6evmmax8ModArithIN4intx4uintILj1024EEEE17compute_r_squaredERKS3_
FNDA:172,_ZNK6evmmax8ModArithIN4intx4uintILj1024EEEE7to_montERKS3_
FNDA:1172,_ZNK6evmmax8ModArithIN4intx4uintILj1024EEEE3mulERKS3_S6_
FNDA:600064,_ZN6evmmax8ModArithIN4intx4uintILj1024EEEE6addmulEmmmm
FNDA:86,_ZNK6evmmax8ModArithIN4intx4uintILj1024EEEE9from_montERKS3_
FNDA:114,_ZN6evmmax8ModArithIN4intx4uintILj2048EEEEC2ERKS3_
FNDA:114,_ZN6evmmax8ModArithIN4intx4uintILj2048EEEE17compute_r_squaredERKS3_
FNDA:228,_ZNK6evmmax8ModArithIN4intx4uintILj2048EEEE7to_montERKS3_
FNDA:44818,_ZNK6evmmax8ModArithIN4intx4uintILj2048EEEE3mulERKS3_S6_
FNDA:91787264,_ZN6evmmax8ModArithIN4intx4uintILj2048EEEE6addmulEmmmm
FNDA:114,_ZNK6evmmax8ModArithIN4intx4uintILj2048EEEE9from_montERKS3_
FNDA:200,_ZN6evmmax8ModArithIN4intx4uintILj8192EEEEC2ERKS3_
FNDA:200,_ZN6evmmax8ModArithIN4intx4uintILj8192EEEE17compute_r_squaredERKS3_
FNDA:400,_ZNK6evmmax8ModArithIN4intx4uintILj8192EEEE7to_montERKS3_
FNDA:2062,_ZNK6evmmax8ModArithIN4intx4uintILj8192EEEE3mulERKS3_S6_
FNDA:67567616,_ZN6evmmax8ModArithIN4intx4uintILj8192EEEE6addmulEmmmm
FNDA:200,_ZNK6evmmax8ModArithIN4intx4uintILj8192EEEE9from_montERKS3_
FNF:10
FNH:10
DA:15,3987
DA:17,3987
DA:18,3987
DA:19,259155
DA:20,255168
DA:21,255168
DA:22,255168
DA:23,255168
DA:24,3987
DA:25,3987
DA:42,3987
DA:45,3987
DA:46,3987
DA:47,3987
DA:51,1521751744
DA:52,1521751744
DA:53,1521751744
DA:54,1521751744
DA:58,3987
DA:59,3987
DA:60,3987
DA:61,3987
DA:67,59926
DA:73,23079
DA:81,42580103
DA:87,42580103
DA:89,42580103
DA:90,214199055
DA:91,171618952
DA:92,171618952
DA:93,171618952
DA:94,932494824
DA:95,760875872
DA:96,171618952
DA:97,171618952
DA:98,171618952
DA:100,171618952
DA:101,171618952
DA:102,171618952
DA:103,760875872
DA:104,589256920
DA:105,171618952
DA:106,171618952
DA:107,171618952
DA:108,171618952
DA:110,42580103
DA:111,3864322
DA:113,42580103
DA:114,42580103
DA:119,40446752
DA:120,40446752
DA:121,40446752
DA:122,40446752
DA:123,40446752
DA:128,24978018
DA:129,24978018
DA:130,24978018
DA:131,24978018
DA:132,24978018
DA:137,8970
DA:138,8970
DA:139,8970
DA:145,8970
DA:153,8970
DA:154,8970
DA:160,8970
DA:161,8970
DA:163,2216170
DA:164,2207200
DA:165,2207200
DA:166,1199100
DA:168,1199100
DA:169,629928
DA:171,629928
DA:172,629928
DA:174,629928
DA:175,629928
DA:176,629928
DA:177,569172
DA:178,569172
DA:179,569172
DA:180,569172
DA:181,1199100
DA:182,1199100
DA:185,2207200
DA:189,2207200
DA:190,2207200
DA:191,2207200
DA:192,1097488
DA:193,2207200
DA:195,8970
DA:196,2656
DA:197,8970
DA:198,8970
BRDA:19,0,0,255168
BRDA:19,0,1,3987
BRDA:90,0,0,18752
BRDA:90,0,1,1172
BRDA:90,1,2,168804832
BRDA:90,1,3,42201208
BRDA:90,2,4,580760
BRDA:90,2,5,72595
BRDA:90,3,6,263936
BRDA:90,3,7,2062
BRDA:90,4,8,516496
BRDA:90,4,9,258248
BRDA:90,5,10,1434176
BRDA:90,5,11,44818
BRDA:94,0,0,675219328
BRDA:94,0,1,168804832
BRDA:94,1,2,300032
BRDA:94,1,3,18752
BRDA:94,2,4,4646080
BRDA:94,2,5,580760
BRDA:94,3,6,1032992
BRDA:94,3,7,516496
BRDA:94,4,8,45893632
BRDA:94,4,9,1434176
BRDA:94,5,10,33783808
BRDA:94,5,11,263936
BRDA:103,0,0,44459456
BRDA:103,0,1,1434176
BRDA:103,1,2,516496
BRDA:103,1,3,516496
BRDA:103,2,4,281280
BRDA:103,2,5,18752
BRDA:103,3,6,33519872
BRDA:103,3,7,263936
BRDA:103,4,8,4065320
BRDA:103,4,9,580760
BRDA:103,5,10,506414496
BRDA:103,5,11,168804832
BRDA:110,0,0,140
BRDA:110,0,1,1032
BRDA:110,1,2,322
BRDA:110,1,3,44496
BRDA:110,2,4,72
BRDA:110,2,5,1990
BRDA:110,3,6,292
BRDA:110,3,7,72303
BRDA:110,4,8,210
BRDA:110,4,9,258038
BRDA:110,5,10,3863286
BRDA:110,5,11,38337922
BRDA:122,0,0,34618326
BRDA:122,0,1,5828426
BRDA:122,1,2,21669372
BRDA:122,1,3,12948954
BRDA:131,0,0,11703312
BRDA:131,0,1,13274706
BRDA:163,0,0,2207200
BRDA:163,0,1,8970
BRDA:165,0,0,1199100
BRDA:165,0,1,1008100
BRDA:168,0,0,629928
BRDA:168,0,1,569172
BRDA:191,0,0,1097488
BRDA:191,0,1,1109712
BRDA:195,0,0,2656
BRDA:195,0,1,6314
BRF:26
BRH:26
LF:94
LH:94
end_of_record
SF:/home/user/sources/ethereum/evmone/lib/evmone/baseline.hpp
FN:24,_ZN6evmone10BitsetSpanC2EPm
FN:27,_ZNK6evmone10BitsetSpan4testEm
FN:33,_ZNK6evmone10BitsetSpan3setEm
FN:46,_ZNK6evmone10BitsetSpan7get_refEm
FN:71,_ZN6evmone8baseline12CodeAnalysisC2ESt10unique_ptrIA_hSt14default_deleteIS3_EEmNS_10BitsetSpanE
FN:79,_ZNK6evmone8baseline12CodeAnalysis8raw_codeEv
FN:82,_ZNK6evmone8baseline12CodeAnalysis15executable_codeEv
FN:86,_ZNK6evmone8baseline12CodeAnalysis14check_jumpdestEm
FNDA:2650828,_ZN6evmone10BitsetSpanC2EPm
FNDA:7133709,_ZNK6evmone10BitsetSpan4testEm
FNDA:89576870,_ZNK6evmone10BitsetSpan3setEm
FNDA:96710579,_ZNK6evmone10BitsetSpan7get_refEm
FNDA:2650828,_ZN6evmone8baseline12CodeAnalysisC2ESt10unique_ptrIA_hSt14default_deleteIS3_EEmNS_10BitsetSpanE
FNDA:2650828,_ZNK6evmone8baseline12CodeAnalysis8raw_codeEv
FNDA:15466134,_ZNK6evmone8baseline12CodeAnalysis15executable_codeEv
FNDA:7133787,_ZNK6evmone8baseline12CodeAnalysis14check_jumpdestEm
FNF:8
FNH:8
DA:24,2650828
DA:27,7133709
DA:28,7133709
DA:29,7133709
DA:30,7133709
DA:33,89576870
DA:34,89576870
DA:35,89576870
DA:36,89576870
DA:46,96710579
DA:47,96710579
DA:48,96710579
DA:49,96710579
DA:50,96710579
DA:51,96710579
DA:71,2650828
DA:72,2650828
DA:73,2650828
DA:74,2650828
DA:75,2650828
DA:79,2650828
DA:82,15466134
DA:86,7133787
DA:87,7133787
DA:88,78
DA:89,7133709
DA:90,7133787
BRDA:87,0,0,78
BRDA:87,0,1,7133709
BRF:2
BRH:2
LF:27
LH:27
end_of_record
SF:/home/user/sources/ethereum/evmone/lib/evmone/baseline_analysis.cpp
FN:64,_ZN6evmone8baseline7analyzeESt17basic_string_viewIhN4evmc11byte_traitsIhEEE
FN:36,baseline_analysis.cpp:_ZN6evmone8baseline12_GLOBAL__N_114analyze_legacyESt17basic_string_viewIhN4evmc11byte_traitsIhEEE
FN:19,baseline_analysis.cpp:_ZN6evmone8baseline12_GLOBAL__N_117analyze_jumpdestsENS_10BitsetSpanESt17basic_string_viewIhN4evmc11byte_traitsIhEEE
FNDA:2650828,_ZN6evmone8baseline7analyzeESt17basic_string_viewIhN4evmc11byte_traitsIhEEE
FNDA:2650828,baseline_analysis.cpp:_ZN6evmone8baseline12_GLOBAL__N_114analyze_legacyESt17basic_string_viewIhN4evmc11byte_traitsIhEEE
FNDA:2650828,baseline_analysis.cpp:_ZN6evmone8baseline12_GLOBAL__N_117analyze_jumpdestsENS_10BitsetSpanESt17basic_string_viewIhN4evmc11byte_traitsIhEEE
FNF:3
FNH:3
DA:19,2650828
DA:23,2650828
DA:25,383326750
DA:26,380675922
DA:27,380675922
DA:28,380675922
DA:29,68634733
DA:30,312041189
DA:31,89576870
DA:32,380675922
DA:33,2650828
DA:36,2650828
DA:40,2650828
DA:42,2650828
DA:44,2650828
DA:45,2650828
DA:46,2650828
DA:47,2650828
DA:48,2650828
DA:50,2650828
DA:51,2650828
DA:52,2650828
DA:54,2650828
DA:55,2650828
DA:56,2650828
DA:57,2650828
DA:59,2650828
DA:60,2650828
DA:64,2650828
DA:65,2650828
DA:66,2650828
BRDA:25,0,0,380675922
BRDA:25,0,1,2650828
BRDA:28,0,0,68634733
BRDA:28,0,1,312041189
BRDA:30,0,0,89576870
BRDA:30,0,1,222464319
BRF:6
BRH:6
LF:31
LH:31
end_of_record
SF:/home/user/sources/ethereum/evmone/lib/evmone/baseline_execution.cpp
FN:267,_ZN6evmone8baseline7executeERNS_2VMERK19evmc_host_interfaceP17evmc_host_context13evmc_revisionRK12evmc_messageRKNS0_12CodeAnalysisE
FN:310,_ZN6evmone8baseline7executeEP7evmc_vmPK19evmc_host_interfaceP17evmc_host_context13evmc_revisionPK12evmc_messagePKhm
FN:219,baseline_execution.cpp:_ZN6evmone8baseline12_GLOBAL__N_114dispatch_cgotoERKSt5arrayIsLm256EERNS_14ExecutionStateElPKh
FN:151,baseline_execution.cpp:_ZN6evmone8baseline12_GLOBAL__N_16invokeILNS_6OpcodeE0EEENS1_8PositionERKSt5arrayIsLm256EEPKN4intx4uintILj256EEES4_RlRNS_14ExecutionStateE
FN:46,baseline_execution.cpp:_ZN6evmone8baseline12_GLOBAL__N_118check_requirementsILNS_6OpcodeE0EEE16evmc_status_codeRKSt5arrayIsLm256EERlPKN4intx4uintILj256EEESE_
FN:140,baseline_execution.cpp:_ZN6evmone8baseline12_GLOBAL__N_16invokeEPDoFNS_10TermResultENS_8StackTopElRNS_14ExecutionStateEENS1_8PositionERlS5_
FN:151,baseline_execution.cpp:_ZN6evmone8baseline12_GLOBAL__N_16invokeILNS_6OpcodeE1EEENS1_8PositionERKSt5arrayIsLm256EEPKN4intx4uintILj256EEES4_RlRNS_14ExecutionStateE
FN:46,baseline_execution.cpp:_ZN6evmone8baseline12_GLOBAL__N_118check_requirementsILNS_6OpcodeE1EEE16evmc_status_codeRKSt5arrayIsLm256EERlPKN4intx4uintILj256EEESE_
FN:104,baseline_execution.cpp:_ZN6evmone8baseline12_GLOBAL__N_16invokeEPDoFvNS_8StackTopEENS1_8PositionERlRNS_14ExecutionStateE
FN:151,baseline_execution.cpp:_ZN6evmone8baseline12_GLOBAL__N_16invokeILNS_6OpcodeE2EEENS1_8PositionERKSt5arrayIsLm256EEPKN4intx4uintILj256EEES4_RlRNS_14ExecutionStateE
FN:46,baseline_execution.cpp:_ZN6evmone8baseline12_GLOBAL__N_118check_requirementsILNS_6OpcodeE2EEE16evmc_status_codeRKSt5arrayIsLm256EERlPKN4intx4uintILj256EEESE_
FN:151,baseline_execution.cpp:_ZN6evmone8baseline12_GLOBAL__N_16invokeILNS_6OpcodeE3EEENS1_8PositionERKSt5arrayIsLm256EEPKN4intx4uintILj256EEES4_RlRNS_14ExecutionStateE
FN:46,baseline_execution.cpp:_ZN6evmone8baseline12_GLOBAL__N_118check_requirementsILNS_6OpcodeE3EEE16evmc_status_codeRKSt5arrayIsLm256EERlPKN4intx4uintILj256EEESE_
FN:151,baseline_execution.cpp:_ZN6evmone8baseline12_GLOBAL__N_16invokeILNS_6OpcodeE4EEENS1_8PositionERKSt5arrayIsLm256EEPKN4intx4uintILj256EEES4_RlRNS_14ExecutionStateE
FN:46,baseline_execution.cpp:_ZN6evmone8baseline12_GLOBAL__N_118check_requirementsILNS_6OpcodeE4EEE16evmc_status_codeRKSt5arrayIsLm256EERlPKN4intx4uintILj256EEESE_
FN:151,baseline_execution.cpp:_ZN6evmone8baseline12_GLOBAL__N_16invokeILNS_6OpcodeE5EEENS1_8PositionERKSt5arrayIsLm256EEPKN4intx4uintILj256EEES4_RlRNS_14ExecutionStateE
FN:46,baseline_execution.cpp:_ZN6evmone8baseline12_GLOBAL__N_118check_requirementsILNS_6OpcodeE5EEE16evmc_status_codeRKSt5arrayIsLm256EERlPKN4intx4uintILj256EEESE_
FN:151,baseline_execution.cpp:_ZN6evmone8baseline12_GLOBAL__N_16invokeILNS_6OpcodeE6EEENS1_8PositionERKSt5arrayIsLm256EEPKN4intx4uintILj256EEES4_RlRNS_14ExecutionStateE
FN:46,baseline_execution.cpp:_ZN6evmone8baseline12_GLOBAL__N_118check_requirementsILNS_6OpcodeE6EEE16evmc_status_codeRKSt5arrayIsLm256EERlPKN4intx4uintILj256EEESE_
FN:151,baseline_execution.cpp:_ZN6evmone8baseline12_GLOBAL__N_16invokeILNS_6OpcodeE7EEENS1_8PositionERKSt5arrayIsLm256EEPKN4intx4uintILj256EEES4_RlRNS_14ExecutionStateE
FN:46,baseline_execution.cpp:_ZN6evmone8baseline12_GLOBAL__N_118check_requirementsILNS_6OpcodeE7EEE16evmc_status_codeRKSt5arrayIsLm256EERlPKN4intx4uintILj256EEESE_
FN:151,baseline_execution.cpp:_ZN6evmone8baseline12_GLOBAL__N_16invokeILNS_6OpcodeE8EEENS1_8PositionERKSt5arrayIsLm256EEPKN4intx4uintILj256EEES4_RlRNS_14ExecutionStateE
FN:46,baseline_execution.cpp:_ZN6evmone8baseline12_GLOBAL__N_118check_requirementsILNS_6OpcodeE8EEE16evmc_status_codeRKSt5arrayIsLm256EERlPKN4intx4uintILj256EEESE_
FN:151,baseline_execution.cpp:_ZN6evmone8baseline12_GLOBAL__N_16invokeILNS_6OpcodeE9EEENS1_8PositionERKSt5arrayIsLm256EEPKN4intx4uintILj256EEES4_RlRNS_14ExecutionStateE
FN:46,baseline_execution.cpp:_ZN6evmone8baseline12_GLOBAL__N_118check_requirementsILNS_6OpcodeE9EEE16evmc_status_codeRKSt5arrayIsLm256EERlPKN4intx4uintILj256EEESE_
FN:151,baseline_execution.cpp:_ZN6evmone8baseline12_GLOBAL__N_16invokeILNS_6OpcodeE10EEENS1_8PositionERKSt5arrayIsLm256EEPKN4intx4uintILj256EEES4_RlRNS_14ExecutionStateE
FN:46,baseline_execution.cpp:_ZN6evmone8baseline12_GLOBAL__N_118check_requirementsILNS_6OpcodeE10EEE16evmc_status_codeRKSt5arrayIsLm256EERlPKN4intx4uintILj256EEESE_
FN:112,baseline_execution.cpp:_ZN6evmone8baseline12_GLOBAL__N_16invokeEPDoFNS_6ResultENS_8StackTopElRNS_14ExecutionStateEENS1_8PositionERlS5_
FN:151,baseline_execution.cpp:_ZN6evmone8baseline12_GLOBAL__N_16invokeILNS_6OpcodeE11EEENS1_8PositionERKSt5arrayIsLm256EEPKN4intx4uintILj256EEES4_RlRNS_14ExecutionStateE
FN:46,baseline_execution.cpp:_ZN6evmone8baseline12_GLOBAL__N_118check_requirementsILNS_6OpcodeE11EEE16evmc_status_codeRKSt5arrayIsLm256EERlPKN4intx4uintILj256EEESE_
FN:151,baseline_execution.cpp:_ZN6evmone8baseline12_GLOBAL__N_16invokeILNS_6OpcodeE16EEENS1_8PositionERKSt5arrayIsLm256EEPKN4intx4uintILj256EEES4_RlRNS_14ExecutionStateE
FN:46,baseline_execution.cpp:_ZN6evmone8baseline12_GLOBAL__N_118check_requirementsILNS_6OpcodeE16EEE16evmc_status_codeRKSt5arrayIsLm256EERlPKN4intx4uintILj256EEESE_
FN:151,baseline_execution.cpp:_ZN6evmone8baseline12_GLOBAL__N_16invokeILNS_6OpcodeE17EEENS1_8PositionERKSt5arrayIsLm256EEPKN4intx4uintILj256EEES4_RlRNS_14ExecutionStateE
FN:46,baseline_execution.cpp:_ZN6evmone8baseline12_GLOBAL__N_118check_requirementsILNS_6OpcodeE17EEE16evmc_status_codeRKSt5arrayIsLm256EERlPKN4intx4uintILj256EEESE_
FN:151,baseline_execution.cpp:_ZN6evmone8baseline12_GLOBAL__N_16invokeILNS_6OpcodeE18EEENS1_8PositionERKSt5arrayIsLm256EEPKN4intx4uintILj256EEES4_RlRNS_14ExecutionStateE
FN:46,baseline_execution.cpp:_ZN6evmone8baseline12_GLOBAL__N_118check_requirementsILNS_6OpcodeE18EEE16evmc_status_codeRKSt5arrayIsLm256EERlPKN4intx4uintILj256EEESE_
FN:151,baseline_execution.cpp:_ZN6evmone8baseline12_GLOBAL__N_16invokeILNS_6OpcodeE19EEENS1_8PositionERKSt5arrayIsLm256EEPKN4intx4uintILj256EEES4_RlRNS_14ExecutionStateE
FN:46,baseline_execution.cpp:_ZN6evmone8baseline12_GLOBAL__N_118check_requirementsILNS_6OpcodeE19EEE16evmc_status_codeRKSt5arrayIsLm256EERlPKN4intx4uintILj256EEESE_
FN:151,baseline_execution.cpp:_ZN6evmone8baseline12_GLOBAL__N_16invokeILNS_6OpcodeE20EEENS1_8PositionERKSt5arrayIsLm256EEPKN4intx4uintILj256EEES4_RlRNS_14ExecutionStateE
FN:46,baseline_execution.cpp:_ZN6evmone8baseline12_GLOBAL__N_118check_requirementsILNS_6OpcodeE20EEE16evmc_status_codeRKSt5arrayIsLm256EERlPKN4intx4uintILj256EEESE_
FN:151,baseline_execution.cpp:_ZN6evmone8baseline12_GLOBAL__N_16invokeILNS_6OpcodeE21EEENS1_8PositionERKSt5arrayIsLm256EEPKN4intx4uintILj256EEES4_RlRNS_14ExecutionStateE
FN:46,baseline_execution.cpp:_ZN6evmone8baseline12_GLOBAL__N_118check_requirementsILNS_6OpcodeE21EEE16evmc_status_codeRKSt5arrayIsLm256EERlPKN4intx4uintILj256EEESE_
FN:151,baseline_execution.cpp:_ZN6evmone8baseline12_GLOBAL__N_16invokeILNS_6OpcodeE22EEENS1_8PositionERKSt5arrayIsLm256EEPKN4intx4uintILj256EEES4_RlRNS_14ExecutionStateE
FN:46,baseline_execution.cpp:_ZN6evmone8baseline12_GLOBAL__N_118check_requirementsILNS_6OpcodeE22EEE16evmc_status_codeRKSt5arrayIsLm256EERlPKN4intx4uintILj256EEESE_
FN:151,baseline_execution.cpp:_ZN6evmone8baseline12_GLOBAL__N_16invokeILNS_6OpcodeE23EEENS1_8PositionERKSt5arrayIsLm256EEPKN4intx4uintILj256EEES4_RlRNS_14ExecutionStateE
FN:46,baseline_execution.cpp:_ZN6evmone8baseline12_GLOBAL__N_118check_requirementsILNS_6OpcodeE23EEE16evmc_status_codeRKSt5arrayIsLm256EERlPKN4intx4uintILj256EEESE_
FN:151,baseline_execution.cpp:_ZN6evmone8baseline12_GLOBAL__N_16invokeILNS_6OpcodeE24EEENS1_8PositionERKSt5arrayIsLm256EEPKN4intx4uintILj256EEES4_RlRNS_14ExecutionStateE
FN:46,baseline_execution.cpp:_ZN6evmone8baseline12_GLOBAL__N_118check_requirementsILNS_6OpcodeE24EEE16evmc_status_codeRKSt5arrayIsLm256EERlPKN4intx4uintILj256EEESE_
FN:151,baseline_execution.cpp:_ZN6evmone8baseline12_GLOBAL__N_16invokeILNS_6OpcodeE25EEENS1_8PositionERKSt5arrayIsLm256EEPKN4intx4uintILj256EEES4_RlRNS_14ExecutionStateE
FN:46,baseline_execution.cpp:_ZN6evmone8baseline12_GLOBAL__N_118check_requirementsILNS_6OpcodeE25EEE16evmc_status_codeRKSt5arrayIsLm256EERlPKN4intx4uintILj256EEESE_
FN:151,baseline_execution.cpp:_ZN6evmone8baseline12_GLOBAL__N_16invokeILNS_6OpcodeE26EEENS1_8PositionERKSt5arrayIsLm256EEPKN4intx4uintILj256EEES4_RlRNS_14ExecutionStateE
FN:46,baseline_execution.cpp:_ZN6evmone8baseline12_GLOBAL__N_118check_requirementsILNS_6OpcodeE26EEE16evmc_status_codeRKSt5arrayIsLm256EERlPKN4intx4uintILj256EEESE_
FN:151,baseline_execution.cpp:_ZN6evmone8baseline12_GLOBAL__N_16invokeILNS_6OpcodeE27EEENS1_8PositionERKSt5arrayIsLm256EEPKN4intx4uintILj256EEES4_RlRNS_14ExecutionStateE
FN:46,baseline_execution.cpp:_ZN6evmone8baseline12_GLOBAL__N_118check_requirementsILNS_6OpcodeE27EEE16evmc_status_codeRKSt5arrayIsLm256EERlPKN4intx4uintILj256EEESE_
FN:151,baseline_execution.cpp:_ZN6evmone8baseline12_GLOBAL__N_16invokeILNS_6OpcodeE28EEENS1_8PositionERKSt5arrayIsLm256EEPKN4intx4uintILj256EEES4_RlRNS_14ExecutionStateE
FN:46,baseline_execution.cpp:_ZN6evmone8baseline12_GLOBAL__N_118check_requirementsILNS_6OpcodeE28EEE16evmc_status_codeRKSt5arrayIsLm256EERlPKN4intx4uintILj256EEESE_
FN:151,baseline_execution.cpp:_ZN6evmone8baseline12_GLOBAL__N_16invokeILNS_6OpcodeE29EEENS1_8PositionERKSt5arrayIsLm256EEPKN4intx4uintILj256EEES4_RlRNS_14ExecutionStateE
FN:46,baseline_execution.cpp:_ZN6evmone8baseline12_GLOBAL__N_118check_requirementsILNS_6OpcodeE29EEE16evmc_status_codeRKSt5arrayIsLm256EERlPKN4intx4uintILj256EEESE_
FN:151,baseline_execution.cpp:_ZN6evmone8baseline12_GLOBAL__N_16invokeILNS_6OpcodeE30EEENS1_8PositionERKSt5arrayIsLm256EEPKN4intx4uintILj256EEES4_RlRNS_14ExecutionStateE
FN:46,baseline_execution.cpp:_ZN6evmone8baseline12_GLOBAL__N_118check_requirementsILNS_6OpcodeE30EEE16evmc_status_codeRKSt5arrayIsLm256EERlPKN4intx4uintILj256EEESE_
FN:151,baseline_execution.cpp:_ZN6evmone8baseline12_GLOBAL__N_16invokeILNS_6OpcodeE32EEENS1_8PositionERKSt5arrayIsLm256EEPKN4intx4uintILj256EEES4_RlRNS_14ExecutionStateE
FN:46,baseline_execution.cpp:_ZN6evmone8baseline12_GLOBAL__N_118check_requirementsILNS_6OpcodeE32EEE16evmc_status_codeRKSt5arrayIsLm256EERlPKN4intx4uintILj256EEESE_
FN:151,baseline_execution.cpp:_ZN6evmone8baseline12_GLOBAL__N_16invokeILNS_6OpcodeE48EEENS1_8PositionERKSt5arrayIsLm256EEPKN4intx4uintILj256EEES4_RlRNS_14ExecutionStateE
FN:46,baseline_execution.cpp:_ZN6evmone8baseline12_GLOBAL__N_118check_requirementsILNS_6OpcodeE48EEE16evmc_status_codeRKSt5arrayIsLm256EERlPKN4intx4uintILj256EEESE_
FN:125,baseline_execution.cpp:_ZN6evmone8baseline12_GLOBAL__N_16invokeEPDoFvNS_8StackTopERNS_14ExecutionStateEENS1_8PositionERlS4_
FN:151,baseline_execution.cpp:_ZN6evmone8baseline12_GLOBAL__N_16invokeILNS_6OpcodeE49EEENS1_8PositionERKSt5arrayIsLm256EEPKN4intx4uintILj256EEES4_RlRNS_14ExecutionStateE
FN:46,baseline_execution.cpp:_ZN6evmone8baseline12_GLOBAL__N_118check_requirementsILNS_6OpcodeE49EEE16evmc_status_codeRKSt5arrayIsLm256EERlPKN4intx4uintILj256EEESE_
FN:151,baseline_execution.cpp:_ZN6evmone8baseline12_GLOBAL__N_16invokeILNS_6OpcodeE50EEENS1_8PositionERKSt5arrayIsLm256EEPKN4intx4uintILj256EEES4_RlRNS_14ExecutionStateE
FN:46,baseline_execution.cpp:_ZN6evmone8baseline12_GLOBAL__N_118check_requirementsILNS_6OpcodeE50EEE16evmc_status_codeRKSt5arrayIsLm256EERlPKN4intx4uintILj256EEESE_
FN:151,baseline_execution.cpp:_ZN6evmone8baseline12_GLOBAL__N_16invokeILNS_6OpcodeE51EEENS1_8PositionERKSt5arrayIsLm256EEPKN4intx4uintILj256EEES4_RlRNS_14ExecutionStateE
FN:46,baseline_execution.cpp:_ZN6evmone8baseline12_GLOBAL__N_118check_requirementsILNS_6OpcodeE51EEE16evmc_status_codeRKSt5arrayIsLm256EERlPKN4intx4uintILj256EEESE_
FN:151,baseline_execution.cpp:_ZN6evmone8baseline12_GLOBAL__N_16invokeILNS_6OpcodeE52EEENS1_8PositionERKSt5arrayIsLm256EEPKN4intx4uintILj256EEES4_RlRNS_14ExecutionStateE
FN:46,baseline_execution.cpp:_ZN6evmone8baseline12_GLOBAL__N_118check_requirementsILNS_6OpcodeE52EEE16evmc_status_codeRKSt5arrayIsLm256EERlPKN4intx4uintILj256EEESE_
FN:151,baseline_execution.cpp:_ZN6evmone8baseline12_GLOBAL__N_16invokeILNS_6OpcodeE53EEENS1_8PositionERKSt5arrayIsLm256EEPKN4intx4uintILj256EEES4_RlRNS_14ExecutionStateE
FN:46,baseline_execution.cpp:_ZN6evmone8baseline12_GLOBAL__N_118check_requirementsILNS_6OpcodeE53EEE16evmc_status_codeRKSt5arrayIsLm256EERlPKN4intx4uintILj256EEESE_
FN:151,baseline_execution.cpp:_ZN6evmone8baseline12_GLOBAL__N_16invokeILNS_6OpcodeE54EEENS1_8PositionERKSt5arrayIsLm256EEPKN4intx4uintILj256EEES4_RlRNS_14ExecutionStateE
FN:46,baseline_execution.cpp:_ZN6evmone8baseline12_GLOBAL__N_118check_requirementsILNS_6OpcodeE54EEE16evmc_status_codeRKSt5arrayIsLm256EERlPKN4intx4uintILj256EEESE_
FN:151,baseline_execution.cpp:_ZN6evmone8baseline12_GLOBAL__N_16invokeILNS_6OpcodeE55EEENS1_8PositionERKSt5arrayIsLm256EEPKN4intx4uintILj256EEES4_RlRNS_14ExecutionStateE
FN:46,baseline_execution.cpp:_ZN6evmone8baseline12_GLOBAL__N_118check_requirementsILNS_6OpcodeE55EEE16evmc_status_codeRKSt5arrayIsLm256EERlPKN4intx4uintILj256EEESE_
FN:151,baseline_execution.cpp:_ZN6evmone8baseline12_GLOBAL__N_16invokeILNS_6OpcodeE56EEENS1_8PositionERKSt5arrayIsLm256EEPKN4intx4uintILj256EEES4_RlRNS_14ExecutionStateE
FN:46,baseline_execution.cpp:_ZN6evmone8baseline12_GLOBAL__N_118check_requirementsILNS_6OpcodeE56EEE16evmc_status_codeRKSt5arrayIsLm256EERlPKN4intx4uintILj256EEESE_
FN:151,baseline_execution.cpp:_ZN6evmone8baseline12_GLOBAL__N_16invokeILNS_6OpcodeE57EEENS1_8PositionERKSt5arrayIsLm256EEPKN4intx4uintILj256EEES4_RlRNS_14ExecutionStateE
FN:46,baseline_execution.cpp:_ZN6evmone8baseline12_GLOBAL__N_118check_requirementsILNS_6OpcodeE57EEE16evmc_status_codeRKSt5arrayIsLm256EERlPKN4intx4uintILj256EEESE_
FN:151,baseline_execution.cpp:_ZN6evmone8baseline12_GLOBAL__N_16invokeILNS_6OpcodeE58EEENS1_8PositionERKSt5arrayIsLm256EEPKN4intx4uintILj256EEES4_RlRNS_14ExecutionStateE
FN:46,baseline_execution.cpp:_ZN6evmone8baseline12_GLOBAL__N_118check_requirementsILNS_6OpcodeE58EEE16evmc_status_codeRKSt5arrayIsLm256EERlPKN4intx4uintILj256EEESE_
FN:151,baseline_execution.cpp:_ZN6evmone8baseline12_GLOBAL__N_16invokeILNS_6OpcodeE59EEENS1_8PositionERKSt5arrayIsLm256EEPKN4intx4uintILj256EEES4_RlRNS_14ExecutionStateE
FN:46,baseline_execution.cpp:_ZN6evmone8baseline12_GLOBAL__N_118check_requirementsILNS_6OpcodeE59EEE16evmc_status_codeRKSt5arrayIsLm256EERlPKN4intx4uintILj256EEESE_
FN:151,baseline_execution.cpp:_ZN6evmone8baseline12_GLOBAL__N_16invokeILNS_6OpcodeE60EEENS1_8PositionERKSt5arrayIsLm256EEPKN4intx4uintILj256EEES4_RlRNS_14ExecutionStateE
FN:46,baseline_execution.cpp:_ZN6evmone8baseline12_GLOBAL__N_118check_requirementsILNS_6OpcodeE60EEE16evmc_status_codeRKSt5arrayIsLm256EERlPKN4intx4uintILj256EEESE_
FN:151,baseline_execution.cpp:_ZN6evmone8baseline12_GLOBAL__N_16invokeILNS_6OpcodeE61EEENS1_8PositionERKSt5arrayIsLm256EEPKN4intx4uintILj256EEES4_RlRNS_14ExecutionStateE
FN:46,baseline_execution.cpp:_ZN6evmone8baseline12_GLOBAL__N_118check_requirementsILNS_6OpcodeE61EEE16evmc_status_codeRKSt5arrayIsLm256EERlPKN4intx4uintILj256EEESE_
FN:151,baseline_execution.cpp:_ZN6evmone8baseline12_GLOBAL__N_16invokeILNS_6OpcodeE62EEENS1_8PositionERKSt5arrayIsLm256EEPKN4intx4uintILj256EEES4_RlRNS_14ExecutionStateE
FN:46,baseline_execution.cpp:_ZN6evmone8baseline12_GLOBAL__N_118check_requirementsILNS_6OpcodeE62EEE16evmc_status_codeRKSt5arrayIsLm256EERlPKN4intx4uintILj256EEESE_
FN:151,baseline_execution.cpp:_ZN6evmone8baseline12_GLOBAL__N_16invokeILNS_6OpcodeE63EEENS1_8PositionERKSt5arrayIsLm256EEPKN4intx4uintILj256EEES4_RlRNS_14ExecutionStateE
FN:46,baseline_execution.cpp:_ZN6evmone8baseline12_GLOBAL__N_118check_requirementsILNS_6OpcodeE63EEE16evmc_status_codeRKSt5arrayIsLm256EERlPKN4intx4uintILj256EEESE_
FN:151,baseline_execution.cpp:_ZN6evmone8baseline12_GLOBAL__N_16invokeILNS_6OpcodeE64EEENS1_8PositionERKSt5arrayIsLm256EEPKN4intx4uintILj256EEES4_RlRNS_14ExecutionStateE
FN:46,baseline_execution.cpp:_ZN6evmone8baseline12_GLOBAL__N_118check_requirementsILNS_6OpcodeE64EEE16evmc_status_codeRKSt5arrayIsLm256EERlPKN4intx4uintILj256EEESE_
FN:151,baseline_execution.cpp:_ZN6evmone8baseline12_GLOBAL__N_16invokeILNS_6OpcodeE65EEENS1_8PositionERKSt5arrayIsLm256EEPKN4intx4uintILj256EEES4_RlRNS_14ExecutionStateE
FN:46,baseline_execution.cpp:_ZN6evmone8baseline12_GLOBAL__N_118check_requirementsILNS_6OpcodeE65EEE16evmc_status_codeRKSt5arrayIsLm256EERlPKN4intx4uintILj256EEESE_
FN:151,baseline_execution.cpp:_ZN6evmone8baseline12_GLOBAL__N_16invokeILNS_6OpcodeE66EEENS1_8PositionERKSt5arrayIsLm256EEPKN4intx4uintILj256EEES4_RlRNS_14ExecutionStateE
FN:46,baseline_execution.cpp:_ZN6evmone8baseline12_GLOBAL__N_118check_requirementsILNS_6OpcodeE66EEE16evmc_status_codeRKSt5arrayIsLm256EERlPKN4intx4uintILj256EEESE_
FN:151,baseline_execution.cpp:_ZN6evmone8baseline12_GLOBAL__N_16invokeILNS_6OpcodeE67EEENS1_8PositionERKSt5arrayIsLm256EEPKN4intx4uintILj256EEES4_RlRNS_14ExecutionStateE
FN:46,baseline_execution.cpp:_ZN6evmone8baseline12_GLOBAL__N_118check_requirementsILNS_6OpcodeE67EEE16evmc_status_codeRKSt5arrayIsLm256EERlPKN4intx4uintILj256EEESE_
FN:151,baseline_execution.cpp:_ZN6evmone8baseline12_GLOBAL__N_16invokeILNS_6OpcodeE68EEENS1_8PositionERKSt5arrayIsLm256EEPKN4intx4uintILj256EEES4_RlRNS_14ExecutionStateE
FN:46,baseline_execution.cpp:_ZN6evmone8baseline12_GLOBAL__N_118check_requirementsILNS_6OpcodeE68EEE16evmc_status_codeRKSt5arrayIsLm256EERlPKN4intx4uintILj256EEESE_
FN:151,baseline_execution.cpp:_ZN6evmone8baseline12_GLOBAL__N_16invokeILNS_6OpcodeE69EEENS1_8PositionERKSt5arrayIsLm256EEPKN4intx4uintILj256EEES4_RlRNS_14ExecutionStateE
FN:46,baseline_execution.cpp:_ZN6evmone8baseline12_GLOBAL__N_118check_requirementsILNS_6OpcodeE69EEE16evmc_status_codeRKSt5arrayIsLm256EERlPKN4intx4uintILj256EEESE_
FN:151,baseline_execution.cpp:_ZN6evmone8baseline12_GLOBAL__N_16invokeILNS_6OpcodeE70EEENS1_8PositionERKSt5arrayIsLm256EEPKN4intx4uintILj256EEES4_RlRNS_14ExecutionStateE
FN:46,baseline_execution.cpp:_ZN6evmone8baseline12_GLOBAL__N_118check_requirementsILNS_6OpcodeE70EEE16evmc_status_codeRKSt5arrayIsLm256EERlPKN4intx4uintILj256EEESE_
FN:151,baseline_execution.cpp:_ZN6evmone8baseline12_GLOBAL__N_16invokeILNS_6OpcodeE71EEENS1_8PositionERKSt5arrayIsLm256EEPKN4intx4uintILj256EEES4_RlRNS_14ExecutionStateE
FN:46,baseline_execution.cpp:_ZN6evmone8baseline12_GLOBAL__N_118check_requirementsILNS_6OpcodeE71EEE16evmc_status_codeRKSt5arrayIsLm256EERlPKN4intx4uintILj256EEESE_
FN:151,baseline_execution.cpp:_ZN6evmone8baseline12_GLOBAL__N_16invokeILNS_6OpcodeE72EEENS1_8PositionERKSt5arrayIsLm256EEPKN4intx4uintILj256EEES4_RlRNS_14ExecutionStateE
FN:46,baseline_execution.cpp:_ZN6evmone8baseline12_GLOBAL__N_118check_requirementsILNS_6OpcodeE72EEE16evmc_status_codeRKSt5arrayIsLm256EERlPKN4intx4uintILj256EEESE_
FN:151,baseline_execution.cpp:_ZN6evmone8baseline12_GLOBAL__N_16invokeILNS_6OpcodeE73EEENS1_8PositionERKSt5arrayIsLm256EEPKN4intx4uintILj256EEES4_RlRNS_14ExecutionStateE
FN:46,baseline_execution.cpp:_ZN6evmone8baseline12_GLOBAL__N_118check_requirementsILNS_6OpcodeE73EEE16evmc_status_codeRKSt5arrayIsLm256EERlPKN4intx4uintILj256EEESE_
FN:151,baseline_execution.cpp:_ZN6evmone8baseline12_GLOBAL__N_16invokeILNS_6OpcodeE74EEENS1_8PositionERKSt5arrayIsLm256EEPKN4intx4uintILj256EEES4_RlRNS_14ExecutionStateE
FN:46,baseline_execution.cpp:_ZN6evmone8baseline12_GLOBAL__N_118check_requirementsILNS_6OpcodeE74EEE16evmc_status_codeRKSt5arrayIsLm256EERlPKN4intx4uintILj256EEESE_
FN:151,baseline_execution.cpp:_ZN6evmone8baseline12_GLOBAL__N_16invokeILNS_6OpcodeE80EEENS1_8PositionERKSt5arrayIsLm256EEPKN4intx4uintILj256EEES4_RlRNS_14ExecutionStateE
FN:46,baseline_execution.cpp:_ZN6evmone8baseline12_GLOBAL__N_118check_requirementsILNS_6OpcodeE80EEE16evmc_status_codeRKSt5arrayIsLm256EERlPKN4intx4uintILj256EEESE_
FN:151,baseline_execution.cpp:_ZN6evmone8baseline12_GLOBAL__N_16invokeILNS_6OpcodeE81EEENS1_8PositionERKSt5arrayIsLm256EEPKN4intx4uintILj256EEES4_RlRNS_14ExecutionStateE
FN:46,baseline_execution.cpp:_ZN6evmone8baseline12_GLOBAL__N_118check_requirementsILNS_6OpcodeE81EEE16evmc_status_codeRKSt5arrayIsLm256EERlPKN4intx4uintILj256EEESE_
FN:151,baseline_execution.cpp:_ZN6evmone8baseline12_GLOBAL__N_16invokeILNS_6OpcodeE82EEENS1_8PositionERKSt5arrayIsLm256EEPKN4intx4uintILj256EEES4_RlRNS_14ExecutionStateE
FN:46,baseline_execution.cpp:_ZN6evmone8baseline12_GLOBAL__N_118check_requirementsILNS_6OpcodeE82EEE16evmc_status_codeRKSt5arrayIsLm256EERlPKN4intx4uintILj256EEESE_
FN:151,baseline_execution.cpp:_ZN6evmone8baseline12_GLOBAL__N_16invokeILNS_6OpcodeE83EEENS1_8PositionERKSt5arrayIsLm256EEPKN4intx4uintILj256EEES4_RlRNS_14ExecutionStateE
FN:46,baseline_execution.cpp:_ZN6evmone8baseline12_GLOBAL__N_118check_requirementsILNS_6OpcodeE83EEE16evmc_status_codeRKSt5arrayIsLm256EERlPKN4intx4uintILj256EEESE_
FN:151,baseline_execution.cpp:_ZN6evmone8baseline12_GLOBAL__N_16invokeILNS_6OpcodeE84EEENS1_8PositionERKSt5arrayIsLm256EEPKN4intx4uintILj256EEES4_RlRNS_14ExecutionStateE
FN:46,baseline_execution.cpp:_ZN6evmone8baseline12_GLOBAL__N_118check_requirementsILNS_6OpcodeE84EEE16evmc_status_codeRKSt5arrayIsLm256EERlPKN4intx4uintILj256EEESE_
FN:151,baseline_execution.cpp:_ZN6evmone8baseline12_GLOBAL__N_16invokeILNS_6OpcodeE85EEENS1_8PositionERKSt5arrayIsLm256EEPKN4intx4uintILj256EEES4_RlRNS_14ExecutionStateE
FN:46,baseline_execution.cpp:_ZN6evmone8baseline12_GLOBAL__N_118check_requirementsILNS_6OpcodeE85EEE16evmc_status_codeRKSt5arrayIsLm256EERlPKN4intx4uintILj256EEESE_
FN:151,baseline_execution.cpp:_ZN6evmone8baseline12_GLOBAL__N_16invokeILNS_6OpcodeE86EEENS1_8PositionERKSt5arrayIsLm256EEPKN4intx4uintILj256EEES4_RlRNS_14ExecutionStateE
FN:46,baseline_execution.cpp:_ZN6evmone8baseline12_GLOBAL__N_118check_requirementsILNS_6OpcodeE86EEE16evmc_status_codeRKSt5arrayIsLm256EERlPKN4intx4uintILj256EEESE_
FN:133,baseline_execution.cpp:_ZN6evmone8baseline12_GLOBAL__N_16invokeEPDoFPKhNS_8StackTopERNS_14ExecutionStateES3_ENS1_8PositionERlS6_
FN:151,baseline_execution.cpp:_ZN6evmone8baseline12_GLOBAL__N_16invokeILNS_6OpcodeE87EEENS1_8PositionERKSt5arrayIsLm256EEPKN4intx4uintILj256EEES4_RlRNS_14ExecutionStateE
FN:46,baseline_execution.cpp:_ZN6evmone8baseline12_GLOBAL__N_118check_requirementsILNS_6OpcodeE87EEE16evmc_status_codeRKSt5arrayIsLm256EERlPKN4intx4uintILj256EEESE_
FN:151,baseline_execution.cpp:_ZN6evmone8baseline12_GLOBAL__N_16invokeILNS_6OpcodeE88EEENS1_8PositionERKSt5arrayIsLm256EEPKN4intx4uintILj256EEES4_RlRNS_14ExecutionStateE
FN:46,baseline_execution.cpp:_ZN6evmone8baseline12_GLOBAL__N_118check_requirementsILNS_6OpcodeE88EEE16evmc_status_codeRKSt5arrayIsLm256EERlPKN4intx4uintILj256EEESE_
FN:151,baseline_execution.cpp:_ZN6evmone8baseline12_GLOBAL__N_16invokeILNS_6OpcodeE89EEENS1_8PositionERKSt5arrayIsLm256EEPKN4intx4uintILj256EEES4_RlRNS_14ExecutionStateE
FN:46,baseline_execution.cpp:_ZN6evmone8baseline12_GLOBAL__N_118check_requirementsILNS_6OpcodeE89EEE16evmc_status_codeRKSt5arrayIsLm256EERlPKN4intx4uintILj256EEESE_
FN:151,baseline_execution.cpp:_ZN6evmone8baseline12_GLOBAL__N_16invokeILNS_6OpcodeE90EEENS1_8PositionERKSt5arrayIsLm256EEPKN4intx4uintILj256EEES4_RlRNS_14ExecutionStateE
FN:46,baseline_execution.cpp:_ZN6evmone8baseline12_GLOBAL__N_118check_requirementsILNS_6OpcodeE90EEE16evmc_status_codeRKSt5arrayIsLm256EERlPKN4intx4uintILj256EEESE_
FN:151,baseline_execution.cpp:_ZN6evmone8baseline12_GLOBAL__N_16invokeILNS_6OpcodeE91EEENS1_8PositionERKSt5arrayIsLm256EEPKN4intx4uintILj256EEES4_RlRNS_14ExecutionStateE
FN:46,baseline_execution.cpp:_ZN6evmone8baseline12_GLOBAL__N_118check_requirementsILNS_6OpcodeE91EEE16evmc_status_codeRKSt5arrayIsLm256EERlPKN4intx4uintILj256EEESE_
FN:151,baseline_execution.cpp:_ZN6evmone8baseline12_GLOBAL__N_16invokeILNS_6OpcodeE92EEENS1_8PositionERKSt5arrayIsLm256EEPKN4intx4uintILj256EEES4_RlRNS_14ExecutionStateE
FN:46,baseline_execution.cpp:_ZN6evmone8baseline12_GLOBAL__N_118check_requirementsILNS_6OpcodeE92EEE16evmc_status_codeRKSt5arrayIsLm256EERlPKN4intx4uintILj256EEESE_
FN:151,baseline_execution.cpp:_ZN6evmone8baseline12_GLOBAL__N_16invokeILNS_6OpcodeE93EEENS1_8PositionERKSt5arrayIsLm256EEPKN4intx4uintILj256EEES4_RlRNS_14ExecutionStateE
FN:46,baseline_execution.cpp:_ZN6evmone8baseline12_GLOBAL__N_118check_requirementsILNS_6OpcodeE93EEE16evmc_status_codeRKSt5arrayIsLm256EERlPKN4intx4uintILj256EEESE_
FN:151,baseline_execution.cpp:_ZN6evmone8baseline12_GLOBAL__N_16invokeILNS_6OpcodeE94EEENS1_8PositionERKSt5arrayIsLm256EEPKN4intx4uintILj256EEES4_RlRNS_14ExecutionStateE
FN:46,baseline_execution.cpp:_ZN6evmone8baseline12_GLOBAL__N_118check_requirementsILNS_6OpcodeE94EEE16evmc_status_codeRKSt5arrayIsLm256EERlPKN4intx4uintILj256EEESE_
FN:151,baseline_execution.cpp:_ZN6evmone8baseline12_GLOBAL__N_16invokeILNS_6OpcodeE95EEENS1_8PositionERKSt5arrayIsLm256EEPKN4intx4uintILj256EEES4_RlRNS_14ExecutionStateE
FN:46,baseline_execution.cpp:_ZN6evmone8baseline12_GLOBAL__N_118check_requirementsILNS_6OpcodeE95EEE16evmc_status_codeRKSt5arrayIsLm256EERlPKN4intx4uintILj256EEESE_
FN:151,baseline_execution.cpp:_ZN6evmone8baseline12_GLOBAL__N_16invokeILNS_6OpcodeE96EEENS1_8PositionERKSt5arrayIsLm256EEPKN4intx4uintILj256EEES4_RlRNS_14ExecutionStateE
FN:46,baseline_execution.cpp:_ZN6evmone8baseline12_GLOBAL__N_118check_requirementsILNS_6OpcodeE96EEE16evmc_status_codeRKSt5arrayIsLm256EERlPKN4intx4uintILj256EEESE_
FN:151,baseline_execution.cpp:_ZN6evmone8baseline12_GLOBAL__N_16invokeILNS_6OpcodeE97EEENS1_8PositionERKSt5arrayIsLm256EEPKN4intx4uintILj256EEES4_RlRNS_14ExecutionStateE
FN:46,baseline_execution.cpp:_ZN6evmone8baseline12_GLOBAL__N_118check_requirementsILNS_6OpcodeE97EEE16evmc_status_codeRKSt5arrayIsLm256EERlPKN4intx4uintILj256EEESE_
FN:151,baseline_execution.cpp:_ZN6evmone8baseline12_GLOBAL__N_16invokeILNS_6OpcodeE98EEENS1_8PositionERKSt5arrayIsLm256EEPKN4intx4uintILj256EEES4_RlRNS_14ExecutionStateE
FN:46,baseline_execution.cpp:_ZN6evmone8baseline12_GLOBAL__N_118check_requirementsILNS_6OpcodeE98EEE16evmc_status_codeRKSt5arrayIsLm256EERlPKN4intx4uintILj256EEESE_
FN:151,baseline_execution.cpp:_ZN6evmone8baseline12_GLOBAL__N_16invokeILNS_6OpcodeE99EEENS1_8PositionERKSt5arrayIsLm256EEPKN4intx4uintILj256EEES4_RlRNS_14ExecutionStateE
FN:46,baseline_execution.cpp:_ZN6evmone8baseline12_GLOBAL__N_118check_requirementsILNS_6OpcodeE99EEE16evmc_status_codeRKSt5arrayIsLm256EERlPKN4intx4uintILj256EEESE_
FN:151,baseline_execution.cpp:_ZN6evmone8baseline12_GLOBAL__N_16invokeILNS_6OpcodeE100EEENS1_8PositionERKSt5arrayIsLm256EEPKN4intx4uintILj256EEES4_RlRNS_14ExecutionStateE
FN:46,baseline_execution.cpp:_ZN6evmone8baseline12_GLOBAL__N_118check_requirementsILNS_6OpcodeE100EEE16evmc_status_codeRKSt5arrayIsLm256EERlPKN4intx4uintILj256EEESE_
FN:151,baseline_execution.cpp:_ZN6evmone8baseline12_GLOBAL__N_16invokeILNS_6OpcodeE101EEENS1_8PositionERKSt5arrayIsLm256EEPKN4intx4uintILj256EEES4_RlRNS_14ExecutionStateE
FN:46,baseline_execution.cpp:_ZN6evmone8baseline12_GLOBAL__N_118check_requirementsILNS_6OpcodeE101EEE16evmc_status_codeRKSt5arrayIsLm256EERlPKN4intx4uintILj256EEESE_
FN:151,baseline_execution.cpp:_ZN6evmone8baseline12_GLOBAL__N_16invokeILNS_6OpcodeE102EEENS1_8PositionERKSt5arrayIsLm256EEPKN4intx4uintILj256EEES4_RlRNS_14ExecutionStateE
FN:46,baseline_execution.cpp:_ZN6evmone8baseline12_GLOBAL__N_118check_requirementsILNS_6OpcodeE102EEE16evmc_status_codeRKSt5arrayIsLm256EERlPKN4intx4uintILj256EEESE_
FN:151,baseline_execution.cpp:_ZN6evmone8baseline12_GLOBAL__N_16invokeILNS_6OpcodeE103EEENS1_8PositionERKSt5arrayIsLm256EEPKN4intx4uintILj256EEES4_RlRNS_14ExecutionStateE
FN:46,baseline_execution.cpp:_ZN6evmone8baseline12_GLOBAL__N_118check_requirementsILNS_6OpcodeE103EEE16evmc_status_codeRKSt5arrayIsLm256EERlPKN4intx4uintILj256EEESE_
FN:151,baseline_execution.cpp:_ZN6evmone8baseline12_GLOBAL__N_16invokeILNS_6OpcodeE104EEENS1_8PositionERKSt5arrayIsLm256EEPKN4intx4uintILj256EEES4_RlRNS_14ExecutionStateE
FN:46,baseline_execution.cpp:_ZN6evmone8baseline12_GLOBAL__N_118check_requirementsILNS_6OpcodeE104EEE16evmc_status_codeRKSt5arrayIsLm256EERlPKN4intx4uintILj256EEESE_
FN:151,baseline_execution.cpp:_ZN6evmone8baseline12_GLOBAL__N_16invokeILNS_6OpcodeE105EEENS1_8PositionERKSt5arrayIsLm256EEPKN4intx4uintILj256EEES4_RlRNS_14ExecutionStateE
FN:46,baseline_execution.cpp:_ZN6evmone8baseline12_GLOBAL__N_118check_requirementsILNS_6OpcodeE105EEE16evmc_status_codeRKSt5arrayIsLm256EERlPKN4intx4uintILj256EEESE_
FN:151,baseline_execution.cpp:_ZN6evmone8baseline12_GLOBAL__N_16invokeILNS_6OpcodeE106EEENS1_8PositionERKSt5arrayIsLm256EEPKN4intx4uintILj256EEES4_RlRNS_14ExecutionStateE
FN:46,baseline_execution.cpp:_ZN6evmone8baseline12_GLOBAL__N_118check_requirementsILNS_6OpcodeE106EEE16evmc_status_codeRKSt5arrayIsLm256EERlPKN4intx4uintILj256EEESE_
FN:151,baseline_execution.cpp:_ZN6evmone8baseline12_GLOBAL__N_16invokeILNS_6OpcodeE107EEENS1_8PositionERKSt5arrayIsLm256EEPKN4intx4uintILj256EEES4_RlRNS_14ExecutionStateE
FN:46,baseline_execution.cpp:_ZN6evmone8baseline12_GLOBAL__N_118check_requirementsILNS_6OpcodeE107EEE16evmc_status_codeRKSt5arrayIsLm256EERlPKN4intx4uintILj256EEESE_
FN:151,baseline_execution.cpp:_ZN6evmone8baseline12_GLOBAL__N_16invokeILNS_6OpcodeE108EEENS1_8PositionERKSt5arrayIsLm256EEPKN4intx4uintILj256EEES4_RlRNS_14ExecutionStateE
FN:46,baseline_execution.cpp:_ZN6evmone8baseline12_GLOBAL__N_118check_requirementsILNS_6OpcodeE108EEE16evmc_status_codeRKSt5arrayIsLm256EERlPKN4intx4uintILj256EEESE_
FN:151,baseline_execution.cpp:_ZN6evmone8baseline12_GLOBAL__N_16invokeILNS_6OpcodeE109EEENS1_8PositionERKSt5arrayIsLm256EEPKN4intx4uintILj256EEES4_RlRNS_14ExecutionStateE
FN:46,baseline_execution.cpp:_ZN6evmone8baseline12_GLOBAL__N_118check_requirementsILNS_6OpcodeE109EEE16evmc_status_codeRKSt5arrayIsLm256EERlPKN4intx4uintILj256EEESE_
FN:151,baseline_execution.cpp:_ZN6evmone8baseline12_GLOBAL__N_16invokeILNS_6OpcodeE110EEENS1_8PositionERKSt5arrayIsLm256EEPKN4intx4uintILj256EEES4_RlRNS_14ExecutionStateE
FN:46,baseline_execution.cpp:_ZN6evmone8baseline12_GLOBAL__N_118check_requirementsILNS_6OpcodeE110EEE16evmc_status_codeRKSt5arrayIsLm256EERlPKN4intx4uintILj256EEESE_
FN:151,baseline_execution.cpp:_ZN6evmone8baseline12_GLOBAL__N_16invokeILNS_6OpcodeE111EEENS1_8PositionERKSt5arrayIsLm256EEPKN4intx4uintILj256EEES4_RlRNS_14ExecutionStateE
FN:46,baseline_execution.cpp:_ZN6evmone8baseline12_GLOBAL__N_118check_requirementsILNS_6OpcodeE111EEE16evmc_status_codeRKSt5arrayIsLm256EERlPKN4intx4uintILj256EEESE_
FN:151,baseline_execution.cpp:_ZN6evmone8baseline12_GLOBAL__N_16invokeILNS_6OpcodeE112EEENS1_8PositionERKSt5arrayIsLm256EEPKN4intx4uintILj256EEES4_RlRNS_14ExecutionStateE
FN:46,baseline_execution.cpp:_ZN6evmone8baseline12_GLOBAL__N_118check_requirementsILNS_6OpcodeE112EEE16evmc_status_codeRKSt5arrayIsLm256EERlPKN4intx4uintILj256EEESE_
FN:151,baseline_execution.cpp:_ZN6evmone8baseline12_GLOBAL__N_16invokeILNS_6OpcodeE113EEENS1_8PositionERKSt5arrayIsLm256EEPKN4intx4uintILj256EEES4_RlRNS_14ExecutionStateE
FN:46,baseline_execution.cpp:_ZN6evmone8baseline12_GLOBAL__N_118check_requirementsILNS_6OpcodeE113EEE16evmc_status_codeRKSt5arrayIsLm256EERlPKN4intx4uintILj256EEESE_
FN:151,baseline_execution.cpp:_ZN6evmone8baseline12_GLOBAL__N_16invokeILNS_6OpcodeE114EEENS1_8PositionERKSt5arrayIsLm256EEPKN4intx4uintILj256EEES4_RlRNS_14ExecutionStateE
FN:46,baseline_execution.cpp:_ZN6evmone8baseline12_GLOBAL__N_118check_requirementsILNS_6OpcodeE114EEE16evmc_status_codeRKSt5arrayIsLm256EERlPKN4intx4uintILj256EEESE_
FN:151,baseline_execution.cpp:_ZN6evmone8baseline12_GLOBAL__N_16invokeILNS_6OpcodeE115EEENS1_8PositionERKSt5arrayIsLm256EEPKN4intx4uintILj256EEES4_RlRNS_14ExecutionStateE
FN:46,baseline_execution.cpp:_ZN6evmone8baseline12_GLOBAL__N_118check_requirementsILNS_6OpcodeE115EEE16evmc_status_codeRKSt5arrayIsLm256EERlPKN4intx4uintILj256EEESE_
FN:151,baseline_execution.cpp:_ZN6evmone8baseline12_GLOBAL__N_16invokeILNS_6OpcodeE116EEENS1_8PositionERKSt5arrayIsLm256EEPKN4intx4uintILj256EEES4_RlRNS_14ExecutionStateE
FN:46,baseline_execution.cpp:_ZN6evmone8baseline12_GLOBAL__N_118check_requirementsILNS_6OpcodeE116EEE16evmc_status_codeRKSt5arrayIsLm256EERlPKN4intx4uintILj256EEESE_
FN:151,baseline_execution.cpp:_ZN6evmone8baseline12_GLOBAL__N_16invokeILNS_6OpcodeE117EEENS1_8PositionERKSt5arrayIsLm256EEPKN4intx4uintILj256EEES4_RlRNS_14ExecutionStateE
FN:46,baseline_execution.cpp:_ZN6evmone8baseline12_GLOBAL__N_118check_requirementsILNS_6OpcodeE117EEE16evmc_status_codeRKSt5arrayIsLm256EERlPKN4intx4uintILj256EEESE_
FN:151,baseline_execution.cpp:_ZN6evmone8baseline12_GLOBAL__N_16invokeILNS_6OpcodeE118EEENS1_8PositionERKSt5arrayIsLm256EEPKN4intx4uintILj256EEES4_RlRNS_14ExecutionStateE
FN:46,baseline_execution.cpp:_ZN6evmone8baseline12_GLOBAL__N_118check_requirementsILNS_6OpcodeE118EEE16evmc_status_codeRKSt5arrayIsLm256EERlPKN4intx4uintILj256EEESE_
FN:151,baseline_execution.cpp:_ZN6evmone8baseline12_GLOBAL__N_16invokeILNS_6OpcodeE119EEENS1_8PositionERKSt5arrayIsLm256EEPKN4intx4uintILj256EEES4_RlRNS_14ExecutionStateE
FN:46,baseline_execution.cpp:_ZN6evmone8baseline12_GLOBAL__N_118check_requirementsILNS_6OpcodeE119EEE16evmc_status_codeRKSt5arrayIsLm256EERlPKN4intx4uintILj256EEESE_
FN:151,baseline_execution.cpp:_ZN6evmone8baseline12_GLOBAL__N_16invokeILNS_6OpcodeE120EEENS1_8PositionERKSt5arrayIsLm256EEPKN4intx4uintILj256EEES4_RlRNS_14ExecutionStateE
FN:46,baseline_execution.cpp:_ZN6evmone8baseline12_GLOBAL__N_118check_requirementsILNS_6OpcodeE120EEE16evmc_status_codeRKSt5arrayIsLm256EERlPKN4intx4uintILj256EEESE_
FN:151,baseline_execution.cpp:_ZN6evmone8baseline12_GLOBAL__N_16invokeILNS_6OpcodeE121EEENS1_8PositionERKSt5arrayIsLm256EEPKN4intx4uintILj256EEES4_RlRNS_14ExecutionStateE
FN:46,baseline_execution.cpp:_ZN6evmone8baseline12_GLOBAL__N_118check_requirementsILNS_6OpcodeE121EEE16evmc_status_codeRKSt5arrayIsLm256EERlPKN4intx4uintILj256EEESE_
FN:151,baseline_execution.cpp:_ZN6evmone8baseline12_GLOBAL__N_16invokeILNS_6OpcodeE122EEENS1_8PositionERKSt5arrayIsLm256EEPKN4intx4uintILj256EEES4_RlRNS_14ExecutionStateE
FN:46,baseline_execution.cpp:_ZN6evmone8baseline12_GLOBAL__N_118check_requirementsILNS_6OpcodeE122EEE16evmc_status_codeRKSt5arrayIsLm256EERlPKN4intx4uintILj256EEESE_
FN:151,baseline_execution.cpp:_ZN6evmone8baseline12_GLOBAL__N_16invokeILNS_6OpcodeE123EEENS1_8PositionERKSt5arrayIsLm256EEPKN4intx4uintILj256EEES4_RlRNS_14ExecutionStateE
FN:46,baseline_execution.cpp:_ZN6evmone8baseline12_GLOBAL__N_118check_requirementsILNS_6OpcodeE123EEE16evmc_status_codeRKSt5arrayIsLm256EERlPKN4intx4uintILj256EEESE_
FN:151,baseline_execution.cpp:_ZN6evmone8baseline12_GLOBAL__N_16invokeILNS_6OpcodeE124EEENS1_8PositionERKSt5arrayIsLm256EEPKN4intx4uintILj256EEES4_RlRNS_14ExecutionStateE
FN:46,baseline_execution.cpp:_ZN6evmone8baseline12_GLOBAL__N_118check_requirementsILNS_6OpcodeE124EEE16evmc_status_codeRKSt5arrayIsLm256EERlPKN4intx4uintILj256EEESE_
FN:151,baseline_execution.cpp:_ZN6evmone8baseline12_GLOBAL__N_16invokeILNS_6OpcodeE125EEENS1_8PositionERKSt5arrayIsLm256EEPKN4intx4uintILj256EEES4_RlRNS_14ExecutionStateE
FN:46,baseline_execution.cpp:_ZN6evmone8baseline12_GLOBAL__N_118check_requirementsILNS_6OpcodeE125EEE16evmc_status_codeRKSt5arrayIsLm256EERlPKN4intx4uintILj256EEESE_
FN:151,baseline_execution.cpp:_ZN6evmone8baseline12_GLOBAL__N_16invokeILNS_6OpcodeE126EEENS1_8PositionERKSt5arrayIsLm256EEPKN4intx4uintILj256EEES4_RlRNS_14ExecutionStateE
FN:46,baseline_execution.cpp:_ZN6evmone8baseline12_GLOBAL__N_118check_requirementsILNS_6OpcodeE126EEE16evmc_status_codeRKSt5arrayIsLm256EERlPKN4intx4uintILj256EEESE_
FN:151,baseline_execution.cpp:_ZN6evmone8baseline12_GLOBAL__N_16invokeILNS_6OpcodeE127EEENS1_8PositionERKSt5arrayIsLm256EEPKN4intx4uintILj256EEES4_RlRNS_14ExecutionStateE
FN:46,baseline_execution.cpp:_ZN6evmone8baseline12_GLOBAL__N_118check_requirementsILNS_6OpcodeE127EEE16evmc_status_codeRKSt5arrayIsLm256EERlPKN4intx4uintILj256EEESE_
FN:151,baseline_execution.cpp:_ZN6evmone8baseline12_GLOBAL__N_16invokeILNS_6OpcodeE128EEENS1_8PositionERKSt5arrayIsLm256EEPKN4intx4uintILj256EEES4_RlRNS_14ExecutionStateE
FN:46,baseline_execution.cpp:_ZN6evmone8baseline12_GLOBAL__N_118check_requirementsILNS_6OpcodeE128EEE16evmc_status_codeRKSt5arrayIsLm256EERlPKN4intx4uintILj256EEESE_
FN:151,baseline_execution.cpp:_ZN6evmone8baseline12_GLOBAL__N_16invokeILNS_6OpcodeE129EEENS1_8PositionERKSt5arrayIsLm256EEPKN4intx4uintILj256EEES4_RlRNS_14ExecutionStateE
FN:46,baseline_execution.cpp:_ZN6evmone8baseline12_GLOBAL__N_118check_requirementsILNS_6OpcodeE129EEE16evmc_status_codeRKSt5arrayIsLm256EERlPKN4intx4uintILj256EEESE_
FN:151,baseline_execution.cpp:_ZN6evmone8baseline12_GLOBAL__N_16invokeILNS_6OpcodeE130EEENS1_8PositionERKSt5arrayIsLm256EEPKN4intx4uintILj256EEES4_RlRNS_14ExecutionStateE
FN:46,baseline_execution.cpp:_ZN6evmone8baseline12_GLOBAL__N_118check_requirementsILNS_6OpcodeE130EEE16evmc_status_codeRKSt5arrayIsLm256EERlPKN4intx4uintILj256EEESE_
FN:151,baseline_execution.cpp:_ZN6evmone8baseline12_GLOBAL__N_16invokeILNS_6OpcodeE131EEENS1_8PositionERKSt5arrayIsLm256EEPKN4intx4uintILj256EEES4_RlRNS_14ExecutionStateE
FN:46,baseline_execution.cpp:_ZN6evmone8baseline12_GLOBAL__N_118check_requirementsILNS_6OpcodeE131EEE16evmc_status_codeRKSt5arrayIsLm256EERlPKN4intx4uintILj256EEESE_
FN:151,baseline_execution.cpp:_ZN6evmone8baseline12_GLOBAL__N_16invokeILNS_6OpcodeE132EEENS1_8PositionERKSt5arrayIsLm256EEPKN4intx4uintILj256EEES4_RlRNS_14ExecutionStateE
FN:46,baseline_execution.cpp:_ZN6evmone8baseline12_GLOBAL__N_118check_requirementsILNS_6OpcodeE132EEE16evmc_status_codeRKSt5arrayIsLm256EERlPKN4intx4uintILj256EEESE_
FN:151,baseline_execution.cpp:_ZN6evmone8baseline12_GLOBAL__N_16invokeILNS_6OpcodeE133EEENS1_8PositionERKSt5arrayIsLm256EEPKN4intx4uintILj256EEES4_RlRNS_14ExecutionStateE
FN:46,baseline_execution.cpp:_ZN6evmone8baseline12_GLOBAL__N_118check_requirementsILNS_6OpcodeE133EEE16evmc_status_codeRKSt5arrayIsLm256EERlPKN4intx4uintILj256EEESE_
FN:151,baseline_execution.cpp:_ZN6evmone8baseline12_GLOBAL__N_16invokeILNS_6OpcodeE134EEENS1_8PositionERKSt5arrayIsLm256EEPKN4intx4uintILj256EEES4_RlRNS_14ExecutionStateE
FN:46,baseline_execution.cpp:_ZN6evmone8baseline12_GLOBAL__N_118check_requirementsILNS_6OpcodeE134EEE16evmc_status_codeRKSt5arrayIsLm256EERlPKN4intx4uintILj256EEESE_
FN:151,baseline_execution.cpp:_ZN6evmone8baseline12_GLOBAL__N_16invokeILNS_6OpcodeE135EEENS1_8PositionERKSt5arrayIsLm256EEPKN4intx4uintILj256EEES4_RlRNS_14ExecutionStateE
FN:46,baseline_execution.cpp:_ZN6evmone8baseline12_GLOBAL__N_118check_requirementsILNS_6OpcodeE135EEE16evmc_status_codeRKSt5arrayIsLm256EERlPKN4intx4uintILj256EEESE_
FN:151,baseline_execution.cpp:_ZN6evmone8baseline12_GLOBAL__N_16invokeILNS_6OpcodeE136EEENS1_8PositionERKSt5arrayIsLm256EEPKN4intx4uintILj256EEES4_RlRNS_14ExecutionStateE
FN:46,baseline_execution.cpp:_ZN6evmone8baseline12_GLOBAL__N_118check_requirementsILNS_6OpcodeE136EEE16evmc_status_codeRKSt5arrayIsLm256EERlPKN4intx4uintILj256EEESE_
FN:151,baseline_execution.cpp:_ZN6evmone8baseline12_GLOBAL__N_16invokeILNS_6OpcodeE137EEENS1_8PositionERKSt5arrayIsLm256EEPKN4intx4uintILj256EEES4_RlRNS_14ExecutionStateE
FN:46,baseline_execution.cpp:_ZN6evmone8baseline12_GLOBAL__N_118check_requirementsILNS_6OpcodeE137EEE16evmc_status_codeRKSt5arrayIsLm256EERlPKN4intx4uintILj256EEESE_
FN:151,baseline_execution.cpp:_ZN6evmone8baseline12_GLOBAL__N_16invokeILNS_6OpcodeE138EEENS1_8PositionERKSt5arrayIsLm256EEPKN4intx4uintILj256EEES4_RlRNS_14ExecutionStateE
FN:46,baseline_execution.cpp:_ZN6evmone8baseline12_GLOBAL__N_118check_requirementsILNS_6OpcodeE138EEE16evmc_status_codeRKSt5arrayIsLm256EERlPKN4intx4uintILj256EEESE_
FN:151,baseline_execution.cpp:_ZN6evmone8baseline12_GLOBAL__N_16invokeILNS_6OpcodeE139EEENS1_8PositionERKSt5arrayIsLm256EEPKN4intx4uintILj256EEES4_RlRNS_14ExecutionStateE
FN:46,baseline_execution.cpp:_ZN6evmone8baseline12_GLOBAL__N_118check_requirementsILNS_6OpcodeE139EEE16evmc_status_codeRKSt5arrayIsLm256EERlPKN4intx4uintILj256EEESE_
FN:151,baseline_execution.cpp:_ZN6evmone8baseline12_GLOBAL__N_16invokeILNS_6OpcodeE140EEENS1_8PositionERKSt5arrayIsLm256EEPKN4intx4uintILj256EEES4_RlRNS_14ExecutionStateE
FN:46,baseline_execution.cpp:_ZN6evmone8baseline12_GLOBAL__N_118check_requirementsILNS_6OpcodeE140EEE16evmc_status_codeRKSt5arrayIsLm256EERlPKN4intx4uintILj256EEESE_
FN:151,baseline_execution.cpp:_ZN6evmone8baseline12_GLOBAL__N_16invokeILNS_6OpcodeE141EEENS1_8PositionERKSt5arrayIsLm256EEPKN4intx4uintILj256EEES4_RlRNS_14ExecutionStateE
FN:46,baseline_execution.cpp:_ZN6evmone8baseline12_GLOBAL__N_118check_requirementsILNS_6OpcodeE141EEE16evmc_status_codeRKSt5arrayIsLm256EERlPKN4intx4uintILj256EEESE_
FN:151,baseline_execution.cpp:_ZN6evmone8baseline12_GLOBAL__N_16invokeILNS_6OpcodeE142EEENS1_8PositionERKSt5arrayIsLm256EEPKN4intx4uintILj256EEES4_RlRNS_14ExecutionStateE
FN:46,baseline_execution.cpp:_ZN6evmone8baseline12_GLOBAL__N_118check_requirementsILNS_6OpcodeE142EEE16evmc_status_codeRKSt5arrayIsLm256EERlPKN4intx4uintILj256EEESE_
FN:151,baseline_execution.cpp:_ZN6evmone8baseline12_GLOBAL__N_16invokeILNS_6OpcodeE143EEENS1_8PositionERKSt5arrayIsLm256EEPKN4intx4uintILj256EEES4_RlRNS_14ExecutionStateE
FN:46,baseline_execution.cpp:_ZN6evmone8baseline12_GLOBAL__N_118check_requirementsILNS_6OpcodeE143EEE16evmc_status_codeRKSt5arrayIsLm256EERlPKN4intx4uintILj256EEESE_
FN:151,baseline_execution.cpp:_ZN6evmone8baseline12_GLOBAL__N_16invokeILNS_6OpcodeE144EEENS1_8PositionERKSt5arrayIsLm256EEPKN4intx4uintILj256EEES4_RlRNS_14ExecutionStateE
FN:46,baseline_execution.cpp:_ZN6evmone8baseline12_GLOBAL__N_118check_requirementsILNS_6OpcodeE144EEE16evmc_status_codeRKSt5arrayIsLm256EERlPKN4intx4uintILj256EEESE_
FN:151,baseline_execution.cpp:_ZN6evmone8baseline12_GLOBAL__N_16invokeILNS_6OpcodeE145EEENS1_8PositionERKSt5arrayIsLm256EEPKN4intx4uintILj256EEES4_RlRNS_14ExecutionStateE
FN:46,baseline_execution.cpp:_ZN6evmone8baseline12_GLOBAL__N_118check_requirementsILNS_6OpcodeE145EEE16evmc_status_codeRKSt5arrayIsLm256EERlPKN4intx4uintILj256EEESE_
FN:151,baseline_execution.cpp:_ZN6evmone8baseline12_GLOBAL__N_16invokeILNS_6OpcodeE146EEENS1_8PositionERKSt5arrayIsLm256EEPKN4intx4uintILj256EEES4_RlRNS_14ExecutionStateE
FN:46,baseline_execution.cpp:_ZN6evmone8baseline12_GLOBAL__N_118check_requirementsILNS_6OpcodeE146EEE16evmc_status_codeRKSt5arrayIsLm256EERlPKN4intx4uintILj256EEESE_
FN:151,baseline_execution.cpp:_ZN6evmone8baseline12_GLOBAL__N_16invokeILNS_6OpcodeE147EEENS1_8PositionERKSt5arrayIsLm256EEPKN4intx4uintILj256EEES4_RlRNS_14ExecutionStateE
FN:46,baseline_execution.cpp:_ZN6evmone8baseline12_GLOBAL__N_118check_requirementsILNS_6OpcodeE147EEE16evmc_status_codeRKSt5arrayIsLm256EERlPKN4intx4uintILj256EEESE_
FN:151,baseline_execution.cpp:_ZN6evmone8baseline12_GLOBAL__N_16invokeILNS_6OpcodeE148EEENS1_8PositionERKSt5arrayIsLm256EEPKN4intx4uintILj256EEES4_RlRNS_14ExecutionStateE
FN:46,baseline_execution.cpp:_ZN6evmone8baseline12_GLOBAL__N_118check_requirementsILNS_6OpcodeE148EEE16evmc_status_codeRKSt5arrayIsLm256EERlPKN4intx4uintILj256EEESE_
FN:151,baseline_execution.cpp:_ZN6evmone8baseline12_GLOBAL__N_16invokeILNS_6OpcodeE149EEENS1_8PositionERKSt5arrayIsLm256EEPKN4intx4uintILj256EEES4_RlRNS_14ExecutionStateE
FN:46,baseline_execution.cpp:_ZN6evmone8baseline12_GLOBAL__N_118check_requirementsILNS_6OpcodeE149EEE16evmc_status_codeRKSt5arrayIsLm256EERlPKN4intx4uintILj256EEESE_
FN:151,baseline_execution.cpp:_ZN6evmone8baseline12_GLOBAL__N_16invokeILNS_6OpcodeE150EEENS1_8PositionERKSt5arrayIsLm256EEPKN4intx4uintILj256EEES4_RlRNS_14ExecutionStateE
FN:46,baseline_execution.cpp:_ZN6evmone8baseline12_GLOBAL__N_118check_requirementsILNS_6OpcodeE150EEE16evmc_status_codeRKSt5arrayIsLm256EERlPKN4intx4uintILj256EEESE_
FN:151,baseline_execution.cpp:_ZN6evmone8baseline12_GLOBAL__N_16invokeILNS_6OpcodeE151EEENS1_8PositionERKSt5arrayIsLm256EEPKN4intx4uintILj256EEES4_RlRNS_14ExecutionStateE
FN:46,baseline_execution.cpp:_ZN6evmone8baseline12_GLOBAL__N_118check_requirementsILNS_6OpcodeE151EEE16evmc_status_codeRKSt5arrayIsLm256EERlPKN4intx4uintILj256EEESE_
FN:151,baseline_execution.cpp:_ZN6evmone8baseline12_GLOBAL__N_16invokeILNS_6OpcodeE152EEENS1_8PositionERKSt5arrayIsLm256EEPKN4intx4uintILj256EEES4_RlRNS_14ExecutionStateE
FN:46,baseline_execution.cpp:_ZN6evmone8baseline12_GLOBAL__N_118check_requirementsILNS_6OpcodeE152EEE16evmc_status_codeRKSt5arrayIsLm256EERlPKN4intx4uintILj256EEESE_
FN:151,baseline_execution.cpp:_ZN6evmone8baseline12_GLOBAL__N_16invokeILNS_6OpcodeE153EEENS1_8PositionERKSt5arrayIsLm256EEPKN4intx4uintILj256EEES4_RlRNS_14ExecutionStateE
FN:46,baseline_execution.cpp:_ZN6evmone8baseline12_GLOBAL__N_118check_requirementsILNS_6OpcodeE153EEE16evmc_status_codeRKSt5arrayIsLm256EERlPKN4intx4uintILj256EEESE_
FN:151,baseline_execution.cpp:_ZN6evmone8baseline12_GLOBAL__N_16invokeILNS_6OpcodeE154EEENS1_8PositionERKSt5arrayIsLm256EEPKN4intx4uintILj256EEES4_RlRNS_14ExecutionStateE
FN:46,baseline_execution.cpp:_ZN6evmone8baseline12_GLOBAL__N_118check_requirementsILNS_6OpcodeE154EEE16evmc_status_codeRKSt5arrayIsLm256EERlPKN4intx4uintILj256EEESE_
FN:151,baseline_execution.cpp:_ZN6evmone8baseline12_GLOBAL__N_16invokeILNS_6OpcodeE155EEENS1_8PositionERKSt5arrayIsLm256EEPKN4intx4uintILj256EEES4_RlRNS_14ExecutionStateE
FN:46,baseline_execution.cpp:_ZN6evmone8baseline12_GLOBAL__N_118check_requirementsILNS_6OpcodeE155EEE16evmc_status_codeRKSt5arrayIsLm256EERlPKN4intx4uintILj256EEESE_
FN:151,baseline_execution.cpp:_ZN6evmone8baseline12_GLOBAL__N_16invokeILNS_6OpcodeE156EEENS1_8PositionERKSt5arrayIsLm256EEPKN4intx4uintILj256EEES4_RlRNS_14ExecutionStateE
FN:46,baseline_execution.cpp:_ZN6evmone8baseline12_GLOBAL__N_118check_requirementsILNS_6OpcodeE156EEE16evmc_status_codeRKSt5arrayIsLm256EERlPKN4intx4uintILj256EEESE_
FN:151,baseline_execution.cpp:_ZN6evmone8baseline12_GLOBAL__N_16invokeILNS_6OpcodeE157EEENS1_8PositionERKSt5arrayIsLm256EEPKN4intx4uintILj256EEES4_RlRNS_14ExecutionStateE
FN:46,baseline_execution.cpp:_ZN6evmone8baseline12_GLOBAL__N_118check_requirementsILNS_6OpcodeE157EEE16evmc_status_codeRKSt5arrayIsLm256EERlPKN4intx4uintILj256EEESE_
FN:151,baseline_execution.cpp:_ZN6evmone8baseline12_GLOBAL__N_16invokeILNS_6OpcodeE158EEENS1_8PositionERKSt5arrayIsLm256EEPKN4intx4uintILj256EEES4_RlRNS_14ExecutionStateE
FN:46,baseline_execution.cpp:_ZN6evmone8baseline12_GLOBAL__N_118check_requirementsILNS_6OpcodeE158EEE16evmc_status_codeRKSt5arrayIsLm256EERlPKN4intx4uintILj256EEESE_
FN:151,baseline_execution.cpp:_ZN6evmone8baseline12_GLOBAL__N_16invokeILNS_6OpcodeE159EEENS1_8PositionERKSt5arrayIsLm256EEPKN4intx4uintILj256EEES4_RlRNS_14ExecutionStateE
FN:46,baseline_execution.cpp:_ZN6evmone8baseline12_GLOBAL__N_118check_requirementsILNS_6OpcodeE159EEE16evmc_status_codeRKSt5arrayIsLm256EERlPKN4intx4uintILj256EEESE_
FN:151,baseline_execution.cpp:_ZN6evmone8baseline12_GLOBAL__N_16invokeILNS_6OpcodeE160EEENS1_8PositionERKSt5arrayIsLm256EEPKN4intx4uintILj256EEES4_RlRNS_14ExecutionStateE
FN:46,baseline_execution.cpp:_ZN6evmone8baseline12_GLOBAL__N_118check_requirementsILNS_6OpcodeE160EEE16evmc_status_codeRKSt5arrayIsLm256EERlPKN4intx4uintILj256EEESE_
FN:151,baseline_execution.cpp:_ZN6evmone8baseline12_GLOBAL__N_16invokeILNS_6OpcodeE161EEENS1_8PositionERKSt5arrayIsLm256EEPKN4intx4uintILj256EEES4_RlRNS_14ExecutionStateE
FN:46,baseline_execution.cpp:_ZN6evmone8baseline12_GLOBAL__N_118check_requirementsILNS_6OpcodeE161EEE16evmc_status_codeRKSt5arrayIsLm256EERlPKN4intx4uintILj256EEESE_
FN:151,baseline_execution.cpp:_ZN6evmone8baseline12_GLOBAL__N_16invokeILNS_6OpcodeE162EEENS1_8PositionERKSt5arrayIsLm256EEPKN4intx4uintILj256EEES4_RlRNS_14ExecutionStateE
FN:46,baseline_execution.cpp:_ZN6evmone8baseline12_GLOBAL__N_118check_requirementsILNS_6OpcodeE162EEE16evmc_status_codeRKSt5arrayIsLm256EERlPKN4intx4uintILj256EEESE_
FN:151,baseline_execution.cpp:_ZN6evmone8baseline12_GLOBAL__N_16invokeILNS_6OpcodeE163EEENS1_8PositionERKSt5arrayIsLm256EEPKN4intx4uintILj256EEES4_RlRNS_14ExecutionStateE
FN:46,baseline_execution.cpp:_ZN6evmone8baseline12_GLOBAL__N_118check_requirementsILNS_6OpcodeE163EEE16evmc_status_codeRKSt5arrayIsLm256EERlPKN4intx4uintILj256EEESE_
FN:151,baseline_execution.cpp:_ZN6evmone8baseline12_GLOBAL__N_16invokeILNS_6OpcodeE164EEENS1_8PositionERKSt5arrayIsLm256EEPKN4intx4uintILj256EEES4_RlRNS_14ExecutionStateE
FN:46,baseline_execution.cpp:_ZN6evmone8baseline12_GLOBAL__N_118check_requirementsILNS_6OpcodeE164EEE16evmc_status_codeRKSt5arrayIsLm256EERlPKN4intx4uintILj256EEESE_
FN:151,baseline_execution.cpp:_ZN6evmone8baseline12_GLOBAL__N_16invokeILNS_6OpcodeE240EEENS1_8PositionERKSt5arrayIsLm256EEPKN4intx4uintILj256EEES4_RlRNS_14ExecutionStateE
FN:46,baseline_execution.cpp:_ZN6evmone8baseline12_GLOBAL__N_118check_requirementsILNS_6OpcodeE240EEE16evmc_status_codeRKSt5arrayIsLm256EERlPKN4intx4uintILj256EEESE_
FN:151,baseline_execution.cpp:_ZN6evmone8baseline12_GLOBAL__N_16invokeILNS_6OpcodeE241EEENS1_8PositionERKSt5arrayIsLm256EEPKN4intx4uintILj256EEES4_RlRNS_14ExecutionStateE
FN:46,baseline_execution.cpp:_ZN6evmone8baseline12_GLOBAL__N_118check_requirementsILNS_6OpcodeE241EEE16evmc_status_codeRKSt5arrayIsLm256EERlPKN4intx4uintILj256EEESE_
FN:151,baseline_execution.cpp:_ZN6evmone8baseline12_GLOBAL__N_16invokeILNS_6OpcodeE242EEENS1_8PositionERKSt5arrayIsLm256EEPKN4intx4uintILj256EEES4_RlRNS_14ExecutionStateE
FN:46,baseline_execution.cpp:_ZN6evmone8baseline12_GLOBAL__N_118check_requirementsILNS_6OpcodeE242EEE16evmc_status_codeRKSt5arrayIsLm256EERlPKN4intx4uintILj256EEESE_
FN:151,baseline_execution.cpp:_ZN6evmone8baseline12_GLOBAL__N_16invokeILNS_6OpcodeE243EEENS1_8PositionERKSt5arrayIsLm256EEPKN4intx4uintILj256EEES4_RlRNS_14ExecutionStateE
FN:46,baseline_execution.cpp:_ZN6evmone8baseline12_GLOBAL__N_118check_requirementsILNS_6OpcodeE243EEE16evmc_status_codeRKSt5arrayIsLm256EERlPKN4intx4uintILj256EEESE_
FN:151,baseline_execution.cpp:_ZN6evmone8baseline12_GLOBAL__N_16invokeILNS_6OpcodeE244EEENS1_8PositionERKSt5arrayIsLm256EEPKN4intx4uintILj256EEES4_RlRNS_14ExecutionStateE
FN:46,baseline_execution.cpp:_ZN6evmone8baseline12_GLOBAL__N_118check_requirementsILNS_6OpcodeE244EEE16evmc_status_codeRKSt5arrayIsLm256EERlPKN4intx4uintILj256EEESE_
FN:151,baseline_execution.cpp:_ZN6evmone8baseline12_GLOBAL__N_16invokeILNS_6OpcodeE245EEENS1_8PositionERKSt5arrayIsLm256EEPKN4intx4uintILj256EEES4_RlRNS_14ExecutionStateE
FN:46,baseline_execution.cpp:_ZN6evmone8baseline12_GLOBAL__N_118check_requirementsILNS_6OpcodeE245EEE16evmc_status_codeRKSt5arrayIsLm256EERlPKN4intx4uintILj256EEESE_
FN:151,baseline_execution.cpp:_ZN6evmone8baseline12_GLOBAL__N_16invokeILNS_6OpcodeE250EEENS1_8PositionERKSt5arrayIsLm256EEPKN4intx4uintILj256EEES4_RlRNS_14ExecutionStateE
FN:46,baseline_execution.cpp:_ZN6evmone8baseline12_GLOBAL__N_118check_requirementsILNS_6OpcodeE250EEE16evmc_status_codeRKSt5arrayIsLm256EERlPKN4intx4uintILj256EEESE_
FN:151,baseline_execution.cpp:_ZN6evmone8baseline12_GLOBAL__N_16invokeILNS_6OpcodeE253EEENS1_8PositionERKSt5arrayIsLm256EEPKN4intx4uintILj256EEES4_RlRNS_14ExecutionStateE
FN:46,baseline_execution.cpp:_ZN6evmone8baseline12_GLOBAL__N_118check_requirementsILNS_6OpcodeE253EEE16evmc_status_codeRKSt5arrayIsLm256EERlPKN4intx4uintILj256EEESE_
FN:151,baseline_execution.cpp:_ZN6evmone8baseline12_GLOBAL__N_16invokeILNS_6OpcodeE254EEENS1_8PositionERKSt5arrayIsLm256EEPKN4intx4uintILj256EEES4_RlRNS_14ExecutionStateE
FN:46,baseline_execution.cpp:_ZN6evmone8baseline12_GLOBAL__N_118check_requirementsILNS_6OpcodeE254EEE16evmc_status_codeRKSt5arrayIsLm256EERlPKN4intx4uintILj256EEESE_
FN:151,baseline_execution.cpp:_ZN6evmone8baseline12_GLOBAL__N_16invokeILNS_6OpcodeE255EEENS1_8PositionERKSt5arrayIsLm256EEPKN4intx4uintILj256EEES4_RlRNS_14ExecutionStateE
FN:46,baseline_execution.cpp:_ZN6evmone8baseline12_GLOBAL__N_118check_requirementsILNS_6OpcodeE255EEE16evmc_status_codeRKSt5arrayIsLm256EERlPKN4intx4uintILj256EEESE_
FN:167,baseline_execution.cpp:_ZN6evmone8baseline12_GLOBAL__N_18dispatchILb1EEElRKSt5arrayIsLm256EERNS_14ExecutionStateElPKhPNS_6TracerE
FN:167,baseline_execution.cpp:_ZN6evmone8baseline12_GLOBAL__N_18dispatchILb0EEElRKSt5arrayIsLm256EERNS_14ExecutionStateElPKhPNS_6TracerE
FNDA:2650828,_ZN6evmone8baseline7executeERNS_2VMERK19evmc_host_interfaceP17evmc_host_context13evmc_revisionRK12evmc_messageRKNS0_12CodeAnalysisE
FNDA:2650828,_ZN6evmone8baseline7executeEP7evmc_vmPK19evmc_host_interfaceP17evmc_host_context13evmc_revisionPK12evmc_messagePKhm
FNDA:2650828,baseline_execution.cpp:_ZN6evmone8baseline12_GLOBAL__N_114dispatch_cgotoERKSt5arrayIsLm256EERNS_14ExecutionStateElPKh
FNDA:1295362,baseline_execution.cpp:_ZN6evmone8baseline12_GLOBAL__N_16invokeILNS_6OpcodeE0EEENS1_8PositionERKSt5arrayIsLm256EEPKN4intx4uintILj256EEES4_RlRNS_14ExecutionStateE
FNDA:1295362,baseline_execution.cpp:_ZN6evmone8baseline12_GLOBAL__N_118check_requirementsILNS_6OpcodeE0EEE16evmc_status_codeRKSt5arrayIsLm256EERlPKN4intx4uintILj256EEESE_
FNDA:1858342,baseline_execution.cpp:_ZN6evmone8baseline12_GLOBAL__N_16invokeEPDoFNS_10TermResultENS_8StackTopElRNS_14ExecutionStateEENS1_8PositionERlS5_
FNDA:15789465,baseline_execution.cpp:_ZN6evmone8baseline12_GLOBAL__N_16invokeILNS_6OpcodeE1EEENS1_8PositionERKSt5arrayIsLm256EEPKN4intx4uintILj256EEES4_RlRNS_14ExecutionStateE
FNDA:15789465,baseline_execution.cpp:_ZN6evmone8baseline12_GLOBAL__N_118check_requirementsILNS_6OpcodeE1EEE16evmc_status_codeRKSt5arrayIsLm256EERlPKN4intx4uintILj256EEESE_
FNDA:72964298,baseline_execution.cpp:_ZN6evmone8baseline12_GLOBAL__N_16invokeEPDoFvNS_8StackTopEENS1_8PositionERlRNS_14ExecutionStateE
FNDA:240819,baseline_execution.cpp:_ZN6evmone8baseline12_GLOBAL__N_16invokeILNS_6OpcodeE2EEENS1_8PositionERKSt5arrayIsLm256EEPKN4intx4uintILj256EEES4_RlRNS_14ExecutionStateE
FNDA:240819,baseline_execution.cpp:_ZN6evmone8baseline12_GLOBAL__N_118check_requirementsILNS_6OpcodeE2EEE16evmc_status_codeRKSt5arrayIsLm256EERlPKN4intx4uintILj256EEESE_
FNDA:3296947,baseline_execution.cpp:_ZN6evmone8baseline12_GLOBAL__N_16invokeILNS_6OpcodeE3EEENS1_8PositionERKSt5arrayIsLm256EEPKN4intx4uintILj256EEES4_RlRNS_14ExecutionStateE
FNDA:3296947,baseline_execution.cpp:_ZN6evmone8baseline12_GLOBAL__N_118check_requirementsILNS_6OpcodeE3EEE16evmc_status_codeRKSt5arrayIsLm256EERlPKN4intx4uintILj256EEESE_
FNDA:42691,baseline_execution.cpp:_ZN6evmone8baseline12_GLOBAL__N_16invokeILNS_6OpcodeE4EEENS1_8PositionERKSt5arrayIsLm256EEPKN4intx4uintILj256EEES4_RlRNS_14ExecutionStateE
FNDA:42691,baseline_execution.cpp:_ZN6evmone8baseline12_GLOBAL__N_118check_requirementsILNS_6OpcodeE4EEE16evmc_status_codeRKSt5arrayIsLm256EERlPKN4intx4uintILj256EEESE_
FNDA:4137,baseline_execution.cpp:_ZN6evmone8baseline12_GLOBAL__N_16invokeILNS_6OpcodeE5EEENS1_8PositionERKSt5arrayIsLm256EEPKN4intx4uintILj256EEES4_RlRNS_14ExecutionStateE
FNDA:4137,baseline_execution.cpp:_ZN6evmone8baseline12_GLOBAL__N_118check_requirementsILNS_6OpcodeE5EEE16evmc_status_codeRKSt5arrayIsLm256EERlPKN4intx4uintILj256EEESE_
FNDA:158950,baseline_execution.cpp:_ZN6evmone8baseline12_GLOBAL__N_16invokeILNS_6OpcodeE6EEENS1_8PositionERKSt5arrayIsLm256EEPKN4intx4uintILj256EEES4_RlRNS_14ExecutionStateE
FNDA:158950,baseline_execution.cpp:_ZN6evmone8baseline12_GLOBAL__N_118check_requirementsILNS_6OpcodeE6EEE16evmc_status_codeRKSt5arrayIsLm256EERlPKN4intx4uintILj256EEESE_
FNDA:3672,baseline_execution.cpp:_ZN6evmone8baseline12_GLOBAL__N_16invokeILNS_6OpcodeE7EEENS1_8PositionERKSt5arrayIsLm256EEPKN4intx4uintILj256EEES4_RlRNS_14ExecutionStateE
FNDA:3672,baseline_execution.cpp:_ZN6evmone8baseline12_GLOBAL__N_118check_requirementsILNS_6OpcodeE7EEE16evmc_status_codeRKSt5arrayIsLm256EERlPKN4intx4uintILj256EEESE_
FNDA:2158,baseline_execution.cpp:_ZN6evmone8baseline12_GLOBAL__N_16invokeILNS_6OpcodeE8EEENS1_8PositionERKSt5arrayIsLm256EEPKN4intx4uintILj256EEES4_RlRNS_14ExecutionStateE
FNDA:2158,baseline_execution.cpp:_ZN6evmone8baseline12_GLOBAL__N_118check_requirementsILNS_6OpcodeE8EEE16evmc_status_codeRKSt5arrayIsLm256EERlPKN4intx4uintILj256EEESE_
FNDA:2432,baseline_execution.cpp:_ZN6evmone8baseline12_GLOBAL__N_16invokeILNS_6OpcodeE9EEENS1_8PositionERKSt5arrayIsLm256EEPKN4intx4uintILj256EEES4_RlRNS_14ExecutionStateE
FNDA:2432,baseline_execution.cpp:_ZN6evmone8baseline12_GLOBAL__N_118check_requirementsILNS_6OpcodeE9EEE16evmc_status_codeRKSt5arrayIsLm256EERlPKN4intx4uintILj256EEESE_
FNDA:37524,baseline_execution.cpp:_ZN6evmone8baseline12_GLOBAL__N_16invokeILNS_6OpcodeE10EEENS1_8PositionERKSt5arrayIsLm256EEPKN4intx4uintILj256EEES4_RlRNS_14ExecutionStateE
FNDA:37524,baseline_execution.cpp:_ZN6evmone8baseline12_GLOBAL__N_118check_requirementsILNS_6OpcodeE10EEE16evmc_status_codeRKSt5arrayIsLm256EERlPKN4intx4uintILj256EEESE_
FNDA:56927511,baseline_execution.cpp:_ZN6evmone8baseline12_GLOBAL__N_16invokeEPDoFNS_6ResultENS_8StackTopElRNS_14ExecutionStateEENS1_8PositionERlS5_
FNDA:2688,baseline_execution.cpp:_ZN6evmone8baseline12_GLOBAL__N_16invokeILNS_6OpcodeE11EEENS1_8PositionERKSt5arrayIsLm256EEPKN4intx4uintILj256EEES4_RlRNS_14ExecutionStateE
FNDA:2688,baseline_execution.cpp:_ZN6evmone8baseline12_GLOBAL__N_118check_requirementsILNS_6OpcodeE11EEE16evmc_status_codeRKSt5arrayIsLm256EERlPKN4intx4uintILj256EEESE_
FNDA:2907338,baseline_execution.cpp:_ZN6evmone8baseline12_GLOBAL__N_16invokeILNS_6OpcodeE16EEENS1_8PositionERKSt5arrayIsLm256EEPKN4intx4uintILj256EEES4_RlRNS_14ExecutionStateE
FNDA:2907338,baseline_execution.cpp:_ZN6evmone8baseline12_GLOBAL__N_118check_requirementsILNS_6OpcodeE16EEE16evmc_status_codeRKSt5arrayIsLm256EERlPKN4intx4uintILj256EEESE_
FNDA:404405,baseline_execution.cpp:_ZN6evmone8baseline12_GLOBAL__N_16invokeILNS_6OpcodeE17EEENS1_8PositionERKSt5arrayIsLm256EEPKN4intx4uintILj256EEES4_RlRNS_14ExecutionStateE
FNDA:404405,baseline_execution.cpp:_ZN6evmone8baseline12_GLOBAL__N_118check_requirementsILNS_6OpcodeE17EEE16evmc_status_codeRKSt5arrayIsLm256EERlPKN4intx4uintILj256EEESE_
FNDA:6670,baseline_execution.cpp:_ZN6evmone8baseline12_GLOBAL__N_16invokeILNS_6OpcodeE18EEENS1_8PositionERKSt5arrayIsLm256EEPKN4intx4uintILj256EEES4_RlRNS_14ExecutionStateE
FNDA:6670,baseline_execution.cpp:_ZN6evmone8baseline12_GLOBAL__N_118check_requirementsILNS_6OpcodeE18EEE16evmc_status_codeRKSt5arrayIsLm256EERlPKN4intx4uintILj256EEESE_
FNDA:6310,baseline_execution.cpp:_ZN6evmone8baseline12_GLOBAL__N_16invokeILNS_6OpcodeE19EEENS1_8PositionERKSt5arrayIsLm256EEPKN4intx4uintILj256EEES4_RlRNS_14ExecutionStateE
FNDA:6310,baseline_execution.cpp:_ZN6evmone8baseline12_GLOBAL__N_118check_requirementsILNS_6OpcodeE19EEE16evmc_status_codeRKSt5arrayIsLm256EERlPKN4intx4uintILj256EEESE_
FNDA:818277,baseline_execution.cpp:_ZN6evmone8baseline12_GLOBAL__N_16invokeILNS_6OpcodeE20EEENS1_8PositionERKSt5arrayIsLm256EEPKN4intx4uintILj256EEES4_RlRNS_14ExecutionStateE
FNDA:818277,baseline_execution.cpp:_ZN6evmone8baseline12_GLOBAL__N_118check_requirementsILNS_6OpcodeE20EEE16evmc_status_codeRKSt5arrayIsLm256EERlPKN4intx4uintILj256EEESE_
FNDA:5270482,baseline_execution.cpp:_ZN6evmone8baseline12_GLOBAL__N_16invokeILNS_6OpcodeE21EEENS1_8PositionERKSt5arrayIsLm256EEPKN4intx4uintILj256EEES4_RlRNS_14ExecutionStateE
FNDA:5270482,baseline_execution.cpp:_ZN6evmone8baseline12_GLOBAL__N_118check_requirementsILNS_6OpcodeE21EEE16evmc_status_codeRKSt5arrayIsLm256EERlPKN4intx4uintILj256EEESE_
FNDA:125253,baseline_execution.cpp:_ZN6evmone8baseline12_GLOBAL__N_16invokeILNS_6OpcodeE22EEENS1_8PositionERKSt5arrayIsLm256EEPKN4intx4uintILj256EEES4_RlRNS_14ExecutionStateE
FNDA:125253,baseline_execution.cpp:_ZN6evmone8baseline12_GLOBAL__N_118check_requirementsILNS_6OpcodeE22EEE16evmc_status_codeRKSt5arrayIsLm256EERlPKN4intx4uintILj256EEESE_
FNDA:51155,baseline_execution.cpp:_ZN6evmone8baseline12_GLOBAL__N_16invokeILNS_6OpcodeE23EEENS1_8PositionERKSt5arrayIsLm256EEPKN4intx4uintILj256EEES4_RlRNS_14ExecutionStateE
FNDA:51155,baseline_execution.cpp:_ZN6evmone8baseline12_GLOBAL__N_118check_requirementsILNS_6OpcodeE23EEE16evmc_status_codeRKSt5arrayIsLm256EERlPKN4intx4uintILj256EEESE_
FNDA:1774,baseline_execution.cpp:_ZN6evmone8baseline12_GLOBAL__N_16invokeILNS_6OpcodeE24EEENS1_8PositionERKSt5arrayIsLm256EEPKN4intx4uintILj256EEES4_RlRNS_14ExecutionStateE
FNDA:1774,baseline_execution.cpp:_ZN6evmone8baseline12_GLOBAL__N_118check_requirementsILNS_6OpcodeE24EEE16evmc_status_codeRKSt5arrayIsLm256EERlPKN4intx4uintILj256EEESE_
FNDA:67886,baseline_execution.cpp:_ZN6evmone8baseline12_GLOBAL__N_16invokeILNS_6OpcodeE25EEENS1_8PositionERKSt5arrayIsLm256EEPKN4intx4uintILj256EEES4_RlRNS_14ExecutionStateE
FNDA:67886,baseline_execution.cpp:_ZN6evmone8baseline12_GLOBAL__N_118check_requirementsILNS_6OpcodeE25EEE16evmc_status_codeRKSt5arrayIsLm256EERlPKN4intx4uintILj256EEESE_
FNDA:75552,baseline_execution.cpp:_ZN6evmone8baseline12_GLOBAL__N_16invokeILNS_6OpcodeE26EEENS1_8PositionERKSt5arrayIsLm256EEPKN4intx4uintILj256EEES4_RlRNS_14ExecutionStateE
FNDA:75552,baseline_execution.cpp:_ZN6evmone8baseline12_GLOBAL__N_118check_requirementsILNS_6OpcodeE26EEE16evmc_status_codeRKSt5arrayIsLm256EERlPKN4intx4uintILj256EEESE_
FNDA:3467820,baseline_execution.cpp:_ZN6evmone8baseline12_GLOBAL__N_16invokeILNS_6OpcodeE27EEENS1_8PositionERKSt5arrayIsLm256EEPKN4intx4uintILj256EEES4_RlRNS_14ExecutionStateE
FNDA:3467820,baseline_execution.cpp:_ZN6evmone8baseline12_GLOBAL__N_118check_requirementsILNS_6OpcodeE27EEE16evmc_status_codeRKSt5arrayIsLm256EERlPKN4intx4uintILj256EEESE_
FNDA:19470,baseline_execution.cpp:_ZN6evmone8baseline12_GLOBAL__N_16invokeILNS_6OpcodeE28EEENS1_8PositionERKSt5arrayIsLm256EEPKN4intx4uintILj256EEES4_RlRNS_14ExecutionStateE
FNDA:19470,baseline_execution.cpp:_ZN6evmone8baseline12_GLOBAL__N_118check_requirementsILNS_6OpcodeE28EEE16evmc_status_codeRKSt5arrayIsLm256EERlPKN4intx4uintILj256EEESE_
FNDA:9197,baseline_execution.cpp:_ZN6evmone8baseline12_GLOBAL__N_16invokeILNS_6OpcodeE29EEENS1_8PositionERKSt5arrayIsLm256EEPKN4intx4uintILj256EEES4_RlRNS_14ExecutionStateE
FNDA:9197,baseline_execution.cpp:_ZN6evmone8baseline12_GLOBAL__N_118check_requirementsILNS_6OpcodeE29EEE16evmc_status_codeRKSt5arrayIsLm256EERlPKN4intx4uintILj256EEESE_
FNDA:3341,baseline_execution.cpp:_ZN6evmone8baseline12_GLOBAL__N_16invokeILNS_6OpcodeE30EEENS1_8PositionERKSt5arrayIsLm256EEPKN4intx4uintILj256EEES4_RlRNS_14ExecutionStateE
FNDA:3341,baseline_execution.cpp:_ZN6evmone8baseline12_GLOBAL__N_118check_requirementsILNS_6OpcodeE30EEE16evmc_status_codeRKSt5arrayIsLm256EERlPKN4intx4uintILj256EEESE_
FNDA:15922,baseline_execution.cpp:_ZN6evmone8baseline12_GLOBAL__N_16invokeILNS_6OpcodeE32EEENS1_8PositionERKSt5arrayIsLm256EEPKN4intx4uintILj256EEES4_RlRNS_14ExecutionStateE
FNDA:15922,baseline_execution.cpp:_ZN6evmone8baseline12_GLOBAL__N_118check_requirementsILNS_6OpcodeE32EEE16evmc_status_codeRKSt5arrayIsLm256EERlPKN4intx4uintILj256EEESE_
FNDA:46993,baseline_execution.cpp:_ZN6evmone8baseline12_GLOBAL__N_16invokeILNS_6OpcodeE48EEENS1_8PositionERKSt5arrayIsLm256EEPKN4intx4uintILj256EEES4_RlRNS_14ExecutionStateE
FNDA:46993,baseline_execution.cpp:_ZN6evmone8baseline12_GLOBAL__N_118check_requirementsILNS_6OpcodeE48EEE16evmc_status_codeRKSt5arrayIsLm256EERlPKN4intx4uintILj256EEESE_
FNDA:4770656,baseline_execution.cpp:_ZN6evmone8baseline12_GLOBAL__N_16invokeEPDoFvNS_8StackTopERNS_14ExecutionStateEENS1_8PositionERlS4_
FNDA:13204,baseline_execution.cpp:_ZN6evmone8baseline12_GLOBAL__N_16invokeILNS_6OpcodeE49EEENS1_8PositionERKSt5arrayIsLm256EEPKN4intx4uintILj256EEES4_RlRNS_14ExecutionStateE
FNDA:13204,baseline_execution.cpp:_ZN6evmone8baseline12_GLOBAL__N_118check_requirementsILNS_6OpcodeE49EEE16evmc_status_codeRKSt5arrayIsLm256EERlPKN4intx4uintILj256EEESE_
FNDA:23769,baseline_execution.cpp:_ZN6evmone8baseline12_GLOBAL__N_16invokeILNS_6OpcodeE50EEENS1_8PositionERKSt5arrayIsLm256EEPKN4intx4uintILj256EEES4_RlRNS_14ExecutionStateE
FNDA:23769,baseline_execution.cpp:_ZN6evmone8baseline12_GLOBAL__N_118check_requirementsILNS_6OpcodeE50EEE16evmc_status_codeRKSt5arrayIsLm256EERlPKN4intx4uintILj256EEESE_
FNDA:276748,baseline_execution.cpp:_ZN6evmone8baseline12_GLOBAL__N_16invokeILNS_6OpcodeE51EEENS1_8PositionERKSt5arrayIsLm256EEPKN4intx4uintILj256EEES4_RlRNS_14ExecutionStateE
FNDA:276748,baseline_execution.cpp:_ZN6evmone8baseline12_GLOBAL__N_118check_requirementsILNS_6OpcodeE51EEE16evmc_status_codeRKSt5arrayIsLm256EERlPKN4intx4uintILj256EEESE_
FNDA:24844,baseline_execution.cpp:_ZN6evmone8baseline12_GLOBAL__N_16invokeILNS_6OpcodeE52EEENS1_8PositionERKSt5arrayIsLm256EEPKN4intx4uintILj256EEES4_RlRNS_14ExecutionStateE
FNDA:24844,baseline_execution.cpp:_ZN6evmone8baseline12_GLOBAL__N_118check_requirementsILNS_6OpcodeE52EEE16evmc_status_codeRKSt5arrayIsLm256EERlPKN4intx4uintILj256EEESE_
FNDA:1794220,baseline_execution.cpp:_ZN6evmone8baseline12_GLOBAL__N_16invokeILNS_6OpcodeE53EEENS1_8PositionERKSt5arrayIsLm256EEPKN4intx4uintILj256EEES4_RlRNS_14ExecutionStateE
FNDA:1794220,baseline_execution.cpp:_ZN6evmone8baseline12_GLOBAL__N_118check_requirementsILNS_6OpcodeE53EEE16evmc_status_codeRKSt5arrayIsLm256EERlPKN4intx4uintILj256EEESE_
FNDA:185431,baseline_execution.cpp:_ZN6evmone8baseline12_GLOBAL__N_16invokeILNS_6OpcodeE54EEENS1_8PositionERKSt5arrayIsLm256EEPKN4intx4uintILj256EEES4_RlRNS_14ExecutionStateE
FNDA:185431,baseline_execution.cpp:_ZN6evmone8baseline12_GLOBAL__N_118check_requirementsILNS_6OpcodeE54EEE16evmc_status_codeRKSt5arrayIsLm256EERlPKN4intx4uintILj256EEESE_
FNDA:127905,baseline_execution.cpp:_ZN6evmone8baseline12_GLOBAL__N_16invokeILNS_6OpcodeE55EEENS1_8PositionERKSt5arrayIsLm256EEPKN4intx4uintILj256EEES4_RlRNS_14ExecutionStateE
FNDA:127905,baseline_execution.cpp:_ZN6evmone8baseline12_GLOBAL__N_118check_requirementsILNS_6OpcodeE55EEE16evmc_status_codeRKSt5arrayIsLm256EERlPKN4intx4uintILj256EEESE_
FNDA:22077,baseline_execution.cpp:_ZN6evmone8baseline12_GLOBAL__N_16invokeILNS_6OpcodeE56EEENS1_8PositionERKSt5arrayIsLm256EEPKN4intx4uintILj256EEES4_RlRNS_14ExecutionStateE
FNDA:22077,baseline_execution.cpp:_ZN6evmone8baseline12_GLOBAL__N_118check_requirementsILNS_6OpcodeE56EEE16evmc_status_codeRKSt5arrayIsLm256EERlPKN4intx4uintILj256EEESE_
FNDA:11432,baseline_execution.cpp:_ZN6evmone8baseline12_GLOBAL__N_16invokeILNS_6OpcodeE57EEENS1_8PositionERKSt5arrayIsLm256EEPKN4intx4uintILj256EEES4_RlRNS_14ExecutionStateE
FNDA:11432,baseline_execution.cpp:_ZN6evmone8baseline12_GLOBAL__N_118check_requirementsILNS_6OpcodeE57EEE16evmc_status_codeRKSt5arrayIsLm256EERlPKN4intx4uintILj256EEESE_
FNDA:13559,baseline_execution.cpp:_ZN6evmone8baseline12_GLOBAL__N_16invokeILNS_6OpcodeE58EEENS1_8PositionERKSt5arrayIsLm256EEPKN4intx4uintILj256EEES4_RlRNS_14ExecutionStateE
FNDA:13559,baseline_execution.cpp:_ZN6evmone8baseline12_GLOBAL__N_118check_requirementsILNS_6OpcodeE58EEE16evmc_status_codeRKSt5arrayIsLm256EERlPKN4intx4uintILj256EEESE_
FNDA:471743,baseline_execution.cpp:_ZN6evmone8baseline12_GLOBAL__N_16invokeILNS_6OpcodeE59EEENS1_8PositionERKSt5arrayIsLm256EEPKN4intx4uintILj256EEES4_RlRNS_14ExecutionStateE
FNDA:471743,baseline_execution.cpp:_ZN6evmone8baseline12_GLOBAL__N_118check_requirementsILNS_6OpcodeE59EEE16evmc_status_codeRKSt5arrayIsLm256EERlPKN4intx4uintILj256EEESE_
FNDA:13389,baseline_execution.cpp:_ZN6evmone8baseline12_GLOBAL__N_16invokeILNS_6OpcodeE60EEENS1_8PositionERKSt5arrayIsLm256EEPKN4intx4uintILj256EEES4_RlRNS_14ExecutionStateE
FNDA:13389,baseline_execution.cpp:_ZN6evmone8baseline12_GLOBAL__N_118check_requirementsILNS_6OpcodeE60EEE16evmc_status_codeRKSt5arrayIsLm256EERlPKN4intx4uintILj256EEESE_
FNDA:61158,baseline_execution.cpp:_ZN6evmone8baseline12_GLOBAL__N_16invokeILNS_6OpcodeE61EEENS1_8PositionERKSt5arrayIsLm256EEPKN4intx4uintILj256EEES4_RlRNS_14ExecutionStateE
FNDA:61158,baseline_execution.cpp:_ZN6evmone8baseline12_GLOBAL__N_118check_requirementsILNS_6OpcodeE61EEE16evmc_status_codeRKSt5arrayIsLm256EERlPKN4intx4uintILj256EEESE_
FNDA:9886,baseline_execution.cpp:_ZN6evmone8baseline12_GLOBAL__N_16invokeILNS_6OpcodeE62EEENS1_8PositionERKSt5arrayIsLm256EEPKN4intx4uintILj256EEES4_RlRNS_14ExecutionStateE
FNDA:9886,baseline_execution.cpp:_ZN6evmone8baseline12_GLOBAL__N_118check_requirementsILNS_6OpcodeE62EEE16evmc_status_codeRKSt5arrayIsLm256EERlPKN4intx4uintILj256EEESE_
FNDA:3602,baseline_execution.cpp:_ZN6evmone8baseline12_GLOBAL__N_16invokeILNS_6OpcodeE63EEENS1_8PositionERKSt5arrayIsLm256EEPKN4intx4uintILj256EEES4_RlRNS_14ExecutionStateE
FNDA:3602,baseline_execution.cpp:_ZN6evmone8baseline12_GLOBAL__N_118check_requirementsILNS_6OpcodeE63EEE16evmc_status_codeRKSt5arrayIsLm256EERlPKN4intx4uintILj256EEESE_
FNDA:70026,baseline_execution.cpp:_ZN6evmone8baseline12_GLOBAL__N_16invokeILNS_6OpcodeE64EEENS1_8PositionERKSt5arrayIsLm256EEPKN4intx4uintILj256EEES4_RlRNS_14ExecutionStateE
FNDA:70026,baseline_execution.cpp:_ZN6evmone8baseline12_GLOBAL__N_118check_requirementsILNS_6OpcodeE64EEE16evmc_status_codeRKSt5arrayIsLm256EERlPKN4intx4uintILj256EEESE_
FNDA:15075,baseline_execution.cpp:_ZN6evmone8baseline12_GLOBAL__N_16invokeILNS_6OpcodeE65EEENS1_8PositionERKSt5arrayIsLm256EEPKN4intx4uintILj256EEES4_RlRNS_14ExecutionStateE
FNDA:15075,baseline_execution.cpp:_ZN6evmone8baseline12_GLOBAL__N_118check_requirementsILNS_6OpcodeE65EEE16evmc_status_codeRKSt5arrayIsLm256EERlPKN4intx4uintILj256EEESE_
FNDA:151800,baseline_execution.cpp:_ZN6evmone8baseline12_GLOBAL__N_16invokeILNS_6OpcodeE66EEENS1_8PositionERKSt5arrayIsLm256EEPKN4intx4uintILj256EEES4_RlRNS_14ExecutionStateE
FNDA:151800,baseline_execution.cpp:_ZN6evmone8baseline12_GLOBAL__N_118check_requirementsILNS_6OpcodeE66EEE16evmc_status_codeRKSt5arrayIsLm256EERlPKN4intx4uintILj256EEESE_
[...]
FNDA:9067478,state.cpp:_ZZN6evmone5state5State8rollbackEmENK3$_0clINS1_29JournalTransientStorageChangeEEEDaRKT_
FNDA:74,state.cpp:_ZZN6evmone5state5State8rollbackEmENK3$_0clINS1_15JournalDestructEEEDaRKT_
FNDA:14280,state.cpp:_ZZN6evmone5state5State8rollbackEmENK3$_0clINS1_20JournalAccessAccountEEEDaRKT_
FNDA:42376,state.cpp:_ZZN6evmone5state20validate_transactionERKNS0_9StateViewERKNS0_9BlockInfoERKNS0_11TransactionE13evmc_revisionllENK3$_0clIN4evmc7bytes32EEEDaRKT_
FNDA:153069,state.cpp:_ZN6evmone5state12_GLOBAL__N_125compute_tx_intrinsic_costE13evmc_revisionRKNS0_11TransactionE
FNDA:153069,state.cpp:_ZN6evmone5state12_GLOBAL__N_122compute_tx_data_tokensE13evmc_revisionSt17basic_string_viewIhN4evmc11byte_traitsIhEEE
FNDA:153069,state.cpp:_ZN6evmone5state12_GLOBAL__N_124compute_access_list_costERKSt6vectorISt4pairIN4evmc7addressES2_INS4_7bytes32ESaIS6_EEESaIS9_EE
FNDA:38975,state.cpp:_ZN6evmone5state12_GLOBAL__N_19num_wordsEm
FNDA:148703,state.cpp:_ZN6evmone5state12_GLOBAL__N_126process_authorization_listERNS0_5StateEmRKSt6vectorINS0_13AuthorizationESaIS5_EE
FNDA:148703,state.cpp:_ZN6evmone5state12_GLOBAL__N_113build_messageERKNS0_11TransactionEl
FNF:27
FNH:27
DA:28,38975
DA:29,38975
DA:30,38975
DA:33,153069
DA:34,153069
DA:35,153069
DA:37,153069
DA:38,153069
DA:39,153069
DA:42,153069
DA:43,153069
DA:44,153069
DA:46,153069
DA:47,153069
DA:48,164946
DA:49,153069
DA:50,153069
DA:60,153069
DA:61,153069
DA:62,153069
DA:63,153069
DA:64,153069
DA:65,153069
DA:67,153069
DA:69,153069
DA:71,153069
DA:72,153069
DA:74,153069
DA:76,153069
DA:77,153069
DA:79,153069
DA:80,153069
DA:82,153069
DA:83,153069
DA:86,153069
DA:87,153069
DA:89,153069
DA:90,153069
DA:94,148703
DA:95,148703
DA:96,148703
DA:97,37736
DA:99,37736
DA:100,56
DA:103,37680
DA:104,8
DA:108,37672
DA:109,68
DA:112,37604
DA:113,12
DA:117,37592
DA:120,37592
DA:123,37592
DA:124,37592
DA:125,64
DA:129,37528
DA:130,5522
DA:138,32006
DA:139,16024
DA:140,16024
DA:141,16024
DA:142,16024
DA:143,16024
DA:147,32006
DA:148,128
DA:149,128
DA:150,44
DA:151,44
DA:152,44
DA:153,44
DA:154,44
DA:155,128
DA:157,31878
DA:158,31878
DA:159,31878
DA:160,31878
DA:161,26582
DA:163,26582
DA:164,26582
DA:165,26582
DA:166,26582
DA:167,31878
DA:170,32006
DA:171,32006
DA:172,148703
DA:173,148703
DA:176,148703
DA:177,148703
DA:179,148703
DA:180,148703
DA:181,148703
DA:182,148703
DA:183,148703
DA:184,148703
DA:185,148703
DA:186,148703
DA:187,148703
DA:188,148703
DA:189,148703
DA:190,148703
DA:191,148703
DA:192,148703
DA:193,148703
DA:194,148703
DA:198,481905
DA:199,481905
DA:200,481905
DA:201,1178937
DA:202,1178937
DA:203,4268
DA:206,4268
DA:207,4268
DA:208,4268
DA:209,1174669
DA:210,288642
DA:211,288642
DA:212,281604
DA:213,288642
DA:214,288642
DA:221,886027
DA:225,886027
DA:226,49163
DA:228,886027
DA:229,1834880
DA:230,1834880
DA:231,519209
DA:232,1834880
DA:233,886027
DA:234,481905
DA:235,481905
DA:238,1179616
DA:239,1179616
DA:240,1179616
DA:241,1179616
DA:242,1179616
DA:245,53675344
DA:248,53675344
DA:249,50472514
DA:250,3202830
DA:251,766604
DA:252,766604
DA:253,766604
DA:254,766604
DA:255,2436226
DA:256,3202830
DA:259,32279575
DA:260,32279575
DA:261,32279575
DA:262,32279575
DA:263,32279575
DA:266,9555825
DA:267,9555825
DA:268,9149258
DA:269,406567
DA:270,9555825
DA:273,5277162
DA:274,5277162
DA:275,5277162
DA:276,117
DA:277,5277045
DA:278,1385432
DA:279,3891613
DA:280,283494
DA:281,3891613
DA:282,5277045
DA:285,4473054
DA:286,4473054
DA:287,4473054
DA:288,4
DA:289,4
DA:290,4
DA:291,4
DA:292,4473054
DA:293,4473054
DA:296,10566779
DA:298,10566779
DA:299,10566779
DA:300,10566779
DA:301,1907057
DA:302,1907057
DA:303,1907057
DA:304,1907057
DA:305,10566779
DA:306,10566779
DA:309,328424
DA:310,328424
DA:311,328424
DA:315,5273495
DA:316,5273495
DA:317,5273495
DA:321,9077186
DA:322,9077186
DA:323,9077186
DA:326,36146
DA:327,36146
DA:328,36146
DA:331,81835
DA:332,81835
DA:333,81835
DA:336,4342
DA:337,4342
DA:338,4342
DA:341,588038
DA:342,588038
DA:343,588038
DA:346,2416337
DA:347,12734767
DA:348,10318430
DA:349,10318430
DA:350,10318430
DA:351,10318430
DA:353,6070
DA:354,6070
DA:357,0
DA:358,0
DA:361,74
DA:362,74
DA:365,14280
DA:366,14280
DA:369,10435
DA:370,10435
DA:371,9768
DA:373,9768
DA:374,9768
DA:375,9768
DA:376,9768
DA:377,9768
DA:378,667
DA:379,667
DA:384,667
DA:385,667
DA:388,1188259
DA:389,1188259
DA:390,1188259
DA:391,1188259
DA:394,9067478
DA:395,9067478
DA:396,9067478
DA:399,31834
DA:400,31834
DA:407,10318430
DA:408,10318430
DA:409,10318430
DA:410,10318430
DA:411,2416337
DA:418,155334
DA:419,155334
DA:420,155334
DA:421,13395
DA:422,13395
DA:423,4
DA:424,13391
DA:425,6
DA:426,13385
DA:427,12
DA:428,13373
DA:429,11
DA:431,13373
DA:432,13362
DA:433,12
DA:435,42376
DA:436,42
DA:437,13308
DA:438,119
DA:439,13189
DA:441,13189
DA:442,2609
DA:443,4
DA:444,2605
DA:445,4
DA:446,2601
DA:447,4
DA:448,2597
DA:450,139330
DA:451,155334
DA:453,155116
DA:454,155116
DA:455,2597
DA:456,15786
DA:457,21032
DA:458,21032
DA:459,14
DA:461,21018
DA:462,10
DA:463,21008
DA:465,27369
DA:466,27369
DA:467,12
DA:468,27357
DA:470,155080
DA:471,155116
DA:473,155116
DA:475,155080
DA:476,21
DA:478,155059
DA:479,7
DA:481,155052
DA:482,28
DA:486,155024
DA:487,155024
DA:489,155024
DA:490,155024
DA:491,74
DA:493,154950
DA:494,12
DA:496,154938
DA:497,12
DA:499,154926
DA:500,2
DA:503,154924
DA:504,22
DA:509,154902
DA:510,154902
DA:512,154902
DA:513,13169
DA:514,13169
DA:516,13169
DA:517,13169
DA:518,154902
DA:519,1833
DA:521,153069
DA:522,153069
DA:523,4366
DA:525,148703
DA:526,148703
DA:527,153069
DA:532,153624
DA:533,153624
DA:535,153624
DA:536,79993
DA:537,79993
DA:538,79993
DA:539,79993
DA:540,79993
DA:542,79993
DA:543,79993
DA:544,0
DA:545,0
DA:546,0
DA:547,0
DA:548,79993
DA:550,153624
DA:551,4168
DA:553,153624
DA:554,153624
DA:559,148703
DA:560,148703
DA:562,148703
DA:563,148703
DA:564,148703
DA:566,148703
DA:567,148703
DA:569,148703
DA:570,148703
DA:571,148703
DA:572,148703
DA:573,148703
DA:574,148703
DA:576,148703
DA:577,148703
DA:579,148703
DA:581,148703
DA:582,11822
DA:585,11822
DA:586,11822
DA:587,11822
DA:588,11822
DA:589,11822
DA:590,11822
DA:592,148703
DA:594,148703
DA:595,148703
DA:596,109866
DA:597,148703
DA:598,114056
DA:599,114056
DA:600,114056
DA:601,70361
DA:602,114056
DA:606,148703
DA:607,125962
DA:609,148703
DA:610,148703
DA:611,109866
DA:612,109866
DA:613,540
DA:614,540
DA:615,540
DA:616,540
DA:617,540
DA:618,109866
DA:620,148703
DA:622,148703
DA:624,148703
DA:625,148703
DA:626,148703
DA:627,148703
DA:628,148703
DA:631,148703
DA:633,148703
DA:634,148703
DA:637,148703
DA:638,148703
DA:641,148703
DA:643,148703
DA:644,148703
BRDA:37,0,0,144002
BRDA:37,0,1,9067
BRDA:47,0,0,164946
BRDA:47,0,1,153069
BRDA:69,0,0,39077
BRDA:69,0,1,113992
BRDA:69,1,2,39070
BRDA:69,1,3,7
BRDA:80,0,0,39077
BRDA:80,0,1,113992
BRDA:80,1,2,38975
BRDA:80,1,3,102
BRDA:87,0,0,87749
BRDA:87,0,1,65320
BRDA:96,0,0,37736
BRDA:96,0,1,148703
BRDA:99,0,0,56
BRDA:99,0,1,37680
BRDA:99,1,2,198
BRDA:99,1,3,37538
BRDA:99,2,4,56
BRDA:99,2,5,142
BRDA:103,0,0,8
BRDA:103,0,1,37672
BRDA:108,0,0,68
BRDA:108,0,1,37604
BRDA:112,0,0,12
BRDA:112,0,1,37592
BRDA:123,0,0,10854
BRDA:123,0,1,26738
BRDA:124,0,0,64
BRDA:124,0,1,10790
BRDA:129,0,0,5522
BRDA:129,0,1,32006
BRDA:138,0,0,16024
BRDA:138,0,1,15982
BRDA:147,0,0,128
BRDA:147,0,1,31878
BRDA:149,0,0,44
BRDA:149,0,1,84
BRDA:160,0,0,26582
BRDA:160,0,1,5296
BRDA:177,0,0,109866
BRDA:177,0,1,38837
BRDA:180,0,0,109866
BRDA:180,0,1,38837
BRDA:200,0,0,1178937
BRDA:200,0,1,481905
BRDA:202,0,0,4268
BRDA:202,0,1,1174669
BRDA:209,0,0,402464
BRDA:209,0,1,772205
BRDA:209,1,2,400754
BRDA:209,1,3,1710
BRDA:209,2,4,288642
BRDA:209,2,5,112112
BRDA:211,0,0,281604
BRDA:211,0,1,7038
BRDA:225,0,0,49163
BRDA:225,0,1,836864
BRDA:228,0,0,1834880
BRDA:228,0,1,886027
BRDA:230,0,0,519209
BRDA:230,0,1,1315671
BRDA:248,0,0,50472514
BRDA:248,0,1,3202830
BRDA:250,0,0,766604
BRDA:250,0,1,2436226
BRDA:267,0,0,9149258
BRDA:267,0,1,406567
BRDA:275,0,0,117
BRDA:275,0,1,5277045
BRDA:277,0,0,1385432
BRDA:277,0,1,3891613
BRDA:279,0,0,283494
BRDA:279,0,1,3608119
BRDA:287,0,0,1840611
BRDA:287,0,1,2632443
BRDA:287,1,2,4
BRDA:287,1,3,1840607
BRDA:300,0,0,1907057
BRDA:300,0,1,8659722
BRDA:347,0,0,10318430
BRDA:347,0,1,2416337
BRDA:370,0,0,9768
BRDA:370,0,1,667
BRDA:421,0,0,13395
BRDA:421,0,1,141939
BRDA:422,0,0,4
BRDA:422,0,1,13391
BRDA:424,0,0,6
BRDA:424,0,1,13385
BRDA:426,0,0,12
BRDA:426,0,1,13373
BRDA:428,0,0,5288
BRDA:428,0,1,8085
BRDA:428,1,2,11
BRDA:428,1,3,5277
BRDA:432,0,0,12
BRDA:432,0,1,13350
BRDA:435,0,0,42
BRDA:435,0,1,13308
BRDA:437,0,0,119
BRDA:437,0,1,13189
BRDA:441,0,0,2609
BRDA:441,0,1,152725
BRDA:442,0,0,4
BRDA:442,0,1,2605
BRDA:444,0,0,4
BRDA:444,0,1,2601
BRDA:446,0,0,4
BRDA:446,0,1,2597
BRDA:450,0,0,139330
BRDA:450,0,1,16004
BRDA:453,0,0,155116
BRDA:453,0,1,0
BRDA:455,0,0,2597
BRDA:455,0,1,152519
BRDA:456,0,0,13189
BRDA:456,0,1,141927
BRDA:457,0,0,5246
BRDA:457,0,1,149870
BRDA:458,0,0,14
BRDA:458,0,1,21018
BRDA:461,0,0,10
BRDA:461,0,1,21008
BRDA:465,0,0,6361
BRDA:465,0,1,148755
BRDA:466,0,0,12
BRDA:466,0,1,27357
BRDA:470,0,0,127723
BRDA:470,0,1,27393
BRDA:475,0,0,45090
BRDA:475,0,1,109990
BRDA:475,1,2,21
BRDA:475,1,3,45069
BRDA:478,0,0,7
BRDA:478,0,1,155052
BRDA:481,0,0,28
BRDA:481,0,1,155024
BRDA:489,0,0,74
BRDA:489,0,1,154950
BRDA:489,1,2,120
BRDA:489,1,3,154904
BRDA:490,0,0,74
BRDA:490,0,1,46
BRDA:493,0,0,12
BRDA:493,0,1,154938
BRDA:496,0,0,12
BRDA:496,0,1,154926
BRDA:499,0,0,2
BRDA:499,0,1,154924
BRDA:503,0,0,130851
BRDA:503,0,1,24073
BRDA:503,1,2,39237
BRDA:503,1,3,91614
BRDA:503,2,4,22
BRDA:503,2,5,39215
BRDA:512,0,0,13169
BRDA:512,0,1,141733
BRDA:518,0,0,1833
BRDA:518,0,1,153069
BRDA:522,0,0,4366
BRDA:522,0,1,148703
BRDA:535,0,0,79993
BRDA:535,0,1,73631
BRDA:543,0,0,0
BRDA:543,0,1,79993
BRDA:550,0,0,4168
BRDA:550,0,1,153624
BRDA:569,0,0,133650
BRDA:569,0,1,15053
BRDA:581,0,0,11822
BRDA:581,0,1,136881
BRDA:595,0,0,109866
BRDA:595,0,1,38837
BRDA:597,0,0,114056
BRDA:597,0,1,148703
BRDA:600,0,0,70361
BRDA:600,0,1,114056
BRDA:606,0,0,125962
BRDA:606,0,1,22741
BRDA:610,0,0,109866
BRDA:610,0,1,38837
BRDA:612,0,0,540
BRDA:612,0,1,109326
BRDA:624,0,0,133650
BRDA:624,0,1,15053
BRF:188
BRH:186
LF:440
LH:436
end_of_record
SF:/home/user/sources/ethereum/evmone/test/state/state.hpp
FN:77,_ZN6evmone5state5StateC2ERKNS0_9StateViewE
FN:103,_ZNK6evmone5state5State10checkpointEv
FNDA:481921,_ZN6evmone5state5StateC2ERKNS0_9StateViewE
FNDA:4144106,_ZNK6evmone5state5State10checkpointEv
FNF:2
FNH:2
DA:77,481921
DA:103,4144106
BRF:0
BRH:0
LF:2
LH:2
end_of_record
SF:/home/user/sources/ethereum/evmone/test/state/state_view.hpp
FN:28,_ZN6evmone5state9StateViewD2Ev
FN:39,_ZN6evmone5state11BlockHashesD2Ev
FNDA:1597698,_ZN6evmone5state9StateViewD2Ev
FNDA:349064,_ZN6evmone5state11BlockHashesD2Ev
FNF:2
FNH:2
DA:28,1597698
DA:39,349064
BRF:0
BRH:0
LF:2
LH:2
end_of_record
SF:/home/user/sources/ethereum/evmone/test/state/system_contracts.cpp
FN:87,_ZN6evmone5state23system_call_block_startERKNS0_9StateViewERKNS0_9BlockInfoERKNS0_11BlockHashesE13evmc_revisionRN4evmc2VME
FN:111,_ZN6evmone5state21system_call_block_endERKNS0_9StateViewERKNS0_9BlockInfoERKNS0_11BlockHashesE13evmc_revisionRN4evmc2VME
FN:36,system_contracts.cpp:_ZNK6evmone5state12_GLOBAL__N_13$_1clERKNS0_9BlockInfoERKNS0_11BlockHashesE
FN:40,system_contracts.cpp:_ZNK6evmone5state12_GLOBAL__N_13$_2clERKNS0_9BlockInfoERKNS0_11BlockHashesE
FN:69,system_contracts.cpp:_ZN6evmone5state12_GLOBAL__N_119execute_system_callERNS0_5StateERKNS0_9BlockInfoERKNS0_11BlockHashesE13evmc_revisionRN4evmc2VMERKNSB_7addressESt17basic_string_viewIhNSB_11byte_traitsIhEEESK_
FN:59,system_contracts.cpp:_ZNK6evmone5state12_GLOBAL__N_13$_0clINS1_21StorageSystemContractES4_EEDaRKT_RKT0_
FN:59,system_contracts.cpp:_ZNK6evmone5state12_GLOBAL__N_13$_0clINS1_22RequestsSystemContractES4_EEDaRKT_RKT0_
FNDA:89819,_ZN6evmone5state23system_call_block_startERKNS0_9StateViewERKNS0_9BlockInfoERKNS0_11BlockHashesE13evmc_revisionRN4evmc2VME
FNDA:89775,_ZN6evmone5state21system_call_block_endERKNS0_9StateViewERKNS0_9BlockInfoERKNS0_11BlockHashesE13evmc_revisionRN4evmc2VME
FNDA:66888,system_contracts.cpp:_ZNK6evmone5state12_GLOBAL__N_13$_1clERKNS0_9BlockInfoERKNS0_11BlockHashesE
FNDA:47057,system_contracts.cpp:_ZNK6evmone5state12_GLOBAL__N_13$_2clERKNS0_9BlockInfoERKNS0_11BlockHashesE
FNDA:207971,system_contracts.cpp:_ZN6evmone5state12_GLOBAL__N_119execute_system_callERNS0_5StateERKNS0_9BlockInfoERKNS0_11BlockHashesE13evmc_revisionRN4evmc2VMERKNSB_7addressESt17basic_string_viewIhNSB_11byte_traitsIhEEESK_
FNDA:0,system_contracts.cpp:_ZNK6evmone5state12_GLOBAL__N_13$_0clINS1_21StorageSystemContractES4_EEDaRKT_RKT0_
FNDA:0,system_contracts.cpp:_ZNK6evmone5state12_GLOBAL__N_13$_0clINS1_22RequestsSystemContractES4_EEDaRKT_RKT0_
FNF:6
FNH:5
DA:36,66888
DA:37,66888
DA:38,66888
DA:40,47057
DA:41,47057
DA:42,47057
DA:59,0
DA:69,207971
DA:70,207971
DA:71,207971
DA:72,207971
DA:73,207971
DA:74,207971
DA:75,207971
DA:76,207971
DA:77,207971
DA:79,207971
DA:80,207971
DA:81,207971
DA:82,207971
DA:87,89819
DA:88,89819
DA:89,89819
DA:90,156709
DA:91,156709
DA:92,42756
DA:96,113953
DA:97,113953
DA:98,8
DA:100,113945
DA:101,113945
DA:102,113945
DA:103,113945
DA:104,113945
DA:106,89819
DA:107,89819
DA:111,89775
DA:112,89775
DA:113,89775
DA:114,89775
DA:115,136786
DA:116,136786
DA:117,42756
DA:120,94030
DA:121,94030
DA:122,4
DA:124,94026
DA:125,94026
DA:126,12
DA:127,94014
DA:128,94014
DA:129,89759
DA:130,89775
BRDA:89,0,0,156709
BRDA:89,0,1,47063
BRDA:91,0,0,42756
BRDA:91,0,1,113953
BRDA:97,0,0,8
BRDA:97,0,1,113945
BRDA:114,0,0,136786
BRDA:114,0,1,47003
BRDA:116,0,0,42756
BRDA:116,0,1,94030
BRDA:121,0,0,4
BRDA:121,0,1,94026
BRDA:125,0,0,12
BRDA:125,0,1,94014
BRF:14
BRH:14
LF:53
LH:52
end_of_record
SF:/home/user/sources/ethereum/evmone/test/state/transaction.hpp
FN:64,_ZNK6evmone5state11Transaction13blob_gas_usedEv
FNDA:126253,_ZNK6evmone5state11Transaction13blob_gas_usedEv
FNF:1
FNH:1
DA:64,126253
BRF:0
BRH:0
LF:1
LH:1
end_of_record
SF:/home/user/sources/ethereum/evmone/test/statetest/statetest.cpp
FN:111,main
FN:79,statetest.cpp:_ZN12_GLOBAL__N_119register_test_filesERKNSt10filesystem7__cxx114pathERKSt8optionalINSt7__cxx1112basic_stringIcSt11char_traitsIcESaIcEEEERN4evmc2VMEb
FN:84,statetest.cpp:_ZZN12_GLOBAL__N_119register_test_filesERKNSt10filesystem7__cxx114pathERKSt8optionalINSt7__cxx1112basic_stringIcSt11char_traitsIcESaIcEEEERN4evmc2VMEbENK3$_0clERKNS1_15directory_entryE
FN:44,statetest.cpp:_ZN12_GLOBAL__N_113StateTestFile12register_oneERKNSt7__cxx1112basic_stringIcSt11char_traitsIcESaIcEEERKNSt10filesystem7__cxx114pathERKSt8optionalIS6_ERN4evmc2VMEb
FN:46,statetest.cpp:_ZZN12_GLOBAL__N_113StateTestFile12register_oneERKNSt7__cxx1112basic_stringIcSt11char_traitsIcESaIcEEERKNSt10filesystem7__cxx114pathERKSt8optionalIS6_ERN4evmc2VMEbENKUlvE_clEv
FN:27,statetest.cpp:_ZN12_GLOBAL__N_113StateTestFileC2ENSt10filesystem7__cxx114pathERKSt8optionalINSt7__cxx1112basic_stringIcSt11char_traitsIcESaIcEEEERN4evmc2VMEb
FN:31,statetest.cpp:_ZN12_GLOBAL__N_113StateTestFile8TestBodyEv
FN:70,statetest.cpp:_ZN12_GLOBAL__N_19StateTest12register_oneERKN6evmone4test19StateTransitionTestERKNSt7__cxx1112basic_stringIcSt11char_traitsIcESaIcEEESD_RKNSt10filesystem7__cxx114pathERN4evmc2VMEb
FN:73,statetest.cpp:_ZZN12_GLOBAL__N_19StateTest12register_oneERKN6evmone4test19StateTransitionTestERKNSt7__cxx1112basic_stringIcSt11char_traitsIcESaIcEEESD_RKNSt10filesystem7__cxx114pathERN4evmc2VMEbENKUlvE_clEv
FN:62,statetest.cpp:_ZN12_GLOBAL__N_19StateTestC2EN6evmone4test19StateTransitionTestERN4evmc2VMEb
FN:65,statetest.cpp:_ZN12_GLOBAL__N_19StateTest8TestBodyEv
FNDA:1,main
FNDA:1,statetest.cpp:_ZN12_GLOBAL__N_119register_test_filesERKNSt10filesystem7__cxx114pathERKSt8optionalINSt7__cxx1112basic_stringIcSt11char_traitsIcESaIcEEEERN4evmc2VMEb
FNDA:2814,statetest.cpp:_ZZN12_GLOBAL__N_119register_test_filesERKNSt10filesystem7__cxx114pathERKSt8optionalINSt7__cxx1112basic_stringIcSt11char_traitsIcESaIcEEEERN4evmc2VMEbENK3$_0clERKNS1_15directory_entryE
FNDA:2696,statetest.cpp:_ZN12_GLOBAL__N_113StateTestFile12register_oneERKNSt7__cxx1112basic_stringIcSt11char_traitsIcESaIcEEERKNSt10filesystem7__cxx114pathERKSt8optionalIS6_ERN4evmc2VMEb
FNDA:2696,statetest.cpp:_ZZN12_GLOBAL__N_113StateTestFile12register_oneERKNSt7__cxx1112basic_stringIcSt11char_traitsIcESaIcEEERKNSt10filesystem7__cxx114pathERKSt8optionalIS6_ERN4evmc2VMEbENKUlvE_clEv
FNDA:2696,statetest.cpp:_ZN12_GLOBAL__N_113StateTestFileC2ENSt10filesystem7__cxx114pathERKSt8optionalINSt7__cxx1112basic_stringIcSt11char_traitsIcESaIcEEEERN4evmc2VMEb
FNDA:2696,statetest.cpp:_ZN12_GLOBAL__N_113StateTestFile8TestBodyEv
FNDA:0,statetest.cpp:_ZN12_GLOBAL__N_19StateTest12register_oneERKN6evmone4test19StateTransitionTestERKNSt7__cxx1112basic_stringIcSt11char_traitsIcESaIcEEESD_RKNSt10filesystem7__cxx114pathERN4evmc2VMEb
FNDA:0,statetest.cpp:_ZZN12_GLOBAL__N_19StateTest12register_oneERKN6evmone4test19StateTransitionTestERKNSt7__cxx1112basic_stringIcSt11char_traitsIcESaIcEEESD_RKNSt10filesystem7__cxx114pathERN4evmc2VMEbENKUlvE_clEv
FNDA:0,statetest.cpp:_ZN12_GLOBAL__N_19StateTestC2EN6evmone4test19StateTransitionTestERN4evmc2VMEb
FNDA:0,statetest.cpp:_ZN12_GLOBAL__N_19StateTest8TestBodyEv
FNF:11
FNH:7
DA:27,2696
DA:28,2696
DA:31,2696
DA:32,2696
DA:33,2696
DA:34,2696
DA:35,63805
DA:36,63805
DA:37,0
DA:38,63805
DA:39,63805
DA:40,2696
DA:44,2696
DA:45,2696
DA:46,2696
DA:47,2696
DA:48,2696
DA:49,2696
DA:62,0
DA:63,0
DA:65,0
DA:70,0
DA:71,0
DA:72,0
DA:73,0
DA:74,0
DA:79,1
DA:80,1
DA:81,1
DA:82,1
DA:83,1
DA:84,2814
DA:86,2814
DA:87,2814
DA:88,2814
DA:89,1
DA:91,1
DA:92,2696
DA:93,2696
DA:94,1
DA:95,0
DA:96,0
DA:97,0
DA:98,0
DA:99,0
DA:100,0
DA:101,0
DA:102,0
DA:103,0
DA:104,0
DA:105,0
DA:106,1
DA:111,1
DA:113,1
DA:114,1
DA:116,1
DA:117,1
DA:118,1
DA:119,1
DA:120,1
DA:121,1
DA:123,1
DA:124,1
DA:125,1
DA:127,1
DA:129,1
DA:131,1
DA:132,1
DA:133,1
DA:134,1
DA:135,1
DA:136,1
DA:137,1
DA:139,1
DA:140,1
DA:141,1
DA:143,1
DA:144,1
DA:145,1
DA:146,1
DA:147,1
DA:149,1
DA:151,1
DA:153,1
DA:154,0
DA:155,0
DA:156,0
DA:157,0
DA:159,1
DA:160,1
DA:162,1
DA:163,1
DA:164,1
DA:165,1
DA:166,0
DA:167,0
DA:168,0
DA:169,1
BRDA:34,0,0,63805
BRDA:34,0,1,2696
BRDA:36,0,0,0
BRDA:36,0,1,63805
BRDA:36,1,2,-
BRDA:36,1,3,-
BRDA:80,0,0,1
BRDA:80,0,1,0
BRDA:86,0,0,2696
BRDA:86,0,1,118
BRDA:86,1,2,2696
BRDA:86,1,3,0
BRDA:87,0,0,2696
BRDA:87,0,1,0
BRDA:91,0,0,2696
BRDA:91,0,1,1
BRDA:99,0,0,-
BRDA:99,0,1,-
BRDA:101,0,0,-
BRDA:101,0,1,-
BRDA:101,1,2,-
BRDA:101,1,3,-
BRDA:153,0,0,0
BRDA:153,0,1,1
BRDA:159,0,0,1
BRDA:159,0,1,1
BRDA:160,0,0,0
BRDA:160,0,1,1
BRDA:160,1,2,0
BRDA:160,1,3,1
BRF:30
BRH:15
LF:106
LH:78
end_of_record
SF:/home/user/sources/ethereum/evmone/test/statetest/statetest_runner.cpp
FN:13,_ZN6evmone4test14run_state_testERKNS0_19StateTransitionTestERN4evmc2VMEb
FNDA:63805,_ZN6evmone4test14run_state_testERKNS0_19StateTransitionTestERN4evmc2VMEb
FNF:1
FNH:1
DA:13,63805
DA:14,63805
DA:15,63805
DA:16,63805
DA:17,63805
DA:18,127610
DA:19,63805
DA:20,63805
DA:26,63805
DA:27,63805
DA:28,63805
DA:29,63805
DA:31,63805
DA:32,63805
DA:35,63805
DA:37,63805
DA:39,63805
DA:40,0
DA:41,0
DA:42,0
DA:43,0
DA:44,0
DA:45,0
DA:46,0
DA:47,0
DA:48,0
DA:49,0
DA:50,0
DA:51,0
DA:52,0
DA:54,63805
DA:55,3056
DA:56,6112
DA:57,6112
DA:58,3056
DA:59,3056
DA:60,60749
DA:61,60749
DA:62,121498
DA:63,121498
DA:64,60749
DA:65,60749
DA:67,63805
DA:68,63805
DA:69,63805
DA:70,63805
BRDA:15,0,0,63805
BRDA:15,0,1,63805
BRDA:18,0,0,63805
BRDA:18,0,1,63805
BRDA:39,0,0,0
BRDA:39,0,1,63805
BRDA:42,0,0,-
BRDA:42,0,1,-
BRDA:45,0,0,-
BRDA:45,0,1,-
BRDA:54,0,0,3056
BRDA:54,0,1,60749
BRDA:56,0,0,3056
BRDA:56,0,1,0
BRDA:56,1,2,0
BRDA:56,1,3,3056
BRDA:56,2,4,3056
BRDA:56,2,5,0
BRDA:58,0,0,0
BRDA:58,0,1,3056
BRDA:58,1,2,3056
BRDA:58,1,3,0
BRDA:58,2,4,3056
BRDA:58,2,5,0
BRDA:62,0,0,60749
BRDA:62,0,1,0
BRDA:62,1,2,0
BRDA:62,1,3,60749
BRDA:62,2,4,60749
BRDA:62,2,5,0
BRDA:64,0,0,60749
BRDA:64,0,1,0
BRDA:64,1,2,0
BRDA:64,1,3,60749
BRDA:64,2,4,60749
BRDA:64,2,5,0
BRDA:67,0,0,63805
BRDA:67,0,1,0
BRDA:67,1,2,0
BRDA:67,1,3,63805
BRDA:67,2,4,63805
BRDA:67,2,5,0
BRF:42
BRH:22
LF:46
LH:33
end_of_record
